python3: no process found

clgpu002:25506:25610 [0] misc/ibvwrap.cc:63 NCCL WARN Failed to open libibverbs.so[.1]
NCCL version 2.4.8+cuda9.2
Using 2 GPU(s)...
Sparse features= 9, Dense features= 24
Sparse features= 9, Dense features= 24
time/loss/accuracy (if enabled):
| ID | GPU | MEM |
------------------
|  0 | 12% |  3% |
|  1 |  0% |  0% |
| ID | GPU | MEM |
------------------
|  0 | 12% |  3% |
|  1 |  0% |  1% |
| ID | GPU | MEM |
------------------
|  0 |  1% |  3% |
|  1 |  0% |  1% |
| ID | GPU | MEM |
------------------
|  0 |  1% |  3% |
|  1 |  9% |  1% |
| ID | GPU | MEM |
------------------
|  0 |  0% |  3% |
|  1 |  9% |  1% |
| ID | GPU | MEM |
------------------
|  0 |  0% |  3% |
|  1 |  6% |  1% |
| ID | GPU | MEM |
------------------
|  0 |  0% |  3% |
|  1 |  6% |  1% |
| ID | GPU | MEM |
------------------
|  0 |  0% |  3% |
|  1 |  5% |  1% |
| ID | GPU | MEM |
------------------
|  0 |  0% |  3% |
|  1 |  5% |  1% |
| ID | GPU | MEM |
------------------
|  0 |  0% |  3% |
|  1 |  4% |  1% |
| ID | GPU | MEM |
------------------
|  0 |  0% |  3% |
|  1 |  4% |  1% |
| ID | GPU | MEM |
------------------
|  0 |  0% |  3% |
|  1 |  1% |  1% |
| ID | GPU | MEM |
------------------
|  0 |  0% |  3% |
|  1 |  1% |  2% |
| ID | GPU | MEM |
------------------
|  0 |  0% |  3% |
|  1 |  8% |  2% |
| ID | GPU | MEM |
------------------
|  0 |  0% |  3% |
|  1 |  8% |  2% |
| ID | GPU | MEM |
------------------
|  0 |  0% |  3% |
|  1 |  0% |  2% |
| ID | GPU | MEM |
------------------
|  0 |  0% |  3% |
|  1 |  0% |  2% |
| ID | GPU | MEM |
------------------
|  0 |  0% |  3% |
|  1 |  4% |  2% |
| ID | GPU | MEM |
------------------
|  0 |  0% |  3% |
|  1 |  5% |  2% |
| ID | GPU | MEM |
------------------
|  0 |  0% |  3% |
|  1 |  5% |  2% |
| ID | GPU | MEM |
------------------
|  0 |  0% |  3% |
|  1 |  4% |  2% |
| ID | GPU | MEM |
------------------
|  0 |  0% |  3% |
|  1 |  4% |  2% |
| ID | GPU | MEM |
------------------
|  0 |  0% |  3% |
|  1 |  5% |  2% |
| ID | GPU | MEM |
------------------
|  0 |  0% |  3% |
|  1 |  5% |  2% |
| ID | GPU | MEM |
------------------
|  0 |  0% |  3% |
|  1 |  6% |  2% |
| ID | GPU | MEM |
------------------
|  0 |  0% |  3% |
|  1 |  6% |  2% |
| ID | GPU | MEM |
------------------
|  0 |  0% |  3% |
|  1 |  3% |  2% |
| ID | GPU | MEM |
------------------
|  0 |  0% |  3% |
|  1 |  1% |  2% |
| ID | GPU | MEM |
------------------
|  0 |  0% |  3% |
|  1 |  1% |  2% |
| ID | GPU | MEM |
------------------
|  0 |  0% |  3% |
|  1 |  7% |  3% |
| ID | GPU | MEM |
------------------
|  0 |  0% |  3% |
|  1 |  7% |  3% |
| ID | GPU | MEM |
------------------
|  0 |  0% |  3% |
|  1 |  5% |  3% |
| ID | GPU | MEM |
------------------
|  0 |  0% |  3% |
|  1 |  8% |  3% |
| ID | GPU | MEM |
------------------
|  0 |  0% |  3% |
|  1 |  8% |  3% |
| ID | GPU | MEM |
------------------
|  0 |  0% |  3% |
|  1 |  3% |  3% |
| ID | GPU | MEM |
------------------
|  0 |  1% |  3% |
|  1 |  0% |  3% |
| ID | GPU | MEM |
------------------
|  0 |  0% |  3% |
|  1 |  0% |  3% |
| ID | GPU | MEM |
------------------
|  0 |  0% |  3% |
|  1 |  0% |  3% |
| ID | GPU | MEM |
------------------
|  0 | 19% |  3% |
|  1 |  2% |  3% |
| ID | GPU | MEM |
------------------
|  0 | 53% |  3% |
|  1 |  3% |  3% |
| ID | GPU | MEM |
------------------
|  0 | 50% |  3% |
|  1 |  3% |  3% |
| ID | GPU | MEM |
------------------
|  0 | 30% |  3% |
|  1 |  2% |  3% |
| ID | GPU | MEM |
------------------
|  0 | 41% |  3% |
|  1 |  2% |  3% |
| ID | GPU | MEM |
------------------
|  0 | 41% |  3% |
|  1 |  2% |  3% |
| ID | GPU | MEM |
------------------
|  0 | 38% |  3% |
|  1 |  2% |  3% |
| ID | GPU | MEM |
------------------
|  0 | 49% |  3% |
|  1 |  3% |  3% |
| ID | GPU | MEM |
------------------
|  0 | 50% |  3% |
|  1 |  2% |  3% |
| ID | GPU | MEM |
------------------
|  0 | 34% |  3% |
|  1 |  2% |  3% |
| ID | GPU | MEM |
------------------
|  0 | 41% |  3% |
|  1 |  2% |  3% |
| ID | GPU | MEM |
------------------
|  0 | 38% |  3% |
|  1 |  2% |  3% |
| ID | GPU | MEM |
------------------
|  0 | 43% |  3% |
|  1 |  2% |  3% |
| ID | GPU | MEM |
------------------
|  0 | 43% |  3% |
|  1 |  2% |  3% |
| ID | GPU | MEM |
------------------
|  0 | 41% |  3% |
|  1 |  2% |  3% |
| ID | GPU | MEM |
------------------
|  0 | 46% |  3% |
|  1 |  2% |  3% |
| ID | GPU | MEM |
------------------
|  0 | 50% |  3% |
|  1 |  2% |  3% |
| ID | GPU | MEM |
------------------
|  0 | 43% |  3% |
|  1 |  3% |  3% |
| ID | GPU | MEM |
------------------
|  0 | 31% |  3% |
|  1 |  2% |  3% |
| ID | GPU | MEM |
------------------
|  0 | 40% |  3% |
|  1 |  2% |  3% |
| ID | GPU | MEM |
------------------
|  0 | 40% |  3% |
|  1 |  2% |  3% |
| ID | GPU | MEM |
------------------
|  0 | 37% |  3% |
|  1 |  2% |  3% |
| ID | GPU | MEM |
------------------
|  0 | 48% |  3% |
|  1 |  2% |  3% |
| ID | GPU | MEM |
------------------
|  0 | 39% |  3% |
|  1 |  3% |  3% |
| ID | GPU | MEM |
------------------
|  0 | 38% |  3% |
|  1 |  2% |  3% |
| ID | GPU | MEM |
------------------
|  0 | 36% |  3% |
|  1 |  2% |  3% |
| ID | GPU | MEM |
------------------
|  0 | 36% |  3% |
|  1 |  2% |  3% |
| ID | GPU | MEM |
------------------
|  0 | 40% |  3% |
|  1 |  3% |  3% |
| ID | GPU | MEM |
------------------
|  0 | 50% |  3% |
|  1 |  3% |  3% |
| ID | GPU | MEM |
------------------
|  0 | 49% |  3% |
|  1 |  3% |  3% |
| ID | GPU | MEM |
------------------
|  0 | 33% |  3% |
|  1 |  2% |  3% |
| ID | GPU | MEM |
------------------
|  0 | 39% |  3% |
|  1 |  2% |  3% |
| ID | GPU | MEM |
------------------
|  0 | 39% |  3% |
|  1 |  2% |  3% |
| ID | GPU | MEM |
------------------
|  0 | 39% |  3% |
|  1 |  2% |  3% |
| ID | GPU | MEM |
------------------
|  0 | 48% |  3% |
|  1 |  3% |  3% |
| ID | GPU | MEM |
------------------
|  0 | 52% |  3% |
|  1 |  3% |  3% |
| ID | GPU | MEM |
------------------
|  0 | 41% |  3% |
|  1 |  3% |  3% |
| ID | GPU | MEM |
------------------
|  0 | 41% |  3% |
|  1 |  2% |  3% |
| ID | GPU | MEM |
------------------
|  0 | 36% |  3% |
|  1 |  2% |  3% |
| ID | GPU | MEM |
------------------
|  0 | 36% |  3% |
|  1 |  2% |  3% |
| ID | GPU | MEM |
------------------
|  0 | 41% |  3% |
|  1 |  2% |  3% |
| ID | GPU | MEM |
------------------
|  0 | 51% |  3% |
|  1 |  2% |  3% |
| ID | GPU | MEM |
------------------
|  0 | 44% |  3% |
|  1 |  2% |  3% |
| ID | GPU | MEM |
------------------
|  0 | 34% |  3% |
|  1 |  2% |  3% |
| ID | GPU | MEM |
------------------
|  0 | 41% |  3% |
|  1 |  2% |  3% |
| ID | GPU | MEM |
------------------
|  0 | 41% |  3% |
|  1 |  2% |  3% |
| ID | GPU | MEM |
------------------
|  0 | 35% |  3% |
|  1 |  2% |  3% |
| ID | GPU | MEM |
------------------
|  0 | 50% |  3% |
|  1 |  2% |  3% |
Finished training it 100/170 of epoch 0 and time taken 10.730100154876709, 98.92 ms/it, loss 0.667470, accuracy 59.072 %
DLRM_wrap_time 39.30, loss_fn_time 0.23, Backward_pass_time  9.26, Average_Grad_time 32.88, Optimizer_step_time 16.83
Starting Test loop
| ID | GPU | MEM |
------------------
|  0 | 52% |  3% |
|  1 |  2% |  3% |
| ID | GPU | MEM |
------------------
|  0 |  6% |  3% |
|  1 |  2% |  3% |
| ID | GPU | MEM |
------------------
|  0 |  6% |  3% |
|  1 |  2% |  3% |
| ID | GPU | MEM |
------------------
|  0 |  3% |  3% |
|  1 |  2% |  3% |
Test loop ended
Testing at - 100/170 of epoch 0, loss 0.642644, accuracy 64.657 %, best 64.657 %
| ID | GPU | MEM |
------------------
|  0 |  3% |  3% |
|  1 |  3% |  3% |
| ID | GPU | MEM |
------------------
|  0 | 26% |  3% |
|  1 |  1% |  3% |
| ID | GPU | MEM |
------------------
|  0 | 50% |  3% |
|  1 |  1% |  3% |
| ID | GPU | MEM |
------------------
|  0 | 41% |  3% |
|  1 |  3% |  3% |
| ID | GPU | MEM |
------------------
|  0 | 35% |  3% |
|  1 |  2% |  3% |
| ID | GPU | MEM |
------------------
|  0 | 41% |  3% |
|  1 |  2% |  3% |
| ID | GPU | MEM |
------------------
|  0 | 41% |  3% |
|  1 |  3% |  3% |
| ID | GPU | MEM |
------------------
|  0 | 39% |  3% |
|  1 |  2% |  3% |
| ID | GPU | MEM |
------------------
|  0 | 51% |  3% |
|  1 |  2% |  3% |
| ID | GPU | MEM |
------------------
|  0 | 32% |  3% |
|  1 |  3% |  3% |
| ID | GPU | MEM |
------------------
|  0 | 36% |  3% |
|  1 |  2% |  3% |
| ID | GPU | MEM |
------------------
|  0 | 37% |  3% |
|  1 |  3% |  3% |
| ID | GPU | MEM |
------------------
|  0 | 37% |  3% |
|  1 |  2% |  3% |
| ID | GPU | MEM |
------------------
|  0 | 50% |  3% |
|  1 |  3% |  3% |
| ID | GPU | MEM |
------------------
|  0 | 32% |  3% |
|  1 |  3% |  3% |
| ID | GPU | MEM |
------------------
|  0 | 42% |  3% |
|  1 |  2% |  3% |
| ID | GPU | MEM |
------------------
|  0 | 37% |  3% |
|  1 |  3% |  3% |
| ID | GPU | MEM |
------------------
|  0 | 37% |  3% |
|  1 |  2% |  3% |
| ID | GPU | MEM |
------------------
|  0 | 51% |  3% |
|  1 |  3% |  3% |
| ID | GPU | MEM |
------------------
|  0 | 38% |  3% |
|  1 |  3% |  3% |
| ID | GPU | MEM |
------------------
|  0 | 32% |  3% |
|  1 |  2% |  3% |
| ID | GPU | MEM |
------------------
|  0 | 36% |  3% |
|  1 |  3% |  3% |
| ID | GPU | MEM |
------------------
|  0 | 36% |  3% |
|  1 |  2% |  3% |
| ID | GPU | MEM |
------------------
|  0 | 52% |  3% |
|  1 |  3% |  3% |
| ID | GPU | MEM |
------------------
|  0 | 42% |  3% |
|  1 |  3% |  3% |
| ID | GPU | MEM |
------------------
|  0 | 35% |  3% |
|  1 |  2% |  3% |
| ID | GPU | MEM |
------------------
|  0 | 37% |  3% |
|  1 |  2% |  3% |
| ID | GPU | MEM |
------------------
|  0 | 37% |  3% |
|  1 |  2% |  3% |
| ID | GPU | MEM |
------------------
|  0 | 43% |  3% |
|  1 |  2% |  3% |
| ID | GPU | MEM |
------------------
|  0 | 52% |  3% |
|  1 |  3% |  3% |
| ID | GPU | MEM |
------------------
|  0 | 41% |  3% |
|  1 |  3% |  3% |
| ID | GPU | MEM |
------------------
|  0 | 28% |  3% |
|  1 |  2% |  3% |
| ID | GPU | MEM |
------------------
|  0 | 41% |  3% |
|  1 |  2% |  3% |
| ID | GPU | MEM |
------------------
|  0 | 41% |  3% |
|  1 |  2% |  3% |
| ID | GPU | MEM |
------------------
|  0 | 45% |  3% |
|  1 |  3% |  3% |
Finished training it 170/170 of epoch 0 and time taken 16.04382300376892, 64.35 ms/it, loss 0.663219, accuracy 59.617 %
DLRM_wrap_time 8.15, loss_fn_time 0.24, Backward_pass_time  26.30, Average_Grad_time 28.00, Optimizer_step_time 1.32
Finished epoch 0
| ID | GPU | MEM |
------------------
|  0 | 45% |  3% |
|  1 |  3% |  3% |
| ID | GPU | MEM |
------------------
|  0 | 34% |  3% |
|  1 |  2% |  3% |
| ID | GPU | MEM |
------------------
|  0 | 38% |  3% |
|  1 |  3% |  3% |
| ID | GPU | MEM |
------------------
|  0 | 38% |  3% |
|  1 |  2% |  3% |
| ID | GPU | MEM |
------------------
|  0 | 50% |  3% |
|  1 |  2% |  3% |
| ID | GPU | MEM |
------------------
|  0 | 47% |  3% |
|  1 |  2% |  3% |
| ID | GPU | MEM |
------------------
|  0 | 27% |  3% |
|  1 |  2% |  3% |
| ID | GPU | MEM |
------------------
|  0 | 39% |  3% |
|  1 |  2% |  3% |
| ID | GPU | MEM |
------------------
|  0 | 39% |  3% |
|  1 |  2% |  3% |
| ID | GPU | MEM |
------------------
|  0 | 45% |  3% |
|  1 |  2% |  3% |
| ID | GPU | MEM |
------------------
|  0 | 52% |  3% |
|  1 |  2% |  3% |
| ID | GPU | MEM |
------------------
|  0 | 40% |  3% |
|  1 |  2% |  3% |
| ID | GPU | MEM |
------------------
|  0 | 33% |  3% |
|  1 |  2% |  3% |
| ID | GPU | MEM |
------------------
|  0 | 38% |  3% |
|  1 |  3% |  3% |
| ID | GPU | MEM |
------------------
|  0 | 38% |  3% |
|  1 |  2% |  3% |
| ID | GPU | MEM |
------------------
|  0 | 49% |  3% |
|  1 |  3% |  3% |
| ID | GPU | MEM |
------------------
|  0 | 47% |  3% |
|  1 |  3% |  3% |
| ID | GPU | MEM |
------------------
|  0 | 32% |  3% |
|  1 |  2% |  3% |
| ID | GPU | MEM |
------------------
|  0 | 36% |  3% |
|  1 |  3% |  3% |
| ID | GPU | MEM |
------------------
|  0 | 36% |  3% |
|  1 |  2% |  3% |
| ID | GPU | MEM |
------------------
|  0 | 47% |  3% |
|  1 |  3% |  3% |
| ID | GPU | MEM |
------------------
|  0 | 50% |  3% |
|  1 |  3% |  3% |
| ID | GPU | MEM |
------------------
|  0 | 32% |  3% |
|  1 |  2% |  3% |
| ID | GPU | MEM |
------------------
|  0 | 42% |  3% |
|  1 |  2% |  3% |
| ID | GPU | MEM |
------------------
|  0 | 36% |  3% |
|  1 |  2% |  3% |
| ID | GPU | MEM |
------------------
|  0 | 36% |  3% |
|  1 |  2% |  3% |
| ID | GPU | MEM |
------------------
|  0 | 50% |  3% |
|  1 |  2% |  3% |
| ID | GPU | MEM |
------------------
|  0 | 35% |  3% |
|  1 |  2% |  3% |
| ID | GPU | MEM |
------------------
|  0 | 41% |  3% |
|  1 |  2% |  3% |
| ID | GPU | MEM |
------------------
|  0 | 36% |  3% |
|  1 |  3% |  3% |
| ID | GPU | MEM |
------------------
|  0 | 36% |  3% |
|  1 |  2% |  3% |
| ID | GPU | MEM |
------------------
|  0 | 50% |  3% |
|  1 |  3% |  3% |
| ID | GPU | MEM |
------------------
|  0 | 43% |  3% |
|  1 |  3% |  3% |
| ID | GPU | MEM |
------------------
|  0 | 38% |  3% |
|  1 |  2% |  3% |
| ID | GPU | MEM |
------------------
|  0 | 35% |  3% |
|  1 |  2% |  3% |
| ID | GPU | MEM |
------------------
|  0 | 35% |  3% |
|  1 |  2% |  3% |
| ID | GPU | MEM |
------------------
|  0 | 46% |  3% |
|  1 |  2% |  3% |
| ID | GPU | MEM |
------------------
|  0 | 52% |  3% |
|  1 |  2% |  3% |
| ID | GPU | MEM |
------------------
|  0 | 33% |  3% |
|  1 |  2% |  3% |
| ID | GPU | MEM |
------------------
|  0 | 35% |  3% |
|  1 |  2% |  3% |
| ID | GPU | MEM |
------------------
|  0 | 38% |  3% |
|  1 |  2% |  3% |
| ID | GPU | MEM |
------------------
|  0 | 38% |  3% |
|  1 |  2% |  3% |
| ID | GPU | MEM |
------------------
|  0 | 51% |  3% |
|  1 |  2% |  3% |
| ID | GPU | MEM |
------------------
|  0 | 47% |  3% |
|  1 |  3% |  3% |
| ID | GPU | MEM |
------------------
|  0 | 31% |  3% |
|  1 |  2% |  3% |
| ID | GPU | MEM |
------------------
|  0 | 41% |  3% |
|  1 |  2% |  3% |
| ID | GPU | MEM |
------------------
|  0 | 41% |  3% |
|  1 |  2% |  3% |
| ID | GPU | MEM |
------------------
|  0 | 41% |  3% |
|  1 |  2% |  3% |
| ID | GPU | MEM |
------------------
|  0 | 52% |  3% |
|  1 |  2% |  3% |
| ID | GPU | MEM |
------------------
|  0 | 40% |  3% |
|  1 |  3% |  3% |
Finished training it 100/170 of epoch 1 and time taken 23.054611921310425, 63.49 ms/it, loss 0.669632, accuracy 59.182 %
DLRM_wrap_time 8.21, loss_fn_time 0.24, Backward_pass_time  25.90, Average_Grad_time 27.51, Optimizer_step_time 1.30
Starting Test loop
| ID | GPU | MEM |
------------------
|  0 | 31% |  3% |
|  1 |  2% |  3% |
| ID | GPU | MEM |
------------------
|  0 | 31% |  3% |
|  1 |  2% |  3% |
| ID | GPU | MEM |
------------------
|  0 |  3% |  3% |
|  1 |  2% |  3% |
Test loop ended
Testing at - 100/170 of epoch 1, loss 0.651588, accuracy 61.793 %, best 64.657 %
| ID | GPU | MEM |
------------------
|  0 |  3% |  3% |
|  1 |  3% |  3% |
| ID | GPU | MEM |
------------------
|  0 | 66% |  3% |
|  1 |  2% |  3% |
| ID | GPU | MEM |
------------------
|  0 | 37% |  3% |
|  1 |  2% |  3% |
| ID | GPU | MEM |
------------------
|  0 | 41% |  3% |
|  1 |  2% |  3% |
| ID | GPU | MEM |
------------------
|  0 | 41% |  3% |
|  1 |  2% |  3% |
| ID | GPU | MEM |
------------------
|  0 | 38% |  3% |
|  1 |  3% |  3% |
| ID | GPU | MEM |
------------------
|  0 | 52% |  3% |
|  1 |  3% |  3% |
| ID | GPU | MEM |
------------------
|  0 | 41% |  3% |
|  1 |  3% |  3% |
| ID | GPU | MEM |
------------------
|  0 | 35% |  3% |
|  1 |  2% |  3% |
| ID | GPU | MEM |
------------------
|  0 | 42% |  3% |
|  1 |  2% |  3% |
| ID | GPU | MEM |
------------------
|  0 | 42% |  3% |
|  1 |  2% |  3% |
| ID | GPU | MEM |
------------------
|  0 | 39% |  3% |
|  1 |  3% |  3% |
| ID | GPU | MEM |
------------------
|  0 | 50% |  3% |
|  1 |  3% |  3% |
| ID | GPU | MEM |
------------------
|  0 | 46% |  3% |
|  1 |  2% |  3% |
| ID | GPU | MEM |
------------------
|  0 | 31% |  3% |
|  1 |  2% |  3% |
| ID | GPU | MEM |
------------------
|  0 | 40% |  3% |
|  1 |  2% |  3% |
| ID | GPU | MEM |
------------------
|  0 | 40% |  3% |
|  1 |  2% |  3% |
| ID | GPU | MEM |
------------------
|  0 | 41% |  3% |
|  1 |  3% |  3% |
| ID | GPU | MEM |
------------------
|  0 | 50% |  3% |
|  1 |  3% |  3% |
| ID | GPU | MEM |
------------------
|  0 | 49% |  3% |
|  1 |  3% |  3% |
| ID | GPU | MEM |
------------------
|  0 | 34% |  3% |
|  1 |  2% |  3% |
| ID | GPU | MEM |
------------------
|  0 | 35% |  3% |
|  1 |  2% |  3% |
| ID | GPU | MEM |
------------------
|  0 | 44% |  3% |
|  1 |  2% |  3% |
| ID | GPU | MEM |
------------------
|  0 | 44% |  3% |
|  1 |  2% |  3% |
| ID | GPU | MEM |
------------------
|  0 | 38% |  3% |
|  1 |  3% |  3% |
| ID | GPU | MEM |
------------------
|  0 | 51% |  3% |
|  1 |  3% |  3% |
| ID | GPU | MEM |
------------------
|  0 | 52% |  3% |
|  1 |  3% |  3% |
| ID | GPU | MEM |
------------------
|  0 | 35% |  3% |
|  1 |  2% |  3% |
| ID | GPU | MEM |
------------------
|  0 | 37% |  3% |
|  1 |  2% |  3% |
| ID | GPU | MEM |
------------------
|  0 | 37% |  3% |
|  1 |  2% |  3% |
| ID | GPU | MEM |
------------------
|  0 | 37% |  3% |
|  1 |  3% |  3% |
| ID | GPU | MEM |
------------------
|  0 | 48% |  3% |
|  1 |  3% |  3% |
| ID | GPU | MEM |
------------------
|  0 | 52% |  3% |
|  1 |  3% |  3% |
| ID | GPU | MEM |
------------------
|  0 | 33% |  3% |
|  1 |  2% |  3% |
| ID | GPU | MEM |
------------------
|  0 | 33% |  3% |
|  1 |  2% |  3% |
Finished training it 170/170 of epoch 1 and time taken 28.528454780578613, 65.22 ms/it, loss 0.643356, accuracy 62.868 %
DLRM_wrap_time 8.92, loss_fn_time 0.25, Backward_pass_time  8.85, Average_Grad_time 29.54, Optimizer_step_time 17.28
Finished epoch 1
| ID | GPU | MEM |
------------------
|  0 | 33% |  3% |
|  1 |  2% |  3% |
| ID | GPU | MEM |
------------------
|  0 | 41% |  3% |
|  1 |  2% |  3% |
| ID | GPU | MEM |
------------------
|  0 | 50% |  3% |
|  1 |  2% |  3% |
| ID | GPU | MEM |
------------------
|  0 | 51% |  3% |
|  1 |  2% |  3% |
| ID | GPU | MEM |
------------------
|  0 | 32% |  3% |
|  1 |  2% |  3% |
| ID | GPU | MEM |
------------------
|  0 | 41% |  3% |
|  1 |  2% |  3% |
| ID | GPU | MEM |
------------------
|  0 | 37% |  3% |
|  1 |  2% |  3% |
| ID | GPU | MEM |
------------------
|  0 | 37% |  3% |
|  1 |  3% |  3% |
| ID | GPU | MEM |
------------------
|  0 | 48% |  3% |
|  1 |  3% |  3% |
| ID | GPU | MEM |
------------------
|  0 | 45% |  3% |
|  1 |  3% |  3% |
| ID | GPU | MEM |
------------------
|  0 | 40% |  3% |
|  1 |  2% |  3% |
| ID | GPU | MEM |
------------------
|  0 | 37% |  3% |
|  1 |  2% |  3% |
| ID | GPU | MEM |
------------------
|  0 | 44% |  3% |
|  1 |  2% |  3% |
| ID | GPU | MEM |
------------------
|  0 | 44% |  3% |
|  1 |  2% |  3% |
| ID | GPU | MEM |
------------------
|  0 | 42% |  3% |
|  1 |  2% |  3% |
| ID | GPU | MEM |
------------------
|  0 | 46% |  3% |
|  1 |  2% |  3% |
| ID | GPU | MEM |
------------------
|  0 | 51% |  3% |
|  1 |  2% |  3% |
| ID | GPU | MEM |
------------------
|  0 | 43% |  3% |
|  1 |  2% |  3% |
| ID | GPU | MEM |
------------------
|  0 | 34% |  3% |
|  1 |  2% |  3% |
| ID | GPU | MEM |
------------------
|  0 | 36% |  3% |
|  1 |  2% |  3% |
| ID | GPU | MEM |
------------------
|  0 | 36% |  3% |
|  1 |  3% |  3% |
| ID | GPU | MEM |
------------------
|  0 | 40% |  3% |
|  1 |  2% |  3% |
| ID | GPU | MEM |
------------------
|  0 | 50% |  3% |
|  1 |  2% |  3% |
| ID | GPU | MEM |
------------------
|  0 | 49% |  3% |
|  1 |  2% |  3% |
| ID | GPU | MEM |
------------------
|  0 | 31% |  3% |
|  1 |  2% |  3% |
| ID | GPU | MEM |
------------------
|  0 | 42% |  3% |
|  1 |  2% |  3% |
| ID | GPU | MEM |
------------------
|  0 | 35% |  3% |
|  1 |  2% |  3% |
| ID | GPU | MEM |
------------------
|  0 | 35% |  3% |
|  1 |  3% |  3% |
| ID | GPU | MEM |
------------------
|  0 | 48% |  3% |
|  1 |  2% |  3% |
| ID | GPU | MEM |
------------------
|  0 | 50% |  3% |
|  1 |  2% |  3% |
| ID | GPU | MEM |
------------------
|  0 | 52% |  3% |
|  1 |  2% |  3% |
| ID | GPU | MEM |
------------------
|  0 | 40% |  3% |
|  1 |  2% |  3% |
| ID | GPU | MEM |
------------------
|  0 | 37% |  3% |
|  1 |  2% |  3% |
| ID | GPU | MEM |
------------------
|  0 | 41% |  3% |
|  1 |  2% |  3% |
| ID | GPU | MEM |
------------------
|  0 | 41% |  3% |
|  1 |  3% |  3% |
| ID | GPU | MEM |
------------------
|  0 | 45% |  3% |
|  1 |  3% |  3% |
| ID | GPU | MEM |
------------------
|  0 | 50% |  3% |
|  1 |  3% |  3% |
| ID | GPU | MEM |
------------------
|  0 | 40% |  3% |
|  1 |  2% |  3% |
| ID | GPU | MEM |
------------------
|  0 | 36% |  3% |
|  1 |  2% |  3% |
| ID | GPU | MEM |
------------------
|  0 | 41% |  3% |
|  1 |  2% |  3% |
| ID | GPU | MEM |
------------------
|  0 | 41% |  3% |
|  1 |  3% |  3% |
| ID | GPU | MEM |
------------------
|  0 | 42% |  3% |
|  1 |  3% |  3% |
| ID | GPU | MEM |
------------------
|  0 | 50% |  3% |
|  1 |  3% |  3% |
| ID | GPU | MEM |
------------------
|  0 | 47% |  3% |
|  1 |  2% |  3% |
| ID | GPU | MEM |
------------------
|  0 | 32% |  3% |
|  1 |  2% |  3% |
| ID | GPU | MEM |
------------------
|  0 | 40% |  3% |
|  1 |  2% |  3% |
| ID | GPU | MEM |
------------------
|  0 | 40% |  3% |
|  1 |  3% |  3% |
| ID | GPU | MEM |
------------------
|  0 | 42% |  3% |
|  1 |  2% |  3% |
| ID | GPU | MEM |
------------------
|  0 | 48% |  3% |
|  1 |  2% |  3% |
| ID | GPU | MEM |
------------------
|  0 | 46% |  3% |
|  1 |  2% |  3% |
Finished training it 100/170 of epoch 2 and time taken 35.82356929779053, 64.95 ms/it, loss 0.618020, accuracy 64.732 %
DLRM_wrap_time 8.91, loss_fn_time 0.24, Backward_pass_time  8.65, Average_Grad_time 29.50, Optimizer_step_time 17.27
Starting Test loop
| ID | GPU | MEM |
------------------
|  0 | 33% |  3% |
|  1 |  2% |  3% |
| ID | GPU | MEM |
------------------
|  0 | 33% |  3% |
|  1 |  2% |  3% |
| ID | GPU | MEM |
------------------
|  0 |  7% |  3% |
|  1 |  2% |  3% |
| ID | GPU | MEM |
------------------
|  0 |  3% |  3% |
|  1 |  3% |  3% |
Test loop ended
Testing at - 100/170 of epoch 2, loss 0.585618, accuracy 68.532 %, best 68.532 %
| ID | GPU | MEM |
------------------
|  0 |  3% |  3% |
|  1 |  3% |  3% |
| ID | GPU | MEM |
------------------
|  0 | 42% |  3% |
|  1 |  2% |  3% |
| ID | GPU | MEM |
------------------
|  0 | 37% |  3% |
|  1 |  2% |  3% |
| ID | GPU | MEM |
------------------
|  0 | 32% |  3% |
|  1 |  3% |  3% |
| ID | GPU | MEM |
------------------
|  0 | 37% |  3% |
|  1 |  2% |  3% |
| ID | GPU | MEM |
------------------
|  0 | 37% |  3% |
|  1 |  2% |  3% |
| ID | GPU | MEM |
------------------
|  0 | 40% |  3% |
|  1 |  3% |  3% |
| ID | GPU | MEM |
------------------
|  0 | 48% |  3% |
|  1 |  3% |  3% |
| ID | GPU | MEM |
------------------
|  0 | 49% |  3% |
|  1 |  2% |  3% |
| ID | GPU | MEM |
------------------
|  0 | 42% |  3% |
|  1 |  2% |  3% |
| ID | GPU | MEM |
------------------
|  0 | 34% |  3% |
|  1 |  2% |  3% |
| ID | GPU | MEM |
------------------
|  0 | 37% |  3% |
|  1 |  2% |  3% |
| ID | GPU | MEM |
------------------
|  0 | 37% |  3% |
|  1 |  2% |  3% |
| ID | GPU | MEM |
------------------
|  0 | 42% |  3% |
|  1 |  3% |  3% |
| ID | GPU | MEM |
------------------
|  0 | 48% |  3% |
|  1 |  3% |  3% |
| ID | GPU | MEM |
------------------
|  0 | 50% |  3% |
|  1 |  2% |  3% |
| ID | GPU | MEM |
------------------
|  0 | 43% |  3% |
|  1 |  2% |  3% |
| ID | GPU | MEM |
------------------
|  0 | 33% |  3% |
|  1 |  2% |  3% |
| ID | GPU | MEM |
------------------
|  0 | 38% |  3% |
|  1 |  2% |  3% |
| ID | GPU | MEM |
------------------
|  0 | 38% |  3% |
|  1 |  2% |  3% |
| ID | GPU | MEM |
------------------
|  0 | 40% |  3% |
|  1 |  2% |  3% |
| ID | GPU | MEM |
------------------
|  0 | 50% |  3% |
|  1 |  2% |  3% |
| ID | GPU | MEM |
------------------
|  0 | 53% |  3% |
|  1 |  2% |  3% |
| ID | GPU | MEM |
------------------
|  0 | 37% |  3% |
|  1 |  2% |  3% |
| ID | GPU | MEM |
------------------
|  0 | 35% |  3% |
|  1 |  2% |  3% |
| ID | GPU | MEM |
------------------
|  0 | 42% |  3% |
|  1 |  2% |  3% |
| ID | GPU | MEM |
------------------
|  0 | 42% |  3% |
|  1 |  3% |  3% |
| ID | GPU | MEM |
------------------
|  0 | 42% |  3% |
|  1 |  3% |  3% |
| ID | GPU | MEM |
------------------
|  0 | 54% |  3% |
|  1 |  3% |  3% |
| ID | GPU | MEM |
------------------
|  0 | 49% |  3% |
|  1 |  2% |  3% |
| ID | GPU | MEM |
------------------
|  0 | 35% |  3% |
|  1 |  2% |  3% |
| ID | GPU | MEM |
------------------
|  0 | 42% |  3% |
|  1 |  2% |  3% |
| ID | GPU | MEM |
------------------
|  0 | 39% |  3% |
|  1 |  2% |  3% |
| ID | GPU | MEM |
------------------
|  0 | 39% |  3% |
|  1 |  2% |  3% |
| ID | GPU | MEM |
------------------
|  0 | 45% |  3% |
|  1 |  2% |  3% |
Finished training it 170/170 of epoch 2 and time taken 41.33455801010132, 65.96 ms/it, loss 0.607615, accuracy 66.787 %
DLRM_wrap_time 9.28, loss_fn_time 0.24, Backward_pass_time  10.35, Average_Grad_time 29.69, Optimizer_step_time 16.01
Finished epoch 2
| ID | GPU | MEM |
------------------
|  0 | 54% |  3% |
|  1 |  2% |  3% |
| ID | GPU | MEM |
------------------
|  0 | 35% |  3% |
|  1 |  2% |  3% |
| ID | GPU | MEM |
------------------
|  0 | 40% |  3% |
|  1 |  2% |  3% |
| ID | GPU | MEM |
------------------
|  0 | 38% |  3% |
|  1 |  2% |  3% |
| ID | GPU | MEM |
------------------
|  0 | 38% |  3% |
|  1 |  3% |  3% |
| ID | GPU | MEM |
------------------
|  0 | 41% |  3% |
|  1 |  3% |  3% |
| ID | GPU | MEM |
------------------
|  0 | 51% |  3% |
|  1 |  2% |  3% |
| ID | GPU | MEM |
------------------
|  0 | 48% |  3% |
|  1 |  2% |  3% |
| ID | GPU | MEM |
------------------
|  0 | 35% |  3% |
|  1 |  2% |  3% |
| ID | GPU | MEM |
------------------
|  0 | 37% |  3% |
|  1 |  2% |  3% |
| ID | GPU | MEM |
------------------
|  0 | 35% |  3% |
|  1 |  2% |  3% |
| ID | GPU | MEM |
------------------
|  0 | 35% |  3% |
|  1 |  2% |  3% |
| ID | GPU | MEM |
------------------
|  0 | 45% |  3% |
|  1 |  2% |  3% |
| ID | GPU | MEM |
------------------
|  0 | 50% |  3% |
|  1 |  3% |  3% |
| ID | GPU | MEM |
------------------
|  0 | 45% |  3% |
|  1 |  2% |  3% |
| ID | GPU | MEM |
------------------
|  0 | 35% |  3% |
|  1 |  2% |  3% |
| ID | GPU | MEM |
------------------
|  0 | 34% |  3% |
|  1 |  2% |  3% |
| ID | GPU | MEM |
------------------
|  0 | 34% |  3% |
|  1 |  3% |  3% |
| ID | GPU | MEM |
------------------
|  0 | 43% |  3% |
|  1 |  3% |  3% |
| ID | GPU | MEM |
------------------
|  0 | 52% |  3% |
|  1 |  3% |  3% |
| ID | GPU | MEM |
------------------
|  0 | 42% |  3% |
|  1 |  2% |  3% |
| ID | GPU | MEM |
------------------
|  0 | 34% |  3% |
|  1 |  2% |  3% |
| ID | GPU | MEM |
------------------
|  0 | 38% |  3% |
|  1 |  2% |  3% |
| ID | GPU | MEM |
------------------
|  0 | 38% |  3% |
|  1 |  2% |  3% |
| ID | GPU | MEM |
------------------
|  0 | 43% |  3% |
|  1 |  2% |  3% |
| ID | GPU | MEM |
------------------
|  0 | 54% |  3% |
|  1 |  3% |  3% |
| ID | GPU | MEM |
------------------
|  0 | 40% |  3% |
|  1 |  2% |  3% |
| ID | GPU | MEM |
------------------
|  0 | 41% |  3% |
|  1 |  2% |  3% |
| ID | GPU | MEM |
------------------
|  0 | 37% |  3% |
|  1 |  2% |  3% |
| ID | GPU | MEM |
------------------
|  0 | 37% |  3% |
|  1 |  3% |  3% |
| ID | GPU | MEM |
------------------
|  0 | 39% |  3% |
|  1 |  3% |  3% |
| ID | GPU | MEM |
------------------
|  0 | 52% |  3% |
|  1 |  3% |  3% |
| ID | GPU | MEM |
------------------
|  0 | 46% |  3% |
|  1 |  2% |  3% |
| ID | GPU | MEM |
------------------
|  0 | 32% |  3% |
|  1 |  2% |  3% |
| ID | GPU | MEM |
------------------
|  0 | 41% |  3% |
|  1 |  2% |  3% |
| ID | GPU | MEM |
------------------
|  0 | 41% |  3% |
|  1 |  3% |  3% |
| ID | GPU | MEM |
------------------
|  0 | 37% |  3% |
|  1 |  3% |  3% |
| ID | GPU | MEM |
------------------
|  0 | 46% |  3% |
|  1 |  3% |  3% |
| ID | GPU | MEM |
------------------
|  0 | 52% |  3% |
|  1 |  2% |  3% |
| ID | GPU | MEM |
------------------
|  0 | 40% |  3% |
|  1 |  2% |  3% |
| ID | GPU | MEM |
------------------
|  0 | 34% |  3% |
|  1 |  2% |  3% |
| ID | GPU | MEM |
------------------
|  0 | 43% |  3% |
|  1 |  2% |  3% |
| ID | GPU | MEM |
------------------
|  0 | 43% |  3% |
|  1 |  3% |  3% |
| ID | GPU | MEM |
------------------
|  0 | 39% |  3% |
|  1 |  3% |  3% |
| ID | GPU | MEM |
------------------
|  0 | 51% |  3% |
|  1 |  3% |  3% |
| ID | GPU | MEM |
------------------
|  0 | 51% |  3% |
|  1 |  2% |  3% |
| ID | GPU | MEM |
------------------
|  0 | 35% |  3% |
|  1 |  2% |  3% |
| ID | GPU | MEM |
------------------
|  0 | 35% |  3% |
|  1 |  2% |  3% |
| ID | GPU | MEM |
------------------
|  0 | 42% |  3% |
|  1 |  2% |  3% |
| ID | GPU | MEM |
------------------
|  0 | 42% |  3% |
|  1 |  2% |  3% |
Finished training it 100/170 of epoch 3 and time taken 48.62091898918152, 64.59 ms/it, loss 0.590180, accuracy 68.453 %
DLRM_wrap_time 8.84, loss_fn_time 0.24, Backward_pass_time  8.62, Average_Grad_time 29.56, Optimizer_step_time 16.91
Starting Test loop
| ID | GPU | MEM |
------------------
|  0 | 41% |  3% |
|  1 |  2% |  3% |
| ID | GPU | MEM |
------------------
|  0 | 35% |  3% |
|  1 |  2% |  3% |
| ID | GPU | MEM |
------------------
|  0 |  3% |  3% |
|  1 |  2% |  3% |
Test loop ended
Testing at - 100/170 of epoch 3, loss 0.687240, accuracy 57.897 %, best 68.532 %
| ID | GPU | MEM |
------------------
|  0 |  3% |  3% |
|  1 |  2% |  3% |
| ID | GPU | MEM |
------------------
|  0 | 18% |  3% |
|  1 |  3% |  3% |
| ID | GPU | MEM |
------------------
|  0 | 18% |  3% |
|  1 |  3% |  3% |
| ID | GPU | MEM |
------------------
|  0 | 15% |  3% |
|  1 |  3% |  3% |
| ID | GPU | MEM |
------------------
|  0 | 49% |  3% |
|  1 |  3% |  3% |
| ID | GPU | MEM |
------------------
|  0 | 53% |  3% |
|  1 |  2% |  3% |
| ID | GPU | MEM |
------------------
|  0 | 35% |  3% |
|  1 |  2% |  3% |
| ID | GPU | MEM |
------------------
|  0 | 38% |  3% |
|  1 |  2% |  3% |
| ID | GPU | MEM |
------------------
|  0 | 40% |  3% |
|  1 |  3% |  3% |
| ID | GPU | MEM |
------------------
|  0 | 40% |  3% |
|  1 |  3% |  3% |
| ID | GPU | MEM |
------------------
|  0 | 48% |  3% |
|  1 |  3% |  3% |
| ID | GPU | MEM |
------------------
|  0 | 43% |  3% |
|  1 |  2% |  3% |
| ID | GPU | MEM |
------------------
|  0 | 38% |  3% |
|  1 |  2% |  3% |
| ID | GPU | MEM |
------------------
|  0 | 36% |  3% |
|  1 |  2% |  3% |
| ID | GPU | MEM |
------------------
|  0 | 36% |  3% |
|  1 |  3% |  3% |
| ID | GPU | MEM |
------------------
|  0 | 42% |  3% |
|  1 |  3% |  3% |
| ID | GPU | MEM |
------------------
|  0 | 48% |  3% |
|  1 |  3% |  3% |
| ID | GPU | MEM |
------------------
|  0 | 50% |  3% |
|  1 |  2% |  3% |
| ID | GPU | MEM |
------------------
|  0 | 37% |  3% |
|  1 |  2% |  3% |
| ID | GPU | MEM |
------------------
|  0 | 36% |  3% |
|  1 |  2% |  3% |
| ID | GPU | MEM |
------------------
|  0 | 36% |  3% |
|  1 |  3% |  3% |
| ID | GPU | MEM |
------------------
|  0 | 35% |  3% |
|  1 |  3% |  3% |
| ID | GPU | MEM |
------------------
|  0 | 48% |  3% |
|  1 |  3% |  3% |
| ID | GPU | MEM |
------------------
|  0 | 51% |  3% |
|  1 |  2% |  3% |
| ID | GPU | MEM |
------------------
|  0 | 29% |  3% |
|  1 |  2% |  3% |
| ID | GPU | MEM |
------------------
|  0 | 38% |  3% |
|  1 |  2% |  3% |
| ID | GPU | MEM |
------------------
|  0 | 38% |  3% |
|  1 |  3% |  3% |
| ID | GPU | MEM |
------------------
|  0 | 39% |  3% |
|  1 |  3% |  3% |
| ID | GPU | MEM |
------------------
|  0 | 52% |  3% |
|  1 |  2% |  3% |
| ID | GPU | MEM |
------------------
|  0 | 50% |  3% |
|  1 |  2% |  3% |
| ID | GPU | MEM |
------------------
|  0 | 36% |  3% |
|  1 |  2% |  3% |
| ID | GPU | MEM |
------------------
|  0 | 40% |  3% |
|  1 |  2% |  3% |
| ID | GPU | MEM |
------------------
|  0 | 38% |  3% |
|  1 |  3% |  3% |
| ID | GPU | MEM |
------------------
|  0 | 38% |  3% |
|  1 |  3% |  3% |
| ID | GPU | MEM |
------------------
|  0 | 37% |  3% |
|  1 |  2% |  3% |
Finished training it 170/170 of epoch 3 and time taken 53.934961795806885, 62.89 ms/it, loss 0.571702, accuracy 70.479 %
DLRM_wrap_time 8.84, loss_fn_time 0.24, Backward_pass_time  8.83, Average_Grad_time 27.83, Optimizer_step_time 16.75
Finished epoch 3
| ID | GPU | MEM |
------------------
|  0 | 49% |  3% |
|  1 |  2% |  3% |
| ID | GPU | MEM |
------------------
|  0 | 36% |  3% |
|  1 |  2% |  3% |
| ID | GPU | MEM |
------------------
|  0 | 35% |  3% |
|  1 |  2% |  3% |
| ID | GPU | MEM |
------------------
|  0 | 35% |  3% |
|  1 |  3% |  3% |
| ID | GPU | MEM |
------------------
|  0 | 37% |  3% |
|  1 |  3% |  3% |
| ID | GPU | MEM |
------------------
|  0 | 47% |  3% |
|  1 |  3% |  3% |
| ID | GPU | MEM |
------------------
|  0 | 52% |  3% |
|  1 |  2% |  3% |
| ID | GPU | MEM |
------------------
|  0 | 44% |  3% |
|  1 |  2% |  3% |
| ID | GPU | MEM |
------------------
|  0 | 31% |  3% |
|  1 |  2% |  3% |
| ID | GPU | MEM |
------------------
|  0 | 42% |  3% |
|  1 |  3% |  3% |
| ID | GPU | MEM |
------------------
|  0 | 42% |  3% |
|  1 |  3% |  3% |
| ID | GPU | MEM |
------------------
|  0 | 41% |  3% |
|  1 |  3% |  3% |
| ID | GPU | MEM |
------------------
|  0 | 51% |  3% |
|  1 |  2% |  3% |
| ID | GPU | MEM |
------------------
|  0 | 39% |  3% |
|  1 |  2% |  3% |
| ID | GPU | MEM |
------------------
|  0 | 40% |  3% |
|  1 |  2% |  3% |
| ID | GPU | MEM |
------------------
|  0 | 39% |  3% |
|  1 |  3% |  3% |
| ID | GPU | MEM |
------------------
|  0 | 39% |  3% |
|  1 |  2% |  3% |
| ID | GPU | MEM |
------------------
|  0 | 40% |  3% |
|  1 |  2% |  3% |
| ID | GPU | MEM |
------------------
|  0 | 51% |  3% |
|  1 |  2% |  3% |
| ID | GPU | MEM |
------------------
|  0 | 48% |  3% |
|  1 |  2% |  3% |
| ID | GPU | MEM |
------------------
|  0 | 40% |  3% |
|  1 |  2% |  3% |
| ID | GPU | MEM |
------------------
|  0 | 35% |  3% |
|  1 |  2% |  3% |
| ID | GPU | MEM |
------------------
|  0 | 42% |  3% |
|  1 |  2% |  3% |
| ID | GPU | MEM |
------------------
|  0 | 42% |  3% |
|  1 |  2% |  3% |
| ID | GPU | MEM |
------------------
|  0 | 46% |  3% |
|  1 |  3% |  3% |
| ID | GPU | MEM |
------------------
|  0 | 48% |  3% |
|  1 |  2% |  3% |
| ID | GPU | MEM |
------------------
|  0 | 39% |  3% |
|  1 |  2% |  3% |
| ID | GPU | MEM |
------------------
|  0 | 34% |  3% |
|  1 |  2% |  3% |
| ID | GPU | MEM |
------------------
|  0 | 38% |  3% |
|  1 |  3% |  3% |
| ID | GPU | MEM |
------------------
|  0 | 38% |  3% |
|  1 |  3% |  3% |
| ID | GPU | MEM |
------------------
|  0 | 44% |  3% |
|  1 |  3% |  3% |
| ID | GPU | MEM |
------------------
|  0 | 48% |  3% |
|  1 |  2% |  3% |
| ID | GPU | MEM |
------------------
|  0 | 48% |  3% |
|  1 |  2% |  3% |
| ID | GPU | MEM |
------------------
|  0 | 32% |  3% |
|  1 |  2% |  3% |
| ID | GPU | MEM |
------------------
|  0 | 39% |  3% |
|  1 |  2% |  3% |
| ID | GPU | MEM |
------------------
|  0 | 39% |  3% |
|  1 |  2% |  3% |
| ID | GPU | MEM |
------------------
|  0 | 37% |  3% |
|  1 |  2% |  3% |
| ID | GPU | MEM |
------------------
|  0 | 48% |  3% |
|  1 |  3% |  3% |
| ID | GPU | MEM |
------------------
|  0 | 50% |  3% |
|  1 |  2% |  3% |
| ID | GPU | MEM |
------------------
|  0 | 35% |  3% |
|  1 |  2% |  3% |
| ID | GPU | MEM |
------------------
|  0 | 36% |  3% |
|  1 |  2% |  3% |
| ID | GPU | MEM |
------------------
|  0 | 39% |  3% |
|  1 |  3% |  3% |
| ID | GPU | MEM |
------------------
|  0 | 39% |  3% |
|  1 |  3% |  3% |
| ID | GPU | MEM |
------------------
|  0 | 44% |  3% |
|  1 |  3% |  3% |
| ID | GPU | MEM |
------------------
|  0 | 50% |  3% |
|  1 |  2% |  3% |
| ID | GPU | MEM |
------------------
|  0 | 47% |  3% |
|  1 |  2% |  3% |
| ID | GPU | MEM |
------------------
|  0 | 33% |  3% |
|  1 |  2% |  3% |
| ID | GPU | MEM |
------------------
|  0 | 34% |  3% |
|  1 |  3% |  3% |
| ID | GPU | MEM |
------------------
|  0 | 34% |  3% |
|  1 |  2% |  3% |
| ID | GPU | MEM |
------------------
|  0 | 43% |  3% |
|  1 |  2% |  3% |
Finished training it 100/170 of epoch 4 and time taken 61.203924894332886, 64.81 ms/it, loss 0.561759, accuracy 70.912 %
DLRM_wrap_time 8.92, loss_fn_time 0.23, Backward_pass_time  8.73, Average_Grad_time 29.00, Optimizer_step_time 17.53
Starting Test loop
| ID | GPU | MEM |
------------------
|  0 | 46% |  3% |
|  1 |  2% |  3% |
| ID | GPU | MEM |
------------------
|  0 | 25% |  3% |
|  1 |  2% |  3% |
| ID | GPU | MEM |
------------------
|  0 | 25% |  3% |
|  1 |  2% |  3% |
| ID | GPU | MEM |
------------------
|  0 |  3% |  3% |
|  1 |  2% |  3% |
Test loop ended
Testing at - 100/170 of epoch 4, loss 0.659924, accuracy 58.233 %, best 68.532 %
| ID | GPU | MEM |
------------------
|  0 |  3% |  3% |
|  1 |  3% |  3% |
| ID | GPU | MEM |
------------------
|  0 | 39% |  3% |
|  1 |  2% |  3% |
| ID | GPU | MEM |
------------------
|  0 | 39% |  3% |
|  1 |  2% |  3% |
| ID | GPU | MEM |
------------------
|  0 | 41% |  3% |
|  1 |  3% |  3% |
| ID | GPU | MEM |
------------------
|  0 | 54% |  3% |
|  1 |  2% |  3% |
| ID | GPU | MEM |
------------------
|  0 | 39% |  3% |
|  1 |  2% |  3% |
| ID | GPU | MEM |
------------------
|  0 | 31% |  3% |
|  1 |  2% |  3% |
| ID | GPU | MEM |
------------------
|  0 | 45% |  3% |
|  1 |  3% |  3% |
| ID | GPU | MEM |
------------------
|  0 | 45% |  3% |
|  1 |  3% |  3% |
| ID | GPU | MEM |
------------------
|  0 | 42% |  3% |
|  1 |  3% |  3% |
| ID | GPU | MEM |
------------------
|  0 | 48% |  3% |
|  1 |  2% |  3% |
| ID | GPU | MEM |
------------------
|  0 | 47% |  3% |
|  1 |  2% |  3% |
| ID | GPU | MEM |
------------------
|  0 | 34% |  3% |
|  1 |  2% |  3% |
| ID | GPU | MEM |
------------------
|  0 | 39% |  3% |
|  1 |  3% |  3% |
| ID | GPU | MEM |
------------------
|  0 | 39% |  3% |
|  1 |  3% |  3% |
| ID | GPU | MEM |
------------------
|  0 | 35% |  3% |
|  1 |  3% |  3% |
| ID | GPU | MEM |
------------------
|  0 | 51% |  3% |
|  1 |  2% |  3% |
| ID | GPU | MEM |
------------------
|  0 | 38% |  3% |
|  1 |  2% |  3% |
| ID | GPU | MEM |
------------------
|  0 | 37% |  3% |
|  1 |  2% |  3% |
| ID | GPU | MEM |
------------------
|  0 | 37% |  3% |
|  1 |  3% |  3% |
| ID | GPU | MEM |
------------------
|  0 | 34% |  3% |
|  1 |  3% |  3% |
| ID | GPU | MEM |
------------------
|  0 | 46% |  3% |
|  1 |  2% |  3% |
| ID | GPU | MEM |
------------------
|  0 | 53% |  3% |
|  1 |  2% |  3% |
| ID | GPU | MEM |
------------------
|  0 | 37% |  3% |
|  1 |  2% |  3% |
| ID | GPU | MEM |
------------------
|  0 | 39% |  3% |
|  1 |  2% |  3% |
| ID | GPU | MEM |
------------------
|  0 | 37% |  3% |
|  1 |  3% |  3% |
| ID | GPU | MEM |
------------------
|  0 | 37% |  3% |
|  1 |  2% |  3% |
| ID | GPU | MEM |
------------------
|  0 | 40% |  3% |
|  1 |  2% |  3% |
| ID | GPU | MEM |
------------------
|  0 | 46% |  3% |
|  1 |  3% |  3% |
| ID | GPU | MEM |
------------------
|  0 | 46% |  3% |
|  1 |  2% |  3% |
| ID | GPU | MEM |
------------------
|  0 | 32% |  3% |
|  1 |  2% |  3% |
| ID | GPU | MEM |
------------------
|  0 | 34% |  3% |
|  1 |  2% |  3% |
| ID | GPU | MEM |
------------------
|  0 | 41% |  3% |
|  1 |  2% |  3% |
| ID | GPU | MEM |
------------------
|  0 | 41% |  3% |
|  1 |  2% |  3% |
| ID | GPU | MEM |
------------------
|  0 | 44% |  3% |
|  1 |  3% |  3% |
Finished training it 170/170 of epoch 4 and time taken 66.64726638793945, 64.71 ms/it, loss 0.560743, accuracy 70.898 %
DLRM_wrap_time 8.93, loss_fn_time 0.23, Backward_pass_time  9.34, Average_Grad_time 28.75, Optimizer_step_time 17.04
Finished epoch 4
| ID | GPU | MEM |
------------------
|  0 | 52% |  3% |
|  1 |  2% |  3% |
| ID | GPU | MEM |
------------------
|  0 | 38% |  3% |
|  1 |  2% |  3% |
| ID | GPU | MEM |
------------------
|  0 | 32% |  3% |
|  1 |  2% |  3% |
| ID | GPU | MEM |
------------------
|  0 | 37% |  3% |
|  1 |  3% |  3% |
| ID | GPU | MEM |
------------------
|  0 | 37% |  3% |
|  1 |  3% |  3% |
| ID | GPU | MEM |
------------------
|  0 | 44% |  3% |
|  1 |  3% |  3% |
| ID | GPU | MEM |
------------------
|  0 | 50% |  3% |
|  1 |  2% |  3% |
| ID | GPU | MEM |
------------------
|  0 | 34% |  3% |
|  1 |  2% |  3% |
| ID | GPU | MEM |
------------------
|  0 | 32% |  3% |
|  1 |  2% |  3% |
| ID | GPU | MEM |
------------------
|  0 | 32% |  3% |
|  1 |  3% |  3% |
| ID | GPU | MEM |
------------------
|  0 | 38% |  3% |
|  1 |  3% |  3% |
| ID | GPU | MEM |
------------------
|  0 | 45% |  3% |
|  1 |  2% |  3% |
| ID | GPU | MEM |
------------------
|  0 | 48% |  3% |
|  1 |  2% |  3% |
| ID | GPU | MEM |
------------------
|  0 | 47% |  3% |
|  1 |  2% |  3% |
| ID | GPU | MEM |
------------------
|  0 | 32% |  3% |
|  1 |  2% |  3% |
| ID | GPU | MEM |
------------------
|  0 | 35% |  3% |
|  1 |  2% |  3% |
| ID | GPU | MEM |
------------------
|  0 | 35% |  3% |
|  1 |  2% |  3% |
| ID | GPU | MEM |
------------------
|  0 | 40% |  3% |
|  1 |  2% |  3% |
| ID | GPU | MEM |
------------------
|  0 | 44% |  3% |
|  1 |  2% |  3% |
| ID | GPU | MEM |
------------------
|  0 | 49% |  3% |
|  1 |  2% |  3% |
| ID | GPU | MEM |
------------------
|  0 | 33% |  3% |
|  1 |  2% |  3% |
| ID | GPU | MEM |
------------------
|  0 | 32% |  3% |
|  1 |  2% |  3% |
| ID | GPU | MEM |
------------------
|  0 | 42% |  3% |
|  1 |  2% |  3% |
| ID | GPU | MEM |
------------------
|  0 | 42% |  3% |
|  1 |  2% |  3% |
| ID | GPU | MEM |
------------------
|  0 | 41% |  3% |
|  1 |  2% |  3% |
| ID | GPU | MEM |
------------------
|  0 | 50% |  3% |
|  1 |  2% |  3% |
| ID | GPU | MEM |
------------------
|  0 | 51% |  3% |
|  1 |  2% |  3% |
| ID | GPU | MEM |
------------------
|  0 | 33% |  3% |
|  1 |  2% |  3% |
| ID | GPU | MEM |
------------------
|  0 | 36% |  3% |
|  1 |  2% |  3% |
| ID | GPU | MEM |
------------------
|  0 | 36% |  3% |
|  1 |  2% |  3% |
| ID | GPU | MEM |
------------------
|  0 | 36% |  3% |
|  1 |  3% |  3% |
| ID | GPU | MEM |
------------------
|  0 | 16% |  3% |
|  1 |  3% |  3% |
| ID | GPU | MEM |
------------------
|  0 | 16% |  3% |
|  1 |  3% |  3% |
| ID | GPU | MEM |
------------------
|  0 | 35% |  3% |
|  1 |  3% |  3% |
| ID | GPU | MEM |
------------------
|  0 | 38% |  3% |
|  1 |  2% |  3% |
| ID | GPU | MEM |
------------------
|  0 | 37% |  3% |
|  1 |  2% |  3% |
| ID | GPU | MEM |
------------------
|  0 | 33% |  3% |
|  1 |  2% |  3% |
| ID | GPU | MEM |
------------------
|  0 | 39% |  3% |
|  1 |  2% |  3% |
| ID | GPU | MEM |
------------------
|  0 | 39% |  3% |
|  1 |  2% |  3% |
| ID | GPU | MEM |
------------------
|  0 | 43% |  3% |
|  1 |  2% |  3% |
| ID | GPU | MEM |
------------------
|  0 | 47% |  3% |
|  1 |  2% |  3% |
| ID | GPU | MEM |
------------------
|  0 | 32% |  3% |
|  1 |  2% |  3% |
| ID | GPU | MEM |
------------------
|  0 | 35% |  3% |
|  1 |  2% |  3% |
| ID | GPU | MEM |
------------------
|  0 | 36% |  3% |
|  1 |  2% |  3% |
| ID | GPU | MEM |
------------------
|  0 | 36% |  3% |
|  1 |  2% |  3% |
| ID | GPU | MEM |
------------------
|  0 | 39% |  3% |
|  1 |  3% |  3% |
| ID | GPU | MEM |
------------------
|  0 | 46% |  3% |
|  1 |  2% |  3% |
| ID | GPU | MEM |
------------------
|  0 | 51% |  3% |
|  1 |  2% |  3% |
| ID | GPU | MEM |
------------------
|  0 | 38% |  3% |
|  1 |  2% |  3% |
| ID | GPU | MEM |
------------------
|  0 | 39% |  3% |
|  1 |  2% |  3% |
Finished training it 100/170 of epoch 5 and time taken 73.80731701850891, 63.24 ms/it, loss 0.545897, accuracy 72.416 %
DLRM_wrap_time 9.26, loss_fn_time 0.24, Backward_pass_time  9.32, Average_Grad_time 26.95, Optimizer_step_time 17.04
Starting Test loop
| ID | GPU | MEM |
------------------
|  0 | 33% |  3% |
|  1 |  2% |  3% |
| ID | GPU | MEM |
------------------
|  0 | 33% |  3% |
|  1 |  2% |  3% |
| ID | GPU | MEM |
------------------
|  0 |  3% |  3% |
|  1 |  3% |  3% |
Test loop ended
Testing at - 100/170 of epoch 5, loss 0.574295, accuracy 67.939 %, best 68.532 %
| ID | GPU | MEM |
------------------
|  0 |  3% |  3% |
|  1 |  3% |  3% |
| ID | GPU | MEM |
------------------
|  0 |  3% |  3% |
|  1 |  3% |  3% |
| ID | GPU | MEM |
------------------
|  0 | 36% |  3% |
|  1 |  3% |  3% |
| ID | GPU | MEM |
------------------
|  0 | 28% |  3% |
|  1 |  2% |  3% |
| ID | GPU | MEM |
------------------
|  0 | 28% |  3% |
|  1 |  2% |  3% |
| ID | GPU | MEM |
------------------
|  0 | 47% |  3% |
|  1 |  2% |  3% |
| ID | GPU | MEM |
------------------
|  0 | 50% |  3% |
|  1 |  2% |  3% |
| ID | GPU | MEM |
------------------
|  0 | 32% |  3% |
|  1 |  3% |  3% |
| ID | GPU | MEM |
------------------
|  0 | 41% |  3% |
|  1 |  2% |  3% |
| ID | GPU | MEM |
------------------
|  0 | 33% |  3% |
|  1 |  3% |  3% |
| ID | GPU | MEM |
------------------
|  0 | 33% |  3% |
|  1 |  3% |  3% |
| ID | GPU | MEM |
------------------
|  0 | 38% |  3% |
|  1 |  3% |  3% |
| ID | GPU | MEM |
------------------
|  0 | 46% |  3% |
|  1 |  2% |  3% |
| ID | GPU | MEM |
------------------
|  0 | 46% |  3% |
|  1 |  2% |  3% |
| ID | GPU | MEM |
------------------
|  0 | 31% |  3% |
|  1 |  2% |  3% |
| ID | GPU | MEM |
------------------
|  0 | 39% |  3% |
|  1 |  2% |  3% |
| ID | GPU | MEM |
------------------
|  0 | 41% |  3% |
|  1 |  3% |  3% |
| ID | GPU | MEM |
------------------
|  0 | 41% |  3% |
|  1 |  3% |  3% |
| ID | GPU | MEM |
------------------
|  0 | 34% |  3% |
|  1 |  3% |  3% |
| ID | GPU | MEM |
------------------
|  0 | 47% |  3% |
|  1 |  2% |  3% |
| ID | GPU | MEM |
------------------
|  0 | 40% |  3% |
|  1 |  2% |  3% |
| ID | GPU | MEM |
------------------
|  0 | 31% |  3% |
|  1 |  2% |  3% |
| ID | GPU | MEM |
------------------
|  0 | 39% |  3% |
|  1 |  3% |  3% |
| ID | GPU | MEM |
------------------
|  0 | 39% |  3% |
|  1 |  3% |  3% |
| ID | GPU | MEM |
------------------
|  0 | 36% |  3% |
|  1 |  3% |  3% |
| ID | GPU | MEM |
------------------
|  0 | 49% |  3% |
|  1 |  2% |  3% |
| ID | GPU | MEM |
------------------
|  0 | 50% |  3% |
|  1 |  2% |  3% |
| ID | GPU | MEM |
------------------
|  0 | 40% |  3% |
|  1 |  2% |  3% |
| ID | GPU | MEM |
------------------
|  0 | 40% |  3% |
|  1 |  2% |  3% |
| ID | GPU | MEM |
------------------
|  0 | 35% |  3% |
|  1 |  2% |  3% |
| ID | GPU | MEM |
------------------
|  0 | 35% |  3% |
|  1 |  2% |  3% |
| ID | GPU | MEM |
------------------
|  0 | 35% |  3% |
|  1 |  2% |  3% |
| ID | GPU | MEM |
------------------
|  0 | 48% |  3% |
|  1 |  2% |  3% |
| ID | GPU | MEM |
------------------
|  0 | 46% |  3% |
|  1 |  2% |  3% |
| ID | GPU | MEM |
------------------
|  0 | 34% |  3% |
|  1 |  2% |  3% |
Finished training it 170/170 of epoch 5 and time taken 79.17137670516968, 63.31 ms/it, loss 0.527728, accuracy 73.763 %
DLRM_wrap_time 8.92, loss_fn_time 0.23, Backward_pass_time  12.47, Average_Grad_time 26.82, Optimizer_step_time 14.46
Finished epoch 5
| ID | GPU | MEM |
------------------
|  0 | 37% |  3% |
|  1 |  2% |  3% |
| ID | GPU | MEM |
------------------
|  0 | 37% |  3% |
|  1 |  2% |  3% |
| ID | GPU | MEM |
------------------
|  0 | 36% |  3% |
|  1 |  3% |  3% |
| ID | GPU | MEM |
------------------
|  0 | 49% |  3% |
|  1 |  2% |  3% |
| ID | GPU | MEM |
------------------
|  0 | 41% |  3% |
|  1 |  2% |  3% |
| ID | GPU | MEM |
------------------
|  0 | 39% |  3% |
|  1 |  2% |  3% |
| ID | GPU | MEM |
------------------
|  0 | 38% |  3% |
|  1 |  3% |  3% |
| ID | GPU | MEM |
------------------
|  0 | 38% |  3% |
|  1 |  3% |  3% |
| ID | GPU | MEM |
------------------
|  0 | 36% |  3% |
|  1 |  3% |  3% |
| ID | GPU | MEM |
------------------
|  0 | 52% |  3% |
|  1 |  2% |  3% |
| ID | GPU | MEM |
------------------
|  0 | 49% |  3% |
|  1 |  2% |  3% |
| ID | GPU | MEM |
------------------
|  0 | 35% |  3% |
|  1 |  2% |  3% |
| ID | GPU | MEM |
------------------
|  0 | 33% |  3% |
|  1 |  2% |  3% |
| ID | GPU | MEM |
------------------
|  0 | 33% |  3% |
|  1 |  3% |  3% |
| ID | GPU | MEM |
------------------
|  0 | 37% |  3% |
|  1 |  3% |  3% |
| ID | GPU | MEM |
------------------
|  0 | 45% |  3% |
|  1 |  2% |  3% |
| ID | GPU | MEM |
------------------
|  0 | 53% |  3% |
|  1 |  2% |  3% |
| ID | GPU | MEM |
------------------
|  0 | 40% |  3% |
|  1 |  2% |  3% |
| ID | GPU | MEM |
------------------
|  0 | 34% |  3% |
|  1 |  2% |  3% |
| ID | GPU | MEM |
------------------
|  0 | 40% |  3% |
|  1 |  3% |  3% |
| ID | GPU | MEM |
------------------
|  0 | 40% |  3% |
|  1 |  3% |  3% |
| ID | GPU | MEM |
------------------
|  0 | 36% |  3% |
|  1 |  3% |  3% |
| ID | GPU | MEM |
------------------
|  0 | 53% |  3% |
|  1 |  2% |  3% |
| ID | GPU | MEM |
------------------
|  0 | 49% |  3% |
|  1 |  2% |  3% |
| ID | GPU | MEM |
------------------
|  0 | 44% |  3% |
|  1 |  2% |  3% |
| ID | GPU | MEM |
------------------
|  0 | 31% |  3% |
|  1 |  2% |  3% |
| ID | GPU | MEM |
------------------
|  0 | 38% |  3% |
|  1 |  2% |  3% |
| ID | GPU | MEM |
------------------
|  0 | 38% |  3% |
|  1 |  2% |  3% |
| ID | GPU | MEM |
------------------
|  0 | 38% |  3% |
|  1 |  2% |  3% |
| ID | GPU | MEM |
------------------
|  0 | 48% |  3% |
|  1 |  2% |  3% |
| ID | GPU | MEM |
------------------
|  0 | 46% |  3% |
|  1 |  2% |  3% |
| ID | GPU | MEM |
------------------
|  0 | 29% |  3% |
|  1 |  2% |  3% |
| ID | GPU | MEM |
------------------
|  0 | 39% |  3% |
|  1 |  2% |  3% |
| ID | GPU | MEM |
------------------
|  0 | 38% |  3% |
|  1 |  3% |  3% |
| ID | GPU | MEM |
------------------
|  0 | 38% |  3% |
|  1 |  3% |  3% |
| ID | GPU | MEM |
------------------
|  0 | 41% |  3% |
|  1 |  2% |  3% |
| ID | GPU | MEM |
------------------
|  0 | 53% |  3% |
|  1 |  2% |  3% |
| ID | GPU | MEM |
------------------
|  0 | 39% |  3% |
|  1 |  2% |  3% |
| ID | GPU | MEM |
------------------
|  0 | 30% |  3% |
|  1 |  3% |  3% |
| ID | GPU | MEM |
------------------
|  0 | 38% |  3% |
|  1 |  2% |  3% |
| ID | GPU | MEM |
------------------
|  0 | 38% |  3% |
|  1 |  2% |  3% |
| ID | GPU | MEM |
------------------
|  0 | 45% |  3% |
|  1 |  2% |  3% |
| ID | GPU | MEM |
------------------
|  0 | 50% |  3% |
|  1 |  2% |  3% |
| ID | GPU | MEM |
------------------
|  0 | 33% |  3% |
|  1 |  2% |  3% |
| ID | GPU | MEM |
------------------
|  0 | 35% |  3% |
|  1 |  3% |  3% |
| ID | GPU | MEM |
------------------
|  0 | 35% |  3% |
|  1 |  3% |  3% |
| ID | GPU | MEM |
------------------
|  0 | 37% |  3% |
|  1 |  3% |  3% |
| ID | GPU | MEM |
------------------
|  0 | 48% |  3% |
|  1 |  2% |  3% |
| ID | GPU | MEM |
------------------
|  0 | 42% |  3% |
|  1 |  2% |  3% |
| ID | GPU | MEM |
------------------
|  0 | 40% |  3% |
|  1 |  2% |  3% |
Finished training it 100/170 of epoch 6 and time taken 86.40999507904053, 64.21 ms/it, loss 0.523920, accuracy 73.799 %
DLRM_wrap_time 8.88, loss_fn_time 0.24, Backward_pass_time  9.08, Average_Grad_time 28.00, Optimizer_step_time 17.58
Starting Test loop
| ID | GPU | MEM |
------------------
|  0 | 30% |  3% |
|  1 |  3% |  3% |
| ID | GPU | MEM |
------------------
|  0 | 30% |  3% |
|  1 |  3% |  3% |
| ID | GPU | MEM |
------------------
|  0 |  6% |  3% |
|  1 |  2% |  3% |
| ID | GPU | MEM |
------------------
|  0 |  6% |  3% |
|  1 |  2% |  3% |
Test loop ended
Testing at - 100/170 of epoch 6, loss 0.513348, accuracy 75.785 %, best 75.785 %
| ID | GPU | MEM |
------------------
|  0 |  3% |  3% |
|  1 |  3% |  3% |
| ID | GPU | MEM |
------------------
|  0 | 35% |  3% |
|  1 |  2% |  3% |
| ID | GPU | MEM |
------------------
|  0 | 40% |  3% |
|  1 |  2% |  3% |
| ID | GPU | MEM |
------------------
|  0 | 40% |  3% |
|  1 |  2% |  3% |
| ID | GPU | MEM |
------------------
|  0 | 41% |  3% |
|  1 |  3% |  3% |
| ID | GPU | MEM |
------------------
|  0 | 50% |  3% |
|  1 |  2% |  3% |
| ID | GPU | MEM |
------------------
|  0 | 37% |  3% |
|  1 |  3% |  3% |
| ID | GPU | MEM |
------------------
|  0 | 32% |  3% |
|  1 |  2% |  3% |
| ID | GPU | MEM |
------------------
|  0 | 32% |  3% |
|  1 |  2% |  3% |
| ID | GPU | MEM |
------------------
|  0 | 38% |  3% |
|  1 |  3% |  3% |
| ID | GPU | MEM |
------------------
|  0 | 50% |  3% |
|  1 |  2% |  3% |
| ID | GPU | MEM |
------------------
|  0 | 38% |  3% |
|  1 |  2% |  3% |
| ID | GPU | MEM |
------------------
|  0 | 29% |  3% |
|  1 |  2% |  3% |
| ID | GPU | MEM |
------------------
|  0 | 36% |  3% |
|  1 |  3% |  3% |
| ID | GPU | MEM |
------------------
|  0 | 36% |  3% |
|  1 |  3% |  3% |
| ID | GPU | MEM |
------------------
|  0 | 54% |  3% |
|  1 |  2% |  3% |
| ID | GPU | MEM |
------------------
|  0 | 37% |  3% |
|  1 |  3% |  3% |
| ID | GPU | MEM |
------------------
|  0 | 33% |  3% |
|  1 |  2% |  3% |
| ID | GPU | MEM |
------------------
|  0 | 38% |  3% |
|  1 |  3% |  3% |
| ID | GPU | MEM |
------------------
|  0 | 38% |  3% |
|  1 |  3% |  3% |
| ID | GPU | MEM |
------------------
|  0 | 51% |  3% |
|  1 |  2% |  3% |
| ID | GPU | MEM |
------------------
|  0 | 40% |  3% |
|  1 |  3% |  3% |
| ID | GPU | MEM |
------------------
|  0 | 33% |  3% |
|  1 |  2% |  3% |
| ID | GPU | MEM |
------------------
|  0 | 37% |  3% |
|  1 |  3% |  3% |
| ID | GPU | MEM |
------------------
|  0 | 37% |  3% |
|  1 |  3% |  3% |
| ID | GPU | MEM |
------------------
|  0 | 39% |  3% |
|  1 |  3% |  3% |
| ID | GPU | MEM |
------------------
|  0 | 49% |  3% |
|  1 |  2% |  3% |
| ID | GPU | MEM |
------------------
|  0 | 50% |  3% |
|  1 |  2% |  3% |
| ID | GPU | MEM |
------------------
|  0 | 34% |  3% |
|  1 |  2% |  3% |
| ID | GPU | MEM |
------------------
|  0 | 38% |  3% |
|  1 |  3% |  3% |
| ID | GPU | MEM |
------------------
|  0 | 38% |  3% |
|  1 |  3% |  3% |
| ID | GPU | MEM |
------------------
|  0 | 42% |  3% |
|  1 |  3% |  3% |
| ID | GPU | MEM |
------------------
|  0 | 51% |  3% |
|  1 |  2% |  3% |
| ID | GPU | MEM |
------------------
|  0 | 40% |  3% |
|  1 |  2% |  3% |
| ID | GPU | MEM |
------------------
|  0 | 31% |  3% |
|  1 |  2% |  3% |
Finished training it 170/170 of epoch 6 and time taken 91.69416165351868, 63.59 ms/it, loss 0.506178, accuracy 75.215 %
DLRM_wrap_time 9.04, loss_fn_time 0.25, Backward_pass_time  20.46, Average_Grad_time 27.12, Optimizer_step_time 6.37
Finished epoch 6
| ID | GPU | MEM |
------------------
|  0 | 37% |  3% |
|  1 |  2% |  3% |
| ID | GPU | MEM |
------------------
|  0 | 37% |  3% |
|  1 |  3% |  3% |
| ID | GPU | MEM |
------------------
|  0 | 33% |  3% |
|  1 |  2% |  3% |
| ID | GPU | MEM |
------------------
|  0 | 24% |  3% |
|  1 |  2% |  3% |
| ID | GPU | MEM |
------------------
|  0 | 24% |  3% |
|  1 |  3% |  3% |
| ID | GPU | MEM |
------------------
|  0 | 41% |  3% |
|  1 |  2% |  3% |
| ID | GPU | MEM |
------------------
|  0 | 30% |  3% |
|  1 |  2% |  3% |
| ID | GPU | MEM |
------------------
|  0 | 40% |  3% |
|  1 |  2% |  3% |
| ID | GPU | MEM |
------------------
|  0 | 40% |  3% |
|  1 |  2% |  3% |
| ID | GPU | MEM |
------------------
|  0 | 42% |  3% |
|  1 |  2% |  3% |
| ID | GPU | MEM |
------------------
|  0 | 53% |  3% |
|  1 |  2% |  3% |
| ID | GPU | MEM |
------------------
|  0 | 41% |  3% |
|  1 |  2% |  3% |
| ID | GPU | MEM |
------------------
|  0 | 35% |  3% |
|  1 |  3% |  3% |
| ID | GPU | MEM |
------------------
|  0 | 37% |  3% |
|  1 |  3% |  3% |
| ID | GPU | MEM |
------------------
|  0 | 37% |  3% |
|  1 |  3% |  3% |
| ID | GPU | MEM |
------------------
|  0 | 49% |  3% |
|  1 |  2% |  3% |
| ID | GPU | MEM |
------------------
|  0 | 39% |  3% |
|  1 |  2% |  3% |
| ID | GPU | MEM |
------------------
|  0 | 33% |  3% |
|  1 |  3% |  3% |
| ID | GPU | MEM |
------------------
|  0 | 43% |  3% |
|  1 |  3% |  3% |
| ID | GPU | MEM |
------------------
|  0 | 43% |  3% |
|  1 |  2% |  3% |
| ID | GPU | MEM |
------------------
|  0 | 38% |  3% |
|  1 |  2% |  3% |
| ID | GPU | MEM |
------------------
|  0 | 49% |  3% |
|  1 |  2% |  3% |
| ID | GPU | MEM |
------------------
|  0 | 48% |  3% |
|  1 |  2% |  3% |
| ID | GPU | MEM |
------------------
|  0 | 38% |  3% |
|  1 |  2% |  3% |
| ID | GPU | MEM |
------------------
|  0 | 32% |  3% |
|  1 |  3% |  3% |
| ID | GPU | MEM |
------------------
|  0 | 38% |  3% |
|  1 |  3% |  3% |
| ID | GPU | MEM |
------------------
|  0 | 38% |  3% |
|  1 |  3% |  3% |
| ID | GPU | MEM |
------------------
|  0 | 37% |  3% |
|  1 |  2% |  3% |
| ID | GPU | MEM |
------------------
|  0 | 47% |  3% |
|  1 |  2% |  3% |
| ID | GPU | MEM |
------------------
|  0 | 49% |  3% |
|  1 |  2% |  3% |
| ID | GPU | MEM |
------------------
|  0 | 32% |  3% |
|  1 |  2% |  3% |
| ID | GPU | MEM |
------------------
|  0 | 33% |  3% |
|  1 |  3% |  3% |
| ID | GPU | MEM |
------------------
|  0 | 35% |  3% |
|  1 |  3% |  3% |
| ID | GPU | MEM |
------------------
|  0 | 35% |  3% |
|  1 |  3% |  3% |
| ID | GPU | MEM |
------------------
|  0 | 38% |  3% |
|  1 |  2% |  3% |
| ID | GPU | MEM |
------------------
|  0 | 45% |  3% |
|  1 |  2% |  3% |
| ID | GPU | MEM |
------------------
|  0 | 47% |  3% |
|  1 |  2% |  3% |
| ID | GPU | MEM |
------------------
|  0 | 42% |  3% |
|  1 |  2% |  3% |
| ID | GPU | MEM |
------------------
|  0 | 33% |  3% |
|  1 |  3% |  3% |
| ID | GPU | MEM |
------------------
|  0 | 38% |  3% |
|  1 |  3% |  3% |
| ID | GPU | MEM |
------------------
|  0 | 38% |  3% |
|  1 |  3% |  3% |
| ID | GPU | MEM |
------------------
|  0 | 41% |  3% |
|  1 |  2% |  3% |
| ID | GPU | MEM |
------------------
|  0 | 48% |  3% |
|  1 |  2% |  3% |
| ID | GPU | MEM |
------------------
|  0 | 41% |  3% |
|  1 |  2% |  3% |
| ID | GPU | MEM |
------------------
|  0 | 33% |  3% |
|  1 |  2% |  3% |
| ID | GPU | MEM |
------------------
|  0 | 32% |  3% |
|  1 |  2% |  3% |
| ID | GPU | MEM |
------------------
|  0 | 32% |  3% |
|  1 |  3% |  3% |
| ID | GPU | MEM |
------------------
|  0 | 42% |  3% |
|  1 |  2% |  3% |
| ID | GPU | MEM |
------------------
|  0 | 48% |  3% |
|  1 |  2% |  3% |
| ID | GPU | MEM |
------------------
|  0 | 41% |  3% |
|  1 |  2% |  3% |
Finished training it 100/170 of epoch 7 and time taken 98.7889392375946, 62.11 ms/it, loss 0.489249, accuracy 76.154 %
DLRM_wrap_time 9.94, loss_fn_time 0.25, Backward_pass_time  8.77, Average_Grad_time 26.51, Optimizer_step_time 16.21
Starting Test loop
| ID | GPU | MEM |
------------------
|  0 | 34% |  3% |
|  1 |  2% |  3% |
| ID | GPU | MEM |
------------------
|  0 | 34% |  3% |
|  1 |  2% |  3% |
| ID | GPU | MEM |
------------------
|  0 |  3% |  3% |
|  1 |  3% |  3% |
| ID | GPU | MEM |
------------------
|  0 |  2% |  3% |
|  1 |  3% |  3% |
Test loop ended
Testing at - 100/170 of epoch 7, loss 0.488359, accuracy 73.287 %, best 75.785 %
| ID | GPU | MEM |
------------------
|  0 |  2% |  3% |
|  1 |  3% |  3% |
| ID | GPU | MEM |
------------------
|  0 | 31% |  3% |
|  1 |  3% |  3% |
| ID | GPU | MEM |
------------------
|  0 | 37% |  3% |
|  1 |  2% |  3% |
| ID | GPU | MEM |
------------------
|  0 | 35% |  3% |
|  1 |  3% |  3% |
| ID | GPU | MEM |
------------------
|  0 | 36% |  3% |
|  1 |  3% |  3% |
| ID | GPU | MEM |
------------------
|  0 | 36% |  3% |
|  1 |  2% |  3% |
| ID | GPU | MEM |
------------------
|  0 | 41% |  3% |
|  1 |  2% |  3% |
| ID | GPU | MEM |
------------------
|  0 | 38% |  3% |
|  1 |  2% |  3% |
| ID | GPU | MEM |
------------------
|  0 | 48% |  3% |
|  1 |  2% |  3% |
| ID | GPU | MEM |
------------------
|  0 | 45% |  3% |
|  1 |  2% |  3% |
| ID | GPU | MEM |
------------------
|  0 | 37% |  3% |
|  1 |  2% |  3% |
| ID | GPU | MEM |
------------------
|  0 | 33% |  3% |
|  1 |  2% |  3% |
| ID | GPU | MEM |
------------------
|  0 | 37% |  3% |
|  1 |  2% |  3% |
| ID | GPU | MEM |
------------------
|  0 | 37% |  3% |
|  1 |  3% |  3% |
| ID | GPU | MEM |
------------------
|  0 | 46% |  3% |
|  1 |  2% |  3% |
| ID | GPU | MEM |
------------------
|  0 | 48% |  3% |
|  1 |  2% |  3% |
| ID | GPU | MEM |
------------------
|  0 | 42% |  3% |
|  1 |  2% |  3% |
| ID | GPU | MEM |
------------------
|  0 | 39% |  3% |
|  1 |  2% |  3% |
| ID | GPU | MEM |
------------------
|  0 | 35% |  3% |
|  1 |  2% |  3% |
| ID | GPU | MEM |
------------------
|  0 | 35% |  3% |
|  1 |  2% |  3% |
| ID | GPU | MEM |
------------------
|  0 | 40% |  3% |
|  1 |  2% |  3% |
| ID | GPU | MEM |
------------------
|  0 | 46% |  3% |
|  1 |  2% |  3% |
| ID | GPU | MEM |
------------------
|  0 | 48% |  3% |
|  1 |  2% |  3% |
| ID | GPU | MEM |
------------------
|  0 | 40% |  3% |
|  1 |  2% |  3% |
| ID | GPU | MEM |
------------------
|  0 | 33% |  3% |
|  1 |  3% |  3% |
| ID | GPU | MEM |
------------------
|  0 | 39% |  3% |
|  1 |  3% |  3% |
| ID | GPU | MEM |
------------------
|  0 | 39% |  3% |
|  1 |  3% |  3% |
| ID | GPU | MEM |
------------------
|  0 | 37% |  3% |
|  1 |  2% |  3% |
| ID | GPU | MEM |
------------------
|  0 | 48% |  3% |
|  1 |  2% |  3% |
| ID | GPU | MEM |
------------------
|  0 | 49% |  3% |
|  1 |  2% |  3% |
| ID | GPU | MEM |
------------------
|  0 | 33% |  3% |
|  1 |  2% |  3% |
| ID | GPU | MEM |
------------------
|  0 | 39% |  3% |
|  1 |  2% |  3% |
| ID | GPU | MEM |
------------------
|  0 | 34% |  3% |
|  1 |  2% |  3% |
| ID | GPU | MEM |
------------------
|  0 | 34% |  3% |
|  1 |  3% |  3% |
Finished training it 170/170 of epoch 7 and time taken 104.23100852966309, 64.43 ms/it, loss 0.510549, accuracy 75.150 %
DLRM_wrap_time 9.89, loss_fn_time 0.26, Backward_pass_time  10.69, Average_Grad_time 28.89, Optimizer_step_time 14.28
Finished epoch 7
| ID | GPU | MEM |
------------------
|  0 | 45% |  3% |
|  1 |  2% |  3% |
| ID | GPU | MEM |
------------------
|  0 | 49% |  3% |
|  1 |  2% |  3% |
| ID | GPU | MEM |
------------------
|  0 | 35% |  3% |
|  1 |  2% |  3% |
| ID | GPU | MEM |
------------------
|  0 | 34% |  3% |
|  1 |  3% |  3% |
| ID | GPU | MEM |
------------------
|  0 | 36% |  3% |
|  1 |  3% |  3% |
| ID | GPU | MEM |
------------------
|  0 | 36% |  3% |
|  1 |  3% |  3% |
| ID | GPU | MEM |
------------------
|  0 | 40% |  3% |
|  1 |  2% |  3% |
| ID | GPU | MEM |
------------------
|  0 | 50% |  3% |
|  1 |  2% |  3% |
| ID | GPU | MEM |
------------------
|  0 | 48% |  3% |
|  1 |  2% |  3% |
| ID | GPU | MEM |
------------------
|  0 | 33% |  3% |
|  1 |  2% |  3% |
| ID | GPU | MEM |
------------------
|  0 | 39% |  3% |
|  1 |  2% |  3% |
| ID | GPU | MEM |
------------------
|  0 | 36% |  3% |
|  1 |  2% |  3% |
| ID | GPU | MEM |
------------------
|  0 | 36% |  3% |
|  1 |  3% |  3% |
| ID | GPU | MEM |
------------------
|  0 | 34% |  3% |
|  1 |  2% |  3% |
| ID | GPU | MEM |
------------------
|  0 | 48% |  3% |
|  1 |  2% |  3% |
| ID | GPU | MEM |
------------------
|  0 | 45% |  3% |
|  1 |  2% |  3% |
| ID | GPU | MEM |
------------------
|  0 | 32% |  3% |
|  1 |  3% |  3% |
| ID | GPU | MEM |
------------------
|  0 | 39% |  3% |
|  1 |  2% |  3% |
| ID | GPU | MEM |
------------------
|  0 | 39% |  3% |
|  1 |  2% |  3% |
| ID | GPU | MEM |
------------------
|  0 | 35% |  3% |
|  1 |  3% |  3% |
| ID | GPU | MEM |
------------------
|  0 | 45% |  3% |
|  1 |  2% |  3% |
| ID | GPU | MEM |
------------------
|  0 | 46% |  3% |
|  1 |  2% |  3% |
| ID | GPU | MEM |
------------------
|  0 | 35% |  3% |
|  1 |  2% |  3% |
| ID | GPU | MEM |
------------------
|  0 | 36% |  3% |
|  1 |  2% |  3% |
| ID | GPU | MEM |
------------------
|  0 | 37% |  3% |
|  1 |  2% |  3% |
| ID | GPU | MEM |
------------------
|  0 | 37% |  3% |
|  1 |  3% |  3% |
| ID | GPU | MEM |
------------------
|  0 | 40% |  3% |
|  1 |  2% |  3% |
| ID | GPU | MEM |
------------------
|  0 | 47% |  3% |
|  1 |  2% |  3% |
| ID | GPU | MEM |
------------------
|  0 | 49% |  3% |
|  1 |  2% |  3% |
| ID | GPU | MEM |
------------------
|  0 | 41% |  3% |
|  1 |  2% |  3% |
| ID | GPU | MEM |
------------------
|  0 | 39% |  3% |
|  1 |  3% |  3% |
| ID | GPU | MEM |
------------------
|  0 | 34% |  3% |
|  1 |  3% |  3% |
| ID | GPU | MEM |
------------------
|  0 | 34% |  3% |
|  1 |  3% |  3% |
| ID | GPU | MEM |
------------------
|  0 | 39% |  3% |
|  1 |  2% |  3% |
| ID | GPU | MEM |
------------------
|  0 | 44% |  3% |
|  1 |  2% |  3% |
| ID | GPU | MEM |
------------------
|  0 | 48% |  3% |
|  1 |  2% |  3% |
| ID | GPU | MEM |
------------------
|  0 | 41% |  3% |
|  1 |  2% |  3% |
| ID | GPU | MEM |
------------------
|  0 | 29% |  3% |
|  1 |  2% |  3% |
| ID | GPU | MEM |
------------------
|  0 | 36% |  3% |
|  1 |  2% |  3% |
| ID | GPU | MEM |
------------------
|  0 | 36% |  3% |
|  1 |  2% |  3% |
| ID | GPU | MEM |
------------------
|  0 | 41% |  3% |
|  1 |  2% |  3% |
| ID | GPU | MEM |
------------------
|  0 | 48% |  3% |
|  1 |  2% |  3% |
| ID | GPU | MEM |
------------------
|  0 | 42% |  3% |
|  1 |  2% |  3% |
| ID | GPU | MEM |
------------------
|  0 | 33% |  3% |
|  1 |  2% |  3% |
| ID | GPU | MEM |
------------------
|  0 | 42% |  3% |
|  1 |  2% |  3% |
| ID | GPU | MEM |
------------------
|  0 | 42% |  3% |
|  1 |  2% |  3% |
| ID | GPU | MEM |
------------------
|  0 | 37% |  3% |
|  1 |  2% |  3% |
| ID | GPU | MEM |
------------------
|  0 | 50% |  3% |
|  1 |  2% |  3% |
| ID | GPU | MEM |
------------------
|  0 | 47% |  3% |
|  1 |  2% |  3% |
| ID | GPU | MEM |
------------------
|  0 | 38% |  3% |
|  1 |  2% |  3% |
Finished training it 100/170 of epoch 8 and time taken 111.5481653213501, 64.70 ms/it, loss 0.483852, accuracy 76.238 %
DLRM_wrap_time 9.91, loss_fn_time 0.26, Backward_pass_time  8.61, Average_Grad_time 28.32, Optimizer_step_time 17.15
Starting Test loop
| ID | GPU | MEM |
------------------
|  0 | 30% |  3% |
|  1 |  2% |  3% |
| ID | GPU | MEM |
------------------
|  0 | 30% |  3% |
|  1 |  3% |  3% |
| ID | GPU | MEM |
------------------
|  0 |  6% |  3% |
|  1 |  2% |  3% |
| ID | GPU | MEM |
------------------
|  0 |  6% |  3% |
|  1 |  2% |  3% |
Test loop ended
Testing at - 100/170 of epoch 8, loss 0.393992, accuracy 83.835 %, best 83.835 %
| ID | GPU | MEM |
------------------
|  0 |  3% |  3% |
|  1 |  3% |  3% |
| ID | GPU | MEM |
------------------
|  0 |  6% |  3% |
|  1 |  2% |  3% |
| ID | GPU | MEM |
------------------
|  0 |  6% |  3% |
|  1 |  2% |  3% |
| ID | GPU | MEM |
------------------
|  0 | 43% |  3% |
|  1 |  3% |  3% |
| ID | GPU | MEM |
------------------
|  0 | 42% |  3% |
|  1 |  2% |  3% |
| ID | GPU | MEM |
------------------
|  0 | 38% |  3% |
|  1 |  2% |  3% |
| ID | GPU | MEM |
------------------
|  0 | 36% |  3% |
|  1 |  3% |  3% |
| ID | GPU | MEM |
------------------
|  0 | 37% |  3% |
|  1 |  3% |  3% |
| ID | GPU | MEM |
------------------
|  0 | 37% |  3% |
|  1 |  2% |  3% |
| ID | GPU | MEM |
------------------
|  0 | 47% |  3% |
|  1 |  2% |  3% |
| ID | GPU | MEM |
------------------
|  0 | 46% |  3% |
|  1 |  2% |  3% |
| ID | GPU | MEM |
------------------
|  0 | 32% |  3% |
|  1 |  3% |  3% |
| ID | GPU | MEM |
------------------
|  0 | 36% |  3% |
|  1 |  3% |  3% |
| ID | GPU | MEM |
------------------
|  0 | 36% |  3% |
|  1 |  2% |  3% |
| ID | GPU | MEM |
------------------
|  0 | 41% |  3% |
|  1 |  2% |  3% |
| ID | GPU | MEM |
------------------
|  0 | 40% |  3% |
|  1 |  2% |  3% |
| ID | GPU | MEM |
------------------
|  0 | 32% |  3% |
|  1 |  3% |  3% |
| ID | GPU | MEM |
------------------
|  0 | 37% |  3% |
|  1 |  3% |  3% |
| ID | GPU | MEM |
------------------
|  0 | 37% |  3% |
|  1 |  2% |  3% |
| ID | GPU | MEM |
------------------
|  0 | 42% |  3% |
|  1 |  2% |  3% |
| ID | GPU | MEM |
------------------
|  0 | 50% |  3% |
|  1 |  2% |  3% |
| ID | GPU | MEM |
------------------
|  0 | 38% |  3% |
|  1 |  2% |  3% |
| ID | GPU | MEM |
------------------
|  0 | 31% |  3% |
|  1 |  3% |  3% |
| ID | GPU | MEM |
------------------
|  0 | 32% |  3% |
|  1 |  3% |  3% |
| ID | GPU | MEM |
------------------
|  0 | 32% |  3% |
|  1 |  2% |  3% |
| ID | GPU | MEM |
------------------
|  0 | 50% |  3% |
|  1 |  3% |  3% |
| ID | GPU | MEM |
------------------
|  0 | 42% |  3% |
|  1 |  2% |  3% |
| ID | GPU | MEM |
------------------
|  0 | 31% |  3% |
|  1 |  3% |  3% |
| ID | GPU | MEM |
------------------
|  0 | 34% |  3% |
|  1 |  3% |  3% |
| ID | GPU | MEM |
------------------
|  0 | 34% |  3% |
|  1 |  2% |  3% |
| ID | GPU | MEM |
------------------
|  0 | 46% |  3% |
|  1 |  2% |  3% |
| ID | GPU | MEM |
------------------
|  0 | 50% |  3% |
|  1 |  2% |  3% |
| ID | GPU | MEM |
------------------
|  0 | 34% |  3% |
|  1 |  2% |  3% |
| ID | GPU | MEM |
------------------
|  0 | 37% |  3% |
|  1 |  3% |  3% |
| ID | GPU | MEM |
------------------
|  0 | 34% |  3% |
|  1 |  3% |  3% |
| ID | GPU | MEM |
------------------
|  0 | 34% |  3% |
|  1 |  2% |  3% |
Finished training it 170/170 of epoch 8 and time taken 116.87712669372559, 63.12 ms/it, loss 0.471054, accuracy 77.246 %
DLRM_wrap_time 9.23, loss_fn_time 0.26, Backward_pass_time  24.97, Average_Grad_time 26.73, Optimizer_step_time 1.59
Finished epoch 8
| ID | GPU | MEM |
------------------
|  0 | 53% |  3% |
|  1 |  2% |  3% |
| ID | GPU | MEM |
------------------
|  0 | 36% |  3% |
|  1 |  2% |  3% |
| ID | GPU | MEM |
------------------
|  0 | 47% |  3% |
|  1 |  2% |  3% |
| ID | GPU | MEM |
------------------
|  0 | 42% |  3% |
|  1 |  2% |  3% |
| ID | GPU | MEM |
------------------
|  0 | 32% |  3% |
|  1 |  2% |  3% |
| ID | GPU | MEM |
------------------
|  0 | 39% |  3% |
|  1 |  3% |  3% |
| ID | GPU | MEM |
------------------
|  0 | 39% |  3% |
|  1 |  2% |  3% |
| ID | GPU | MEM |
------------------
|  0 | 37% |  3% |
|  1 |  2% |  3% |
| ID | GPU | MEM |
------------------
|  0 | 48% |  3% |
|  1 |  2% |  3% |
| ID | GPU | MEM |
------------------
|  0 | 42% |  3% |
|  1 |  3% |  3% |
| ID | GPU | MEM |
------------------
|  0 | 39% |  3% |
|  1 |  2% |  3% |
| ID | GPU | MEM |
------------------
|  0 | 34% |  3% |
|  1 |  2% |  3% |
| ID | GPU | MEM |
------------------
|  0 | 34% |  3% |
|  1 |  3% |  3% |
| ID | GPU | MEM |
------------------
|  0 | 34% |  3% |
|  1 |  2% |  3% |
| ID | GPU | MEM |
------------------
|  0 | 41% |  3% |
|  1 |  2% |  3% |
| ID | GPU | MEM |
------------------
|  0 | 50% |  3% |
|  1 |  2% |  3% |
| ID | GPU | MEM |
------------------
|  0 | 32% |  3% |
|  1 |  2% |  3% |
| ID | GPU | MEM |
------------------
|  0 | 39% |  3% |
|  1 |  2% |  3% |
| ID | GPU | MEM |
------------------
|  0 | 37% |  3% |
|  1 |  2% |  3% |
| ID | GPU | MEM |
------------------
|  0 | 37% |  3% |
|  1 |  2% |  3% |
| ID | GPU | MEM |
------------------
|  0 | 40% |  3% |
|  1 |  2% |  3% |
| ID | GPU | MEM |
------------------
|  0 | 47% |  3% |
|  1 |  2% |  3% |
| ID | GPU | MEM |
------------------
|  0 | 48% |  3% |
|  1 |  2% |  3% |
| ID | GPU | MEM |
------------------
|  0 | 37% |  3% |
|  1 |  2% |  3% |
| ID | GPU | MEM |
------------------
|  0 | 34% |  3% |
|  1 |  2% |  3% |
| ID | GPU | MEM |
------------------
|  0 | 34% |  3% |
|  1 |  3% |  3% |
| ID | GPU | MEM |
------------------
|  0 | 37% |  3% |
|  1 |  2% |  3% |
| ID | GPU | MEM |
------------------
|  0 | 45% |  3% |
|  1 |  2% |  3% |
| ID | GPU | MEM |
------------------
|  0 | 47% |  3% |
|  1 |  2% |  3% |
| ID | GPU | MEM |
------------------
|  0 | 48% |  3% |
|  1 |  2% |  3% |
| ID | GPU | MEM |
------------------
|  0 | 37% |  3% |
|  1 |  3% |  3% |
| ID | GPU | MEM |
------------------
|  0 | 39% |  3% |
|  1 |  3% |  3% |
| ID | GPU | MEM |
------------------
|  0 | 36% |  3% |
|  1 |  3% |  3% |
| ID | GPU | MEM |
------------------
|  0 | 36% |  3% |
|  1 |  2% |  3% |
| ID | GPU | MEM |
------------------
|  0 | 40% |  3% |
|  1 |  2% |  3% |
| ID | GPU | MEM |
------------------
|  0 | 46% |  3% |
|  1 |  2% |  3% |
| ID | GPU | MEM |
------------------
|  0 | 49% |  3% |
|  1 |  2% |  3% |
| ID | GPU | MEM |
------------------
|  0 | 39% |  3% |
|  1 |  2% |  3% |
| ID | GPU | MEM |
------------------
|  0 | 31% |  3% |
|  1 |  2% |  3% |
| ID | GPU | MEM |
------------------
|  0 | 44% |  3% |
|  1 |  3% |  3% |
| ID | GPU | MEM |
------------------
|  0 | 44% |  3% |
|  1 |  2% |  3% |
| ID | GPU | MEM |
------------------
|  0 | 36% |  3% |
|  1 |  2% |  3% |
| ID | GPU | MEM |
------------------
|  0 | 50% |  3% |
|  1 |  2% |  3% |
| ID | GPU | MEM |
------------------
|  0 | 40% |  3% |
|  1 |  3% |  3% |
| ID | GPU | MEM |
------------------
|  0 | 34% |  3% |
|  1 |  3% |  3% |
| ID | GPU | MEM |
------------------
|  0 | 39% |  3% |
|  1 |  3% |  3% |
| ID | GPU | MEM |
------------------
|  0 | 39% |  3% |
|  1 |  2% |  3% |
| ID | GPU | MEM |
------------------
|  0 | 36% |  3% |
|  1 |  2% |  3% |
| ID | GPU | MEM |
------------------
|  0 | 50% |  3% |
|  1 |  2% |  3% |
Finished training it 100/170 of epoch 9 and time taken 124.15347599983215, 64.45 ms/it, loss 0.524200, accuracy 74.414 %
DLRM_wrap_time 9.63, loss_fn_time 0.26, Backward_pass_time  8.80, Average_Grad_time 28.29, Optimizer_step_time 17.05
Starting Test loop
| ID | GPU | MEM |
------------------
|  0 | 46% |  3% |
|  1 |  3% |  3% |
| ID | GPU | MEM |
------------------
|  0 |  6% |  3% |
|  1 |  3% |  3% |
| ID | GPU | MEM |
------------------
|  0 |  6% |  3% |
|  1 |  3% |  3% |
| ID | GPU | MEM |
------------------
|  0 |  3% |  3% |
|  1 |  3% |  3% |
Test loop ended
Testing at - 100/170 of epoch 9, loss 0.427194, accuracy 82.368 %, best 83.835 %
| ID | GPU | MEM |
------------------
|  0 |  3% |  3% |
|  1 |  3% |  3% |
| ID | GPU | MEM |
------------------
|  0 | 14% |  3% |
|  1 |  2% |  3% |
| ID | GPU | MEM |
------------------
|  0 | 50% |  3% |
|  1 |  2% |  3% |
| ID | GPU | MEM |
------------------
|  0 | 50% |  3% |
|  1 |  2% |  3% |
| ID | GPU | MEM |
------------------
|  0 | 33% |  3% |
|  1 |  2% |  3% |
| ID | GPU | MEM |
------------------
|  0 | 38% |  3% |
|  1 |  2% |  3% |
| ID | GPU | MEM |
------------------
|  0 | 42% |  3% |
|  1 |  2% |  3% |
| ID | GPU | MEM |
------------------
|  0 | 42% |  3% |
|  1 |  2% |  3% |
| ID | GPU | MEM |
------------------
|  0 | 35% |  3% |
|  1 |  2% |  3% |
| ID | GPU | MEM |
------------------
|  0 | 51% |  3% |
|  1 |  2% |  3% |
| ID | GPU | MEM |
------------------
|  0 | 48% |  3% |
|  1 |  3% |  3% |
| ID | GPU | MEM |
------------------
|  0 | 29% |  3% |
|  1 |  3% |  3% |
| ID | GPU | MEM |
------------------
|  0 | 39% |  3% |
|  1 |  3% |  3% |
| ID | GPU | MEM |
------------------
|  0 | 39% |  3% |
|  1 |  2% |  3% |
| ID | GPU | MEM |
------------------
|  0 | 38% |  3% |
|  1 |  2% |  3% |
| ID | GPU | MEM |
------------------
|  0 | 44% |  3% |
|  1 |  2% |  3% |
| ID | GPU | MEM |
------------------
|  0 | 46% |  3% |
|  1 |  3% |  3% |
| ID | GPU | MEM |
------------------
|  0 | 35% |  3% |
|  1 |  3% |  3% |
| ID | GPU | MEM |
------------------
|  0 | 38% |  3% |
|  1 |  3% |  3% |
| ID | GPU | MEM |
------------------
|  0 | 37% |  3% |
|  1 |  2% |  3% |
| ID | GPU | MEM |
------------------
|  0 | 37% |  3% |
|  1 |  2% |  3% |
| ID | GPU | MEM |
------------------
|  0 | 45% |  3% |
|  1 |  2% |  3% |
| ID | GPU | MEM |
------------------
|  0 | 51% |  3% |
|  1 |  3% |  3% |
| ID | GPU | MEM |
------------------
|  0 | 38% |  3% |
|  1 |  3% |  3% |
| ID | GPU | MEM |
------------------
|  0 | 39% |  3% |
|  1 |  3% |  3% |
| ID | GPU | MEM |
------------------
|  0 | 36% |  3% |
|  1 |  2% |  3% |
| ID | GPU | MEM |
------------------
|  0 | 36% |  3% |
|  1 |  2% |  3% |
| ID | GPU | MEM |
------------------
|  0 | 44% |  3% |
|  1 |  2% |  3% |
| ID | GPU | MEM |
------------------
|  0 | 52% |  3% |
|  1 |  3% |  3% |
| ID | GPU | MEM |
------------------
|  0 | 39% |  3% |
|  1 |  3% |  3% |
| ID | GPU | MEM |
------------------
|  0 | 32% |  3% |
|  1 |  3% |  3% |
| ID | GPU | MEM |
------------------
|  0 | 39% |  3% |
|  1 |  2% |  3% |
| ID | GPU | MEM |
------------------
|  0 | 39% |  3% |
|  1 |  2% |  3% |
| ID | GPU | MEM |
------------------
|  0 | 45% |  3% |
|  1 |  2% |  3% |
| ID | GPU | MEM |
------------------
|  0 | 50% |  3% |
|  1 |  3% |  3% |
Finished training it 170/170 of epoch 9 and time taken 129.60720205307007, 64.78 ms/it, loss 0.504223, accuracy 75.694 %
DLRM_wrap_time 9.47, loss_fn_time 0.25, Backward_pass_time  8.91, Average_Grad_time 28.78, Optimizer_step_time 16.96
Finished epoch 9
Finished the program
| ID | GPU | MEM |
------------------
|  0 | 35% |  3% |
|  1 |  3% |  3% |
