python3: no process found

clgpu001:29265:29403 [0] misc/ibvwrap.cc:63 NCCL WARN Failed to open libibverbs.so[.1]
NCCL version 2.4.8+cuda9.2
Using 2 GPU(s)...
Sparse features= 9, Dense features= 24
Sparse features= 9, Dense features= 24
time/loss/accuracy (if enabled):
| ID | GPU | MEM |
------------------
|  0 |  6% |  3% |
|  1 |  0% |  0% |
| ID | GPU | MEM |
------------------
|  0 |  0% |  3% |
|  1 |  1% |  1% |
| ID | GPU | MEM |
------------------
|  0 |  0% |  3% |
|  1 |  8% |  1% |
| ID | GPU | MEM |
------------------
|  0 |  0% |  3% |
|  1 |  8% |  1% |
| ID | GPU | MEM |
------------------
|  0 |  0% |  3% |
|  1 |  8% |  1% |
| ID | GPU | MEM |
------------------
|  0 |  0% |  3% |
|  1 |  8% |  1% |
| ID | GPU | MEM |
------------------
|  0 |  0% |  3% |
|  1 |  6% |  1% |
| ID | GPU | MEM |
------------------
|  0 |  0% |  3% |
|  1 |  4% |  1% |
| ID | GPU | MEM |
------------------
|  0 |  0% |  3% |
|  1 |  4% |  1% |
| ID | GPU | MEM |
------------------
|  0 |  0% |  3% |
|  1 |  3% |  1% |
| ID | GPU | MEM |
------------------
|  0 |  0% |  3% |
|  1 |  5% |  2% |
| ID | GPU | MEM |
------------------
|  0 |  0% |  3% |
|  1 |  5% |  2% |
| ID | GPU | MEM |
------------------
|  0 |  0% |  3% |
|  1 |  5% |  2% |
| ID | GPU | MEM |
------------------
|  0 |  0% |  3% |
|  1 |  4% |  2% |
| ID | GPU | MEM |
------------------
|  0 |  0% |  3% |
|  1 |  4% |  2% |
| ID | GPU | MEM |
------------------
|  0 |  0% |  3% |
|  1 |  5% |  2% |
| ID | GPU | MEM |
------------------
|  0 |  0% |  3% |
|  1 |  4% |  2% |
| ID | GPU | MEM |
------------------
|  0 |  0% |  3% |
|  1 |  4% |  2% |
| ID | GPU | MEM |
------------------
|  0 |  0% |  3% |
|  1 |  7% |  2% |
| ID | GPU | MEM |
------------------
|  0 |  0% |  3% |
|  1 |  4% |  2% |
| ID | GPU | MEM |
------------------
|  0 |  0% |  3% |
|  1 |  3% |  2% |
| ID | GPU | MEM |
------------------
|  0 |  0% |  3% |
|  1 |  3% |  2% |
| ID | GPU | MEM |
------------------
|  0 |  0% |  3% |
|  1 |  2% |  3% |
| ID | GPU | MEM |
------------------
|  0 |  0% |  3% |
|  1 |  0% |  3% |
| ID | GPU | MEM |
------------------
|  0 |  0% |  3% |
|  1 |  8% |  3% |
| ID | GPU | MEM |
------------------
|  0 |  0% |  3% |
|  1 |  8% |  3% |
| ID | GPU | MEM |
------------------
|  0 |  0% |  3% |
|  1 |  1% |  3% |
| ID | GPU | MEM |
------------------
|  0 |  1% |  3% |
|  1 |  4% |  3% |
| ID | GPU | MEM |
------------------
|  0 |  1% |  3% |
|  1 |  2% |  3% |
| ID | GPU | MEM |
------------------
|  0 |  0% |  3% |
|  1 |  0% |  3% |
| ID | GPU | MEM |
------------------
|  0 | 22% |  3% |
|  1 |  0% |  3% |
| ID | GPU | MEM |
------------------
|  0 | 27% |  3% |
|  1 |  3% |  3% |
| ID | GPU | MEM |
------------------
|  0 | 27% |  3% |
|  1 |  3% |  3% |
| ID | GPU | MEM |
------------------
|  0 | 42% |  3% |
|  1 |  2% |  3% |
| ID | GPU | MEM |
------------------
|  0 | 42% |  3% |
|  1 |  2% |  3% |
| ID | GPU | MEM |
------------------
|  0 | 35% |  3% |
|  1 |  2% |  3% |
| ID | GPU | MEM |
------------------
|  0 | 27% |  3% |
|  1 |  2% |  3% |
| ID | GPU | MEM |
------------------
|  0 | 28% |  3% |
|  1 |  2% |  3% |
| ID | GPU | MEM |
------------------
|  0 | 30% |  3% |
|  1 |  2% |  3% |
| ID | GPU | MEM |
------------------
|  0 | 35% |  3% |
|  1 |  2% |  3% |
| ID | GPU | MEM |
------------------
|  0 | 35% |  3% |
|  1 |  2% |  3% |
| ID | GPU | MEM |
------------------
|  0 | 37% |  3% |
|  1 |  2% |  3% |
| ID | GPU | MEM |
------------------
|  0 | 37% |  3% |
|  1 |  2% |  3% |
| ID | GPU | MEM |
------------------
|  0 | 28% |  3% |
|  1 |  2% |  3% |
| ID | GPU | MEM |
------------------
|  0 | 29% |  3% |
|  1 |  2% |  3% |
| ID | GPU | MEM |
------------------
|  0 | 33% |  3% |
|  1 |  2% |  3% |
| ID | GPU | MEM |
------------------
|  0 | 31% |  3% |
|  1 |  2% |  3% |
| ID | GPU | MEM |
------------------
|  0 | 30% |  3% |
|  1 |  2% |  3% |
| ID | GPU | MEM |
------------------
|  0 | 46% |  3% |
|  1 |  2% |  3% |
| ID | GPU | MEM |
------------------
|  0 | 46% |  3% |
|  1 |  2% |  3% |
| ID | GPU | MEM |
------------------
|  0 | 34% |  3% |
|  1 |  3% |  3% |
| ID | GPU | MEM |
------------------
|  0 | 30% |  3% |
|  1 |  3% |  3% |
| ID | GPU | MEM |
------------------
|  0 | 34% |  3% |
|  1 |  2% |  3% |
| ID | GPU | MEM |
------------------
|  0 | 31% |  3% |
|  1 |  3% |  3% |
| ID | GPU | MEM |
------------------
|  0 | 31% |  3% |
|  1 |  2% |  3% |
| ID | GPU | MEM |
------------------
|  0 | 39% |  3% |
|  1 |  2% |  3% |
| ID | GPU | MEM |
------------------
|  0 | 36% |  3% |
|  1 |  3% |  3% |
| ID | GPU | MEM |
------------------
|  0 | 28% |  3% |
|  1 |  3% |  3% |
| ID | GPU | MEM |
------------------
|  0 | 32% |  3% |
|  1 |  2% |  3% |
| ID | GPU | MEM |
------------------
|  0 | 27% |  3% |
|  1 |  3% |  3% |
| ID | GPU | MEM |
------------------
|  0 | 42% |  3% |
|  1 |  2% |  3% |
| ID | GPU | MEM |
------------------
|  0 | 42% |  3% |
|  1 |  2% |  3% |
| ID | GPU | MEM |
------------------
|  0 | 36% |  3% |
|  1 |  3% |  3% |
| ID | GPU | MEM |
------------------
|  0 | 29% |  3% |
|  1 |  3% |  3% |
| ID | GPU | MEM |
------------------
|  0 | 31% |  3% |
|  1 |  2% |  3% |
| ID | GPU | MEM |
------------------
|  0 | 31% |  3% |
|  1 |  2% |  3% |
| ID | GPU | MEM |
------------------
|  0 | 33% |  3% |
|  1 |  2% |  3% |
| ID | GPU | MEM |
------------------
|  0 | 33% |  3% |
|  1 |  2% |  3% |
| ID | GPU | MEM |
------------------
|  0 | 38% |  3% |
|  1 |  2% |  3% |
| ID | GPU | MEM |
------------------
|  0 | 35% |  3% |
|  1 |  2% |  3% |
| ID | GPU | MEM |
------------------
|  0 | 30% |  3% |
|  1 |  2% |  3% |
| ID | GPU | MEM |
------------------
|  0 | 30% |  3% |
|  1 |  2% |  3% |
| ID | GPU | MEM |
------------------
|  0 | 30% |  3% |
|  1 |  3% |  3% |
| ID | GPU | MEM |
------------------
|  0 | 30% |  3% |
|  1 |  2% |  3% |
| ID | GPU | MEM |
------------------
|  0 | 42% |  3% |
|  1 |  2% |  3% |
| ID | GPU | MEM |
------------------
|  0 | 38% |  3% |
|  1 |  3% |  3% |
| ID | GPU | MEM |
------------------
|  0 | 28% |  3% |
|  1 |  3% |  3% |
| ID | GPU | MEM |
------------------
|  0 | 28% |  3% |
|  1 |  2% |  3% |
| ID | GPU | MEM |
------------------
|  0 | 28% |  3% |
|  1 |  2% |  3% |
Finished training it 100/170 of epoch 0 and time taken 10.733747005462646, 100.33 ms/it, loss 0.669381, accuracy 58.586 %
DLRM_wrap_time 41.73, loss_fn_time 0.25, Backward_pass_time  32.49, Average_Grad_time 23.90, Optimizer_step_time 1.59
Starting Test loop
| ID | GPU | MEM |
------------------
|  0 | 26% |  3% |
|  1 |  2% |  3% |
| ID | GPU | MEM |
------------------
|  0 | 26% |  3% |
|  1 |  2% |  3% |
| ID | GPU | MEM |
------------------
|  0 |  2% |  3% |
|  1 |  2% |  3% |
Test loop ended
Testing at - 100/170 of epoch 0, loss 0.670924, accuracy 57.805 %, best 57.805 %
| ID | GPU | MEM |
------------------
|  0 |  3% |  3% |
|  1 |  3% |  3% |
| ID | GPU | MEM |
------------------
|  0 | 30% |  3% |
|  1 |  2% |  3% |
| ID | GPU | MEM |
------------------
|  0 | 30% |  3% |
|  1 |  2% |  3% |
| ID | GPU | MEM |
------------------
|  0 | 32% |  3% |
|  1 |  2% |  3% |
| ID | GPU | MEM |
------------------
|  0 | 44% |  3% |
|  1 |  2% |  3% |
| ID | GPU | MEM |
------------------
|  0 | 27% |  3% |
|  1 |  3% |  3% |
| ID | GPU | MEM |
------------------
|  0 | 25% |  3% |
|  1 |  3% |  3% |
| ID | GPU | MEM |
------------------
|  0 | 26% |  3% |
|  1 |  2% |  3% |
| ID | GPU | MEM |
------------------
|  0 | 37% |  3% |
|  1 |  2% |  3% |
| ID | GPU | MEM |
------------------
|  0 | 37% |  3% |
|  1 |  2% |  3% |
| ID | GPU | MEM |
------------------
|  0 | 34% |  3% |
|  1 |  3% |  3% |
| ID | GPU | MEM |
------------------
|  0 | 25% |  3% |
|  1 |  3% |  3% |
| ID | GPU | MEM |
------------------
|  0 | 30% |  3% |
|  1 |  2% |  3% |
| ID | GPU | MEM |
------------------
|  0 | 30% |  3% |
|  1 |  3% |  3% |
| ID | GPU | MEM |
------------------
|  0 | 37% |  3% |
|  1 |  2% |  3% |
| ID | GPU | MEM |
------------------
|  0 | 31% |  3% |
|  1 |  3% |  3% |
| ID | GPU | MEM |
------------------
|  0 | 25% |  3% |
|  1 |  3% |  3% |
| ID | GPU | MEM |
------------------
|  0 | 29% |  3% |
|  1 |  2% |  3% |
| ID | GPU | MEM |
------------------
|  0 | 33% |  3% |
|  1 |  2% |  3% |
| ID | GPU | MEM |
------------------
|  0 | 33% |  3% |
|  1 |  2% |  3% |
| ID | GPU | MEM |
------------------
|  0 | 39% |  3% |
|  1 |  3% |  3% |
| ID | GPU | MEM |
------------------
|  0 | 27% |  3% |
|  1 |  3% |  3% |
| ID | GPU | MEM |
------------------
|  0 | 26% |  3% |
|  1 |  2% |  3% |
| ID | GPU | MEM |
------------------
|  0 | 27% |  3% |
|  1 |  3% |  3% |
| ID | GPU | MEM |
------------------
|  0 | 27% |  3% |
|  1 |  2% |  3% |
| ID | GPU | MEM |
------------------
|  0 | 41% |  3% |
|  1 |  2% |  3% |
| ID | GPU | MEM |
------------------
|  0 | 26% |  3% |
|  1 |  2% |  3% |
| ID | GPU | MEM |
------------------
|  0 | 25% |  3% |
|  1 |  2% |  3% |
| ID | GPU | MEM |
------------------
|  0 | 28% |  3% |
|  1 |  2% |  3% |
| ID | GPU | MEM |
------------------
|  0 | 29% |  3% |
|  1 |  2% |  3% |
| ID | GPU | MEM |
------------------
|  0 | 29% |  3% |
|  1 |  2% |  3% |
| ID | GPU | MEM |
------------------
|  0 | 43% |  3% |
|  1 |  2% |  3% |
| ID | GPU | MEM |
------------------
|  0 | 25% |  3% |
|  1 |  2% |  3% |
| ID | GPU | MEM |
------------------
|  0 | 28% |  3% |
|  1 |  2% |  3% |
| ID | GPU | MEM |
------------------
|  0 | 29% |  3% |
|  1 |  3% |  3% |
Finished training it 170/170 of epoch 0 and time taken 16.046408891677856, 63.61 ms/it, loss 0.667280, accuracy 58.738 %
DLRM_wrap_time 9.76, loss_fn_time 0.25, Backward_pass_time  29.47, Average_Grad_time 20.24, Optimizer_step_time 3.52
Finished epoch 0
| ID | GPU | MEM |
------------------
|  0 | 29% |  3% |
|  1 |  2% |  3% |
| ID | GPU | MEM |
------------------
|  0 | 40% |  3% |
|  1 |  2% |  3% |
| ID | GPU | MEM |
------------------
|  0 | 24% |  3% |
|  1 |  2% |  3% |
| ID | GPU | MEM |
------------------
|  0 | 23% |  3% |
|  1 |  2% |  3% |
| ID | GPU | MEM |
------------------
|  0 | 29% |  3% |
|  1 |  3% |  3% |
| ID | GPU | MEM |
------------------
|  0 | 29% |  3% |
|  1 |  2% |  3% |
| ID | GPU | MEM |
------------------
|  0 | 45% |  3% |
|  1 |  2% |  3% |
| ID | GPU | MEM |
------------------
|  0 | 24% |  3% |
|  1 |  2% |  3% |
| ID | GPU | MEM |
------------------
|  0 | 23% |  3% |
|  1 |  2% |  3% |
| ID | GPU | MEM |
------------------
|  0 | 27% |  3% |
|  1 |  2% |  3% |
| ID | GPU | MEM |
------------------
|  0 | 28% |  3% |
|  1 |  2% |  3% |
| ID | GPU | MEM |
------------------
|  0 | 28% |  3% |
|  1 |  2% |  3% |
| ID | GPU | MEM |
------------------
|  0 | 38% |  3% |
|  1 |  3% |  3% |
| ID | GPU | MEM |
------------------
|  0 | 26% |  3% |
|  1 |  3% |  3% |
| ID | GPU | MEM |
------------------
|  0 | 26% |  3% |
|  1 |  2% |  3% |
| ID | GPU | MEM |
------------------
|  0 | 29% |  3% |
|  1 |  2% |  3% |
| ID | GPU | MEM |
------------------
|  0 | 29% |  3% |
|  1 |  2% |  3% |
| ID | GPU | MEM |
------------------
|  0 | 44% |  3% |
|  1 |  3% |  3% |
| ID | GPU | MEM |
------------------
|  0 | 28% |  3% |
|  1 |  3% |  3% |
| ID | GPU | MEM |
------------------
|  0 | 24% |  3% |
|  1 |  2% |  3% |
| ID | GPU | MEM |
------------------
|  0 | 25% |  3% |
|  1 |  3% |  3% |
| ID | GPU | MEM |
------------------
|  0 | 25% |  3% |
|  1 |  2% |  3% |
| ID | GPU | MEM |
------------------
|  0 | 43% |  3% |
|  1 |  2% |  3% |
| ID | GPU | MEM |
------------------
|  0 | 26% |  3% |
|  1 |  2% |  3% |
| ID | GPU | MEM |
------------------
|  0 | 26% |  3% |
|  1 |  2% |  3% |
| ID | GPU | MEM |
------------------
|  0 | 29% |  3% |
|  1 |  3% |  3% |
| ID | GPU | MEM |
------------------
|  0 | 29% |  3% |
|  1 |  2% |  3% |
| ID | GPU | MEM |
------------------
|  0 | 38% |  3% |
|  1 |  2% |  3% |
| ID | GPU | MEM |
------------------
|  0 | 29% |  3% |
|  1 |  3% |  3% |
| ID | GPU | MEM |
------------------
|  0 | 24% |  3% |
|  1 |  3% |  3% |
| ID | GPU | MEM |
------------------
|  0 | 29% |  3% |
|  1 |  2% |  3% |
| ID | GPU | MEM |
------------------
|  0 | 30% |  3% |
|  1 |  2% |  3% |
| ID | GPU | MEM |
------------------
|  0 | 30% |  3% |
|  1 |  2% |  3% |
| ID | GPU | MEM |
------------------
|  0 | 39% |  3% |
|  1 |  2% |  3% |
| ID | GPU | MEM |
------------------
|  0 | 24% |  3% |
|  1 |  2% |  3% |
| ID | GPU | MEM |
------------------
|  0 | 23% |  3% |
|  1 |  2% |  3% |
| ID | GPU | MEM |
------------------
|  0 | 29% |  3% |
|  1 |  3% |  3% |
| ID | GPU | MEM |
------------------
|  0 | 29% |  3% |
|  1 |  2% |  3% |
| ID | GPU | MEM |
------------------
|  0 | 38% |  3% |
|  1 |  2% |  3% |
| ID | GPU | MEM |
------------------
|  0 | 30% |  3% |
|  1 |  2% |  3% |
| ID | GPU | MEM |
------------------
|  0 | 24% |  3% |
|  1 |  2% |  3% |
| ID | GPU | MEM |
------------------
|  0 | 28% |  3% |
|  1 |  2% |  3% |
| ID | GPU | MEM |
------------------
|  0 | 25% |  3% |
|  1 |  2% |  3% |
| ID | GPU | MEM |
------------------
|  0 | 25% |  3% |
|  1 |  2% |  3% |
| ID | GPU | MEM |
------------------
|  0 | 45% |  3% |
|  1 |  2% |  3% |
| ID | GPU | MEM |
------------------
|  0 | 24% |  3% |
|  1 |  2% |  3% |
| ID | GPU | MEM |
------------------
|  0 | 24% |  3% |
|  1 |  2% |  3% |
| ID | GPU | MEM |
------------------
|  0 | 28% |  3% |
|  1 |  2% |  3% |
| ID | GPU | MEM |
------------------
|  0 | 32% |  3% |
|  1 |  2% |  3% |
| ID | GPU | MEM |
------------------
|  0 | 32% |  3% |
|  1 |  2% |  3% |
Finished training it 100/170 of epoch 1 and time taken 23.05764675140381, 63.46 ms/it, loss 0.669581, accuracy 59.699 %
DLRM_wrap_time 9.04, loss_fn_time 0.25, Backward_pass_time  32.60, Average_Grad_time 19.59, Optimizer_step_time 1.61
Starting Test loop
| ID | GPU | MEM |
------------------
|  0 | 35% |  3% |
|  1 |  2% |  3% |
| ID | GPU | MEM |
------------------
|  0 |  2% |  3% |
|  1 |  2% |  3% |
| ID | GPU | MEM |
------------------
|  0 |  3% |  3% |
|  1 |  2% |  3% |
Test loop ended
Testing at - 100/170 of epoch 1, loss 0.645833, accuracy 65.489 %, best 65.489 %
| ID | GPU | MEM |
------------------
|  0 |  3% |  3% |
|  1 |  2% |  3% |
| ID | GPU | MEM |
------------------
|  0 | 20% |  3% |
|  1 |  2% |  3% |
| ID | GPU | MEM |
------------------
|  0 | 43% |  3% |
|  1 |  2% |  3% |
| ID | GPU | MEM |
------------------
|  0 | 28% |  3% |
|  1 |  3% |  3% |
| ID | GPU | MEM |
------------------
|  0 | 28% |  3% |
|  1 |  3% |  3% |
| ID | GPU | MEM |
------------------
|  0 | 31% |  3% |
|  1 |  2% |  3% |
| ID | GPU | MEM |
------------------
|  0 | 36% |  3% |
|  1 |  2% |  3% |
| ID | GPU | MEM |
------------------
|  0 | 36% |  3% |
|  1 |  2% |  3% |
| ID | GPU | MEM |
------------------
|  0 | 44% |  3% |
|  1 |  2% |  3% |
| ID | GPU | MEM |
------------------
|  0 | 27% |  3% |
|  1 |  2% |  3% |
| ID | GPU | MEM |
------------------
|  0 | 27% |  3% |
|  1 |  2% |  3% |
| ID | GPU | MEM |
------------------
|  0 | 29% |  3% |
|  1 |  2% |  3% |
| ID | GPU | MEM |
------------------
|  0 | 31% |  3% |
|  1 |  3% |  3% |
| ID | GPU | MEM |
------------------
|  0 | 31% |  3% |
|  1 |  2% |  3% |
| ID | GPU | MEM |
------------------
|  0 | 46% |  3% |
|  1 |  2% |  3% |
| ID | GPU | MEM |
------------------
|  0 | 32% |  3% |
|  1 |  3% |  3% |
| ID | GPU | MEM |
------------------
|  0 | 28% |  3% |
|  1 |  3% |  3% |
| ID | GPU | MEM |
------------------
|  0 | 30% |  3% |
|  1 |  2% |  3% |
| ID | GPU | MEM |
------------------
|  0 | 31% |  3% |
|  1 |  3% |  3% |
| ID | GPU | MEM |
------------------
|  0 | 31% |  3% |
|  1 |  2% |  3% |
| ID | GPU | MEM |
------------------
|  0 | 42% |  3% |
|  1 |  2% |  3% |
| ID | GPU | MEM |
------------------
|  0 | 39% |  3% |
|  1 |  2% |  3% |
| ID | GPU | MEM |
------------------
|  0 | 27% |  3% |
|  1 |  2% |  3% |
| ID | GPU | MEM |
------------------
|  0 | 31% |  3% |
|  1 |  2% |  3% |
| ID | GPU | MEM |
------------------
|  0 | 30% |  3% |
|  1 |  2% |  3% |
| ID | GPU | MEM |
------------------
|  0 | 26% |  3% |
|  1 |  3% |  3% |
| ID | GPU | MEM |
------------------
|  0 | 26% |  3% |
|  1 |  2% |  3% |
| ID | GPU | MEM |
------------------
|  0 | 43% |  3% |
|  1 |  2% |  3% |
| ID | GPU | MEM |
------------------
|  0 | 35% |  3% |
|  1 |  3% |  3% |
| ID | GPU | MEM |
------------------
|  0 | 29% |  3% |
|  1 |  3% |  3% |
| ID | GPU | MEM |
------------------
|  0 | 26% |  3% |
|  1 |  2% |  3% |
| ID | GPU | MEM |
------------------
|  0 | 30% |  3% |
|  1 |  3% |  3% |
| ID | GPU | MEM |
------------------
|  0 | 44% |  3% |
|  1 |  2% |  3% |
| ID | GPU | MEM |
------------------
|  0 | 44% |  3% |
|  1 |  2% |  3% |
| ID | GPU | MEM |
------------------
|  0 | 36% |  3% |
|  1 |  2% |  3% |
Finished training it 170/170 of epoch 1 and time taken 28.532302856445312, 65.22 ms/it, loss 0.639603, accuracy 63.694 %
DLRM_wrap_time 9.10, loss_fn_time 0.25, Backward_pass_time  30.47, Average_Grad_time 22.84, Optimizer_step_time 2.18
Finished epoch 1
| ID | GPU | MEM |
------------------
|  0 | 28% |  3% |
|  1 |  2% |  3% |
| ID | GPU | MEM |
------------------
|  0 | 32% |  3% |
|  1 |  2% |  3% |
| ID | GPU | MEM |
------------------
|  0 | 28% |  3% |
|  1 |  2% |  3% |
| ID | GPU | MEM |
------------------
|  0 | 46% |  3% |
|  1 |  2% |  3% |
| ID | GPU | MEM |
------------------
|  0 | 46% |  3% |
|  1 |  2% |  3% |
| ID | GPU | MEM |
------------------
|  0 | 32% |  3% |
|  1 |  3% |  3% |
| ID | GPU | MEM |
------------------
|  0 | 28% |  3% |
|  1 |  3% |  3% |
| ID | GPU | MEM |
------------------
|  0 | 31% |  3% |
|  1 |  2% |  3% |
| ID | GPU | MEM |
------------------
|  0 | 33% |  3% |
|  1 |  3% |  3% |
| ID | GPU | MEM |
------------------
|  0 | 33% |  3% |
|  1 |  2% |  3% |
| ID | GPU | MEM |
------------------
|  0 | 38% |  3% |
|  1 |  2% |  3% |
| ID | GPU | MEM |
------------------
|  0 | 36% |  3% |
|  1 |  2% |  3% |
| ID | GPU | MEM |
------------------
|  0 | 27% |  3% |
|  1 |  2% |  3% |
| ID | GPU | MEM |
------------------
|  0 | 26% |  3% |
|  1 |  2% |  3% |
| ID | GPU | MEM |
------------------
|  0 | 32% |  3% |
|  1 |  2% |  3% |
| ID | GPU | MEM |
------------------
|  0 | 32% |  3% |
|  1 |  2% |  3% |
| ID | GPU | MEM |
------------------
|  0 | 34% |  3% |
|  1 |  2% |  3% |
| ID | GPU | MEM |
------------------
|  0 | 34% |  3% |
|  1 |  2% |  3% |
| ID | GPU | MEM |
------------------
|  0 | 44% |  3% |
|  1 |  2% |  3% |
| ID | GPU | MEM |
------------------
|  0 | 28% |  3% |
|  1 |  2% |  3% |
| ID | GPU | MEM |
------------------
|  0 | 25% |  3% |
|  1 |  2% |  3% |
| ID | GPU | MEM |
------------------
|  0 | 34% |  3% |
|  1 |  2% |  3% |
| ID | GPU | MEM |
------------------
|  0 | 32% |  3% |
|  1 |  2% |  3% |
| ID | GPU | MEM |
------------------
|  0 | 32% |  3% |
|  1 |  2% |  3% |
| ID | GPU | MEM |
------------------
|  0 | 48% |  3% |
|  1 |  2% |  3% |
| ID | GPU | MEM |
------------------
|  0 | 30% |  3% |
|  1 |  3% |  3% |
| ID | GPU | MEM |
------------------
|  0 | 30% |  3% |
|  1 |  3% |  3% |
| ID | GPU | MEM |
------------------
|  0 | 26% |  3% |
|  1 |  2% |  3% |
| ID | GPU | MEM |
------------------
|  0 | 33% |  3% |
|  1 |  2% |  3% |
| ID | GPU | MEM |
------------------
|  0 | 28% |  3% |
|  1 |  2% |  3% |
| ID | GPU | MEM |
------------------
|  0 | 28% |  3% |
|  1 |  2% |  3% |
| ID | GPU | MEM |
------------------
|  0 | 38% |  3% |
|  1 |  2% |  3% |
| ID | GPU | MEM |
------------------
|  0 | 32% |  3% |
|  1 |  3% |  3% |
| ID | GPU | MEM |
------------------
|  0 | 27% |  3% |
|  1 |  3% |  3% |
| ID | GPU | MEM |
------------------
|  0 | 32% |  3% |
|  1 |  2% |  3% |
| ID | GPU | MEM |
------------------
|  0 | 31% |  3% |
|  1 |  3% |  3% |
| ID | GPU | MEM |
------------------
|  0 | 42% |  3% |
|  1 |  2% |  3% |
| ID | GPU | MEM |
------------------
|  0 | 42% |  3% |
|  1 |  2% |  3% |
| ID | GPU | MEM |
------------------
|  0 | 36% |  3% |
|  1 |  3% |  3% |
| ID | GPU | MEM |
------------------
|  0 | 27% |  3% |
|  1 |  3% |  3% |
| ID | GPU | MEM |
------------------
|  0 | 26% |  3% |
|  1 |  2% |  3% |
| ID | GPU | MEM |
------------------
|  0 | 32% |  3% |
|  1 |  2% |  3% |
| ID | GPU | MEM |
------------------
|  0 | 36% |  3% |
|  1 |  2% |  3% |
| ID | GPU | MEM |
------------------
|  0 | 36% |  3% |
|  1 |  2% |  3% |
| ID | GPU | MEM |
------------------
|  0 | 40% |  3% |
|  1 |  2% |  3% |
| ID | GPU | MEM |
------------------
|  0 | 25% |  3% |
|  1 |  2% |  3% |
| ID | GPU | MEM |
------------------
|  0 | 27% |  3% |
|  1 |  2% |  3% |
| ID | GPU | MEM |
------------------
|  0 | 34% |  3% |
|  1 |  2% |  3% |
| ID | GPU | MEM |
------------------
|  0 | 37% |  3% |
|  1 |  2% |  3% |
| ID | GPU | MEM |
------------------
|  0 | 37% |  3% |
|  1 |  2% |  3% |
Finished training it 100/170 of epoch 2 and time taken 35.827494382858276, 66.28 ms/it, loss 0.613872, accuracy 64.982 %
DLRM_wrap_time 9.04, loss_fn_time 0.25, Backward_pass_time  32.59, Average_Grad_time 22.45, Optimizer_step_time 1.58
Starting Test loop
| ID | GPU | MEM |
------------------
|  0 | 42% |  3% |
|  1 |  2% |  3% |
| ID | GPU | MEM |
------------------
|  0 |  2% |  3% |
|  1 |  3% |  3% |
| ID | GPU | MEM |
------------------
|  0 |  2% |  3% |
|  1 |  3% |  3% |
Test loop ended
Testing at - 100/170 of epoch 2, loss 0.615730, accuracy 66.854 %, best 66.854 %
| ID | GPU | MEM |
------------------
|  0 |  2% |  3% |
|  1 |  2% |  3% |
| ID | GPU | MEM |
------------------
|  0 | 16% |  3% |
|  1 |  2% |  3% |
| ID | GPU | MEM |
------------------
|  0 | 38% |  3% |
|  1 |  2% |  3% |
| ID | GPU | MEM |
------------------
|  0 | 31% |  3% |
|  1 |  2% |  3% |
| ID | GPU | MEM |
------------------
|  0 | 32% |  3% |
|  1 |  3% |  3% |
| ID | GPU | MEM |
------------------
|  0 | 33% |  3% |
|  1 |  2% |  3% |
| ID | GPU | MEM |
------------------
|  0 | 29% |  3% |
|  1 |  2% |  3% |
| ID | GPU | MEM |
------------------
|  0 | 32% |  3% |
|  1 |  2% |  3% |
| ID | GPU | MEM |
------------------
|  0 | 38% |  3% |
|  1 |  2% |  3% |
| ID | GPU | MEM |
------------------
|  0 | 38% |  3% |
|  1 |  2% |  3% |
| ID | GPU | MEM |
------------------
|  0 | 40% |  3% |
|  1 |  3% |  3% |
| ID | GPU | MEM |
------------------
|  0 | 27% |  3% |
|  1 |  3% |  3% |
| ID | GPU | MEM |
------------------
|  0 | 32% |  3% |
|  1 |  2% |  3% |
| ID | GPU | MEM |
------------------
|  0 | 29% |  3% |
|  1 |  2% |  3% |
| ID | GPU | MEM |
------------------
|  0 | 29% |  3% |
|  1 |  3% |  3% |
| ID | GPU | MEM |
------------------
|  0 | 36% |  3% |
|  1 |  2% |  3% |
| ID | GPU | MEM |
------------------
|  0 | 36% |  3% |
|  1 |  2% |  3% |
| ID | GPU | MEM |
------------------
|  0 | 41% |  3% |
|  1 |  3% |  3% |
| ID | GPU | MEM |
------------------
|  0 | 31% |  3% |
|  1 |  3% |  3% |
| ID | GPU | MEM |
------------------
|  0 | 27% |  3% |
|  1 |  2% |  3% |
| ID | GPU | MEM |
------------------
|  0 | 31% |  3% |
|  1 |  2% |  3% |
| ID | GPU | MEM |
------------------
|  0 | 28% |  3% |
|  1 |  2% |  3% |
| ID | GPU | MEM |
------------------
|  0 | 28% |  3% |
|  1 |  2% |  3% |
| ID | GPU | MEM |
------------------
|  0 | 44% |  3% |
|  1 |  2% |  3% |
| ID | GPU | MEM |
------------------
|  0 | 32% |  3% |
|  1 |  3% |  3% |
| ID | GPU | MEM |
------------------
|  0 | 27% |  3% |
|  1 |  3% |  3% |
| ID | GPU | MEM |
------------------
|  0 | 29% |  3% |
|  1 |  2% |  3% |
| ID | GPU | MEM |
------------------
|  0 | 29% |  3% |
|  1 |  2% |  3% |
| ID | GPU | MEM |
------------------
|  0 | 31% |  3% |
|  1 |  2% |  3% |
| ID | GPU | MEM |
------------------
|  0 | 31% |  3% |
|  1 |  2% |  3% |
| ID | GPU | MEM |
------------------
|  0 | 44% |  3% |
|  1 |  2% |  3% |
| ID | GPU | MEM |
------------------
|  0 | 29% |  3% |
|  1 |  2% |  3% |
| ID | GPU | MEM |
------------------
|  0 | 27% |  3% |
|  1 |  2% |  3% |
| ID | GPU | MEM |
------------------
|  0 | 31% |  3% |
|  1 |  2% |  3% |
Finished training it 170/170 of epoch 2 and time taken 41.30707883834839, 65.28 ms/it, loss 0.607844, accuracy 65.831 %
DLRM_wrap_time 9.05, loss_fn_time 0.25, Backward_pass_time  30.84, Average_Grad_time 22.63, Optimizer_step_time 2.13
Finished epoch 2
| ID | GPU | MEM |
------------------
|  0 | 30% |  3% |
|  1 |  2% |  3% |
| ID | GPU | MEM |
------------------
|  0 | 30% |  3% |
|  1 |  2% |  3% |
| ID | GPU | MEM |
------------------
|  0 | 44% |  3% |
|  1 |  2% |  3% |
| ID | GPU | MEM |
------------------
|  0 | 33% |  3% |
|  1 |  3% |  3% |
| ID | GPU | MEM |
------------------
|  0 | 32% |  3% |
|  1 |  3% |  3% |
| ID | GPU | MEM |
------------------
|  0 | 28% |  3% |
|  1 |  2% |  3% |
| ID | GPU | MEM |
------------------
|  0 | 32% |  3% |
|  1 |  2% |  3% |
| ID | GPU | MEM |
------------------
|  0 | 32% |  3% |
|  1 |  2% |  3% |
| ID | GPU | MEM |
------------------
|  0 | 44% |  3% |
|  1 |  2% |  3% |
| ID | GPU | MEM |
------------------
|  0 | 44% |  3% |
|  1 |  2% |  3% |
| ID | GPU | MEM |
------------------
|  0 | 37% |  3% |
|  1 |  3% |  3% |
| ID | GPU | MEM |
------------------
|  0 | 28% |  3% |
|  1 |  3% |  3% |
| ID | GPU | MEM |
------------------
|  0 | 25% |  3% |
|  1 |  2% |  3% |
| ID | GPU | MEM |
------------------
|  0 | 34% |  3% |
|  1 |  3% |  3% |
| ID | GPU | MEM |
------------------
|  0 | 38% |  3% |
|  1 |  2% |  3% |
| ID | GPU | MEM |
------------------
|  0 | 38% |  3% |
|  1 |  2% |  3% |
| ID | GPU | MEM |
------------------
|  0 | 43% |  3% |
|  1 |  3% |  3% |
| ID | GPU | MEM |
------------------
|  0 | 29% |  3% |
|  1 |  3% |  3% |
| ID | GPU | MEM |
------------------
|  0 | 27% |  3% |
|  1 |  2% |  3% |
| ID | GPU | MEM |
------------------
|  0 | 31% |  3% |
|  1 |  3% |  3% |
| ID | GPU | MEM |
------------------
|  0 | 40% |  3% |
|  1 |  2% |  3% |
| ID | GPU | MEM |
------------------
|  0 | 40% |  3% |
|  1 |  2% |  3% |
| ID | GPU | MEM |
------------------
|  0 | 40% |  3% |
|  1 |  3% |  3% |
| ID | GPU | MEM |
------------------
|  0 | 27% |  3% |
|  1 |  3% |  3% |
| ID | GPU | MEM |
------------------
|  0 | 30% |  3% |
|  1 |  2% |  3% |
| ID | GPU | MEM |
------------------
|  0 | 29% |  3% |
|  1 |  3% |  3% |
| ID | GPU | MEM |
------------------
|  0 | 29% |  3% |
|  1 |  2% |  3% |
| ID | GPU | MEM |
------------------
|  0 | 42% |  3% |
|  1 |  2% |  3% |
| ID | GPU | MEM |
------------------
|  0 | 36% |  3% |
|  1 |  3% |  3% |
| ID | GPU | MEM |
------------------
|  0 | 31% |  3% |
|  1 |  2% |  3% |
| ID | GPU | MEM |
------------------
|  0 | 27% |  3% |
|  1 |  2% |  3% |
| ID | GPU | MEM |
------------------
|  0 | 31% |  3% |
|  1 |  2% |  3% |
| ID | GPU | MEM |
------------------
|  0 | 37% |  3% |
|  1 |  2% |  3% |
| ID | GPU | MEM |
------------------
|  0 | 37% |  3% |
|  1 |  2% |  3% |
| ID | GPU | MEM |
------------------
|  0 | 45% |  3% |
|  1 |  2% |  3% |
| ID | GPU | MEM |
------------------
|  0 | 29% |  3% |
|  1 |  2% |  3% |
| ID | GPU | MEM |
------------------
|  0 | 28% |  3% |
|  1 |  2% |  3% |
| ID | GPU | MEM |
------------------
|  0 | 33% |  3% |
|  1 |  2% |  3% |
| ID | GPU | MEM |
------------------
|  0 | 33% |  3% |
|  1 |  2% |  3% |
| ID | GPU | MEM |
------------------
|  0 | 33% |  3% |
|  1 |  2% |  3% |
| ID | GPU | MEM |
------------------
|  0 | 39% |  3% |
|  1 |  2% |  3% |
| ID | GPU | MEM |
------------------
|  0 | 33% |  3% |
|  1 |  2% |  3% |
| ID | GPU | MEM |
------------------
|  0 | 30% |  3% |
|  1 |  2% |  3% |
| ID | GPU | MEM |
------------------
|  0 | 28% |  3% |
|  1 |  2% |  3% |
| ID | GPU | MEM |
------------------
|  0 | 31% |  3% |
|  1 |  2% |  3% |
| ID | GPU | MEM |
------------------
|  0 | 34% |  3% |
|  1 |  2% |  3% |
| ID | GPU | MEM |
------------------
|  0 | 34% |  3% |
|  1 |  2% |  3% |
| ID | GPU | MEM |
------------------
|  0 | 44% |  3% |
|  1 |  2% |  3% |
| ID | GPU | MEM |
------------------
|  0 | 34% |  3% |
|  1 |  2% |  3% |
| ID | GPU | MEM |
------------------
|  0 | 29% |  3% |
|  1 |  2% |  3% |
Finished training it 100/170 of epoch 3 and time taken 48.59359550476074, 66.31 ms/it, loss 0.598404, accuracy 67.223 %
DLRM_wrap_time 9.04, loss_fn_time 0.25, Backward_pass_time  32.12, Average_Grad_time 23.02, Optimizer_step_time 1.51
Starting Test loop
| ID | GPU | MEM |
------------------
|  0 | 29% |  3% |
|  1 |  2% |  3% |
| ID | GPU | MEM |
------------------
|  0 |  6% |  3% |
|  1 |  2% |  3% |
| ID | GPU | MEM |
------------------
|  0 |  6% |  3% |
|  1 |  2% |  3% |
Test loop ended
Testing at - 100/170 of epoch 3, loss 0.659000, accuracy 58.622 %, best 66.854 %
| ID | GPU | MEM |
------------------
|  0 |  3% |  3% |
|  1 |  2% |  3% |
| ID | GPU | MEM |
------------------
|  0 |  6% |  3% |
|  1 |  3% |  3% |
| ID | GPU | MEM |
------------------
|  0 | 36% |  3% |
|  1 |  3% |  3% |
| ID | GPU | MEM |
------------------
|  0 | 35% |  3% |
|  1 |  2% |  3% |
| ID | GPU | MEM |
------------------
|  0 | 30% |  3% |
|  1 |  2% |  3% |
| ID | GPU | MEM |
------------------
|  0 | 30% |  3% |
|  1 |  2% |  3% |
| ID | GPU | MEM |
------------------
|  0 | 47% |  3% |
|  1 |  2% |  3% |
| ID | GPU | MEM |
------------------
|  0 | 31% |  3% |
|  1 |  2% |  3% |
| ID | GPU | MEM |
------------------
|  0 | 26% |  3% |
|  1 |  2% |  3% |
| ID | GPU | MEM |
------------------
|  0 | 30% |  3% |
|  1 |  3% |  3% |
| ID | GPU | MEM |
------------------
|  0 | 41% |  3% |
|  1 |  2% |  3% |
| ID | GPU | MEM |
------------------
|  0 | 41% |  3% |
|  1 |  2% |  3% |
| ID | GPU | MEM |
------------------
|  0 | 39% |  3% |
|  1 |  3% |  3% |
| ID | GPU | MEM |
------------------
|  0 | 28% |  3% |
|  1 |  3% |  3% |
| ID | GPU | MEM |
------------------
|  0 | 27% |  3% |
|  1 |  2% |  3% |
| ID | GPU | MEM |
------------------
|  0 | 32% |  3% |
|  1 |  3% |  3% |
| ID | GPU | MEM |
------------------
|  0 | 35% |  3% |
|  1 |  2% |  3% |
| ID | GPU | MEM |
------------------
|  0 | 35% |  3% |
|  1 |  2% |  3% |
| ID | GPU | MEM |
------------------
|  0 | 46% |  3% |
|  1 |  3% |  3% |
| ID | GPU | MEM |
------------------
|  0 | 28% |  3% |
|  1 |  3% |  3% |
| ID | GPU | MEM |
------------------
|  0 | 29% |  3% |
|  1 |  2% |  3% |
| ID | GPU | MEM |
------------------
|  0 | 33% |  3% |
|  1 |  2% |  3% |
| ID | GPU | MEM |
------------------
|  0 | 33% |  3% |
|  1 |  2% |  3% |
| ID | GPU | MEM |
------------------
|  0 | 37% |  3% |
|  1 |  2% |  3% |
| ID | GPU | MEM |
------------------
|  0 | 42% |  3% |
|  1 |  2% |  3% |
| ID | GPU | MEM |
------------------
|  0 | 28% |  3% |
|  1 |  2% |  3% |
| ID | GPU | MEM |
------------------
|  0 | 29% |  3% |
|  1 |  2% |  3% |
| ID | GPU | MEM |
------------------
|  0 | 32% |  3% |
|  1 |  3% |  3% |
| ID | GPU | MEM |
------------------
|  0 | 37% |  3% |
|  1 |  2% |  3% |
| ID | GPU | MEM |
------------------
|  0 | 37% |  3% |
|  1 |  2% |  3% |
| ID | GPU | MEM |
------------------
|  0 | 44% |  3% |
|  1 |  2% |  3% |
| ID | GPU | MEM |
------------------
|  0 | 32% |  3% |
|  1 |  2% |  3% |
| ID | GPU | MEM |
------------------
|  0 | 28% |  3% |
|  1 |  2% |  3% |
| ID | GPU | MEM |
------------------
|  0 | 36% |  3% |
|  1 |  2% |  3% |
| ID | GPU | MEM |
------------------
|  0 | 39% |  3% |
|  1 |  3% |  3% |
Finished training it 170/170 of epoch 3 and time taken 53.938533544540405, 64.06 ms/it, loss 0.585085, accuracy 69.457 %
DLRM_wrap_time 8.89, loss_fn_time 0.24, Backward_pass_time  29.90, Average_Grad_time 22.78, Optimizer_step_time 1.91
Finished epoch 3
| ID | GPU | MEM |
------------------
|  0 | 39% |  3% |
|  1 |  2% |  3% |
| ID | GPU | MEM |
------------------
|  0 | 41% |  3% |
|  1 |  3% |  3% |
| ID | GPU | MEM |
------------------
|  0 | 31% |  3% |
|  1 |  3% |  3% |
| ID | GPU | MEM |
------------------
|  0 | 29% |  3% |
|  1 |  2% |  3% |
| ID | GPU | MEM |
------------------
|  0 | 32% |  3% |
|  1 |  3% |  3% |
| ID | GPU | MEM |
------------------
|  0 | 36% |  3% |
|  1 |  2% |  3% |
| ID | GPU | MEM |
------------------
|  0 | 36% |  3% |
|  1 |  2% |  3% |
| ID | GPU | MEM |
------------------
|  0 | 40% |  3% |
|  1 |  2% |  3% |
| ID | GPU | MEM |
------------------
|  0 | 34% |  3% |
|  1 |  2% |  3% |
| ID | GPU | MEM |
------------------
|  0 | 29% |  3% |
|  1 |  2% |  3% |
| ID | GPU | MEM |
------------------
|  0 | 32% |  3% |
|  1 |  2% |  3% |
| ID | GPU | MEM |
------------------
|  0 | 29% |  3% |
|  1 |  3% |  3% |
| ID | GPU | MEM |
------------------
|  0 | 29% |  3% |
|  1 |  2% |  3% |
| ID | GPU | MEM |
------------------
|  0 | 50% |  3% |
|  1 |  2% |  3% |
| ID | GPU | MEM |
------------------
|  0 | 27% |  3% |
|  1 |  2% |  3% |
| ID | GPU | MEM |
------------------
|  0 | 31% |  3% |
|  1 |  2% |  3% |
| ID | GPU | MEM |
------------------
|  0 | 30% |  3% |
|  1 |  2% |  3% |
| ID | GPU | MEM |
------------------
|  0 | 32% |  3% |
|  1 |  3% |  3% |
| ID | GPU | MEM |
------------------
|  0 | 32% |  3% |
|  1 |  2% |  3% |
| ID | GPU | MEM |
------------------
|  0 | 44% |  3% |
|  1 |  2% |  3% |
| ID | GPU | MEM |
------------------
|  0 | 34% |  3% |
|  1 |  3% |  3% |
| ID | GPU | MEM |
------------------
|  0 | 28% |  3% |
|  1 |  3% |  3% |
| ID | GPU | MEM |
------------------
|  0 | 29% |  3% |
|  1 |  2% |  3% |
| ID | GPU | MEM |
------------------
|  0 | 32% |  3% |
|  1 |  3% |  3% |
| ID | GPU | MEM |
------------------
|  0 | 41% |  3% |
|  1 |  2% |  3% |
| ID | GPU | MEM |
------------------
|  0 | 41% |  3% |
|  1 |  2% |  3% |
| ID | GPU | MEM |
------------------
|  0 | 41% |  3% |
|  1 |  2% |  3% |
| ID | GPU | MEM |
------------------
|  0 | 33% |  3% |
|  1 |  2% |  3% |
| ID | GPU | MEM |
------------------
|  0 | 31% |  3% |
|  1 |  2% |  3% |
| ID | GPU | MEM |
------------------
|  0 | 31% |  3% |
|  1 |  2% |  3% |
| ID | GPU | MEM |
------------------
|  0 | 34% |  3% |
|  1 |  2% |  3% |
| ID | GPU | MEM |
------------------
|  0 | 34% |  3% |
|  1 |  2% |  3% |
| ID | GPU | MEM |
------------------
|  0 | 42% |  3% |
|  1 |  2% |  3% |
| ID | GPU | MEM |
------------------
|  0 | 39% |  3% |
|  1 |  3% |  3% |
| ID | GPU | MEM |
------------------
|  0 | 28% |  3% |
|  1 |  3% |  3% |
| ID | GPU | MEM |
------------------
|  0 | 30% |  3% |
|  1 |  2% |  3% |
| ID | GPU | MEM |
------------------
|  0 | 33% |  3% |
|  1 |  3% |  3% |
| ID | GPU | MEM |
------------------
|  0 | 37% |  3% |
|  1 |  2% |  3% |
| ID | GPU | MEM |
------------------
|  0 | 37% |  3% |
|  1 |  2% |  3% |
| ID | GPU | MEM |
------------------
|  0 | 46% |  3% |
|  1 |  3% |  3% |
| ID | GPU | MEM |
------------------
|  0 | 30% |  3% |
|  1 |  3% |  3% |
| ID | GPU | MEM |
------------------
|  0 | 31% |  3% |
|  1 |  2% |  3% |
| ID | GPU | MEM |
------------------
|  0 | 34% |  3% |
|  1 |  2% |  3% |
| ID | GPU | MEM |
------------------
|  0 | 31% |  3% |
|  1 |  2% |  3% |
| ID | GPU | MEM |
------------------
|  0 | 31% |  3% |
|  1 |  2% |  3% |
| ID | GPU | MEM |
------------------
|  0 | 44% |  3% |
|  1 |  2% |  3% |
| ID | GPU | MEM |
------------------
|  0 | 34% |  3% |
|  1 |  2% |  3% |
| ID | GPU | MEM |
------------------
|  0 | 31% |  3% |
|  1 |  3% |  3% |
| ID | GPU | MEM |
------------------
|  0 | 34% |  3% |
|  1 |  2% |  3% |
| ID | GPU | MEM |
------------------
|  0 | 32% |  3% |
|  1 |  3% |  3% |
Finished training it 100/170 of epoch 4 and time taken 61.207648038864136, 66.21 ms/it, loss 0.587893, accuracy 68.852 %
DLRM_wrap_time 8.14, loss_fn_time 0.23, Backward_pass_time  32.61, Average_Grad_time 23.63, Optimizer_step_time 1.28
Starting Test loop
| ID | GPU | MEM |
------------------
|  0 | 28% |  3% |
|  1 |  1% |  3% |
| ID | GPU | MEM |
------------------
|  0 | 28% |  3% |
|  1 |  2% |  3% |
Test loop ended
Testing at - 100/170 of epoch 4, loss 0.630785, accuracy 61.068 %, best 66.854 %
| ID | GPU | MEM |
------------------
|  0 |  3% |  3% |
|  1 |  3% |  3% |
| ID | GPU | MEM |
------------------
|  0 |  6% |  3% |
|  1 |  3% |  3% |
| ID | GPU | MEM |
------------------
|  0 | 33% |  3% |
|  1 |  3% |  3% |
| ID | GPU | MEM |
------------------
|  0 | 37% |  3% |
|  1 |  2% |  3% |
| ID | GPU | MEM |
------------------
|  0 | 38% |  3% |
|  1 |  2% |  3% |
| ID | GPU | MEM |
------------------
|  0 | 38% |  3% |
|  1 |  2% |  3% |
| ID | GPU | MEM |
------------------
|  0 | 41% |  3% |
|  1 |  3% |  3% |
| ID | GPU | MEM |
------------------
|  0 | 32% |  3% |
|  1 |  3% |  3% |
| ID | GPU | MEM |
------------------
|  0 | 30% |  3% |
|  1 |  2% |  3% |
| ID | GPU | MEM |
------------------
|  0 | 31% |  3% |
|  1 |  2% |  3% |
| ID | GPU | MEM |
------------------
|  0 | 38% |  3% |
|  1 |  2% |  3% |
| ID | GPU | MEM |
------------------
|  0 | 38% |  3% |
|  1 |  2% |  3% |
| ID | GPU | MEM |
------------------
|  0 | 40% |  3% |
|  1 |  2% |  3% |
| ID | GPU | MEM |
------------------
|  0 | 31% |  3% |
|  1 |  2% |  3% |
| ID | GPU | MEM |
------------------
|  0 | 31% |  3% |
|  1 |  2% |  3% |
| ID | GPU | MEM |
------------------
|  0 | 35% |  3% |
|  1 |  2% |  3% |
| ID | GPU | MEM |
------------------
|  0 | 38% |  3% |
|  1 |  2% |  3% |
| ID | GPU | MEM |
------------------
|  0 | 38% |  3% |
|  1 |  2% |  3% |
| ID | GPU | MEM |
------------------
|  0 | 41% |  3% |
|  1 |  3% |  3% |
| ID | GPU | MEM |
------------------
|  0 | 29% |  3% |
|  1 |  3% |  3% |
| ID | GPU | MEM |
------------------
|  0 | 29% |  3% |
|  1 |  2% |  3% |
| ID | GPU | MEM |
------------------
|  0 | 37% |  3% |
|  1 |  2% |  3% |
| ID | GPU | MEM |
------------------
|  0 | 39% |  3% |
|  1 |  2% |  3% |
| ID | GPU | MEM |
------------------
|  0 | 39% |  3% |
|  1 |  2% |  3% |
| ID | GPU | MEM |
------------------
|  0 | 46% |  3% |
|  1 |  2% |  3% |
| ID | GPU | MEM |
------------------
|  0 | 30% |  3% |
|  1 |  2% |  3% |
| ID | GPU | MEM |
------------------
|  0 | 29% |  3% |
|  1 |  2% |  3% |
| ID | GPU | MEM |
------------------
|  0 | 33% |  3% |
|  1 |  2% |  3% |
| ID | GPU | MEM |
------------------
|  0 | 34% |  3% |
|  1 |  3% |  3% |
| ID | GPU | MEM |
------------------
|  0 | 34% |  3% |
|  1 |  2% |  3% |
| ID | GPU | MEM |
------------------
|  0 | 45% |  3% |
|  1 |  2% |  3% |
| ID | GPU | MEM |
------------------
|  0 | 35% |  3% |
|  1 |  2% |  3% |
| ID | GPU | MEM |
------------------
|  0 | 30% |  3% |
|  1 |  2% |  3% |
| ID | GPU | MEM |
------------------
|  0 | 33% |  3% |
|  1 |  2% |  3% |
| ID | GPU | MEM |
------------------
|  0 | 32% |  3% |
|  1 |  3% |  3% |
Finished training it 170/170 of epoch 4 and time taken 66.61934781074524, 65.23 ms/it, loss 0.583018, accuracy 69.438 %
DLRM_wrap_time 8.19, loss_fn_time 0.23, Backward_pass_time  29.81, Average_Grad_time 24.34, Optimizer_step_time 2.35
Finished epoch 4
| ID | GPU | MEM |
------------------
|  0 | 38% |  3% |
|  1 |  2% |  3% |
| ID | GPU | MEM |
------------------
|  0 | 38% |  3% |
|  1 |  2% |  3% |
| ID | GPU | MEM |
------------------
|  0 | 44% |  3% |
|  1 |  3% |  3% |
| ID | GPU | MEM |
------------------
|  0 | 30% |  3% |
|  1 |  3% |  3% |
| ID | GPU | MEM |
------------------
|  0 | 30% |  3% |
|  1 |  2% |  3% |
| ID | GPU | MEM |
------------------
|  0 | 35% |  3% |
|  1 |  3% |  3% |
| ID | GPU | MEM |
------------------
|  0 | 35% |  3% |
|  1 |  2% |  3% |
| ID | GPU | MEM |
------------------
|  0 | 40% |  3% |
|  1 |  2% |  3% |
| ID | GPU | MEM |
------------------
|  0 | 43% |  3% |
|  1 |  2% |  3% |
| ID | GPU | MEM |
------------------
|  0 | 32% |  3% |
|  1 |  2% |  3% |
| ID | GPU | MEM |
------------------
|  0 | 31% |  3% |
|  1 |  2% |  3% |
| ID | GPU | MEM |
------------------
|  0 | 31% |  3% |
|  1 |  3% |  3% |
| ID | GPU | MEM |
------------------
|  0 | 40% |  3% |
|  1 |  2% |  3% |
| ID | GPU | MEM |
------------------
|  0 | 40% |  3% |
|  1 |  2% |  3% |
| ID | GPU | MEM |
------------------
|  0 | 41% |  3% |
|  1 |  3% |  3% |
| ID | GPU | MEM |
------------------
|  0 | 33% |  3% |
|  1 |  3% |  3% |
| ID | GPU | MEM |
------------------
|  0 | 31% |  3% |
|  1 |  2% |  3% |
| ID | GPU | MEM |
------------------
|  0 | 32% |  3% |
|  1 |  2% |  3% |
| ID | GPU | MEM |
------------------
|  0 | 33% |  3% |
|  1 |  3% |  3% |
| ID | GPU | MEM |
------------------
|  0 | 33% |  3% |
|  1 |  2% |  3% |
| ID | GPU | MEM |
------------------
|  0 | 48% |  3% |
|  1 |  2% |  3% |
| ID | GPU | MEM |
------------------
|  0 | 39% |  3% |
|  1 |  2% |  3% |
| ID | GPU | MEM |
------------------
|  0 | 30% |  3% |
|  1 |  2% |  3% |
| ID | GPU | MEM |
------------------
|  0 | 27% |  3% |
|  1 |  2% |  3% |
| ID | GPU | MEM |
------------------
|  0 | 33% |  3% |
|  1 |  2% |  3% |
| ID | GPU | MEM |
------------------
|  0 | 33% |  3% |
|  1 |  2% |  3% |
| ID | GPU | MEM |
------------------
|  0 | 33% |  3% |
|  1 |  2% |  3% |
| ID | GPU | MEM |
------------------
|  0 | 41% |  3% |
|  1 |  2% |  3% |
| ID | GPU | MEM |
------------------
|  0 | 35% |  3% |
|  1 |  2% |  3% |
| ID | GPU | MEM |
------------------
|  0 | 29% |  3% |
|  1 |  2% |  3% |
| ID | GPU | MEM |
------------------
|  0 | 21% |  3% |
|  1 |  3% |  3% |
| ID | GPU | MEM |
------------------
|  0 | 21% |  3% |
|  1 |  3% |  3% |
| ID | GPU | MEM |
------------------
|  0 | 20% |  3% |
|  1 |  2% |  3% |
| ID | GPU | MEM |
------------------
|  0 | 43% |  3% |
|  1 |  3% |  3% |
| ID | GPU | MEM |
------------------
|  0 | 45% |  3% |
|  1 |  2% |  3% |
| ID | GPU | MEM |
------------------
|  0 | 35% |  3% |
|  1 |  2% |  3% |
| ID | GPU | MEM |
------------------
|  0 | 28% |  3% |
|  1 |  2% |  3% |
| ID | GPU | MEM |
------------------
|  0 | 30% |  3% |
|  1 |  2% |  3% |
| ID | GPU | MEM |
------------------
|  0 | 34% |  3% |
|  1 |  3% |  3% |
| ID | GPU | MEM |
------------------
|  0 | 42% |  3% |
|  1 |  2% |  3% |
| ID | GPU | MEM |
------------------
|  0 | 42% |  3% |
|  1 |  2% |  3% |
| ID | GPU | MEM |
------------------
|  0 | 45% |  3% |
|  1 |  2% |  3% |
| ID | GPU | MEM |
------------------
|  0 | 29% |  3% |
|  1 |  2% |  3% |
| ID | GPU | MEM |
------------------
|  0 | 31% |  3% |
|  1 |  2% |  3% |
| ID | GPU | MEM |
------------------
|  0 | 34% |  3% |
|  1 |  3% |  3% |
| ID | GPU | MEM |
------------------
|  0 | 34% |  3% |
|  1 |  2% |  3% |
| ID | GPU | MEM |
------------------
|  0 | 38% |  3% |
|  1 |  2% |  3% |
| ID | GPU | MEM |
------------------
|  0 | 38% |  3% |
|  1 |  2% |  3% |
| ID | GPU | MEM |
------------------
|  0 | 46% |  3% |
|  1 |  2% |  3% |
Finished training it 100/170 of epoch 5 and time taken 73.77856588363647, 65.06 ms/it, loss 0.569734, accuracy 70.479 %
DLRM_wrap_time 8.16, loss_fn_time 0.23, Backward_pass_time  30.40, Average_Grad_time 23.45, Optimizer_step_time 2.51
Starting Test loop
| ID | GPU | MEM |
------------------
|  0 | 31% |  3% |
|  1 |  2% |  3% |
| ID | GPU | MEM |
------------------
|  0 |  5% |  3% |
|  1 |  2% |  3% |
| ID | GPU | MEM |
------------------
|  0 |  3% |  3% |
|  1 |  3% |  3% |
Test loop ended
Testing at - 100/170 of epoch 5, loss 0.517957, accuracy 76.302 %, best 76.302 %
| ID | GPU | MEM |
------------------
|  0 |  3% |  3% |
|  1 |  2% |  3% |
| ID | GPU | MEM |
------------------
|  0 | 27% |  3% |
|  1 |  2% |  3% |
| ID | GPU | MEM |
------------------
|  0 | 29% |  3% |
|  1 |  2% |  3% |
| ID | GPU | MEM |
------------------
|  0 | 25% |  3% |
|  1 |  2% |  3% |
| ID | GPU | MEM |
------------------
|  0 | 31% |  3% |
|  1 |  3% |  3% |
| ID | GPU | MEM |
------------------
|  0 | 31% |  3% |
|  1 |  2% |  3% |
| ID | GPU | MEM |
------------------
|  0 | 40% |  3% |
|  1 |  3% |  3% |
| ID | GPU | MEM |
------------------
|  0 | 32% |  3% |
|  1 |  3% |  3% |
| ID | GPU | MEM |
------------------
|  0 | 33% |  3% |
|  1 |  3% |  3% |
| ID | GPU | MEM |
------------------
|  0 | 30% |  3% |
|  1 |  2% |  3% |
| ID | GPU | MEM |
------------------
|  0 | 30% |  3% |
|  1 |  2% |  3% |
| ID | GPU | MEM |
------------------
|  0 | 33% |  3% |
|  1 |  2% |  3% |
| ID | GPU | MEM |
------------------
|  0 | 33% |  3% |
|  1 |  2% |  3% |
| ID | GPU | MEM |
------------------
|  0 | 47% |  3% |
|  1 |  2% |  3% |
| ID | GPU | MEM |
------------------
|  0 | 35% |  3% |
|  1 |  2% |  3% |
| ID | GPU | MEM |
------------------
|  0 | 34% |  3% |
|  1 |  2% |  3% |
| ID | GPU | MEM |
------------------
|  0 | 29% |  3% |
|  1 |  2% |  3% |
| ID | GPU | MEM |
------------------
|  0 | 34% |  3% |
|  1 |  2% |  3% |
| ID | GPU | MEM |
------------------
|  0 | 39% |  3% |
|  1 |  2% |  3% |
| ID | GPU | MEM |
------------------
|  0 | 39% |  3% |
|  1 |  2% |  3% |
| ID | GPU | MEM |
------------------
|  0 | 46% |  3% |
|  1 |  3% |  3% |
| ID | GPU | MEM |
------------------
|  0 | 29% |  3% |
|  1 |  3% |  3% |
| ID | GPU | MEM |
------------------
|  0 | 30% |  3% |
|  1 |  2% |  3% |
| ID | GPU | MEM |
------------------
|  0 | 31% |  3% |
|  1 |  2% |  3% |
| ID | GPU | MEM |
------------------
|  0 | 31% |  3% |
|  1 |  2% |  3% |
| ID | GPU | MEM |
------------------
|  0 | 39% |  3% |
|  1 |  2% |  3% |
| ID | GPU | MEM |
------------------
|  0 | 39% |  3% |
|  1 |  2% |  3% |
| ID | GPU | MEM |
------------------
|  0 | 43% |  3% |
|  1 |  3% |  3% |
| ID | GPU | MEM |
------------------
|  0 | 31% |  3% |
|  1 |  2% |  3% |
| ID | GPU | MEM |
------------------
|  0 | 29% |  3% |
|  1 |  2% |  3% |
| ID | GPU | MEM |
------------------
|  0 | 34% |  3% |
|  1 |  2% |  3% |
| ID | GPU | MEM |
------------------
|  0 | 33% |  3% |
|  1 |  2% |  3% |
| ID | GPU | MEM |
------------------
|  0 | 33% |  3% |
|  1 |  2% |  3% |
| ID | GPU | MEM |
------------------
|  0 | 46% |  3% |
|  1 |  3% |  3% |
| ID | GPU | MEM |
------------------
|  0 | 32% |  3% |
|  1 |  3% |  3% |
Finished training it 170/170 of epoch 5 and time taken 79.17539668083191, 65.00 ms/it, loss 0.535839, accuracy 73.786 %
DLRM_wrap_time 8.23, loss_fn_time 0.23, Backward_pass_time  30.86, Average_Grad_time 23.49, Optimizer_step_time 1.87
Finished epoch 5
| ID | GPU | MEM |
------------------
|  0 | 28% |  3% |
|  1 |  2% |  3% |
| ID | GPU | MEM |
------------------
|  0 | 34% |  3% |
|  1 |  3% |  3% |
| ID | GPU | MEM |
------------------
|  0 | 38% |  3% |
|  1 |  2% |  3% |
| ID | GPU | MEM |
------------------
|  0 | 38% |  3% |
|  1 |  2% |  3% |
| ID | GPU | MEM |
------------------
|  0 | 42% |  3% |
|  1 |  3% |  3% |
| ID | GPU | MEM |
------------------
|  0 | 32% |  3% |
|  1 |  3% |  3% |
| ID | GPU | MEM |
------------------
|  0 | 27% |  3% |
|  1 |  2% |  3% |
| ID | GPU | MEM |
------------------
|  0 | 35% |  3% |
|  1 |  3% |  3% |
| ID | GPU | MEM |
------------------
|  0 | 37% |  3% |
|  1 |  2% |  3% |
| ID | GPU | MEM |
------------------
|  0 | 37% |  3% |
|  1 |  2% |  3% |
| ID | GPU | MEM |
------------------
|  0 | 40% |  3% |
|  1 |  3% |  3% |
| ID | GPU | MEM |
------------------
|  0 | 34% |  3% |
|  1 |  3% |  3% |
| ID | GPU | MEM |
------------------
|  0 | 33% |  3% |
|  1 |  2% |  3% |
| ID | GPU | MEM |
------------------
|  0 | 29% |  3% |
|  1 |  2% |  3% |
| ID | GPU | MEM |
------------------
|  0 | 35% |  3% |
|  1 |  2% |  3% |
| ID | GPU | MEM |
------------------
|  0 | 35% |  3% |
|  1 |  2% |  3% |
| ID | GPU | MEM |
------------------
|  0 | 46% |  3% |
|  1 |  2% |  3% |
| ID | GPU | MEM |
------------------
|  0 | 37% |  3% |
|  1 |  2% |  3% |
| ID | GPU | MEM |
------------------
|  0 | 33% |  3% |
|  1 |  2% |  3% |
| ID | GPU | MEM |
------------------
|  0 | 31% |  3% |
|  1 |  2% |  3% |
| ID | GPU | MEM |
------------------
|  0 | 34% |  3% |
|  1 |  3% |  3% |
| ID | GPU | MEM |
------------------
|  0 | 28% |  3% |
|  1 |  2% |  3% |
| ID | GPU | MEM |
------------------
|  0 | 42% |  3% |
|  1 |  2% |  3% |
| ID | GPU | MEM |
------------------
|  0 | 42% |  3% |
|  1 |  2% |  3% |
| ID | GPU | MEM |
------------------
|  0 | 42% |  3% |
|  1 |  3% |  3% |
| ID | GPU | MEM |
------------------
|  0 | 31% |  3% |
|  1 |  3% |  3% |
| ID | GPU | MEM |
------------------
|  0 | 31% |  3% |
|  1 |  2% |  3% |
| ID | GPU | MEM |
------------------
|  0 | 34% |  3% |
|  1 |  3% |  3% |
| ID | GPU | MEM |
------------------
|  0 | 36% |  3% |
|  1 |  2% |  3% |
| ID | GPU | MEM |
------------------
|  0 | 36% |  3% |
|  1 |  2% |  3% |
| ID | GPU | MEM |
------------------
|  0 | 45% |  3% |
|  1 |  3% |  3% |
| ID | GPU | MEM |
------------------
|  0 | 38% |  3% |
|  1 |  3% |  3% |
| ID | GPU | MEM |
------------------
|  0 | 32% |  3% |
|  1 |  2% |  3% |
| ID | GPU | MEM |
------------------
|  0 | 25% |  3% |
|  1 |  2% |  3% |
| ID | GPU | MEM |
------------------
|  0 | 36% |  3% |
|  1 |  2% |  3% |
| ID | GPU | MEM |
------------------
|  0 | 42% |  3% |
|  1 |  2% |  3% |
| ID | GPU | MEM |
------------------
|  0 | 42% |  3% |
|  1 |  2% |  3% |
| ID | GPU | MEM |
------------------
|  0 | 38% |  3% |
|  1 |  2% |  3% |
| ID | GPU | MEM |
------------------
|  0 | 28% |  3% |
|  1 |  2% |  3% |
| ID | GPU | MEM |
------------------
|  0 | 33% |  3% |
|  1 |  2% |  3% |
| ID | GPU | MEM |
------------------
|  0 | 32% |  3% |
|  1 |  2% |  3% |
| ID | GPU | MEM |
------------------
|  0 | 32% |  3% |
|  1 |  2% |  3% |
| ID | GPU | MEM |
------------------
|  0 | 47% |  3% |
|  1 |  3% |  3% |
| ID | GPU | MEM |
------------------
|  0 | 34% |  3% |
|  1 |  3% |  3% |
| ID | GPU | MEM |
------------------
|  0 | 29% |  3% |
|  1 |  2% |  3% |
| ID | GPU | MEM |
------------------
|  0 | 29% |  3% |
|  1 |  3% |  3% |
| ID | GPU | MEM |
------------------
|  0 | 41% |  3% |
|  1 |  2% |  3% |
| ID | GPU | MEM |
------------------
|  0 | 41% |  3% |
|  1 |  2% |  3% |
| ID | GPU | MEM |
------------------
|  0 | 46% |  3% |
|  1 |  3% |  3% |
| ID | GPU | MEM |
------------------
|  0 | 32% |  3% |
|  1 |  3% |  3% |
Finished training it 100/170 of epoch 6 and time taken 86.41351342201233, 65.96 ms/it, loss 0.528286, accuracy 74.121 %
DLRM_wrap_time 8.25, loss_fn_time 0.23, Backward_pass_time  31.64, Average_Grad_time 24.25, Optimizer_step_time 1.27
Starting Test loop
| ID | GPU | MEM |
------------------
|  0 | 30% |  3% |
|  1 |  2% |  3% |
| ID | GPU | MEM |
------------------
|  0 |  3% |  3% |
|  1 |  2% |  3% |
| ID | GPU | MEM |
------------------
|  0 |  3% |  3% |
|  1 |  2% |  3% |
Test loop ended
Testing at - 100/170 of epoch 6, loss 0.511344, accuracy 76.326 %, best 76.326 %
| ID | GPU | MEM |
------------------
|  0 |  3% |  3% |
|  1 |  3% |  3% |
| ID | GPU | MEM |
------------------
|  0 | 25% |  3% |
|  1 |  3% |  3% |
| ID | GPU | MEM |
------------------
|  0 | 27% |  3% |
|  1 |  2% |  3% |
| ID | GPU | MEM |
------------------
|  0 | 29% |  3% |
|  1 |  2% |  3% |
| ID | GPU | MEM |
------------------
|  0 | 29% |  3% |
|  1 |  2% |  3% |
| ID | GPU | MEM |
------------------
|  0 | 46% |  3% |
|  1 |  3% |  3% |
| ID | GPU | MEM |
------------------
|  0 | 25% |  3% |
|  1 |  3% |  3% |
| ID | GPU | MEM |
------------------
|  0 | 29% |  3% |
|  1 |  2% |  3% |
| ID | GPU | MEM |
------------------
|  0 | 30% |  3% |
|  1 |  3% |  3% |
| ID | GPU | MEM |
------------------
|  0 | 30% |  3% |
|  1 |  2% |  3% |
| ID | GPU | MEM |
------------------
|  0 | 47% |  3% |
|  1 |  3% |  3% |
| ID | GPU | MEM |
------------------
|  0 | 27% |  3% |
|  1 |  3% |  3% |
| ID | GPU | MEM |
------------------
|  0 | 23% |  3% |
|  1 |  2% |  3% |
| ID | GPU | MEM |
------------------
|  0 | 30% |  3% |
|  1 |  3% |  3% |
| ID | GPU | MEM |
------------------
|  0 | 30% |  3% |
|  1 |  2% |  3% |
| ID | GPU | MEM |
------------------
|  0 | 36% |  3% |
|  1 |  3% |  3% |
| ID | GPU | MEM |
------------------
|  0 | 29% |  3% |
|  1 |  3% |  3% |
| ID | GPU | MEM |
------------------
|  0 | 23% |  3% |
|  1 |  2% |  3% |
| ID | GPU | MEM |
------------------
|  0 | 31% |  3% |
|  1 |  3% |  3% |
| ID | GPU | MEM |
------------------
|  0 | 40% |  3% |
|  1 |  2% |  3% |
| ID | GPU | MEM |
------------------
|  0 | 40% |  3% |
|  1 |  2% |  3% |
| ID | GPU | MEM |
------------------
|  0 | 25% |  3% |
|  1 |  2% |  3% |
| ID | GPU | MEM |
------------------
|  0 | 25% |  3% |
|  1 |  2% |  3% |
| ID | GPU | MEM |
------------------
|  0 | 28% |  3% |
|  1 |  3% |  3% |
| ID | GPU | MEM |
------------------
|  0 | 31% |  3% |
|  1 |  2% |  3% |
| ID | GPU | MEM |
------------------
|  0 | 39% |  3% |
|  1 |  3% |  3% |
| ID | GPU | MEM |
------------------
|  0 | 39% |  3% |
|  1 |  2% |  3% |
| ID | GPU | MEM |
------------------
|  0 | 45% |  3% |
|  1 |  3% |  3% |
| ID | GPU | MEM |
------------------
|  0 | 31% |  3% |
|  1 |  3% |  3% |
| ID | GPU | MEM |
------------------
|  0 | 28% |  3% |
|  1 |  2% |  3% |
| ID | GPU | MEM |
------------------
|  0 | 31% |  3% |
|  1 |  3% |  3% |
| ID | GPU | MEM |
------------------
|  0 | 39% |  3% |
|  1 |  2% |  3% |
| ID | GPU | MEM |
------------------
|  0 | 39% |  3% |
|  1 |  2% |  3% |
| ID | GPU | MEM |
------------------
|  0 | 46% |  3% |
|  1 |  2% |  3% |
Finished training it 170/170 of epoch 6 and time taken 91.66281270980835, 62.83 ms/it, loss 0.525763, accuracy 74.158 %
DLRM_wrap_time 8.17, loss_fn_time 0.22, Backward_pass_time  30.88, Average_Grad_time 21.41, Optimizer_step_time 1.84
Finished epoch 6
| ID | GPU | MEM |
------------------
|  0 | 32% |  3% |
|  1 |  2% |  3% |
| ID | GPU | MEM |
------------------
|  0 | 31% |  3% |
|  1 |  2% |  3% |
| ID | GPU | MEM |
------------------
|  0 | 30% |  3% |
|  1 |  2% |  3% |
| ID | GPU | MEM |
------------------
|  0 | 30% |  3% |
|  1 |  3% |  3% |
| ID | GPU | MEM |
------------------
|  0 | 22% |  3% |
|  1 |  3% |  3% |
| ID | GPU | MEM |
------------------
|  0 | 45% |  3% |
|  1 |  3% |  3% |
| ID | GPU | MEM |
------------------
|  0 | 32% |  3% |
|  1 |  3% |  3% |
| ID | GPU | MEM |
------------------
|  0 | 30% |  3% |
|  1 |  2% |  3% |
| ID | GPU | MEM |
------------------
|  0 | 30% |  3% |
|  1 |  3% |  3% |
| ID | GPU | MEM |
------------------
|  0 | 38% |  3% |
|  1 |  2% |  3% |
| ID | GPU | MEM |
------------------
|  0 | 38% |  3% |
|  1 |  2% |  3% |
| ID | GPU | MEM |
------------------
|  0 | 40% |  3% |
|  1 |  2% |  3% |
| ID | GPU | MEM |
------------------
|  0 | 30% |  3% |
|  1 |  2% |  3% |
| ID | GPU | MEM |
------------------
|  0 | 33% |  3% |
|  1 |  2% |  3% |
| ID | GPU | MEM |
------------------
|  0 | 38% |  3% |
|  1 |  2% |  3% |
| ID | GPU | MEM |
------------------
|  0 | 38% |  3% |
|  1 |  2% |  3% |
| ID | GPU | MEM |
------------------
|  0 | 43% |  3% |
|  1 |  2% |  3% |
| ID | GPU | MEM |
------------------
|  0 | 27% |  3% |
|  1 |  2% |  3% |
| ID | GPU | MEM |
------------------
|  0 | 31% |  3% |
|  1 |  2% |  3% |
| ID | GPU | MEM |
------------------
|  0 | 31% |  3% |
|  1 |  3% |  3% |
| ID | GPU | MEM |
------------------
|  0 | 33% |  3% |
|  1 |  2% |  3% |
| ID | GPU | MEM |
------------------
|  0 | 33% |  3% |
|  1 |  2% |  3% |
| ID | GPU | MEM |
------------------
|  0 | 49% |  3% |
|  1 |  3% |  3% |
| ID | GPU | MEM |
------------------
|  0 | 34% |  3% |
|  1 |  2% |  3% |
| ID | GPU | MEM |
------------------
|  0 | 32% |  3% |
|  1 |  2% |  3% |
| ID | GPU | MEM |
------------------
|  0 | 33% |  3% |
|  1 |  2% |  3% |
| ID | GPU | MEM |
------------------
|  0 | 36% |  3% |
|  1 |  2% |  3% |
| ID | GPU | MEM |
------------------
|  0 | 35% |  3% |
|  1 |  2% |  3% |
| ID | GPU | MEM |
------------------
|  0 | 35% |  3% |
|  1 |  2% |  3% |
| ID | GPU | MEM |
------------------
|  0 | 49% |  3% |
|  1 |  3% |  3% |
| ID | GPU | MEM |
------------------
|  0 | 42% |  3% |
|  1 |  3% |  3% |
| ID | GPU | MEM |
------------------
|  0 | 34% |  3% |
|  1 |  2% |  3% |
| ID | GPU | MEM |
------------------
|  0 | 31% |  3% |
|  1 |  2% |  3% |
| ID | GPU | MEM |
------------------
|  0 | 38% |  3% |
|  1 |  2% |  3% |
| ID | GPU | MEM |
------------------
|  0 | 32% |  3% |
|  1 |  2% |  3% |
| ID | GPU | MEM |
------------------
|  0 | 45% |  3% |
|  1 |  2% |  3% |
| ID | GPU | MEM |
------------------
|  0 | 45% |  3% |
|  1 |  3% |  3% |
| ID | GPU | MEM |
------------------
|  0 | 40% |  3% |
|  1 |  2% |  3% |
| ID | GPU | MEM |
------------------
|  0 | 30% |  3% |
|  1 |  2% |  3% |
| ID | GPU | MEM |
------------------
|  0 | 31% |  3% |
|  1 |  2% |  3% |
| ID | GPU | MEM |
------------------
|  0 | 30% |  3% |
|  1 |  2% |  3% |
| ID | GPU | MEM |
------------------
|  0 | 42% |  3% |
|  1 |  2% |  3% |
| ID | GPU | MEM |
------------------
|  0 | 42% |  3% |
|  1 |  2% |  3% |
| ID | GPU | MEM |
------------------
|  0 | 48% |  3% |
|  1 |  2% |  3% |
| ID | GPU | MEM |
------------------
|  0 | 31% |  3% |
|  1 |  2% |  3% |
| ID | GPU | MEM |
------------------
|  0 | 31% |  3% |
|  1 |  2% |  3% |
| ID | GPU | MEM |
------------------
|  0 | 33% |  3% |
|  1 |  2% |  3% |
| ID | GPU | MEM |
------------------
|  0 | 41% |  3% |
|  1 |  2% |  3% |
| ID | GPU | MEM |
------------------
|  0 | 41% |  3% |
|  1 |  2% |  3% |
Finished training it 100/170 of epoch 7 and time taken 98.75771141052246, 64.40 ms/it, loss 0.503197, accuracy 75.678 %
DLRM_wrap_time 8.26, loss_fn_time 0.23, Backward_pass_time  29.31, Average_Grad_time 24.17, Optimizer_step_time 2.11
Starting Test loop
| ID | GPU | MEM |
------------------
|  0 | 42% |  3% |
|  1 |  2% |  3% |
| ID | GPU | MEM |
------------------
|  0 |  6% |  3% |
|  1 |  2% |  3% |
| ID | GPU | MEM |
------------------
|  0 |  3% |  3% |
|  1 |  3% |  3% |
Test loop ended
Testing at - 100/170 of epoch 7, loss 0.507675, accuracy 72.085 %, best 76.326 %
| ID | GPU | MEM |
------------------
|  0 | 30% |  3% |
|  1 |  2% |  3% |
| ID | GPU | MEM |
------------------
|  0 | 30% |  3% |
|  1 |  2% |  3% |
| ID | GPU | MEM |
------------------
|  0 | 43% |  3% |
|  1 |  2% |  3% |
| ID | GPU | MEM |
------------------
|  0 | 27% |  3% |
|  1 |  2% |  3% |
| ID | GPU | MEM |
------------------
|  0 | 31% |  3% |
|  1 |  2% |  3% |
| ID | GPU | MEM |
------------------
|  0 | 34% |  3% |
|  1 |  2% |  3% |
| ID | GPU | MEM |
------------------
|  0 | 36% |  3% |
|  1 |  2% |  3% |
| ID | GPU | MEM |
------------------
|  0 | 31% |  3% |
|  1 |  2% |  3% |
| ID | GPU | MEM |
------------------
|  0 | 45% |  3% |
|  1 |  2% |  3% |
| ID | GPU | MEM |
------------------
|  0 | 45% |  3% |
|  1 |  2% |  3% |
| ID | GPU | MEM |
------------------
|  0 | 44% |  3% |
|  1 |  2% |  3% |
| ID | GPU | MEM |
------------------
|  0 | 31% |  3% |
|  1 |  2% |  3% |
| ID | GPU | MEM |
------------------
|  0 | 30% |  3% |
|  1 |  2% |  3% |
| ID | GPU | MEM |
------------------
|  0 | 34% |  3% |
|  1 |  3% |  3% |
| ID | GPU | MEM |
------------------
|  0 | 35% |  3% |
|  1 |  2% |  3% |
| ID | GPU | MEM |
------------------
|  0 | 35% |  3% |
|  1 |  2% |  3% |
| ID | GPU | MEM |
------------------
|  0 | 40% |  3% |
|  1 |  3% |  3% |
| ID | GPU | MEM |
------------------
|  0 | 39% |  3% |
|  1 |  2% |  3% |
| ID | GPU | MEM |
------------------
|  0 | 30% |  3% |
|  1 |  2% |  3% |
| ID | GPU | MEM |
------------------
|  0 | 29% |  3% |
|  1 |  2% |  3% |
| ID | GPU | MEM |
------------------
|  0 | 32% |  3% |
|  1 |  3% |  3% |
| ID | GPU | MEM |
------------------
|  0 | 32% |  3% |
|  1 |  2% |  3% |
| ID | GPU | MEM |
------------------
|  0 | 32% |  3% |
|  1 |  2% |  3% |
| ID | GPU | MEM |
------------------
|  0 | 48% |  3% |
|  1 |  2% |  3% |
| ID | GPU | MEM |
------------------
|  0 | 36% |  3% |
|  1 |  2% |  3% |
| ID | GPU | MEM |
------------------
|  0 | 29% |  3% |
|  1 |  2% |  3% |
| ID | GPU | MEM |
------------------
|  0 | 33% |  3% |
|  1 |  2% |  3% |
| ID | GPU | MEM |
------------------
|  0 | 32% |  3% |
|  1 |  2% |  3% |
| ID | GPU | MEM |
------------------
|  0 | 39% |  3% |
|  1 |  2% |  3% |
| ID | GPU | MEM |
------------------
|  0 | 39% |  3% |
|  1 |  2% |  3% |
| ID | GPU | MEM |
------------------
|  0 | 49% |  3% |
|  1 |  2% |  3% |
| ID | GPU | MEM |
------------------
|  0 | 35% |  3% |
|  1 |  2% |  3% |
| ID | GPU | MEM |
------------------
|  0 | 30% |  3% |
|  1 |  2% |  3% |
| ID | GPU | MEM |
------------------
|  0 | 32% |  3% |
|  1 |  3% |  3% |
| ID | GPU | MEM |
------------------
|  0 | 38% |  3% |
|  1 |  2% |  3% |
Finished training it 170/170 of epoch 7 and time taken 104.23484134674072, 67.18 ms/it, loss 0.525293, accuracy 75.313 %
DLRM_wrap_time 8.23, loss_fn_time 0.23, Backward_pass_time  31.37, Average_Grad_time 25.15, Optimizer_step_time 1.89
Finished epoch 7
| ID | GPU | MEM |
------------------
|  0 | 38% |  3% |
|  1 |  2% |  3% |
| ID | GPU | MEM |
------------------
|  0 | 45% |  3% |
|  1 |  3% |  3% |
| ID | GPU | MEM |
------------------
|  0 | 36% |  3% |
|  1 |  3% |  3% |
| ID | GPU | MEM |
------------------
|  0 | 29% |  3% |
|  1 |  2% |  3% |
| ID | GPU | MEM |
------------------
|  0 | 33% |  3% |
|  1 |  3% |  3% |
| ID | GPU | MEM |
------------------
|  0 | 31% |  3% |
|  1 |  2% |  3% |
| ID | GPU | MEM |
------------------
|  0 | 43% |  3% |
|  1 |  2% |  3% |
| ID | GPU | MEM |
------------------
|  0 | 43% |  3% |
|  1 |  2% |  3% |
| ID | GPU | MEM |
------------------
|  0 | 40% |  3% |
|  1 |  2% |  3% |
| ID | GPU | MEM |
------------------
|  0 | 32% |  3% |
|  1 |  2% |  3% |
| ID | GPU | MEM |
------------------
|  0 | 29% |  3% |
|  1 |  2% |  3% |
| ID | GPU | MEM |
------------------
|  0 | 31% |  3% |
|  1 |  3% |  3% |
| ID | GPU | MEM |
------------------
|  0 | 33% |  3% |
|  1 |  2% |  3% |
| ID | GPU | MEM |
------------------
|  0 | 42% |  3% |
|  1 |  2% |  3% |
| ID | GPU | MEM |
------------------
|  0 | 42% |  3% |
|  1 |  2% |  3% |
| ID | GPU | MEM |
------------------
|  0 | 47% |  3% |
|  1 |  2% |  3% |
| ID | GPU | MEM |
------------------
|  0 | 28% |  3% |
|  1 |  2% |  3% |
| ID | GPU | MEM |
------------------
|  0 | 29% |  3% |
|  1 |  2% |  3% |
| ID | GPU | MEM |
------------------
|  0 | 33% |  3% |
|  1 |  3% |  3% |
| ID | GPU | MEM |
------------------
|  0 | 39% |  3% |
|  1 |  2% |  3% |
| ID | GPU | MEM |
------------------
|  0 | 39% |  3% |
|  1 |  2% |  3% |
| ID | GPU | MEM |
------------------
|  0 | 46% |  3% |
|  1 |  2% |  3% |
| ID | GPU | MEM |
------------------
|  0 | 32% |  3% |
|  1 |  2% |  3% |
| ID | GPU | MEM |
------------------
|  0 | 30% |  3% |
|  1 |  2% |  3% |
| ID | GPU | MEM |
------------------
|  0 | 30% |  3% |
|  1 |  3% |  3% |
| ID | GPU | MEM |
------------------
|  0 | 31% |  3% |
|  1 |  2% |  3% |
| ID | GPU | MEM |
------------------
|  0 | 38% |  3% |
|  1 |  2% |  3% |
| ID | GPU | MEM |
------------------
|  0 | 38% |  3% |
|  1 |  2% |  3% |
| ID | GPU | MEM |
------------------
|  0 | 40% |  3% |
|  1 |  3% |  3% |
| ID | GPU | MEM |
------------------
|  0 | 38% |  3% |
|  1 |  3% |  3% |
| ID | GPU | MEM |
------------------
|  0 | 29% |  3% |
|  1 |  2% |  3% |
| ID | GPU | MEM |
------------------
|  0 | 31% |  3% |
|  1 |  3% |  3% |
| ID | GPU | MEM |
------------------
|  0 | 33% |  3% |
|  1 |  2% |  3% |
| ID | GPU | MEM |
------------------
|  0 | 34% |  3% |
|  1 |  2% |  3% |
| ID | GPU | MEM |
------------------
|  0 | 34% |  3% |
|  1 |  2% |  3% |
| ID | GPU | MEM |
------------------
|  0 | 49% |  3% |
|  1 |  2% |  3% |
| ID | GPU | MEM |
------------------
|  0 | 30% |  3% |
|  1 |  2% |  3% |
| ID | GPU | MEM |
------------------
|  0 | 31% |  3% |
|  1 |  2% |  3% |
| ID | GPU | MEM |
------------------
|  0 | 30% |  3% |
|  1 |  3% |  3% |
| ID | GPU | MEM |
------------------
|  0 | 37% |  3% |
|  1 |  2% |  3% |
| ID | GPU | MEM |
------------------
|  0 | 37% |  3% |
|  1 |  2% |  3% |
| ID | GPU | MEM |
------------------
|  0 | 46% |  3% |
|  1 |  2% |  3% |
| ID | GPU | MEM |
------------------
|  0 | 28% |  3% |
|  1 |  2% |  3% |
| ID | GPU | MEM |
------------------
|  0 | 31% |  3% |
|  1 |  2% |  3% |
| ID | GPU | MEM |
------------------
|  0 | 31% |  3% |
|  1 |  3% |  3% |
| ID | GPU | MEM |
------------------
|  0 | 31% |  3% |
|  1 |  2% |  3% |
| ID | GPU | MEM |
------------------
|  0 | 42% |  3% |
|  1 |  2% |  3% |
| ID | GPU | MEM |
------------------
|  0 | 42% |  3% |
|  1 |  3% |  3% |
| ID | GPU | MEM |
------------------
|  0 | 43% |  3% |
|  1 |  3% |  3% |
| ID | GPU | MEM |
------------------
|  0 | 33% |  3% |
|  1 |  2% |  3% |
Finished training it 100/170 of epoch 8 and time taken 111.55127167701721, 66.69 ms/it, loss 0.500689, accuracy 75.629 %
DLRM_wrap_time 8.20, loss_fn_time 0.23, Backward_pass_time  32.37, Average_Grad_time 24.31, Optimizer_step_time 1.27
Starting Test loop
| ID | GPU | MEM |
------------------
|  0 | 28% |  3% |
|  1 |  2% |  3% |
| ID | GPU | MEM |
------------------
|  0 |  3% |  3% |
|  1 |  2% |  3% |
Test loop ended
Testing at - 100/170 of epoch 8, loss 0.418489, accuracy 81.563 %, best 81.563 %
| ID | GPU | MEM |
------------------
|  0 |  4% |  3% |
|  1 |  2% |  3% |
| ID | GPU | MEM |
------------------
|  0 |  4% |  3% |
|  1 |  2% |  3% |
| ID | GPU | MEM |
------------------
|  0 | 29% |  3% |
|  1 |  2% |  3% |
| ID | GPU | MEM |
------------------
|  0 | 43% |  3% |
|  1 |  2% |  3% |
| ID | GPU | MEM |
------------------
|  0 | 32% |  3% |
|  1 |  3% |  3% |
| ID | GPU | MEM |
------------------
|  0 | 30% |  3% |
|  1 |  2% |  3% |
| ID | GPU | MEM |
------------------
|  0 | 26% |  3% |
|  1 |  3% |  3% |
| ID | GPU | MEM |
------------------
|  0 | 30% |  3% |
|  1 |  2% |  3% |
| ID | GPU | MEM |
------------------
|  0 | 30% |  3% |
|  1 |  2% |  3% |
| ID | GPU | MEM |
------------------
|  0 | 41% |  3% |
|  1 |  3% |  3% |
| ID | GPU | MEM |
------------------
|  0 | 32% |  3% |
|  1 |  3% |  3% |
| ID | GPU | MEM |
------------------
|  0 | 25% |  3% |
|  1 |  2% |  3% |
| ID | GPU | MEM |
------------------
|  0 | 32% |  3% |
|  1 |  2% |  3% |
| ID | GPU | MEM |
------------------
|  0 | 38% |  3% |
|  1 |  2% |  3% |
| ID | GPU | MEM |
------------------
|  0 | 38% |  3% |
|  1 |  3% |  3% |
| ID | GPU | MEM |
------------------
|  0 | 38% |  3% |
|  1 |  3% |  3% |
| ID | GPU | MEM |
------------------
|  0 | 26% |  3% |
|  1 |  2% |  3% |
| ID | GPU | MEM |
------------------
|  0 | 30% |  3% |
|  1 |  2% |  3% |
| ID | GPU | MEM |
------------------
|  0 | 35% |  3% |
|  1 |  2% |  3% |
| ID | GPU | MEM |
------------------
|  0 | 35% |  3% |
|  1 |  2% |  3% |
| ID | GPU | MEM |
------------------
|  0 | 39% |  3% |
|  1 |  3% |  3% |
| ID | GPU | MEM |
------------------
|  0 | 30% |  3% |
|  1 |  3% |  3% |
| ID | GPU | MEM |
------------------
|  0 | 28% |  3% |
|  1 |  2% |  3% |
| ID | GPU | MEM |
------------------
|  0 | 26% |  3% |
|  1 |  2% |  3% |
| ID | GPU | MEM |
------------------
|  0 | 26% |  3% |
|  1 |  2% |  3% |
| ID | GPU | MEM |
------------------
|  0 | 46% |  3% |
|  1 |  2% |  3% |
| ID | GPU | MEM |
------------------
|  0 | 28% |  3% |
|  1 |  2% |  3% |
| ID | GPU | MEM |
------------------
|  0 | 27% |  3% |
|  1 |  2% |  3% |
| ID | GPU | MEM |
------------------
|  0 | 31% |  3% |
|  1 |  2% |  3% |
| ID | GPU | MEM |
------------------
|  0 | 38% |  3% |
|  1 |  2% |  3% |
| ID | GPU | MEM |
------------------
|  0 | 38% |  3% |
|  1 |  2% |  3% |
| ID | GPU | MEM |
------------------
|  0 | 35% |  3% |
|  1 |  2% |  3% |
| ID | GPU | MEM |
------------------
|  0 | 28% |  3% |
|  1 |  2% |  3% |
| ID | GPU | MEM |
------------------
|  0 | 26% |  3% |
|  1 |  2% |  3% |
| ID | GPU | MEM |
------------------
|  0 | 29% |  3% |
|  1 |  2% |  3% |
Finished training it 170/170 of epoch 8 and time taken 116.88086581230164, 63.93 ms/it, loss 0.505265, accuracy 75.248 %
DLRM_wrap_time 8.30, loss_fn_time 0.23, Backward_pass_time  29.95, Average_Grad_time 21.85, Optimizer_step_time 3.25
Finished epoch 8
| ID | GPU | MEM |
------------------
|  0 | 29% |  3% |
|  1 |  2% |  3% |
| ID | GPU | MEM |
------------------
|  0 | 45% |  3% |
|  1 |  2% |  3% |
| ID | GPU | MEM |
------------------
|  0 | 30% |  3% |
|  1 |  3% |  3% |
| ID | GPU | MEM |
------------------
|  0 | 42% |  3% |
|  1 |  2% |  3% |
| ID | GPU | MEM |
------------------
|  0 | 33% |  3% |
|  1 |  2% |  3% |
| ID | GPU | MEM |
------------------
|  0 | 27% |  3% |
|  1 |  2% |  3% |
| ID | GPU | MEM |
------------------
|  0 | 35% |  3% |
|  1 |  2% |  3% |
| ID | GPU | MEM |
------------------
|  0 | 35% |  3% |
|  1 |  2% |  3% |
| ID | GPU | MEM |
------------------
|  0 | 35% |  3% |
|  1 |  2% |  3% |
| ID | GPU | MEM |
------------------
|  0 | 48% |  3% |
|  1 |  3% |  3% |
| ID | GPU | MEM |
------------------
|  0 | 36% |  3% |
|  1 |  3% |  3% |
| ID | GPU | MEM |
------------------
|  0 | 30% |  3% |
|  1 |  2% |  3% |
| ID | GPU | MEM |
------------------
|  0 | 33% |  3% |
|  1 |  2% |  3% |
| ID | GPU | MEM |
------------------
|  0 | 34% |  3% |
|  1 |  2% |  3% |
| ID | GPU | MEM |
------------------
|  0 | 47% |  3% |
|  1 |  2% |  3% |
| ID | GPU | MEM |
------------------
|  0 | 47% |  3% |
|  1 |  3% |  3% |
| ID | GPU | MEM |
------------------
|  0 | 39% |  3% |
|  1 |  3% |  3% |
| ID | GPU | MEM |
------------------
|  0 | 31% |  3% |
|  1 |  2% |  3% |
| ID | GPU | MEM |
------------------
|  0 | 32% |  3% |
|  1 |  2% |  3% |
| ID | GPU | MEM |
------------------
|  0 | 31% |  3% |
|  1 |  3% |  3% |
| ID | GPU | MEM |
------------------
|  0 | 34% |  3% |
|  1 |  2% |  3% |
| ID | GPU | MEM |
------------------
|  0 | 34% |  3% |
|  1 |  2% |  3% |
| ID | GPU | MEM |
------------------
|  0 | 45% |  3% |
|  1 |  3% |  3% |
| ID | GPU | MEM |
------------------
|  0 | 40% |  3% |
|  1 |  2% |  3% |
| ID | GPU | MEM |
------------------
|  0 | 31% |  3% |
|  1 |  2% |  3% |
| ID | GPU | MEM |
------------------
|  0 | 25% |  3% |
|  1 |  2% |  3% |
| ID | GPU | MEM |
------------------
|  0 | 34% |  3% |
|  1 |  2% |  3% |
| ID | GPU | MEM |
------------------
|  0 | 42% |  3% |
|  1 |  2% |  3% |
| ID | GPU | MEM |
------------------
|  0 | 42% |  3% |
|  1 |  2% |  3% |
| ID | GPU | MEM |
------------------
|  0 | 40% |  3% |
|  1 |  2% |  3% |
| ID | GPU | MEM |
------------------
|  0 | 36% |  3% |
|  1 |  2% |  3% |
| ID | GPU | MEM |
------------------
|  0 | 30% |  3% |
|  1 |  2% |  3% |
| ID | GPU | MEM |
------------------
|  0 | 29% |  3% |
|  1 |  2% |  3% |
| ID | GPU | MEM |
------------------
|  0 | 32% |  3% |
|  1 |  2% |  3% |
| ID | GPU | MEM |
------------------
|  0 | 40% |  3% |
|  1 |  2% |  3% |
| ID | GPU | MEM |
------------------
|  0 | 40% |  3% |
|  1 |  2% |  3% |
| ID | GPU | MEM |
------------------
|  0 | 41% |  3% |
|  1 |  3% |  3% |
| ID | GPU | MEM |
------------------
|  0 | 39% |  3% |
|  1 |  2% |  3% |
| ID | GPU | MEM |
------------------
|  0 | 28% |  3% |
|  1 |  2% |  3% |
| ID | GPU | MEM |
------------------
|  0 | 31% |  3% |
|  1 |  2% |  3% |
| ID | GPU | MEM |
------------------
|  0 | 32% |  3% |
|  1 |  2% |  3% |
| ID | GPU | MEM |
------------------
|  0 | 38% |  3% |
|  1 |  2% |  3% |
| ID | GPU | MEM |
------------------
|  0 | 38% |  3% |
|  1 |  2% |  3% |
| ID | GPU | MEM |
------------------
|  0 | 50% |  3% |
|  1 |  2% |  3% |
| ID | GPU | MEM |
------------------
|  0 | 29% |  3% |
|  1 |  2% |  3% |
| ID | GPU | MEM |
------------------
|  0 | 29% |  3% |
|  1 |  2% |  3% |
| ID | GPU | MEM |
------------------
|  0 | 33% |  3% |
|  1 |  2% |  3% |
| ID | GPU | MEM |
------------------
|  0 | 36% |  3% |
|  1 |  2% |  3% |
| ID | GPU | MEM |
------------------
|  0 | 36% |  3% |
|  1 |  2% |  3% |
| ID | GPU | MEM |
------------------
|  0 | 45% |  3% |
|  1 |  3% |  3% |
Finished training it 100/170 of epoch 9 and time taken 124.15715718269348, 66.38 ms/it, loss 0.503662, accuracy 75.713 %
DLRM_wrap_time 8.24, loss_fn_time 0.23, Backward_pass_time  30.90, Average_Grad_time 24.61, Optimizer_step_time 2.10
Starting Test loop
| ID | GPU | MEM |
------------------
|  0 | 29% |  3% |
|  1 |  3% |  3% |
| ID | GPU | MEM |
------------------
|  0 |  2% |  3% |
|  1 |  2% |  3% |
Test loop ended
Testing at - 100/170 of epoch 9, loss 0.420280, accuracy 83.617 %, best 83.617 %
| ID | GPU | MEM |
------------------
|  0 |  3% |  3% |
|  1 |  2% |  3% |
| ID | GPU | MEM |
------------------
|  0 |  3% |  3% |
|  1 |  3% |  3% |
| ID | GPU | MEM |
------------------
|  0 | 27% |  3% |
|  1 |  2% |  3% |
| ID | GPU | MEM |
------------------
|  0 | 40% |  3% |
|  1 |  2% |  3% |
| ID | GPU | MEM |
------------------
|  0 | 31% |  3% |
|  1 |  2% |  3% |
| ID | GPU | MEM |
------------------
|  0 | 33% |  3% |
|  1 |  2% |  3% |
| ID | GPU | MEM |
------------------
|  0 | 30% |  3% |
|  1 |  2% |  3% |
| ID | GPU | MEM |
------------------
|  0 | 31% |  3% |
|  1 |  2% |  3% |
| ID | GPU | MEM |
------------------
|  0 | 37% |  3% |
|  1 |  2% |  3% |
| ID | GPU | MEM |
------------------
|  0 | 37% |  3% |
|  1 |  3% |  3% |
| ID | GPU | MEM |
------------------
|  0 | 46% |  3% |
|  1 |  2% |  3% |
| ID | GPU | MEM |
------------------
|  0 | 28% |  3% |
|  1 |  2% |  3% |
| ID | GPU | MEM |
------------------
|  0 | 29% |  3% |
|  1 |  2% |  3% |
| ID | GPU | MEM |
------------------
|  0 | 35% |  3% |
|  1 |  2% |  3% |
| ID | GPU | MEM |
------------------
|  0 | 32% |  3% |
|  1 |  2% |  3% |
| ID | GPU | MEM |
------------------
|  0 | 32% |  3% |
|  1 |  2% |  3% |
| ID | GPU | MEM |
------------------
|  0 | 48% |  3% |
|  1 |  2% |  3% |
| ID | GPU | MEM |
------------------
|  0 | 32% |  3% |
|  1 |  2% |  3% |
| ID | GPU | MEM |
------------------
|  0 | 29% |  3% |
|  1 |  2% |  3% |
| ID | GPU | MEM |
------------------
|  0 | 33% |  3% |
|  1 |  3% |  3% |
| ID | GPU | MEM |
------------------
|  0 | 30% |  3% |
|  1 |  2% |  3% |
| ID | GPU | MEM |
------------------
|  0 | 30% |  3% |
|  1 |  2% |  3% |
| ID | GPU | MEM |
------------------
|  0 | 44% |  3% |
|  1 |  3% |  3% |
| ID | GPU | MEM |
------------------
|  0 | 37% |  3% |
|  1 |  3% |  3% |
| ID | GPU | MEM |
------------------
|  0 | 33% |  3% |
|  1 |  2% |  3% |
| ID | GPU | MEM |
------------------
|  0 | 31% |  3% |
|  1 |  2% |  3% |
| ID | GPU | MEM |
------------------
|  0 | 31% |  3% |
|  1 |  2% |  3% |
| ID | GPU | MEM |
------------------
|  0 | 41% |  3% |
|  1 |  2% |  3% |
| ID | GPU | MEM |
------------------
|  0 | 41% |  3% |
|  1 |  3% |  3% |
| ID | GPU | MEM |
------------------
|  0 | 37% |  3% |
|  1 |  3% |  3% |
| ID | GPU | MEM |
------------------
|  0 | 29% |  3% |
|  1 |  2% |  3% |
| ID | GPU | MEM |
------------------
|  0 | 30% |  3% |
|  1 |  3% |  3% |
| ID | GPU | MEM |
------------------
|  0 | 33% |  3% |
|  1 |  2% |  3% |
| ID | GPU | MEM |
------------------
|  0 | 37% |  3% |
|  1 |  2% |  3% |
| ID | GPU | MEM |
------------------
|  0 | 37% |  3% |
|  1 |  3% |  3% |
Finished training it 170/170 of epoch 9 and time taken 129.57857584953308, 65.36 ms/it, loss 0.485573, accuracy 76.636 %
DLRM_wrap_time 8.28, loss_fn_time 0.23, Backward_pass_time  30.89, Average_Grad_time 23.89, Optimizer_step_time 1.77
Finished epoch 9
Finished the program
| ID | GPU | MEM |
------------------
|  0 | 44% |  3% |
|  1 |  3% |  3% |
