python3: no process found

clgpu002:36558:36684 [0] misc/ibvwrap.cc:63 NCCL WARN Failed to open libibverbs.so[.1]
NCCL version 2.4.8+cuda9.2
Using 2 GPU(s)...
Sparse features= 9, Dense features= 24
Sparse features= 9, Dense features= 24
time/loss/accuracy (if enabled):
| ID | GPU | MEM |
------------------
|  0 |  9% |  3% |
|  1 |  0% |  0% |
| ID | GPU | MEM |
------------------
|  0 |  4% |  3% |
|  1 |  1% |  1% |
| ID | GPU | MEM |
------------------
|  0 |  4% |  3% |
|  1 |  1% |  1% |
| ID | GPU | MEM |
------------------
|  0 |  0% |  3% |
|  1 | 12% |  1% |
| ID | GPU | MEM |
------------------
|  0 |  0% |  3% |
|  1 | 12% |  1% |
| ID | GPU | MEM |
------------------
|  0 |  0% |  3% |
|  1 |  4% |  1% |
| ID | GPU | MEM |
------------------
|  0 |  0% |  3% |
|  1 |  4% |  1% |
| ID | GPU | MEM |
------------------
|  0 |  0% |  3% |
|  1 |  5% |  1% |
| ID | GPU | MEM |
------------------
|  0 |  0% |  3% |
|  1 |  5% |  1% |
| ID | GPU | MEM |
------------------
|  0 |  0% |  3% |
|  1 |  5% |  1% |
| ID | GPU | MEM |
------------------
|  0 |  0% |  3% |
|  1 |  5% |  1% |
| ID | GPU | MEM |
------------------
|  0 |  0% |  3% |
|  1 |  6% |  1% |
| ID | GPU | MEM |
------------------
|  0 |  0% |  3% |
|  1 |  6% |  1% |
| ID | GPU | MEM |
------------------
|  0 |  0% |  3% |
|  1 |  3% |  1% |
| ID | GPU | MEM |
------------------
|  0 |  0% |  3% |
|  1 |  3% |  2% |
| ID | GPU | MEM |
------------------
|  0 |  0% |  3% |
|  1 |  4% |  2% |
| ID | GPU | MEM |
------------------
|  0 |  0% |  3% |
|  1 |  4% |  2% |
| ID | GPU | MEM |
------------------
|  0 |  0% |  3% |
|  1 |  5% |  2% |
| ID | GPU | MEM |
------------------
|  0 |  0% |  3% |
|  1 |  5% |  2% |
| ID | GPU | MEM |
------------------
|  0 |  0% |  3% |
|  1 |  5% |  2% |
| ID | GPU | MEM |
------------------
|  0 |  0% |  3% |
|  1 |  3% |  2% |
| ID | GPU | MEM |
------------------
|  0 |  0% |  3% |
|  1 |  3% |  2% |
| ID | GPU | MEM |
------------------
|  0 |  0% |  3% |
|  1 |  6% |  2% |
| ID | GPU | MEM |
------------------
|  0 |  0% |  3% |
|  1 |  6% |  2% |
| ID | GPU | MEM |
------------------
|  0 |  0% |  3% |
|  1 |  2% |  2% |
| ID | GPU | MEM |
------------------
|  0 |  0% |  3% |
|  1 |  2% |  2% |
| ID | GPU | MEM |
------------------
|  0 |  0% |  3% |
|  1 |  8% |  2% |
| ID | GPU | MEM |
------------------
|  0 |  0% |  3% |
|  1 |  0% |  2% |
| ID | GPU | MEM |
------------------
|  0 |  0% |  3% |
|  1 |  0% |  2% |
| ID | GPU | MEM |
------------------
|  0 |  0% |  3% |
|  1 |  3% |  3% |
| ID | GPU | MEM |
------------------
|  0 |  0% |  3% |
|  1 |  3% |  3% |
| ID | GPU | MEM |
------------------
|  0 |  0% |  3% |
|  1 |  6% |  3% |
| ID | GPU | MEM |
------------------
|  0 |  0% |  3% |
|  1 |  5% |  3% |
| ID | GPU | MEM |
------------------
|  0 |  0% |  3% |
|  1 |  5% |  3% |
| ID | GPU | MEM |
------------------
|  0 |  1% |  3% |
|  1 |  2% |  3% |
| ID | GPU | MEM |
------------------
|  0 |  1% |  3% |
|  1 |  2% |  3% |
| ID | GPU | MEM |
------------------
|  0 | 33% |  3% |
|  1 |  3% |  3% |
| ID | GPU | MEM |
------------------
|  0 | 51% |  3% |
|  1 |  2% |  3% |
| ID | GPU | MEM |
------------------
|  0 | 41% |  3% |
|  1 |  2% |  3% |
| ID | GPU | MEM |
------------------
|  0 | 42% |  3% |
|  1 |  2% |  3% |
| ID | GPU | MEM |
------------------
|  0 | 41% |  3% |
|  1 |  2% |  3% |
| ID | GPU | MEM |
------------------
|  0 | 41% |  3% |
|  1 |  3% |  3% |
| ID | GPU | MEM |
------------------
|  0 | 43% |  3% |
|  1 |  3% |  3% |
| ID | GPU | MEM |
------------------
|  0 | 51% |  3% |
|  1 |  3% |  3% |
| ID | GPU | MEM |
------------------
|  0 | 51% |  3% |
|  1 |  2% |  3% |
| ID | GPU | MEM |
------------------
|  0 | 51% |  3% |
|  1 |  2% |  3% |
| ID | GPU | MEM |
------------------
|  0 | 38% |  3% |
|  1 |  2% |  3% |
| ID | GPU | MEM |
------------------
|  0 | 40% |  3% |
|  1 |  2% |  3% |
| ID | GPU | MEM |
------------------
|  0 | 40% |  3% |
|  1 |  3% |  3% |
| ID | GPU | MEM |
------------------
|  0 | 40% |  3% |
|  1 |  3% |  3% |
| ID | GPU | MEM |
------------------
|  0 | 44% |  3% |
|  1 |  2% |  3% |
| ID | GPU | MEM |
------------------
|  0 | 51% |  3% |
|  1 |  3% |  3% |
| ID | GPU | MEM |
------------------
|  0 | 49% |  3% |
|  1 |  2% |  3% |
| ID | GPU | MEM |
------------------
|  0 | 50% |  3% |
|  1 |  2% |  3% |
| ID | GPU | MEM |
------------------
|  0 | 49% |  3% |
|  1 |  2% |  3% |
| ID | GPU | MEM |
------------------
|  0 | 33% |  3% |
|  1 |  2% |  3% |
| ID | GPU | MEM |
------------------
|  0 | 43% |  3% |
|  1 |  2% |  3% |
| ID | GPU | MEM |
------------------
|  0 | 43% |  3% |
|  1 |  3% |  3% |
| ID | GPU | MEM |
------------------
|  0 | 40% |  3% |
|  1 |  3% |  3% |
| ID | GPU | MEM |
------------------
|  0 | 50% |  3% |
|  1 |  3% |  3% |
| ID | GPU | MEM |
------------------
|  0 | 51% |  3% |
|  1 |  2% |  3% |
| ID | GPU | MEM |
------------------
|  0 | 50% |  3% |
|  1 |  2% |  3% |
| ID | GPU | MEM |
------------------
|  0 | 46% |  3% |
|  1 |  2% |  3% |
| ID | GPU | MEM |
------------------
|  0 | 43% |  3% |
|  1 |  2% |  3% |
| ID | GPU | MEM |
------------------
|  0 | 40% |  3% |
|  1 |  2% |  3% |
| ID | GPU | MEM |
------------------
|  0 | 42% |  3% |
|  1 |  2% |  3% |
| ID | GPU | MEM |
------------------
|  0 | 42% |  3% |
|  1 |  3% |  3% |
| ID | GPU | MEM |
------------------
|  0 | 42% |  3% |
|  1 |  3% |  3% |
| ID | GPU | MEM |
------------------
|  0 | 50% |  3% |
|  1 |  3% |  3% |
| ID | GPU | MEM |
------------------
|  0 | 48% |  3% |
|  1 |  2% |  3% |
| ID | GPU | MEM |
------------------
|  0 | 35% |  3% |
|  1 |  3% |  3% |
| ID | GPU | MEM |
------------------
|  0 | 35% |  3% |
|  1 |  3% |  3% |
| ID | GPU | MEM |
------------------
|  0 | 44% |  3% |
|  1 |  2% |  3% |
| ID | GPU | MEM |
------------------
|  0 | 30% |  3% |
|  1 |  3% |  3% |
| ID | GPU | MEM |
------------------
|  0 | 47% |  3% |
|  1 |  2% |  3% |
| ID | GPU | MEM |
------------------
|  0 | 47% |  3% |
|  1 |  2% |  3% |
| ID | GPU | MEM |
------------------
|  0 | 39% |  3% |
|  1 |  3% |  3% |
| ID | GPU | MEM |
------------------
|  0 | 53% |  3% |
|  1 |  2% |  3% |
| ID | GPU | MEM |
------------------
|  0 | 44% |  3% |
|  1 |  3% |  3% |
| ID | GPU | MEM |
------------------
|  0 | 36% |  3% |
|  1 |  2% |  3% |
| ID | GPU | MEM |
------------------
|  0 | 44% |  3% |
|  1 |  2% |  3% |
| ID | GPU | MEM |
------------------
|  0 | 43% |  3% |
|  1 |  3% |  3% |
| ID | GPU | MEM |
------------------
|  0 | 43% |  3% |
|  1 |  3% |  3% |
| ID | GPU | MEM |
------------------
|  0 | 52% |  3% |
|  1 |  2% |  3% |
Finished training it 100/170 of epoch 0 and time taken 10.508917808532715, 96.91 ms/it, loss 0.662682, accuracy 60.277 %
DLRM_wrap_time 38.72, loss_fn_time 0.22, Backward_pass_time  13.65, Average_Grad_time 31.84, Optimizer_step_time 12.09
Starting Test loop
| ID | GPU | MEM |
------------------
|  0 | 52% |  3% |
|  1 |  2% |  3% |
| ID | GPU | MEM |
------------------
|  0 |  8% |  3% |
|  1 |  3% |  3% |
| ID | GPU | MEM |
------------------
|  0 |  8% |  3% |
|  1 |  3% |  3% |
| ID | GPU | MEM |
------------------
|  0 |  4% |  3% |
|  1 |  4% |  3% |
Test loop ended
Testing at - 100/170 of epoch 0, loss 0.642329, accuracy 63.861 %, best 63.861 %
| ID | GPU | MEM |
------------------
|  0 |  9% |  3% |
|  1 |  3% |  3% |
| ID | GPU | MEM |
------------------
|  0 |  9% |  3% |
|  1 |  3% |  3% |
| ID | GPU | MEM |
------------------
|  0 | 51% |  3% |
|  1 |  2% |  3% |
| ID | GPU | MEM |
------------------
|  0 | 54% |  3% |
|  1 |  2% |  3% |
| ID | GPU | MEM |
------------------
|  0 | 35% |  3% |
|  1 |  3% |  3% |
| ID | GPU | MEM |
------------------
|  0 | 39% |  3% |
|  1 |  2% |  3% |
| ID | GPU | MEM |
------------------
|  0 | 41% |  3% |
|  1 |  3% |  3% |
| ID | GPU | MEM |
------------------
|  0 | 41% |  3% |
|  1 |  3% |  3% |
| ID | GPU | MEM |
------------------
|  0 | 50% |  3% |
|  1 |  3% |  3% |
| ID | GPU | MEM |
------------------
|  0 | 49% |  3% |
|  1 |  2% |  3% |
| ID | GPU | MEM |
------------------
|  0 | 42% |  3% |
|  1 |  3% |  3% |
| ID | GPU | MEM |
------------------
|  0 | 40% |  3% |
|  1 |  2% |  3% |
| ID | GPU | MEM |
------------------
|  0 | 36% |  3% |
|  1 |  2% |  3% |
| ID | GPU | MEM |
------------------
|  0 | 45% |  3% |
|  1 |  3% |  3% |
| ID | GPU | MEM |
------------------
|  0 | 45% |  3% |
|  1 |  3% |  3% |
| ID | GPU | MEM |
------------------
|  0 | 54% |  3% |
|  1 |  2% |  3% |
| ID | GPU | MEM |
------------------
|  0 | 45% |  3% |
|  1 |  2% |  3% |
| ID | GPU | MEM |
------------------
|  0 | 41% |  3% |
|  1 |  3% |  3% |
| ID | GPU | MEM |
------------------
|  0 | 37% |  3% |
|  1 |  2% |  3% |
| ID | GPU | MEM |
------------------
|  0 | 41% |  3% |
|  1 |  3% |  3% |
| ID | GPU | MEM |
------------------
|  0 | 41% |  3% |
|  1 |  3% |  3% |
| ID | GPU | MEM |
------------------
|  0 | 49% |  3% |
|  1 |  2% |  3% |
| ID | GPU | MEM |
------------------
|  0 | 51% |  3% |
|  1 |  2% |  3% |
| ID | GPU | MEM |
------------------
|  0 | 37% |  3% |
|  1 |  3% |  3% |
| ID | GPU | MEM |
------------------
|  0 | 41% |  3% |
|  1 |  2% |  3% |
| ID | GPU | MEM |
------------------
|  0 | 39% |  3% |
|  1 |  2% |  3% |
| ID | GPU | MEM |
------------------
|  0 | 44% |  3% |
|  1 |  3% |  3% |
| ID | GPU | MEM |
------------------
|  0 | 44% |  3% |
|  1 |  3% |  3% |
| ID | GPU | MEM |
------------------
|  0 | 53% |  3% |
|  1 |  2% |  3% |
| ID | GPU | MEM |
------------------
|  0 | 47% |  3% |
|  1 |  2% |  3% |
| ID | GPU | MEM |
------------------
|  0 | 43% |  3% |
|  1 |  3% |  3% |
| ID | GPU | MEM |
------------------
|  0 | 40% |  3% |
|  1 |  2% |  3% |
| ID | GPU | MEM |
------------------
|  0 | 42% |  3% |
|  1 |  2% |  3% |
| ID | GPU | MEM |
------------------
|  0 | 42% |  3% |
|  1 |  2% |  3% |
| ID | GPU | MEM |
------------------
|  0 | 44% |  3% |
|  1 |  3% |  3% |
Finished training it 170/170 of epoch 0 and time taken 15.961971998214722, 66.59 ms/it, loss 0.642071, accuracy 63.282 %
DLRM_wrap_time 8.26, loss_fn_time 0.25, Backward_pass_time  26.29, Average_Grad_time 30.21, Optimizer_step_time 1.26
Finished epoch 0
| ID | GPU | MEM |
------------------
|  0 | 54% |  3% |
|  1 |  2% |  3% |
| ID | GPU | MEM |
------------------
|  0 | 42% |  3% |
|  1 |  3% |  3% |
| ID | GPU | MEM |
------------------
|  0 | 41% |  3% |
|  1 |  2% |  3% |
| ID | GPU | MEM |
------------------
|  0 | 41% |  3% |
|  1 |  2% |  3% |
| ID | GPU | MEM |
------------------
|  0 | 42% |  3% |
|  1 |  2% |  3% |
| ID | GPU | MEM |
------------------
|  0 | 46% |  3% |
|  1 |  3% |  3% |
| ID | GPU | MEM |
------------------
|  0 | 46% |  3% |
|  1 |  3% |  3% |
| ID | GPU | MEM |
------------------
|  0 | 53% |  3% |
|  1 |  2% |  3% |
| ID | GPU | MEM |
------------------
|  0 | 51% |  3% |
|  1 |  2% |  3% |
| ID | GPU | MEM |
------------------
|  0 | 35% |  3% |
|  1 |  3% |  3% |
| ID | GPU | MEM |
------------------
|  0 | 37% |  3% |
|  1 |  2% |  3% |
| ID | GPU | MEM |
------------------
|  0 | 44% |  3% |
|  1 |  3% |  3% |
| ID | GPU | MEM |
------------------
|  0 | 44% |  3% |
|  1 |  3% |  3% |
| ID | GPU | MEM |
------------------
|  0 | 52% |  3% |
|  1 |  2% |  3% |
| ID | GPU | MEM |
------------------
|  0 | 52% |  3% |
|  1 |  2% |  3% |
| ID | GPU | MEM |
------------------
|  0 | 36% |  3% |
|  1 |  3% |  3% |
| ID | GPU | MEM |
------------------
|  0 | 39% |  3% |
|  1 |  2% |  3% |
| ID | GPU | MEM |
------------------
|  0 | 41% |  3% |
|  1 |  3% |  3% |
| ID | GPU | MEM |
------------------
|  0 | 41% |  3% |
|  1 |  3% |  3% |
| ID | GPU | MEM |
------------------
|  0 | 48% |  3% |
|  1 |  2% |  3% |
| ID | GPU | MEM |
------------------
|  0 | 53% |  3% |
|  1 |  2% |  3% |
| ID | GPU | MEM |
------------------
|  0 | 37% |  3% |
|  1 |  3% |  3% |
| ID | GPU | MEM |
------------------
|  0 | 37% |  3% |
|  1 |  2% |  3% |
| ID | GPU | MEM |
------------------
|  0 | 35% |  3% |
|  1 |  2% |  3% |
| ID | GPU | MEM |
------------------
|  0 | 35% |  3% |
|  1 |  2% |  3% |
| ID | GPU | MEM |
------------------
|  0 | 48% |  3% |
|  1 |  3% |  3% |
| ID | GPU | MEM |
------------------
|  0 | 49% |  3% |
|  1 |  2% |  3% |
| ID | GPU | MEM |
------------------
|  0 | 41% |  3% |
|  1 |  3% |  3% |
| ID | GPU | MEM |
------------------
|  0 | 35% |  3% |
|  1 |  2% |  3% |
| ID | GPU | MEM |
------------------
|  0 | 47% |  3% |
|  1 |  2% |  3% |
| ID | GPU | MEM |
------------------
|  0 | 36% |  3% |
|  1 |  3% |  3% |
| ID | GPU | MEM |
------------------
|  0 | 36% |  3% |
|  1 |  3% |  3% |
| ID | GPU | MEM |
------------------
|  0 | 54% |  3% |
|  1 |  2% |  3% |
| ID | GPU | MEM |
------------------
|  0 | 49% |  3% |
|  1 |  2% |  3% |
| ID | GPU | MEM |
------------------
|  0 | 43% |  3% |
|  1 |  3% |  3% |
| ID | GPU | MEM |
------------------
|  0 | 35% |  3% |
|  1 |  2% |  3% |
| ID | GPU | MEM |
------------------
|  0 | 45% |  3% |
|  1 |  2% |  3% |
| ID | GPU | MEM |
------------------
|  0 | 45% |  3% |
|  1 |  2% |  3% |
| ID | GPU | MEM |
------------------
|  0 | 43% |  3% |
|  1 |  3% |  3% |
| ID | GPU | MEM |
------------------
|  0 | 51% |  3% |
|  1 |  2% |  3% |
| ID | GPU | MEM |
------------------
|  0 | 51% |  3% |
|  1 |  2% |  3% |
| ID | GPU | MEM |
------------------
|  0 | 36% |  3% |
|  1 |  3% |  3% |
| ID | GPU | MEM |
------------------
|  0 | 37% |  3% |
|  1 |  2% |  3% |
| ID | GPU | MEM |
------------------
|  0 | 39% |  3% |
|  1 |  3% |  3% |
| ID | GPU | MEM |
------------------
|  0 | 39% |  3% |
|  1 |  3% |  3% |
| ID | GPU | MEM |
------------------
|  0 | 50% |  3% |
|  1 |  2% |  3% |
| ID | GPU | MEM |
------------------
|  0 | 51% |  3% |
|  1 |  2% |  3% |
| ID | GPU | MEM |
------------------
|  0 | 42% |  3% |
|  1 |  3% |  3% |
| ID | GPU | MEM |
------------------
|  0 | 33% |  3% |
|  1 |  2% |  3% |
| ID | GPU | MEM |
------------------
|  0 | 47% |  3% |
|  1 |  2% |  3% |
Finished training it 100/170 of epoch 1 and time taken 23.259588718414307, 66.67 ms/it, loss 0.641662, accuracy 63.094 %
DLRM_wrap_time 8.31, loss_fn_time 0.25, Backward_pass_time  26.15, Average_Grad_time 30.31, Optimizer_step_time 1.32
Starting Test loop
| ID | GPU | MEM |
------------------
|  0 | 32% |  3% |
|  1 |  3% |  3% |
| ID | GPU | MEM |
------------------
|  0 | 32% |  3% |
|  1 |  3% |  3% |
| ID | GPU | MEM |
------------------
|  0 |  4% |  3% |
|  1 |  3% |  3% |
Test loop ended
Testing at - 100/170 of epoch 1, loss 0.627927, accuracy 65.489 %, best 65.489 %
| ID | GPU | MEM |
------------------
|  0 |  4% |  3% |
|  1 |  3% |  3% |
| ID | GPU | MEM |
------------------
|  0 |  9% |  3% |
|  1 |  3% |  3% |
| ID | GPU | MEM |
------------------
|  0 | 24% |  3% |
|  1 |  3% |  3% |
| ID | GPU | MEM |
------------------
|  0 | 24% |  3% |
|  1 |  3% |  3% |
| ID | GPU | MEM |
------------------
|  0 | 39% |  3% |
|  1 |  3% |  3% |
| ID | GPU | MEM |
------------------
|  0 | 53% |  3% |
|  1 |  2% |  3% |
| ID | GPU | MEM |
------------------
|  0 | 53% |  3% |
|  1 |  2% |  3% |
| ID | GPU | MEM |
------------------
|  0 | 45% |  3% |
|  1 |  2% |  3% |
| ID | GPU | MEM |
------------------
|  0 | 45% |  3% |
|  1 |  2% |  3% |
| ID | GPU | MEM |
------------------
|  0 | 44% |  3% |
|  1 |  2% |  3% |
| ID | GPU | MEM |
------------------
|  0 | 39% |  3% |
|  1 |  3% |  3% |
| ID | GPU | MEM |
------------------
|  0 | 39% |  3% |
|  1 |  3% |  3% |
| ID | GPU | MEM |
------------------
|  0 | 39% |  3% |
|  1 |  3% |  3% |
| ID | GPU | MEM |
------------------
|  0 | 49% |  3% |
|  1 |  2% |  3% |
| ID | GPU | MEM |
------------------
|  0 | 51% |  3% |
|  1 |  2% |  3% |
| ID | GPU | MEM |
------------------
|  0 | 53% |  3% |
|  1 |  2% |  3% |
| ID | GPU | MEM |
------------------
|  0 | 40% |  3% |
|  1 |  2% |  3% |
| ID | GPU | MEM |
------------------
|  0 | 39% |  3% |
|  1 |  2% |  3% |
| ID | GPU | MEM |
------------------
|  0 | 43% |  3% |
|  1 |  3% |  3% |
| ID | GPU | MEM |
------------------
|  0 | 43% |  3% |
|  1 |  3% |  3% |
| ID | GPU | MEM |
------------------
|  0 | 43% |  3% |
|  1 |  2% |  3% |
| ID | GPU | MEM |
------------------
|  0 | 40% |  3% |
|  1 |  3% |  3% |
| ID | GPU | MEM |
------------------
|  0 | 52% |  3% |
|  1 |  2% |  3% |
| ID | GPU | MEM |
------------------
|  0 | 51% |  3% |
|  1 |  2% |  3% |
| ID | GPU | MEM |
------------------
|  0 | 50% |  3% |
|  1 |  2% |  3% |
| ID | GPU | MEM |
------------------
|  0 | 38% |  3% |
|  1 |  2% |  3% |
| ID | GPU | MEM |
------------------
|  0 | 44% |  3% |
|  1 |  2% |  3% |
| ID | GPU | MEM |
------------------
|  0 | 38% |  3% |
|  1 |  3% |  3% |
| ID | GPU | MEM |
------------------
|  0 | 45% |  3% |
|  1 |  2% |  3% |
| ID | GPU | MEM |
------------------
|  0 | 45% |  3% |
|  1 |  2% |  3% |
| ID | GPU | MEM |
------------------
|  0 | 43% |  3% |
|  1 |  3% |  3% |
| ID | GPU | MEM |
------------------
|  0 | 51% |  3% |
|  1 |  2% |  3% |
| ID | GPU | MEM |
------------------
|  0 | 53% |  3% |
|  1 |  2% |  3% |
| ID | GPU | MEM |
------------------
|  0 | 47% |  3% |
|  1 |  2% |  3% |
| ID | GPU | MEM |
------------------
|  0 | 38% |  3% |
|  1 |  2% |  3% |
Finished training it 170/170 of epoch 1 and time taken 28.885912895202637, 67.25 ms/it, loss 0.610519, accuracy 66.567 %
DLRM_wrap_time 9.53, loss_fn_time 0.25, Backward_pass_time  9.17, Average_Grad_time 31.36, Optimizer_step_time 16.55
Finished epoch 1
| ID | GPU | MEM |
------------------
|  0 | 43% |  3% |
|  1 |  3% |  3% |
| ID | GPU | MEM |
------------------
|  0 | 43% |  3% |
|  1 |  3% |  3% |
| ID | GPU | MEM |
------------------
|  0 | 40% |  3% |
|  1 |  3% |  3% |
| ID | GPU | MEM |
------------------
|  0 | 50% |  3% |
|  1 |  2% |  3% |
| ID | GPU | MEM |
------------------
|  0 | 52% |  3% |
|  1 |  2% |  3% |
| ID | GPU | MEM |
------------------
|  0 | 47% |  3% |
|  1 |  2% |  3% |
| ID | GPU | MEM |
------------------
|  0 | 42% |  3% |
|  1 |  2% |  3% |
| ID | GPU | MEM |
------------------
|  0 | 39% |  3% |
|  1 |  2% |  3% |
| ID | GPU | MEM |
------------------
|  0 | 38% |  3% |
|  1 |  3% |  3% |
| ID | GPU | MEM |
------------------
|  0 | 48% |  3% |
|  1 |  2% |  3% |
| ID | GPU | MEM |
------------------
|  0 | 48% |  3% |
|  1 |  2% |  3% |
| ID | GPU | MEM |
------------------
|  0 | 40% |  3% |
|  1 |  3% |  3% |
| ID | GPU | MEM |
------------------
|  0 | 52% |  3% |
|  1 |  2% |  3% |
| ID | GPU | MEM |
------------------
|  0 | 49% |  3% |
|  1 |  2% |  3% |
| ID | GPU | MEM |
------------------
|  0 | 39% |  3% |
|  1 |  2% |  3% |
| ID | GPU | MEM |
------------------
|  0 | 39% |  3% |
|  1 |  2% |  3% |
| ID | GPU | MEM |
------------------
|  0 | 38% |  3% |
|  1 |  3% |  3% |
| ID | GPU | MEM |
------------------
|  0 | 49% |  3% |
|  1 |  2% |  3% |
| ID | GPU | MEM |
------------------
|  0 | 49% |  3% |
|  1 |  2% |  3% |
| ID | GPU | MEM |
------------------
|  0 | 38% |  3% |
|  1 |  3% |  3% |
| ID | GPU | MEM |
------------------
|  0 | 53% |  3% |
|  1 |  2% |  3% |
| ID | GPU | MEM |
------------------
|  0 | 51% |  3% |
|  1 |  2% |  3% |
| ID | GPU | MEM |
------------------
|  0 | 49% |  3% |
|  1 |  2% |  3% |
| ID | GPU | MEM |
------------------
|  0 | 43% |  3% |
|  1 |  2% |  3% |
| ID | GPU | MEM |
------------------
|  0 | 38% |  3% |
|  1 |  3% |  3% |
| ID | GPU | MEM |
------------------
|  0 | 44% |  3% |
|  1 |  2% |  3% |
| ID | GPU | MEM |
------------------
|  0 | 44% |  3% |
|  1 |  2% |  3% |
| ID | GPU | MEM |
------------------
|  0 | 43% |  3% |
|  1 |  3% |  3% |
| ID | GPU | MEM |
------------------
|  0 | 48% |  3% |
|  1 |  2% |  3% |
| ID | GPU | MEM |
------------------
|  0 | 56% |  3% |
|  1 |  2% |  3% |
| ID | GPU | MEM |
------------------
|  0 | 44% |  3% |
|  1 |  2% |  3% |
| ID | GPU | MEM |
------------------
|  0 | 43% |  3% |
|  1 |  2% |  3% |
| ID | GPU | MEM |
------------------
|  0 | 37% |  3% |
|  1 |  3% |  3% |
| ID | GPU | MEM |
------------------
|  0 | 44% |  3% |
|  1 |  3% |  3% |
| ID | GPU | MEM |
------------------
|  0 | 44% |  3% |
|  1 |  3% |  3% |
| ID | GPU | MEM |
------------------
|  0 | 43% |  3% |
|  1 |  3% |  3% |
| ID | GPU | MEM |
------------------
|  0 | 52% |  3% |
|  1 |  2% |  3% |
| ID | GPU | MEM |
------------------
|  0 | 43% |  3% |
|  1 |  2% |  3% |
| ID | GPU | MEM |
------------------
|  0 | 37% |  3% |
|  1 |  3% |  3% |
| ID | GPU | MEM |
------------------
|  0 | 44% |  3% |
|  1 |  3% |  3% |
| ID | GPU | MEM |
------------------
|  0 | 44% |  3% |
|  1 |  3% |  3% |
| ID | GPU | MEM |
------------------
|  0 | 40% |  3% |
|  1 |  2% |  3% |
| ID | GPU | MEM |
------------------
|  0 | 51% |  3% |
|  1 |  2% |  3% |
| ID | GPU | MEM |
------------------
|  0 | 52% |  3% |
|  1 |  2% |  3% |
| ID | GPU | MEM |
------------------
|  0 | 48% |  3% |
|  1 |  2% |  3% |
| ID | GPU | MEM |
------------------
|  0 | 46% |  3% |
|  1 |  2% |  3% |
| ID | GPU | MEM |
------------------
|  0 | 38% |  3% |
|  1 |  3% |  3% |
| ID | GPU | MEM |
------------------
|  0 | 42% |  3% |
|  1 |  2% |  3% |
| ID | GPU | MEM |
------------------
|  0 | 42% |  3% |
|  1 |  2% |  3% |
| ID | GPU | MEM |
------------------
|  0 | 39% |  3% |
|  1 |  3% |  3% |
Finished training it 100/170 of epoch 2 and time taken 36.39276480674744, 67.35 ms/it, loss 0.622392, accuracy 65.635 %
DLRM_wrap_time 8.93, loss_fn_time 0.25, Backward_pass_time  8.62, Average_Grad_time 32.06, Optimizer_step_time 17.09
Starting Test loop
| ID | GPU | MEM |
------------------
|  0 | 49% |  3% |
|  1 |  2% |  3% |
| ID | GPU | MEM |
------------------
|  0 | 31% |  3% |
|  1 |  2% |  3% |
| ID | GPU | MEM |
------------------
|  0 | 31% |  3% |
|  1 |  2% |  3% |
| ID | GPU | MEM |
------------------
|  0 |  4% |  3% |
|  1 |  4% |  3% |
Test loop ended
Testing at - 100/170 of epoch 2, loss 0.635303, accuracy 62.292 %, best 65.489 %
| ID | GPU | MEM |
------------------
|  0 |  3% |  3% |
|  1 |  3% |  3% |
| ID | GPU | MEM |
------------------
|  0 | 42% |  3% |
|  1 |  2% |  3% |
| ID | GPU | MEM |
------------------
|  0 | 43% |  3% |
|  1 |  2% |  3% |
| ID | GPU | MEM |
------------------
|  0 | 43% |  3% |
|  1 |  3% |  3% |
| ID | GPU | MEM |
------------------
|  0 | 44% |  3% |
|  1 |  2% |  3% |
| ID | GPU | MEM |
------------------
|  0 | 47% |  3% |
|  1 |  2% |  3% |
| ID | GPU | MEM |
------------------
|  0 | 48% |  3% |
|  1 |  2% |  3% |
| ID | GPU | MEM |
------------------
|  0 | 51% |  3% |
|  1 |  2% |  3% |
| ID | GPU | MEM |
------------------
|  0 | 41% |  3% |
|  1 |  2% |  3% |
| ID | GPU | MEM |
------------------
|  0 | 43% |  3% |
|  1 |  2% |  3% |
| ID | GPU | MEM |
------------------
|  0 | 39% |  3% |
|  1 |  3% |  3% |
| ID | GPU | MEM |
------------------
|  0 | 43% |  3% |
|  1 |  3% |  3% |
| ID | GPU | MEM |
------------------
|  0 | 43% |  3% |
|  1 |  3% |  3% |
| ID | GPU | MEM |
------------------
|  0 | 44% |  3% |
|  1 |  2% |  3% |
| ID | GPU | MEM |
------------------
|  0 | 50% |  3% |
|  1 |  2% |  3% |
| ID | GPU | MEM |
------------------
|  0 | 56% |  3% |
|  1 |  2% |  3% |
| ID | GPU | MEM |
------------------
|  0 | 41% |  3% |
|  1 |  2% |  3% |
| ID | GPU | MEM |
------------------
|  0 | 45% |  3% |
|  1 |  2% |  3% |
| ID | GPU | MEM |
------------------
|  0 | 38% |  3% |
|  1 |  3% |  3% |
| ID | GPU | MEM |
------------------
|  0 | 44% |  3% |
|  1 |  3% |  3% |
| ID | GPU | MEM |
------------------
|  0 | 44% |  3% |
|  1 |  3% |  3% |
| ID | GPU | MEM |
------------------
|  0 | 41% |  3% |
|  1 |  2% |  3% |
| ID | GPU | MEM |
------------------
|  0 | 52% |  3% |
|  1 |  2% |  3% |
| ID | GPU | MEM |
------------------
|  0 | 51% |  3% |
|  1 |  2% |  3% |
| ID | GPU | MEM |
------------------
|  0 | 47% |  3% |
|  1 |  2% |  3% |
| ID | GPU | MEM |
------------------
|  0 | 36% |  3% |
|  1 |  3% |  3% |
| ID | GPU | MEM |
------------------
|  0 | 47% |  3% |
|  1 |  2% |  3% |
| ID | GPU | MEM |
------------------
|  0 | 46% |  3% |
|  1 |  2% |  3% |
| ID | GPU | MEM |
------------------
|  0 | 46% |  3% |
|  1 |  3% |  3% |
| ID | GPU | MEM |
------------------
|  0 | 47% |  3% |
|  1 |  2% |  3% |
| ID | GPU | MEM |
------------------
|  0 | 52% |  3% |
|  1 |  2% |  3% |
| ID | GPU | MEM |
------------------
|  0 | 54% |  3% |
|  1 |  2% |  3% |
| ID | GPU | MEM |
------------------
|  0 | 41% |  3% |
|  1 |  2% |  3% |
| ID | GPU | MEM |
------------------
|  0 | 40% |  3% |
|  1 |  3% |  3% |
| ID | GPU | MEM |
------------------
|  0 | 43% |  3% |
|  1 |  3% |  3% |
Finished training it 170/170 of epoch 2 and time taken 41.97582936286926, 66.31 ms/it, loss 0.590649, accuracy 68.778 %
DLRM_wrap_time 8.76, loss_fn_time 0.24, Backward_pass_time  7.91, Average_Grad_time 32.62, Optimizer_step_time 16.36
Finished epoch 2
| ID | GPU | MEM |
------------------
|  0 | 43% |  3% |
|  1 |  3% |  3% |
| ID | GPU | MEM |
------------------
|  0 | 24% |  3% |
|  1 |  3% |  3% |
| ID | GPU | MEM |
------------------
|  0 | 24% |  3% |
|  1 |  3% |  3% |
| ID | GPU | MEM |
------------------
|  0 | 31% |  3% |
|  1 |  3% |  3% |
| ID | GPU | MEM |
------------------
|  0 | 53% |  3% |
|  1 |  2% |  3% |
| ID | GPU | MEM |
------------------
|  0 | 51% |  3% |
|  1 |  2% |  3% |
| ID | GPU | MEM |
------------------
|  0 | 42% |  3% |
|  1 |  2% |  3% |
| ID | GPU | MEM |
------------------
|  0 | 43% |  3% |
|  1 |  3% |  3% |
| ID | GPU | MEM |
------------------
|  0 | 40% |  3% |
|  1 |  2% |  3% |
| ID | GPU | MEM |
------------------
|  0 | 49% |  3% |
|  1 |  2% |  3% |
| ID | GPU | MEM |
------------------
|  0 | 49% |  3% |
|  1 |  3% |  3% |
| ID | GPU | MEM |
------------------
|  0 | 40% |  3% |
|  1 |  2% |  3% |
| ID | GPU | MEM |
------------------
|  0 | 53% |  3% |
|  1 |  2% |  3% |
| ID | GPU | MEM |
------------------
|  0 | 51% |  3% |
|  1 |  2% |  3% |
| ID | GPU | MEM |
------------------
|  0 | 49% |  3% |
|  1 |  2% |  3% |
| ID | GPU | MEM |
------------------
|  0 | 34% |  3% |
|  1 |  3% |  3% |
| ID | GPU | MEM |
------------------
|  0 | 44% |  3% |
|  1 |  3% |  3% |
| ID | GPU | MEM |
------------------
|  0 | 44% |  3% |
|  1 |  3% |  3% |
| ID | GPU | MEM |
------------------
|  0 | 40% |  3% |
|  1 |  3% |  3% |
| ID | GPU | MEM |
------------------
|  0 | 45% |  3% |
|  1 |  2% |  3% |
| ID | GPU | MEM |
------------------
|  0 | 51% |  3% |
|  1 |  2% |  3% |
| ID | GPU | MEM |
------------------
|  0 | 50% |  3% |
|  1 |  2% |  3% |
| ID | GPU | MEM |
------------------
|  0 | 46% |  3% |
|  1 |  2% |  3% |
| ID | GPU | MEM |
------------------
|  0 | 38% |  3% |
|  1 |  3% |  3% |
| ID | GPU | MEM |
------------------
|  0 | 38% |  3% |
|  1 |  3% |  3% |
| ID | GPU | MEM |
------------------
|  0 | 45% |  3% |
|  1 |  3% |  3% |
| ID | GPU | MEM |
------------------
|  0 | 45% |  3% |
|  1 |  3% |  3% |
| ID | GPU | MEM |
------------------
|  0 | 40% |  3% |
|  1 |  2% |  3% |
| ID | GPU | MEM |
------------------
|  0 | 50% |  3% |
|  1 |  2% |  3% |
| ID | GPU | MEM |
------------------
|  0 | 51% |  3% |
|  1 |  2% |  3% |
| ID | GPU | MEM |
------------------
|  0 | 42% |  3% |
|  1 |  2% |  3% |
| ID | GPU | MEM |
------------------
|  0 | 43% |  3% |
|  1 |  3% |  3% |
| ID | GPU | MEM |
------------------
|  0 | 37% |  3% |
|  1 |  3% |  3% |
| ID | GPU | MEM |
------------------
|  0 | 49% |  3% |
|  1 |  3% |  3% |
| ID | GPU | MEM |
------------------
|  0 | 49% |  3% |
|  1 |  2% |  3% |
| ID | GPU | MEM |
------------------
|  0 | 39% |  3% |
|  1 |  2% |  3% |
| ID | GPU | MEM |
------------------
|  0 | 52% |  3% |
|  1 |  2% |  3% |
| ID | GPU | MEM |
------------------
|  0 | 52% |  3% |
|  1 |  2% |  3% |
| ID | GPU | MEM |
------------------
|  0 | 41% |  3% |
|  1 |  2% |  3% |
| ID | GPU | MEM |
------------------
|  0 | 35% |  3% |
|  1 |  3% |  3% |
| ID | GPU | MEM |
------------------
|  0 | 41% |  3% |
|  1 |  3% |  3% |
| ID | GPU | MEM |
------------------
|  0 | 41% |  3% |
|  1 |  3% |  3% |
| ID | GPU | MEM |
------------------
|  0 | 41% |  3% |
|  1 |  2% |  3% |
| ID | GPU | MEM |
------------------
|  0 | 53% |  3% |
|  1 |  2% |  3% |
| ID | GPU | MEM |
------------------
|  0 | 50% |  3% |
|  1 |  2% |  3% |
| ID | GPU | MEM |
------------------
|  0 | 43% |  3% |
|  1 |  2% |  3% |
| ID | GPU | MEM |
------------------
|  0 | 42% |  3% |
|  1 |  3% |  3% |
| ID | GPU | MEM |
------------------
|  0 | 39% |  3% |
|  1 |  3% |  3% |
| ID | GPU | MEM |
------------------
|  0 | 47% |  3% |
|  1 |  3% |  3% |
| ID | GPU | MEM |
------------------
|  0 | 47% |  3% |
|  1 |  2% |  3% |
Finished training it 100/170 of epoch 3 and time taken 49.42222809791565, 66.57 ms/it, loss 0.586202, accuracy 69.246 %
DLRM_wrap_time 9.26, loss_fn_time 0.25, Backward_pass_time  9.00, Average_Grad_time 30.98, Optimizer_step_time 16.68
Starting Test loop
| ID | GPU | MEM |
------------------
|  0 | 47% |  3% |
|  1 |  2% |  3% |
| ID | GPU | MEM |
------------------
|  0 | 19% |  3% |
|  1 |  3% |  3% |
| ID | GPU | MEM |
------------------
|  0 | 19% |  3% |
|  1 |  3% |  3% |
Test loop ended
Testing at - 100/170 of epoch 3, loss 0.519866, accuracy 78.241 %, best 78.241 %
| ID | GPU | MEM |
------------------
|  0 |  5% |  3% |
|  1 |  3% |  3% |
| ID | GPU | MEM |
------------------
|  0 | 10% |  3% |
|  1 |  3% |  3% |
| ID | GPU | MEM |
------------------
|  0 | 50% |  3% |
|  1 |  4% |  3% |
| ID | GPU | MEM |
------------------
|  0 | 50% |  3% |
|  1 |  2% |  3% |
| ID | GPU | MEM |
------------------
|  0 | 43% |  3% |
|  1 |  2% |  3% |
| ID | GPU | MEM |
------------------
|  0 | 51% |  3% |
|  1 |  2% |  3% |
| ID | GPU | MEM |
------------------
|  0 | 50% |  3% |
|  1 |  2% |  3% |
| ID | GPU | MEM |
------------------
|  0 | 38% |  3% |
|  1 |  3% |  3% |
| ID | GPU | MEM |
------------------
|  0 | 43% |  3% |
|  1 |  2% |  3% |
| ID | GPU | MEM |
------------------
|  0 | 40% |  3% |
|  1 |  2% |  3% |
| ID | GPU | MEM |
------------------
|  0 | 45% |  3% |
|  1 |  3% |  3% |
| ID | GPU | MEM |
------------------
|  0 | 45% |  3% |
|  1 |  2% |  3% |
| ID | GPU | MEM |
------------------
|  0 | 48% |  3% |
|  1 |  2% |  3% |
| ID | GPU | MEM |
------------------
|  0 | 52% |  3% |
|  1 |  2% |  3% |
| ID | GPU | MEM |
------------------
|  0 | 49% |  3% |
|  1 |  2% |  3% |
| ID | GPU | MEM |
------------------
|  0 | 42% |  3% |
|  1 |  3% |  3% |
| ID | GPU | MEM |
------------------
|  0 | 35% |  3% |
|  1 |  3% |  3% |
| ID | GPU | MEM |
------------------
|  0 | 45% |  3% |
|  1 |  3% |  3% |
| ID | GPU | MEM |
------------------
|  0 | 45% |  3% |
|  1 |  3% |  3% |
| ID | GPU | MEM |
------------------
|  0 | 44% |  3% |
|  1 |  2% |  3% |
| ID | GPU | MEM |
------------------
|  0 | 50% |  3% |
|  1 |  2% |  3% |
| ID | GPU | MEM |
------------------
|  0 | 58% |  3% |
|  1 |  2% |  3% |
| ID | GPU | MEM |
------------------
|  0 | 43% |  3% |
|  1 |  3% |  3% |
| ID | GPU | MEM |
------------------
|  0 | 44% |  3% |
|  1 |  3% |  3% |
| ID | GPU | MEM |
------------------
|  0 | 45% |  3% |
|  1 |  2% |  3% |
| ID | GPU | MEM |
------------------
|  0 | 45% |  3% |
|  1 |  3% |  3% |
| ID | GPU | MEM |
------------------
|  0 | 41% |  3% |
|  1 |  2% |  3% |
| ID | GPU | MEM |
------------------
|  0 | 57% |  3% |
|  1 |  2% |  3% |
| ID | GPU | MEM |
------------------
|  0 | 52% |  3% |
|  1 |  2% |  3% |
| ID | GPU | MEM |
------------------
|  0 | 47% |  3% |
|  1 |  3% |  3% |
| ID | GPU | MEM |
------------------
|  0 | 43% |  3% |
|  1 |  2% |  3% |
| ID | GPU | MEM |
------------------
|  0 | 38% |  3% |
|  1 |  2% |  3% |
| ID | GPU | MEM |
------------------
|  0 | 48% |  3% |
|  1 |  3% |  3% |
| ID | GPU | MEM |
------------------
|  0 | 48% |  3% |
|  1 |  2% |  3% |
| ID | GPU | MEM |
------------------
|  0 | 44% |  3% |
|  1 |  2% |  3% |
Finished training it 170/170 of epoch 3 and time taken 54.93743562698364, 65.70 ms/it, loss 0.558178, accuracy 70.582 %
DLRM_wrap_time 8.97, loss_fn_time 0.24, Backward_pass_time  8.52, Average_Grad_time 32.82, Optimizer_step_time 14.74
Finished epoch 3
| ID | GPU | MEM |
------------------
|  0 | 53% |  3% |
|  1 |  2% |  3% |
| ID | GPU | MEM |
------------------
|  0 | 43% |  3% |
|  1 |  3% |  3% |
| ID | GPU | MEM |
------------------
|  0 | 45% |  3% |
|  1 |  3% |  3% |
| ID | GPU | MEM |
------------------
|  0 | 42% |  3% |
|  1 |  2% |  3% |
| ID | GPU | MEM |
------------------
|  0 | 45% |  3% |
|  1 |  3% |  3% |
| ID | GPU | MEM |
------------------
|  0 | 45% |  3% |
|  1 |  2% |  3% |
| ID | GPU | MEM |
------------------
|  0 | 50% |  3% |
|  1 |  2% |  3% |
| ID | GPU | MEM |
------------------
|  0 | 50% |  3% |
|  1 |  2% |  3% |
| ID | GPU | MEM |
------------------
|  0 | 53% |  3% |
|  1 |  2% |  3% |
| ID | GPU | MEM |
------------------
|  0 | 40% |  3% |
|  1 |  3% |  3% |
| ID | GPU | MEM |
------------------
|  0 | 40% |  3% |
|  1 |  2% |  3% |
| ID | GPU | MEM |
------------------
|  0 | 41% |  3% |
|  1 |  2% |  3% |
| ID | GPU | MEM |
------------------
|  0 | 41% |  3% |
|  1 |  3% |  3% |
| ID | GPU | MEM |
------------------
|  0 | 43% |  3% |
|  1 |  2% |  3% |
| ID | GPU | MEM |
------------------
|  0 | 53% |  3% |
|  1 |  2% |  3% |
| ID | GPU | MEM |
------------------
|  0 | 52% |  3% |
|  1 |  2% |  3% |
| ID | GPU | MEM |
------------------
|  0 | 49% |  3% |
|  1 |  2% |  3% |
| ID | GPU | MEM |
------------------
|  0 | 45% |  3% |
|  1 |  3% |  3% |
| ID | GPU | MEM |
------------------
|  0 | 34% |  3% |
|  1 |  3% |  3% |
| ID | GPU | MEM |
------------------
|  0 | 46% |  3% |
|  1 |  3% |  3% |
| ID | GPU | MEM |
------------------
|  0 | 44% |  3% |
|  1 |  2% |  3% |
| ID | GPU | MEM |
------------------
|  0 | 44% |  3% |
|  1 |  2% |  3% |
| ID | GPU | MEM |
------------------
|  0 | 47% |  3% |
|  1 |  2% |  3% |
| ID | GPU | MEM |
------------------
|  0 | 58% |  3% |
|  1 |  2% |  3% |
| ID | GPU | MEM |
------------------
|  0 | 45% |  3% |
|  1 |  3% |  3% |
| ID | GPU | MEM |
------------------
|  0 | 36% |  3% |
|  1 |  3% |  3% |
| ID | GPU | MEM |
------------------
|  0 | 41% |  3% |
|  1 |  2% |  3% |
| ID | GPU | MEM |
------------------
|  0 | 41% |  3% |
|  1 |  3% |  3% |
| ID | GPU | MEM |
------------------
|  0 | 44% |  3% |
|  1 |  2% |  3% |
| ID | GPU | MEM |
------------------
|  0 | 55% |  3% |
|  1 |  2% |  3% |
| ID | GPU | MEM |
------------------
|  0 | 55% |  3% |
|  1 |  2% |  3% |
| ID | GPU | MEM |
------------------
|  0 | 46% |  3% |
|  1 |  2% |  3% |
| ID | GPU | MEM |
------------------
|  0 | 39% |  3% |
|  1 |  3% |  3% |
| ID | GPU | MEM |
------------------
|  0 | 36% |  3% |
|  1 |  3% |  3% |
| ID | GPU | MEM |
------------------
|  0 | 47% |  3% |
|  1 |  3% |  3% |
| ID | GPU | MEM |
------------------
|  0 | 47% |  3% |
|  1 |  2% |  3% |
| ID | GPU | MEM |
------------------
|  0 | 42% |  3% |
|  1 |  2% |  3% |
| ID | GPU | MEM |
------------------
|  0 | 50% |  3% |
|  1 |  2% |  3% |
| ID | GPU | MEM |
------------------
|  0 | 52% |  3% |
|  1 |  2% |  3% |
| ID | GPU | MEM |
------------------
|  0 | 51% |  3% |
|  1 |  2% |  3% |
| ID | GPU | MEM |
------------------
|  0 | 39% |  3% |
|  1 |  3% |  3% |
| ID | GPU | MEM |
------------------
|  0 | 43% |  3% |
|  1 |  3% |  3% |
| ID | GPU | MEM |
------------------
|  0 | 43% |  3% |
|  1 |  3% |  3% |
| ID | GPU | MEM |
------------------
|  0 | 43% |  3% |
|  1 |  2% |  3% |
| ID | GPU | MEM |
------------------
|  0 | 44% |  3% |
|  1 |  2% |  3% |
| ID | GPU | MEM |
------------------
|  0 | 52% |  3% |
|  1 |  2% |  3% |
| ID | GPU | MEM |
------------------
|  0 | 52% |  3% |
|  1 |  2% |  3% |
| ID | GPU | MEM |
------------------
|  0 | 42% |  3% |
|  1 |  3% |  3% |
| ID | GPU | MEM |
------------------
|  0 | 40% |  3% |
|  1 |  3% |  3% |
| ID | GPU | MEM |
------------------
|  0 | 48% |  3% |
|  1 |  3% |  3% |
Finished training it 100/170 of epoch 4 and time taken 62.41628885269165, 67.06 ms/it, loss 0.564059, accuracy 69.998 %
DLRM_wrap_time 8.93, loss_fn_time 0.24, Backward_pass_time  8.30, Average_Grad_time 33.44, Optimizer_step_time 15.72
Starting Test loop
| ID | GPU | MEM |
------------------
|  0 | 48% |  3% |
|  1 |  2% |  3% |
| ID | GPU | MEM |
------------------
|  0 | 43% |  3% |
|  1 |  2% |  3% |
| ID | GPU | MEM |
------------------
|  0 |  3% |  3% |
|  1 |  2% |  3% |
| ID | GPU | MEM |
------------------
|  0 |  3% |  3% |
|  1 |  4% |  3% |
Test loop ended
Testing at - 100/170 of epoch 4, loss 0.499550, accuracy 75.993 %, best 78.241 %
| ID | GPU | MEM |
------------------
|  0 |  4% |  3% |
|  1 |  3% |  3% |
| ID | GPU | MEM |
------------------
|  0 | 30% |  3% |
|  1 |  3% |  3% |
| ID | GPU | MEM |
------------------
|  0 | 30% |  3% |
|  1 |  2% |  3% |
| ID | GPU | MEM |
------------------
|  0 | 41% |  3% |
|  1 |  2% |  3% |
| ID | GPU | MEM |
------------------
|  0 | 50% |  3% |
|  1 |  2% |  3% |
| ID | GPU | MEM |
------------------
|  0 | 44% |  3% |
|  1 |  3% |  3% |
| ID | GPU | MEM |
------------------
|  0 | 38% |  3% |
|  1 |  2% |  3% |
| ID | GPU | MEM |
------------------
|  0 | 35% |  3% |
|  1 |  2% |  3% |
| ID | GPU | MEM |
------------------
|  0 | 46% |  3% |
|  1 |  3% |  3% |
| ID | GPU | MEM |
------------------
|  0 | 46% |  3% |
|  1 |  2% |  3% |
| ID | GPU | MEM |
------------------
|  0 | 41% |  3% |
|  1 |  2% |  3% |
| ID | GPU | MEM |
------------------
|  0 | 48% |  3% |
|  1 |  2% |  3% |
| ID | GPU | MEM |
------------------
|  0 | 51% |  3% |
|  1 |  2% |  3% |
| ID | GPU | MEM |
------------------
|  0 | 51% |  3% |
|  1 |  2% |  3% |
| ID | GPU | MEM |
------------------
|  0 | 43% |  3% |
|  1 |  3% |  3% |
| ID | GPU | MEM |
------------------
|  0 | 36% |  3% |
|  1 |  3% |  3% |
| ID | GPU | MEM |
------------------
|  0 | 42% |  3% |
|  1 |  3% |  3% |
| ID | GPU | MEM |
------------------
|  0 | 43% |  3% |
|  1 |  3% |  3% |
| ID | GPU | MEM |
------------------
|  0 | 43% |  3% |
|  1 |  2% |  3% |
| ID | GPU | MEM |
------------------
|  0 | 39% |  3% |
|  1 |  2% |  3% |
| ID | GPU | MEM |
------------------
|  0 | 48% |  3% |
|  1 |  2% |  3% |
| ID | GPU | MEM |
------------------
|  0 | 50% |  3% |
|  1 |  2% |  3% |
| ID | GPU | MEM |
------------------
|  0 | 43% |  3% |
|  1 |  3% |  3% |
| ID | GPU | MEM |
------------------
|  0 | 34% |  3% |
|  1 |  3% |  3% |
| ID | GPU | MEM |
------------------
|  0 | 44% |  3% |
|  1 |  2% |  3% |
| ID | GPU | MEM |
------------------
|  0 | 39% |  3% |
|  1 |  3% |  3% |
| ID | GPU | MEM |
------------------
|  0 | 39% |  3% |
|  1 |  2% |  3% |
| ID | GPU | MEM |
------------------
|  0 | 46% |  3% |
|  1 |  2% |  3% |
| ID | GPU | MEM |
------------------
|  0 | 40% |  3% |
|  1 |  2% |  3% |
| ID | GPU | MEM |
------------------
|  0 | 50% |  3% |
|  1 |  2% |  3% |
| ID | GPU | MEM |
------------------
|  0 | 49% |  3% |
|  1 |  3% |  3% |
| ID | GPU | MEM |
------------------
|  0 | 45% |  3% |
|  1 |  3% |  3% |
| ID | GPU | MEM |
------------------
|  0 | 37% |  3% |
|  1 |  3% |  3% |
| ID | GPU | MEM |
------------------
|  0 | 38% |  3% |
|  1 |  3% |  3% |
| ID | GPU | MEM |
------------------
|  0 | 44% |  3% |
|  1 |  2% |  3% |
Finished training it 170/170 of epoch 4 and time taken 68.07510638237, 67.99 ms/it, loss 0.555558, accuracy 69.993 %
DLRM_wrap_time 10.27, loss_fn_time 0.26, Backward_pass_time  9.18, Average_Grad_time 31.77, Optimizer_step_time 16.06
Finished epoch 4
| ID | GPU | MEM |
------------------
|  0 | 44% |  3% |
|  1 |  2% |  3% |
| ID | GPU | MEM |
------------------
|  0 | 52% |  3% |
|  1 |  2% |  3% |
| ID | GPU | MEM |
------------------
|  0 | 50% |  3% |
|  1 |  2% |  3% |
| ID | GPU | MEM |
------------------
|  0 | 49% |  3% |
|  1 |  3% |  3% |
| ID | GPU | MEM |
------------------
|  0 | 42% |  3% |
|  1 |  2% |  3% |
| ID | GPU | MEM |
------------------
|  0 | 38% |  3% |
|  1 |  2% |  3% |
| ID | GPU | MEM |
------------------
|  0 | 40% |  3% |
|  1 |  3% |  3% |
| ID | GPU | MEM |
------------------
|  0 | 48% |  3% |
|  1 |  2% |  3% |
| ID | GPU | MEM |
------------------
|  0 | 48% |  3% |
|  1 |  2% |  3% |
| ID | GPU | MEM |
------------------
|  0 | 38% |  3% |
|  1 |  2% |  3% |
| ID | GPU | MEM |
------------------
|  0 | 56% |  3% |
|  1 |  2% |  3% |
| ID | GPU | MEM |
------------------
|  0 | 52% |  3% |
|  1 |  3% |  3% |
| ID | GPU | MEM |
------------------
|  0 | 46% |  3% |
|  1 |  2% |  3% |
| ID | GPU | MEM |
------------------
|  0 | 37% |  3% |
|  1 |  2% |  3% |
| ID | GPU | MEM |
------------------
|  0 | 38% |  3% |
|  1 |  3% |  3% |
| ID | GPU | MEM |
------------------
|  0 | 49% |  3% |
|  1 |  2% |  3% |
| ID | GPU | MEM |
------------------
|  0 | 49% |  3% |
|  1 |  2% |  3% |
| ID | GPU | MEM |
------------------
|  0 | 39% |  3% |
|  1 |  2% |  3% |
| ID | GPU | MEM |
------------------
|  0 | 49% |  3% |
|  1 |  2% |  3% |
| ID | GPU | MEM |
------------------
|  0 | 53% |  3% |
|  1 |  2% |  3% |
| ID | GPU | MEM |
------------------
|  0 | 47% |  3% |
|  1 |  2% |  3% |
| ID | GPU | MEM |
------------------
|  0 | 42% |  3% |
|  1 |  3% |  3% |
| ID | GPU | MEM |
------------------
|  0 | 37% |  3% |
|  1 |  3% |  3% |
| ID | GPU | MEM |
------------------
|  0 | 44% |  3% |
|  1 |  3% |  3% |
| ID | GPU | MEM |
------------------
|  0 | 39% |  3% |
|  1 |  2% |  3% |
| ID | GPU | MEM |
------------------
|  0 | 43% |  3% |
|  1 |  2% |  3% |
| ID | GPU | MEM |
------------------
|  0 | 43% |  3% |
|  1 |  2% |  3% |
| ID | GPU | MEM |
------------------
|  0 | 40% |  3% |
|  1 |  2% |  3% |
| ID | GPU | MEM |
------------------
|  0 | 44% |  3% |
|  1 |  2% |  3% |
| ID | GPU | MEM |
------------------
|  0 | 44% |  3% |
|  1 |  3% |  3% |
| ID | GPU | MEM |
------------------
|  0 | 43% |  3% |
|  1 |  2% |  3% |
| ID | GPU | MEM |
------------------
|  0 | 49% |  3% |
|  1 |  2% |  3% |
| ID | GPU | MEM |
------------------
|  0 | 53% |  3% |
|  1 |  2% |  3% |
| ID | GPU | MEM |
------------------
|  0 | 54% |  3% |
|  1 |  3% |  3% |
| ID | GPU | MEM |
------------------
|  0 | 46% |  3% |
|  1 |  2% |  3% |
| ID | GPU | MEM |
------------------
|  0 | 38% |  3% |
|  1 |  2% |  3% |
| ID | GPU | MEM |
------------------
|  0 | 44% |  3% |
|  1 |  3% |  3% |
| ID | GPU | MEM |
------------------
|  0 | 41% |  3% |
|  1 |  2% |  3% |
| ID | GPU | MEM |
------------------
|  0 | 41% |  3% |
|  1 |  2% |  3% |
| ID | GPU | MEM |
------------------
|  0 | 46% |  3% |
|  1 |  2% |  3% |
| ID | GPU | MEM |
------------------
|  0 | 53% |  3% |
|  1 |  2% |  3% |
| ID | GPU | MEM |
------------------
|  0 | 56% |  3% |
|  1 |  3% |  3% |
| ID | GPU | MEM |
------------------
|  0 | 48% |  3% |
|  1 |  2% |  3% |
| ID | GPU | MEM |
------------------
|  0 | 39% |  3% |
|  1 |  2% |  3% |
| ID | GPU | MEM |
------------------
|  0 | 43% |  3% |
|  1 |  3% |  3% |
| ID | GPU | MEM |
------------------
|  0 | 41% |  3% |
|  1 |  2% |  3% |
| ID | GPU | MEM |
------------------
|  0 | 41% |  3% |
|  1 |  2% |  3% |
| ID | GPU | MEM |
------------------
|  0 | 41% |  3% |
|  1 |  2% |  3% |
| ID | GPU | MEM |
------------------
|  0 | 48% |  3% |
|  1 |  2% |  3% |
| ID | GPU | MEM |
------------------
|  0 | 57% |  3% |
|  1 |  3% |  3% |
| ID | GPU | MEM |
------------------
|  0 | 52% |  3% |
|  1 |  3% |  3% |
Finished training it 100/170 of epoch 5 and time taken 75.6901626586914, 68.31 ms/it, loss 0.538370, accuracy 71.383 %
DLRM_wrap_time 9.78, loss_fn_time 0.25, Backward_pass_time  8.32, Average_Grad_time 33.25, Optimizer_step_time 16.26
Starting Test loop
| ID | GPU | MEM |
------------------
|  0 | 40% |  3% |
|  1 |  3% |  3% |
| ID | GPU | MEM |
------------------
|  0 | 40% |  3% |
|  1 |  3% |  3% |
| ID | GPU | MEM |
------------------
|  0 |  4% |  3% |
|  1 |  3% |  3% |
Test loop ended
Testing at - 100/170 of epoch 5, loss 0.818349, accuracy 51.507 %, best 78.241 %
| ID | GPU | MEM |
------------------
|  0 |  3% |  3% |
|  1 |  3% |  3% |
| ID | GPU | MEM |
------------------
|  0 |  3% |  3% |
|  1 |  3% |  3% |
| ID | GPU | MEM |
------------------
|  0 | 14% |  3% |
|  1 |  3% |  3% |
| ID | GPU | MEM |
------------------
|  0 | 20% |  3% |
|  1 |  3% |  3% |
| ID | GPU | MEM |
------------------
|  0 | 20% |  3% |
|  1 |  3% |  3% |
| ID | GPU | MEM |
------------------
|  0 | 47% |  3% |
|  1 |  2% |  3% |
| ID | GPU | MEM |
------------------
|  0 | 43% |  3% |
|  1 |  2% |  3% |
| ID | GPU | MEM |
------------------
|  0 | 36% |  3% |
|  1 |  3% |  3% |
| ID | GPU | MEM |
------------------
|  0 | 47% |  3% |
|  1 |  2% |  3% |
| ID | GPU | MEM |
------------------
|  0 | 47% |  3% |
|  1 |  3% |  3% |
| ID | GPU | MEM |
------------------
|  0 | 43% |  3% |
|  1 |  3% |  3% |
| ID | GPU | MEM |
------------------
|  0 | 55% |  3% |
|  1 |  2% |  3% |
| ID | GPU | MEM |
------------------
|  0 | 44% |  3% |
|  1 |  3% |  3% |
| ID | GPU | MEM |
------------------
|  0 | 36% |  3% |
|  1 |  3% |  3% |
| ID | GPU | MEM |
------------------
|  0 | 42% |  3% |
|  1 |  2% |  3% |
| ID | GPU | MEM |
------------------
|  0 | 42% |  3% |
|  1 |  2% |  3% |
| ID | GPU | MEM |
------------------
|  0 | 43% |  3% |
|  1 |  3% |  3% |
| ID | GPU | MEM |
------------------
|  0 | 52% |  3% |
|  1 |  2% |  3% |
| ID | GPU | MEM |
------------------
|  0 | 46% |  3% |
|  1 |  3% |  3% |
| ID | GPU | MEM |
------------------
|  0 | 34% |  3% |
|  1 |  3% |  3% |
| ID | GPU | MEM |
------------------
|  0 | 41% |  3% |
|  1 |  2% |  3% |
| ID | GPU | MEM |
------------------
|  0 | 41% |  3% |
|  1 |  3% |  3% |
| ID | GPU | MEM |
------------------
|  0 | 42% |  3% |
|  1 |  3% |  3% |
| ID | GPU | MEM |
------------------
|  0 | 55% |  3% |
|  1 |  2% |  3% |
| ID | GPU | MEM |
------------------
|  0 | 40% |  3% |
|  1 |  2% |  3% |
| ID | GPU | MEM |
------------------
|  0 | 35% |  3% |
|  1 |  3% |  3% |
| ID | GPU | MEM |
------------------
|  0 | 38% |  3% |
|  1 |  2% |  3% |
| ID | GPU | MEM |
------------------
|  0 | 38% |  3% |
|  1 |  3% |  3% |
| ID | GPU | MEM |
------------------
|  0 | 51% |  3% |
|  1 |  2% |  3% |
| ID | GPU | MEM |
------------------
|  0 | 45% |  3% |
|  1 |  3% |  3% |
| ID | GPU | MEM |
------------------
|  0 | 32% |  3% |
|  1 |  3% |  3% |
| ID | GPU | MEM |
------------------
|  0 | 41% |  3% |
|  1 |  2% |  3% |
| ID | GPU | MEM |
------------------
|  0 | 41% |  3% |
|  1 |  3% |  3% |
| ID | GPU | MEM |
------------------
|  0 | 45% |  3% |
|  1 |  2% |  3% |
| ID | GPU | MEM |
------------------
|  0 | 50% |  3% |
|  1 |  2% |  3% |
| ID | GPU | MEM |
------------------
|  0 | 33% |  3% |
|  1 |  2% |  3% |
Finished training it 170/170 of epoch 5 and time taken 80.94467282295227, 63.44 ms/it, loss 0.535714, accuracy 71.661 %
DLRM_wrap_time 8.93, loss_fn_time 0.25, Backward_pass_time  24.31, Average_Grad_time 27.40, Optimizer_step_time 2.21
Finished epoch 5
| ID | GPU | MEM |
------------------
|  0 | 38% |  3% |
|  1 |  3% |  3% |
| ID | GPU | MEM |
------------------
|  0 | 38% |  3% |
|  1 |  2% |  3% |
| ID | GPU | MEM |
------------------
|  0 | 45% |  3% |
|  1 |  3% |  3% |
| ID | GPU | MEM |
------------------
|  0 | 52% |  3% |
|  1 |  2% |  3% |
| ID | GPU | MEM |
------------------
|  0 | 41% |  3% |
|  1 |  3% |  3% |
| ID | GPU | MEM |
------------------
|  0 | 42% |  3% |
|  1 |  3% |  3% |
| ID | GPU | MEM |
------------------
|  0 | 41% |  3% |
|  1 |  2% |  3% |
| ID | GPU | MEM |
------------------
|  0 | 41% |  3% |
|  1 |  2% |  3% |
| ID | GPU | MEM |
------------------
|  0 | 43% |  3% |
|  1 |  3% |  3% |
| ID | GPU | MEM |
------------------
|  0 | 52% |  3% |
|  1 |  2% |  3% |
| ID | GPU | MEM |
------------------
|  0 | 37% |  3% |
|  1 |  2% |  3% |
| ID | GPU | MEM |
------------------
|  0 | 53% |  3% |
|  1 |  3% |  3% |
| ID | GPU | MEM |
------------------
|  0 | 39% |  3% |
|  1 |  3% |  3% |
| ID | GPU | MEM |
------------------
|  0 | 44% |  3% |
|  1 |  2% |  3% |
| ID | GPU | MEM |
------------------
|  0 | 44% |  3% |
|  1 |  2% |  3% |
| ID | GPU | MEM |
------------------
|  0 | 44% |  3% |
|  1 |  2% |  3% |
| ID | GPU | MEM |
------------------
|  0 | 49% |  3% |
|  1 |  2% |  3% |
| ID | GPU | MEM |
------------------
|  0 | 56% |  3% |
|  1 |  3% |  3% |
| ID | GPU | MEM |
------------------
|  0 | 44% |  3% |
|  1 |  3% |  3% |
| ID | GPU | MEM |
------------------
|  0 | 38% |  3% |
|  1 |  3% |  3% |
| ID | GPU | MEM |
------------------
|  0 | 40% |  3% |
|  1 |  2% |  3% |
| ID | GPU | MEM |
------------------
|  0 | 40% |  3% |
|  1 |  2% |  3% |
| ID | GPU | MEM |
------------------
|  0 | 46% |  3% |
|  1 |  2% |  3% |
| ID | GPU | MEM |
------------------
|  0 | 48% |  3% |
|  1 |  2% |  3% |
| ID | GPU | MEM |
------------------
|  0 | 52% |  3% |
|  1 |  2% |  3% |
| ID | GPU | MEM |
------------------
|  0 | 49% |  3% |
|  1 |  3% |  3% |
| ID | GPU | MEM |
------------------
|  0 | 38% |  3% |
|  1 |  3% |  3% |
| ID | GPU | MEM |
------------------
|  0 | 38% |  3% |
|  1 |  3% |  3% |
| ID | GPU | MEM |
------------------
|  0 | 48% |  3% |
|  1 |  2% |  3% |
| ID | GPU | MEM |
------------------
|  0 | 48% |  3% |
|  1 |  2% |  3% |
| ID | GPU | MEM |
------------------
|  0 | 40% |  3% |
|  1 |  2% |  3% |
| ID | GPU | MEM |
------------------
|  0 | 56% |  3% |
|  1 |  3% |  3% |
| ID | GPU | MEM |
------------------
|  0 | 54% |  3% |
|  1 |  3% |  3% |
| ID | GPU | MEM |
------------------
|  0 | 34% |  3% |
|  1 |  3% |  3% |
| ID | GPU | MEM |
------------------
|  0 | 39% |  3% |
|  1 |  3% |  3% |
| ID | GPU | MEM |
------------------
|  0 | 39% |  3% |
|  1 |  2% |  3% |
| ID | GPU | MEM |
------------------
|  0 | 41% |  3% |
|  1 |  2% |  3% |
| ID | GPU | MEM |
------------------
|  0 | 57% |  3% |
|  1 |  2% |  3% |
| ID | GPU | MEM |
------------------
|  0 | 52% |  3% |
|  1 |  3% |  3% |
| ID | GPU | MEM |
------------------
|  0 | 47% |  3% |
|  1 |  3% |  3% |
| ID | GPU | MEM |
------------------
|  0 | 43% |  3% |
|  1 |  3% |  3% |
| ID | GPU | MEM |
------------------
|  0 | 38% |  3% |
|  1 |  2% |  3% |
| ID | GPU | MEM |
------------------
|  0 | 38% |  3% |
|  1 |  2% |  3% |
| ID | GPU | MEM |
------------------
|  0 | 42% |  3% |
|  1 |  2% |  3% |
| ID | GPU | MEM |
------------------
|  0 | 48% |  3% |
|  1 |  2% |  3% |
| ID | GPU | MEM |
------------------
|  0 | 56% |  3% |
|  1 |  3% |  3% |
| ID | GPU | MEM |
------------------
|  0 | 48% |  3% |
|  1 |  3% |  3% |
| ID | GPU | MEM |
------------------
|  0 | 39% |  3% |
|  1 |  3% |  3% |
| ID | GPU | MEM |
------------------
|  0 | 39% |  3% |
|  1 |  2% |  3% |
Finished training it 100/170 of epoch 6 and time taken 88.172602891922, 64.94 ms/it, loss 0.524541, accuracy 72.559 %
DLRM_wrap_time 8.89, loss_fn_time 0.25, Backward_pass_time  12.07, Average_Grad_time 30.75, Optimizer_step_time 12.58
Starting Test loop
| ID | GPU | MEM |
------------------
|  0 | 21% |  3% |
|  1 |  3% |  3% |
| ID | GPU | MEM |
------------------
|  0 | 13% |  3% |
|  1 |  3% |  3% |
| ID | GPU | MEM |
------------------
|  0 | 13% |  3% |
|  1 |  3% |  3% |
| ID | GPU | MEM |
------------------
|  0 |  4% |  3% |
|  1 |  3% |  3% |
Test loop ended
Testing at - 100/170 of epoch 6, loss 0.560314, accuracy 70.572 %, best 78.241 %
| ID | GPU | MEM |
------------------
|  0 |  3% |  3% |
|  1 |  3% |  3% |
| ID | GPU | MEM |
------------------
|  0 |  3% |  3% |
|  1 |  3% |  3% |
| ID | GPU | MEM |
------------------
|  0 | 18% |  3% |
|  1 |  3% |  3% |
| ID | GPU | MEM |
------------------
|  0 | 43% |  3% |
|  1 |  3% |  3% |
| ID | GPU | MEM |
------------------
|  0 | 43% |  3% |
|  1 |  2% |  3% |
| ID | GPU | MEM |
------------------
|  0 | 43% |  3% |
|  1 |  2% |  3% |
| ID | GPU | MEM |
------------------
|  0 | 48% |  3% |
|  1 |  2% |  3% |
| ID | GPU | MEM |
------------------
|  0 | 48% |  3% |
|  1 |  4% |  3% |
| ID | GPU | MEM |
------------------
|  0 | 35% |  3% |
|  1 |  2% |  3% |
| ID | GPU | MEM |
------------------
|  0 | 52% |  3% |
|  1 |  2% |  3% |
| ID | GPU | MEM |
------------------
|  0 | 51% |  3% |
|  1 |  3% |  3% |
| ID | GPU | MEM |
------------------
|  0 | 35% |  3% |
|  1 |  3% |  3% |
| ID | GPU | MEM |
------------------
|  0 | 37% |  3% |
|  1 |  3% |  3% |
| ID | GPU | MEM |
------------------
|  0 | 39% |  3% |
|  1 |  2% |  3% |
| ID | GPU | MEM |
------------------
|  0 | 39% |  3% |
|  1 |  3% |  3% |
| ID | GPU | MEM |
------------------
|  0 | 50% |  3% |
|  1 |  2% |  3% |
| ID | GPU | MEM |
------------------
|  0 | 51% |  3% |
|  1 |  2% |  3% |
| ID | GPU | MEM |
------------------
|  0 | 36% |  3% |
|  1 |  3% |  3% |
| ID | GPU | MEM |
------------------
|  0 | 39% |  3% |
|  1 |  3% |  3% |
| ID | GPU | MEM |
------------------
|  0 | 38% |  3% |
|  1 |  2% |  3% |
| ID | GPU | MEM |
------------------
|  0 | 42% |  3% |
|  1 |  2% |  3% |
| ID | GPU | MEM |
------------------
|  0 | 42% |  3% |
|  1 |  3% |  3% |
| ID | GPU | MEM |
------------------
|  0 | 42% |  3% |
|  1 |  2% |  3% |
| ID | GPU | MEM |
------------------
|  0 | 53% |  3% |
|  1 |  2% |  3% |
| ID | GPU | MEM |
------------------
|  0 | 43% |  3% |
|  1 |  2% |  3% |
| ID | GPU | MEM |
------------------
|  0 | 42% |  3% |
|  1 |  3% |  3% |
| ID | GPU | MEM |
------------------
|  0 | 37% |  3% |
|  1 |  2% |  3% |
| ID | GPU | MEM |
------------------
|  0 | 40% |  3% |
|  1 |  2% |  3% |
| ID | GPU | MEM |
------------------
|  0 | 40% |  3% |
|  1 |  3% |  3% |
| ID | GPU | MEM |
------------------
|  0 | 46% |  3% |
|  1 |  2% |  3% |
| ID | GPU | MEM |
------------------
|  0 | 51% |  3% |
|  1 |  2% |  3% |
| ID | GPU | MEM |
------------------
|  0 | 42% |  3% |
|  1 |  3% |  3% |
| ID | GPU | MEM |
------------------
|  0 | 34% |  3% |
|  1 |  3% |  3% |
| ID | GPU | MEM |
------------------
|  0 | 43% |  3% |
|  1 |  2% |  3% |
| ID | GPU | MEM |
------------------
|  0 | 37% |  3% |
|  1 |  2% |  3% |
| ID | GPU | MEM |
------------------
|  0 | 37% |  3% |
|  1 |  3% |  3% |
Finished training it 170/170 of epoch 6 and time taken 93.6744384765625, 66.14 ms/it, loss 0.517322, accuracy 73.538 %
DLRM_wrap_time 9.24, loss_fn_time 0.26, Backward_pass_time  24.75, Average_Grad_time 28.71, Optimizer_step_time 2.81
Finished epoch 6
| ID | GPU | MEM |
------------------
|  0 | 46% |  3% |
|  1 |  2% |  3% |
| ID | GPU | MEM |
------------------
|  0 | 55% |  3% |
|  1 |  2% |  3% |
| ID | GPU | MEM |
------------------
|  0 | 41% |  3% |
|  1 |  2% |  3% |
| ID | GPU | MEM |
------------------
|  0 | 31% |  3% |
|  1 |  3% |  3% |
| ID | GPU | MEM |
------------------
|  0 | 46% |  3% |
|  1 |  2% |  3% |
| ID | GPU | MEM |
------------------
|  0 | 35% |  3% |
|  1 |  2% |  3% |
| ID | GPU | MEM |
------------------
|  0 | 35% |  3% |
|  1 |  3% |  3% |
| ID | GPU | MEM |
------------------
|  0 | 51% |  3% |
|  1 |  2% |  3% |
| ID | GPU | MEM |
------------------
|  0 | 49% |  3% |
|  1 |  2% |  3% |
| ID | GPU | MEM |
------------------
|  0 | 43% |  3% |
|  1 |  2% |  3% |
| ID | GPU | MEM |
------------------
|  0 | 39% |  3% |
|  1 |  3% |  3% |
| ID | GPU | MEM |
------------------
|  0 | 37% |  3% |
|  1 |  2% |  3% |
| ID | GPU | MEM |
------------------
|  0 | 41% |  3% |
|  1 |  2% |  3% |
| ID | GPU | MEM |
------------------
|  0 | 41% |  3% |
|  1 |  3% |  3% |
| ID | GPU | MEM |
------------------
|  0 | 46% |  3% |
|  1 |  2% |  3% |
| ID | GPU | MEM |
------------------
|  0 | 51% |  3% |
|  1 |  3% |  3% |
| ID | GPU | MEM |
------------------
|  0 | 34% |  3% |
|  1 |  3% |  3% |
| ID | GPU | MEM |
------------------
|  0 | 40% |  3% |
|  1 |  2% |  3% |
| ID | GPU | MEM |
------------------
|  0 | 39% |  3% |
|  1 |  2% |  3% |
| ID | GPU | MEM |
------------------
|  0 | 39% |  3% |
|  1 |  3% |  3% |
| ID | GPU | MEM |
------------------
|  0 | 51% |  3% |
|  1 |  2% |  3% |
| ID | GPU | MEM |
------------------
|  0 | 51% |  3% |
|  1 |  3% |  3% |
| ID | GPU | MEM |
------------------
|  0 | 36% |  3% |
|  1 |  3% |  3% |
| ID | GPU | MEM |
------------------
|  0 | 39% |  3% |
|  1 |  2% |  3% |
| ID | GPU | MEM |
------------------
|  0 | 37% |  3% |
|  1 |  2% |  3% |
| ID | GPU | MEM |
------------------
|  0 | 37% |  3% |
|  1 |  3% |  3% |
| ID | GPU | MEM |
------------------
|  0 | 47% |  3% |
|  1 |  2% |  3% |
| ID | GPU | MEM |
------------------
|  0 | 54% |  3% |
|  1 |  3% |  3% |
| ID | GPU | MEM |
------------------
|  0 | 40% |  3% |
|  1 |  3% |  3% |
| ID | GPU | MEM |
------------------
|  0 | 39% |  3% |
|  1 |  3% |  3% |
| ID | GPU | MEM |
------------------
|  0 | 40% |  3% |
|  1 |  2% |  3% |
| ID | GPU | MEM |
------------------
|  0 | 40% |  3% |
|  1 |  2% |  3% |
| ID | GPU | MEM |
------------------
|  0 | 40% |  3% |
|  1 |  3% |  3% |
| ID | GPU | MEM |
------------------
|  0 | 51% |  3% |
|  1 |  2% |  3% |
| ID | GPU | MEM |
------------------
|  0 | 53% |  3% |
|  1 |  3% |  3% |
| ID | GPU | MEM |
------------------
|  0 | 41% |  3% |
|  1 |  3% |  3% |
| ID | GPU | MEM |
------------------
|  0 | 34% |  3% |
|  1 |  2% |  3% |
| ID | GPU | MEM |
------------------
|  0 | 40% |  3% |
|  1 |  2% |  3% |
| ID | GPU | MEM |
------------------
|  0 | 40% |  3% |
|  1 |  3% |  3% |
| ID | GPU | MEM |
------------------
|  0 | 46% |  3% |
|  1 |  2% |  3% |
| ID | GPU | MEM |
------------------
|  0 | 51% |  3% |
|  1 |  2% |  3% |
| ID | GPU | MEM |
------------------
|  0 | 47% |  3% |
|  1 |  3% |  3% |
| ID | GPU | MEM |
------------------
|  0 | 36% |  3% |
|  1 |  3% |  3% |
| ID | GPU | MEM |
------------------
|  0 | 41% |  3% |
|  1 |  2% |  3% |
| ID | GPU | MEM |
------------------
|  0 | 42% |  3% |
|  1 |  2% |  3% |
| ID | GPU | MEM |
------------------
|  0 | 42% |  3% |
|  1 |  3% |  3% |
| ID | GPU | MEM |
------------------
|  0 | 49% |  3% |
|  1 |  2% |  3% |
| ID | GPU | MEM |
------------------
|  0 | 53% |  3% |
|  1 |  3% |  3% |
| ID | GPU | MEM |
------------------
|  0 | 46% |  3% |
|  1 |  3% |  3% |
| ID | GPU | MEM |
------------------
|  0 | 32% |  3% |
|  1 |  3% |  3% |
Finished training it 100/170 of epoch 7 and time taken 100.97454881668091, 66.72 ms/it, loss 0.491025, accuracy 74.980 %
DLRM_wrap_time 8.59, loss_fn_time 0.25, Backward_pass_time  26.16, Average_Grad_time 29.99, Optimizer_step_time 1.39
Starting Test loop
| ID | GPU | MEM |
------------------
|  0 | 38% |  3% |
|  1 |  2% |  3% |
| ID | GPU | MEM |
------------------
|  0 | 38% |  3% |
|  1 |  3% |  3% |
| ID | GPU | MEM |
------------------
|  0 |  3% |  3% |
|  1 |  3% |  3% |
| ID | GPU | MEM |
------------------
|  0 |  3% |  3% |
|  1 |  3% |  3% |
Test loop ended
Testing at - 100/170 of epoch 7, loss 0.573256, accuracy 66.223 %, best 78.241 %
| ID | GPU | MEM |
------------------
|  0 |  4% |  3% |
|  1 |  3% |  3% |
| ID | GPU | MEM |
------------------
|  0 | 46% |  3% |
|  1 |  3% |  3% |
| ID | GPU | MEM |
------------------
|  0 | 42% |  3% |
|  1 |  2% |  3% |
| ID | GPU | MEM |
------------------
|  0 | 42% |  3% |
|  1 |  3% |  3% |
| ID | GPU | MEM |
------------------
|  0 | 38% |  3% |
|  1 |  2% |  3% |
| ID | GPU | MEM |
------------------
|  0 | 43% |  3% |
|  1 |  2% |  3% |
| ID | GPU | MEM |
------------------
|  0 | 43% |  3% |
|  1 |  2% |  3% |
| ID | GPU | MEM |
------------------
|  0 | 36% |  3% |
|  1 |  2% |  3% |
| ID | GPU | MEM |
------------------
|  0 | 50% |  3% |
|  1 |  3% |  3% |
| ID | GPU | MEM |
------------------
|  0 | 52% |  3% |
|  1 |  2% |  3% |
| ID | GPU | MEM |
------------------
|  0 | 47% |  3% |
|  1 |  2% |  3% |
| ID | GPU | MEM |
------------------
|  0 | 32% |  3% |
|  1 |  3% |  3% |
| ID | GPU | MEM |
------------------
|  0 | 42% |  3% |
|  1 |  2% |  3% |
| ID | GPU | MEM |
------------------
|  0 | 44% |  3% |
|  1 |  2% |  3% |
| ID | GPU | MEM |
------------------
|  0 | 44% |  3% |
|  1 |  2% |  3% |
| ID | GPU | MEM |
------------------
|  0 | 47% |  3% |
|  1 |  2% |  3% |
| ID | GPU | MEM |
------------------
|  0 | 52% |  3% |
|  1 |  3% |  3% |
| ID | GPU | MEM |
------------------
|  0 | 49% |  3% |
|  1 |  2% |  3% |
| ID | GPU | MEM |
------------------
|  0 | 50% |  3% |
|  1 |  2% |  3% |
| ID | GPU | MEM |
------------------
|  0 | 43% |  3% |
|  1 |  3% |  3% |
| ID | GPU | MEM |
------------------
|  0 | 39% |  3% |
|  1 |  2% |  3% |
| ID | GPU | MEM |
------------------
|  0 | 44% |  3% |
|  1 |  2% |  3% |
| ID | GPU | MEM |
------------------
|  0 | 43% |  3% |
|  1 |  2% |  3% |
| ID | GPU | MEM |
------------------
|  0 | 45% |  3% |
|  1 |  2% |  3% |
| ID | GPU | MEM |
------------------
|  0 | 45% |  3% |
|  1 |  2% |  3% |
| ID | GPU | MEM |
------------------
|  0 | 52% |  3% |
|  1 |  2% |  3% |
| ID | GPU | MEM |
------------------
|  0 | 52% |  3% |
|  1 |  3% |  3% |
| ID | GPU | MEM |
------------------
|  0 | 53% |  3% |
|  1 |  3% |  3% |
| ID | GPU | MEM |
------------------
|  0 | 41% |  3% |
|  1 |  3% |  3% |
| ID | GPU | MEM |
------------------
|  0 | 45% |  3% |
|  1 |  2% |  3% |
| ID | GPU | MEM |
------------------
|  0 | 44% |  3% |
|  1 |  2% |  3% |
| ID | GPU | MEM |
------------------
|  0 | 44% |  3% |
|  1 |  2% |  3% |
| ID | GPU | MEM |
------------------
|  0 | 44% |  3% |
|  1 |  2% |  3% |
| ID | GPU | MEM |
------------------
|  0 | 48% |  3% |
|  1 |  2% |  3% |
| ID | GPU | MEM |
------------------
|  0 | 54% |  3% |
|  1 |  3% |  3% |
Finished training it 170/170 of epoch 7 and time taken 106.69166874885559, 68.26 ms/it, loss 0.498030, accuracy 74.544 %
DLRM_wrap_time 9.02, loss_fn_time 0.24, Backward_pass_time  8.53, Average_Grad_time 33.31, Optimizer_step_time 16.74
Finished epoch 7
| ID | GPU | MEM |
------------------
|  0 | 46% |  3% |
|  1 |  3% |  3% |
| ID | GPU | MEM |
------------------
|  0 | 37% |  3% |
|  1 |  3% |  3% |
| ID | GPU | MEM |
------------------
|  0 | 40% |  3% |
|  1 |  2% |  3% |
| ID | GPU | MEM |
------------------
|  0 | 40% |  3% |
|  1 |  2% |  3% |
| ID | GPU | MEM |
------------------
|  0 | 43% |  3% |
|  1 |  2% |  3% |
| ID | GPU | MEM |
------------------
|  0 | 55% |  3% |
|  1 |  3% |  3% |
| ID | GPU | MEM |
------------------
|  0 | 49% |  3% |
|  1 |  3% |  3% |
| ID | GPU | MEM |
------------------
|  0 | 39% |  3% |
|  1 |  3% |  3% |
| ID | GPU | MEM |
------------------
|  0 | 39% |  3% |
|  1 |  2% |  3% |
| ID | GPU | MEM |
------------------
|  0 | 42% |  3% |
|  1 |  2% |  3% |
| ID | GPU | MEM |
------------------
|  0 | 42% |  3% |
|  1 |  2% |  3% |
| ID | GPU | MEM |
------------------
|  0 | 47% |  3% |
|  1 |  3% |  3% |
| ID | GPU | MEM |
------------------
|  0 | 48% |  3% |
|  1 |  3% |  3% |
| ID | GPU | MEM |
------------------
|  0 | 57% |  3% |
|  1 |  3% |  3% |
| ID | GPU | MEM |
------------------
|  0 | 44% |  3% |
|  1 |  3% |  3% |
| ID | GPU | MEM |
------------------
|  0 | 34% |  3% |
|  1 |  2% |  3% |
| ID | GPU | MEM |
------------------
|  0 | 46% |  3% |
|  1 |  2% |  3% |
| ID | GPU | MEM |
------------------
|  0 | 46% |  3% |
|  1 |  2% |  3% |
| ID | GPU | MEM |
------------------
|  0 | 41% |  3% |
|  1 |  2% |  3% |
| ID | GPU | MEM |
------------------
|  0 | 49% |  3% |
|  1 |  3% |  3% |
| ID | GPU | MEM |
------------------
|  0 | 55% |  3% |
|  1 |  3% |  3% |
| ID | GPU | MEM |
------------------
|  0 | 44% |  3% |
|  1 |  3% |  3% |
| ID | GPU | MEM |
------------------
|  0 | 45% |  3% |
|  1 |  3% |  3% |
| ID | GPU | MEM |
------------------
|  0 | 38% |  3% |
|  1 |  2% |  3% |
| ID | GPU | MEM |
------------------
|  0 | 38% |  3% |
|  1 |  2% |  3% |
| ID | GPU | MEM |
------------------
|  0 | 44% |  3% |
|  1 |  2% |  3% |
| ID | GPU | MEM |
------------------
|  0 | 51% |  3% |
|  1 |  3% |  3% |
| ID | GPU | MEM |
------------------
|  0 | 48% |  3% |
|  1 |  3% |  3% |
| ID | GPU | MEM |
------------------
|  0 | 47% |  3% |
|  1 |  3% |  3% |
| ID | GPU | MEM |
------------------
|  0 | 38% |  3% |
|  1 |  2% |  3% |
| ID | GPU | MEM |
------------------
|  0 | 45% |  3% |
|  1 |  2% |  3% |
| ID | GPU | MEM |
------------------
|  0 | 45% |  3% |
|  1 |  2% |  3% |
| ID | GPU | MEM |
------------------
|  0 | 38% |  3% |
|  1 |  2% |  3% |
| ID | GPU | MEM |
------------------
|  0 | 48% |  3% |
|  1 |  3% |  3% |
| ID | GPU | MEM |
------------------
|  0 | 51% |  3% |
|  1 |  3% |  3% |
| ID | GPU | MEM |
------------------
|  0 | 49% |  3% |
|  1 |  3% |  3% |
| ID | GPU | MEM |
------------------
|  0 | 47% |  3% |
|  1 |  3% |  3% |
| ID | GPU | MEM |
------------------
|  0 | 37% |  3% |
|  1 |  2% |  3% |
| ID | GPU | MEM |
------------------
|  0 | 39% |  3% |
|  1 |  2% |  3% |
| ID | GPU | MEM |
------------------
|  0 | 45% |  3% |
|  1 |  2% |  3% |
| ID | GPU | MEM |
------------------
|  0 | 45% |  3% |
|  1 |  2% |  3% |
| ID | GPU | MEM |
------------------
|  0 | 44% |  3% |
|  1 |  3% |  3% |
| ID | GPU | MEM |
------------------
|  0 | 58% |  3% |
|  1 |  3% |  3% |
| ID | GPU | MEM |
------------------
|  0 | 52% |  3% |
|  1 |  2% |  3% |
| ID | GPU | MEM |
------------------
|  0 | 37% |  3% |
|  1 |  3% |  3% |
| ID | GPU | MEM |
------------------
|  0 | 39% |  3% |
|  1 |  2% |  3% |
| ID | GPU | MEM |
------------------
|  0 | 44% |  3% |
|  1 |  2% |  3% |
| ID | GPU | MEM |
------------------
|  0 | 44% |  3% |
|  1 |  2% |  3% |
| ID | GPU | MEM |
------------------
|  0 | 49% |  3% |
|  1 |  3% |  3% |
| ID | GPU | MEM |
------------------
|  0 | 48% |  3% |
|  1 |  3% |  3% |
Finished training it 100/170 of epoch 8 and time taken 114.08823442459106, 66.16 ms/it, loss 0.496780, accuracy 74.553 %
DLRM_wrap_time 8.95, loss_fn_time 0.24, Backward_pass_time  8.34, Average_Grad_time 32.23, Optimizer_step_time 15.98
Starting Test loop
| ID | GPU | MEM |
------------------
|  0 | 47% |  3% |
|  1 |  3% |  3% |
| ID | GPU | MEM |
------------------
|  0 |  3% |  3% |
|  1 |  2% |  3% |
| ID | GPU | MEM |
------------------
|  0 |  3% |  3% |
|  1 |  3% |  3% |
Test loop ended
Testing at - 100/170 of epoch 8, loss 0.438883, accuracy 77.956 %, best 78.241 %
| ID | GPU | MEM |
------------------
|  0 |  3% |  3% |
|  1 |  3% |  3% |
| ID | GPU | MEM |
------------------
|  0 |  3% |  3% |
|  1 |  3% |  3% |
| ID | GPU | MEM |
------------------
|  0 | 18% |  3% |
|  1 |  2% |  3% |
| ID | GPU | MEM |
------------------
|  0 | 49% |  3% |
|  1 |  3% |  3% |
| ID | GPU | MEM |
------------------
|  0 | 50% |  3% |
|  1 |  2% |  3% |
| ID | GPU | MEM |
------------------
|  0 | 47% |  3% |
|  1 |  2% |  3% |
| ID | GPU | MEM |
------------------
|  0 | 43% |  3% |
|  1 |  3% |  3% |
| ID | GPU | MEM |
------------------
|  0 | 38% |  3% |
|  1 |  2% |  3% |
| ID | GPU | MEM |
------------------
|  0 | 42% |  3% |
|  1 |  2% |  3% |
| ID | GPU | MEM |
------------------
|  0 | 42% |  3% |
|  1 |  2% |  3% |
| ID | GPU | MEM |
------------------
|  0 | 43% |  3% |
|  1 |  2% |  3% |
| ID | GPU | MEM |
------------------
|  0 | 45% |  3% |
|  1 |  3% |  3% |
| ID | GPU | MEM |
------------------
|  0 | 50% |  3% |
|  1 |  2% |  3% |
| ID | GPU | MEM |
------------------
|  0 | 52% |  3% |
|  1 |  2% |  3% |
| ID | GPU | MEM |
------------------
|  0 | 49% |  3% |
|  1 |  3% |  3% |
| ID | GPU | MEM |
------------------
|  0 | 34% |  3% |
|  1 |  2% |  3% |
| ID | GPU | MEM |
------------------
|  0 | 43% |  3% |
|  1 |  2% |  3% |
| ID | GPU | MEM |
------------------
|  0 | 43% |  3% |
|  1 |  2% |  3% |
| ID | GPU | MEM |
------------------
|  0 | 40% |  3% |
|  1 |  2% |  3% |
| ID | GPU | MEM |
------------------
|  0 | 44% |  3% |
|  1 |  3% |  3% |
| ID | GPU | MEM |
------------------
|  0 | 52% |  3% |
|  1 |  3% |  3% |
| ID | GPU | MEM |
------------------
|  0 | 53% |  3% |
|  1 |  3% |  3% |
| ID | GPU | MEM |
------------------
|  0 | 43% |  3% |
|  1 |  2% |  3% |
| ID | GPU | MEM |
------------------
|  0 | 38% |  3% |
|  1 |  2% |  3% |
| ID | GPU | MEM |
------------------
|  0 | 40% |  3% |
|  1 |  2% |  3% |
| ID | GPU | MEM |
------------------
|  0 | 47% |  3% |
|  1 |  2% |  3% |
| ID | GPU | MEM |
------------------
|  0 | 47% |  3% |
|  1 |  2% |  3% |
| ID | GPU | MEM |
------------------
|  0 | 41% |  3% |
|  1 |  3% |  3% |
| ID | GPU | MEM |
------------------
|  0 | 52% |  3% |
|  1 |  2% |  3% |
| ID | GPU | MEM |
------------------
|  0 | 53% |  3% |
|  1 |  2% |  3% |
| ID | GPU | MEM |
------------------
|  0 | 48% |  3% |
|  1 |  3% |  3% |
| ID | GPU | MEM |
------------------
|  0 | 41% |  3% |
|  1 |  2% |  3% |
| ID | GPU | MEM |
------------------
|  0 | 38% |  3% |
|  1 |  2% |  3% |
| ID | GPU | MEM |
------------------
|  0 | 39% |  3% |
|  1 |  2% |  3% |
| ID | GPU | MEM |
------------------
|  0 | 47% |  3% |
|  1 |  2% |  3% |
Finished training it 170/170 of epoch 8 and time taken 119.71441388130188, 67.06 ms/it, loss 0.492167, accuracy 75.291 %
DLRM_wrap_time 9.15, loss_fn_time 0.24, Backward_pass_time  8.68, Average_Grad_time 31.56, Optimizer_step_time 17.03
Finished epoch 8
| ID | GPU | MEM |
------------------
|  0 | 47% |  3% |
|  1 |  2% |  3% |
| ID | GPU | MEM |
------------------
|  0 | 45% |  3% |
|  1 |  3% |  3% |
| ID | GPU | MEM |
------------------
|  0 | 52% |  3% |
|  1 |  3% |  3% |
| ID | GPU | MEM |
------------------
|  0 | 52% |  3% |
|  1 |  3% |  3% |
| ID | GPU | MEM |
------------------
|  0 | 42% |  3% |
|  1 |  2% |  3% |
| ID | GPU | MEM |
------------------
|  0 | 34% |  3% |
|  1 |  2% |  3% |
| ID | GPU | MEM |
------------------
|  0 | 42% |  3% |
|  1 |  2% |  3% |
| ID | GPU | MEM |
------------------
|  0 | 42% |  3% |
|  1 |  2% |  3% |
| ID | GPU | MEM |
------------------
|  0 | 38% |  3% |
|  1 |  3% |  3% |
| ID | GPU | MEM |
------------------
|  0 | 50% |  3% |
|  1 |  2% |  3% |
| ID | GPU | MEM |
------------------
|  0 | 48% |  3% |
|  1 |  2% |  3% |
| ID | GPU | MEM |
------------------
|  0 | 52% |  3% |
|  1 |  3% |  3% |
| ID | GPU | MEM |
------------------
|  0 | 40% |  3% |
|  1 |  2% |  3% |
| ID | GPU | MEM |
------------------
|  0 | 43% |  3% |
|  1 |  2% |  3% |
| ID | GPU | MEM |
------------------
|  0 | 39% |  3% |
|  1 |  2% |  3% |
| ID | GPU | MEM |
------------------
|  0 | 48% |  3% |
|  1 |  2% |  3% |
| ID | GPU | MEM |
------------------
|  0 | 48% |  3% |
|  1 |  2% |  3% |
| ID | GPU | MEM |
------------------
|  0 | 40% |  3% |
|  1 |  3% |  3% |
| ID | GPU | MEM |
------------------
|  0 | 50% |  3% |
|  1 |  2% |  3% |
| ID | GPU | MEM |
------------------
|  0 | 52% |  3% |
|  1 |  2% |  3% |
| ID | GPU | MEM |
------------------
|  0 | 50% |  3% |
|  1 |  3% |  3% |
| ID | GPU | MEM |
------------------
|  0 | 45% |  3% |
|  1 |  2% |  3% |
| ID | GPU | MEM |
------------------
|  0 | 35% |  3% |
|  1 |  2% |  3% |
| ID | GPU | MEM |
------------------
|  0 | 45% |  3% |
|  1 |  2% |  3% |
| ID | GPU | MEM |
------------------
|  0 | 45% |  3% |
|  1 |  2% |  3% |
| ID | GPU | MEM |
------------------
|  0 | 43% |  3% |
|  1 |  2% |  3% |
| ID | GPU | MEM |
------------------
|  0 | 44% |  3% |
|  1 |  3% |  3% |
| ID | GPU | MEM |
------------------
|  0 | 49% |  3% |
|  1 |  3% |  3% |
| ID | GPU | MEM |
------------------
|  0 | 52% |  3% |
|  1 |  3% |  3% |
| ID | GPU | MEM |
------------------
|  0 | 49% |  3% |
|  1 |  2% |  3% |
| ID | GPU | MEM |
------------------
|  0 | 44% |  3% |
|  1 |  2% |  3% |
| ID | GPU | MEM |
------------------
|  0 | 36% |  3% |
|  1 |  2% |  3% |
| ID | GPU | MEM |
------------------
|  0 | 45% |  3% |
|  1 |  2% |  3% |
| ID | GPU | MEM |
------------------
|  0 | 45% |  3% |
|  1 |  2% |  3% |
| ID | GPU | MEM |
------------------
|  0 | 41% |  3% |
|  1 |  3% |  3% |
| ID | GPU | MEM |
------------------
|  0 | 50% |  3% |
|  1 |  3% |  3% |
| ID | GPU | MEM |
------------------
|  0 | 56% |  3% |
|  1 |  4% |  3% |
| ID | GPU | MEM |
------------------
|  0 | 45% |  3% |
|  1 |  2% |  3% |
| ID | GPU | MEM |
------------------
|  0 | 40% |  3% |
|  1 |  2% |  3% |
| ID | GPU | MEM |
------------------
|  0 | 36% |  3% |
|  1 |  2% |  3% |
| ID | GPU | MEM |
------------------
|  0 | 36% |  3% |
|  1 |  2% |  3% |
| ID | GPU | MEM |
------------------
|  0 | 44% |  3% |
|  1 |  3% |  3% |
| ID | GPU | MEM |
------------------
|  0 | 51% |  3% |
|  1 |  2% |  3% |
| ID | GPU | MEM |
------------------
|  0 | 51% |  3% |
|  1 |  2% |  3% |
| ID | GPU | MEM |
------------------
|  0 | 54% |  3% |
|  1 |  3% |  3% |
| ID | GPU | MEM |
------------------
|  0 | 45% |  3% |
|  1 |  2% |  3% |
| ID | GPU | MEM |
------------------
|  0 | 34% |  3% |
|  1 |  2% |  3% |
| ID | GPU | MEM |
------------------
|  0 | 46% |  3% |
|  1 |  2% |  3% |
| ID | GPU | MEM |
------------------
|  0 | 46% |  3% |
|  1 |  2% |  3% |
| ID | GPU | MEM |
------------------
|  0 | 40% |  3% |
|  1 |  3% |  3% |
Finished training it 100/170 of epoch 9 and time taken 127.2616834640503, 67.58 ms/it, loss 0.484107, accuracy 75.402 %
DLRM_wrap_time 9.09, loss_fn_time 0.25, Backward_pass_time  8.41, Average_Grad_time 32.16, Optimizer_step_time 17.25
Starting Test loop
| ID | GPU | MEM |
------------------
|  0 | 51% |  3% |
|  1 |  3% |  3% |
| ID | GPU | MEM |
------------------
|  0 | 24% |  3% |
|  1 |  3% |  3% |
| ID | GPU | MEM |
------------------
|  0 | 24% |  3% |
|  1 |  3% |  3% |
| ID | GPU | MEM |
------------------
|  0 |  4% |  3% |
|  1 |  3% |  3% |
Test loop ended
Testing at - 100/170 of epoch 9, loss 0.454554, accuracy 77.293 %, best 78.241 %
| ID | GPU | MEM |
------------------
|  0 |  3% |  3% |
|  1 |  4% |  3% |
| ID | GPU | MEM |
------------------
|  0 | 42% |  3% |
|  1 |  1% |  3% |
| ID | GPU | MEM |
------------------
|  0 | 42% |  3% |
|  1 |  3% |  3% |
| ID | GPU | MEM |
------------------
|  0 | 46% |  3% |
|  1 |  2% |  3% |
| ID | GPU | MEM |
------------------
|  0 | 53% |  3% |
|  1 |  2% |  3% |
| ID | GPU | MEM |
------------------
|  0 | 51% |  3% |
|  1 |  3% |  3% |
| ID | GPU | MEM |
------------------
|  0 | 41% |  3% |
|  1 |  2% |  3% |
| ID | GPU | MEM |
------------------
|  0 | 43% |  3% |
|  1 |  2% |  3% |
| ID | GPU | MEM |
------------------
|  0 | 35% |  3% |
|  1 |  2% |  3% |
| ID | GPU | MEM |
------------------
|  0 | 47% |  3% |
|  1 |  2% |  3% |
| ID | GPU | MEM |
------------------
|  0 | 47% |  3% |
|  1 |  2% |  3% |
| ID | GPU | MEM |
------------------
|  0 | 40% |  3% |
|  1 |  3% |  3% |
| ID | GPU | MEM |
------------------
|  0 | 52% |  3% |
|  1 |  3% |  3% |
| ID | GPU | MEM |
------------------
|  0 | 53% |  3% |
|  1 |  3% |  3% |
| ID | GPU | MEM |
------------------
|  0 | 47% |  3% |
|  1 |  2% |  3% |
| ID | GPU | MEM |
------------------
|  0 | 44% |  3% |
|  1 |  2% |  3% |
| ID | GPU | MEM |
------------------
|  0 | 35% |  3% |
|  1 |  2% |  3% |
| ID | GPU | MEM |
------------------
|  0 | 45% |  3% |
|  1 |  2% |  3% |
| ID | GPU | MEM |
------------------
|  0 | 42% |  3% |
|  1 |  2% |  3% |
| ID | GPU | MEM |
------------------
|  0 | 42% |  3% |
|  1 |  2% |  3% |
| ID | GPU | MEM |
------------------
|  0 | 46% |  3% |
|  1 |  2% |  3% |
| ID | GPU | MEM |
------------------
|  0 | 55% |  3% |
|  1 |  3% |  3% |
| ID | GPU | MEM |
------------------
|  0 | 50% |  3% |
|  1 |  3% |  3% |
| ID | GPU | MEM |
------------------
|  0 | 47% |  3% |
|  1 |  2% |  3% |
| ID | GPU | MEM |
------------------
|  0 | 35% |  3% |
|  1 |  2% |  3% |
| ID | GPU | MEM |
------------------
|  0 | 42% |  3% |
|  1 |  2% |  3% |
| ID | GPU | MEM |
------------------
|  0 | 43% |  3% |
|  1 |  2% |  3% |
| ID | GPU | MEM |
------------------
|  0 | 43% |  3% |
|  1 |  3% |  3% |
| ID | GPU | MEM |
------------------
|  0 | 47% |  3% |
|  1 |  3% |  3% |
| ID | GPU | MEM |
------------------
|  0 | 51% |  3% |
|  1 |  3% |  3% |
| ID | GPU | MEM |
------------------
|  0 | 50% |  3% |
|  1 |  3% |  3% |
| ID | GPU | MEM |
------------------
|  0 | 47% |  3% |
|  1 |  2% |  3% |
| ID | GPU | MEM |
------------------
|  0 | 37% |  3% |
|  1 |  2% |  3% |
| ID | GPU | MEM |
------------------
|  0 | 45% |  3% |
|  1 |  2% |  3% |
| ID | GPU | MEM |
------------------
|  0 | 44% |  3% |
|  1 |  2% |  3% |
Finished training it 170/170 of epoch 9 and time taken 132.99147653579712, 68.44 ms/it, loss 0.488497, accuracy 75.368 %
DLRM_wrap_time 9.74, loss_fn_time 0.26, Backward_pass_time  8.69, Average_Grad_time 32.76, Optimizer_step_time 16.58
Finished epoch 9
Finished the program
| ID | GPU | MEM |
------------------
|  0 | 44% |  3% |
|  1 |  2% |  3% |
