python3: no process found

clgpu001:14544:14705 [0] misc/ibvwrap.cc:63 NCCL WARN Failed to open libibverbs.so[.1]
NCCL version 2.4.8+cuda9.2
Using 2 GPU(s)...
Sparse features= 9, Dense features= 24
Sparse features= 9, Dense features= 24
time/loss/accuracy (if enabled):
| ID | GPU | MEM |
------------------
|  0 |  6% |  3% |
|  1 |  0% |  0% |
| ID | GPU | MEM |
------------------
|  0 |  6% |  3% |
|  1 |  1% |  1% |
| ID | GPU | MEM |
------------------
|  0 |  0% |  3% |
|  1 |  1% |  1% |
| ID | GPU | MEM |
------------------
|  0 |  0% |  3% |
|  1 |  9% |  1% |
| ID | GPU | MEM |
------------------
|  0 |  0% |  3% |
|  1 |  5% |  1% |
| ID | GPU | MEM |
------------------
|  0 |  0% |  3% |
|  1 |  5% |  1% |
| ID | GPU | MEM |
------------------
|  0 |  0% |  3% |
|  1 |  2% |  1% |
| ID | GPU | MEM |
------------------
|  0 |  0% |  3% |
|  1 |  2% |  1% |
| ID | GPU | MEM |
------------------
|  0 |  0% |  3% |
|  1 |  8% |  1% |
| ID | GPU | MEM |
------------------
|  0 |  0% |  3% |
|  1 |  0% |  1% |
| ID | GPU | MEM |
------------------
|  0 |  0% |  3% |
|  1 |  0% |  1% |
| ID | GPU | MEM |
------------------
|  0 |  0% |  3% |
|  1 |  4% |  1% |
| ID | GPU | MEM |
------------------
|  0 |  0% |  3% |
|  1 |  3% |  2% |
| ID | GPU | MEM |
------------------
|  0 |  0% |  3% |
|  1 |  3% |  2% |
| ID | GPU | MEM |
------------------
|  0 |  0% |  3% |
|  1 |  5% |  2% |
| ID | GPU | MEM |
------------------
|  0 |  0% |  3% |
|  1 |  3% |  2% |
| ID | GPU | MEM |
------------------
|  0 |  0% |  3% |
|  1 |  3% |  2% |
| ID | GPU | MEM |
------------------
|  0 |  0% |  3% |
|  1 |  3% |  2% |
| ID | GPU | MEM |
------------------
|  0 |  0% |  3% |
|  1 |  4% |  2% |
| ID | GPU | MEM |
------------------
|  0 |  0% |  3% |
|  1 |  5% |  2% |
| ID | GPU | MEM |
------------------
|  0 |  0% |  3% |
|  1 |  5% |  2% |
| ID | GPU | MEM |
------------------
|  0 |  0% |  3% |
|  1 |  4% |  2% |
| ID | GPU | MEM |
------------------
|  0 |  0% |  3% |
|  1 |  4% |  2% |
| ID | GPU | MEM |
------------------
|  0 |  0% |  3% |
|  1 |  4% |  2% |
| ID | GPU | MEM |
------------------
|  0 |  0% |  3% |
|  1 |  5% |  3% |
| ID | GPU | MEM |
------------------
|  0 |  0% |  3% |
|  1 |  8% |  3% |
| ID | GPU | MEM |
------------------
|  0 |  0% |  3% |
|  1 |  4% |  3% |
| ID | GPU | MEM |
------------------
|  0 |  0% |  3% |
|  1 |  4% |  3% |
| ID | GPU | MEM |
------------------
|  0 |  1% |  3% |
|  1 |  4% |  3% |
| ID | GPU | MEM |
------------------
|  0 | 19% |  3% |
|  1 |  1% |  3% |
| ID | GPU | MEM |
------------------
|  0 | 39% |  3% |
|  1 |  3% |  3% |
| ID | GPU | MEM |
------------------
|  0 | 35% |  3% |
|  1 |  2% |  3% |
| ID | GPU | MEM |
------------------
|  0 | 39% |  3% |
|  1 |  3% |  3% |
| ID | GPU | MEM |
------------------
|  0 | 39% |  3% |
|  1 |  2% |  3% |
| ID | GPU | MEM |
------------------
|  0 | 48% |  3% |
|  1 |  2% |  3% |
| ID | GPU | MEM |
------------------
|  0 | 39% |  3% |
|  1 |  2% |  3% |
| ID | GPU | MEM |
------------------
|  0 | 34% |  3% |
|  1 |  3% |  3% |
| ID | GPU | MEM |
------------------
|  0 | 36% |  3% |
|  1 |  3% |  3% |
| ID | GPU | MEM |
------------------
|  0 | 36% |  3% |
|  1 |  2% |  3% |
| ID | GPU | MEM |
------------------
|  0 | 34% |  3% |
|  1 |  2% |  3% |
| ID | GPU | MEM |
------------------
|  0 | 34% |  3% |
|  1 |  3% |  3% |
| ID | GPU | MEM |
------------------
|  0 | 46% |  3% |
|  1 |  2% |  3% |
| ID | GPU | MEM |
------------------
|  0 | 49% |  3% |
|  1 |  2% |  3% |
| ID | GPU | MEM |
------------------
|  0 | 35% |  3% |
|  1 |  3% |  3% |
| ID | GPU | MEM |
------------------
|  0 | 35% |  3% |
|  1 |  2% |  3% |
| ID | GPU | MEM |
------------------
|  0 | 37% |  3% |
|  1 |  2% |  3% |
| ID | GPU | MEM |
------------------
|  0 | 36% |  3% |
|  1 |  2% |  3% |
| ID | GPU | MEM |
------------------
|  0 | 39% |  3% |
|  1 |  2% |  3% |
| ID | GPU | MEM |
------------------
|  0 | 36% |  3% |
|  1 |  2% |  3% |
| ID | GPU | MEM |
------------------
|  0 | 36% |  3% |
|  1 |  3% |  3% |
| ID | GPU | MEM |
------------------
|  0 | 43% |  3% |
|  1 |  2% |  3% |
| ID | GPU | MEM |
------------------
|  0 | 44% |  3% |
|  1 |  2% |  3% |
| ID | GPU | MEM |
------------------
|  0 | 33% |  3% |
|  1 |  3% |  3% |
| ID | GPU | MEM |
------------------
|  0 | 34% |  3% |
|  1 |  2% |  3% |
| ID | GPU | MEM |
------------------
|  0 | 35% |  3% |
|  1 |  2% |  3% |
| ID | GPU | MEM |
------------------
|  0 | 37% |  3% |
|  1 |  2% |  3% |
| ID | GPU | MEM |
------------------
|  0 | 37% |  3% |
|  1 |  3% |  3% |
| ID | GPU | MEM |
------------------
|  0 | 41% |  3% |
|  1 |  2% |  3% |
| ID | GPU | MEM |
------------------
|  0 | 41% |  3% |
|  1 |  2% |  3% |
| ID | GPU | MEM |
------------------
|  0 | 44% |  3% |
|  1 |  2% |  3% |
| ID | GPU | MEM |
------------------
|  0 | 44% |  3% |
|  1 |  2% |  3% |
| ID | GPU | MEM |
------------------
|  0 | 31% |  3% |
|  1 |  3% |  3% |
| ID | GPU | MEM |
------------------
|  0 | 33% |  3% |
|  1 |  3% |  3% |
| ID | GPU | MEM |
------------------
|  0 | 19% |  3% |
|  1 |  3% |  3% |
| ID | GPU | MEM |
------------------
|  0 | 37% |  3% |
|  1 |  2% |  3% |
| ID | GPU | MEM |
------------------
|  0 | 44% |  3% |
|  1 |  3% |  3% |
| ID | GPU | MEM |
------------------
|  0 | 44% |  3% |
|  1 |  2% |  3% |
| ID | GPU | MEM |
------------------
|  0 | 38% |  3% |
|  1 |  3% |  3% |
| ID | GPU | MEM |
------------------
|  0 | 34% |  3% |
|  1 |  2% |  3% |
| ID | GPU | MEM |
------------------
|  0 | 30% |  3% |
|  1 |  2% |  3% |
| ID | GPU | MEM |
------------------
|  0 | 33% |  3% |
|  1 |  2% |  3% |
| ID | GPU | MEM |
------------------
|  0 | 42% |  3% |
|  1 |  3% |  3% |
| ID | GPU | MEM |
------------------
|  0 | 42% |  3% |
|  1 |  2% |  3% |
| ID | GPU | MEM |
------------------
|  0 | 41% |  3% |
|  1 |  2% |  3% |
| ID | GPU | MEM |
------------------
|  0 | 30% |  3% |
|  1 |  3% |  3% |
| ID | GPU | MEM |
------------------
|  0 | 31% |  3% |
|  1 |  3% |  3% |
| ID | GPU | MEM |
------------------
|  0 | 34% |  3% |
|  1 |  2% |  3% |
Finished training it 100/170 of epoch 0 and time taken 10.610397100448608, 98.98 ms/it, loss 0.664503, accuracy 59.900 %
DLRM_wrap_time 39.73, loss_fn_time 0.24, Backward_pass_time  30.39, Average_Grad_time 26.18, Optimizer_step_time 2.12
Starting Test loop
| ID | GPU | MEM |
------------------
|  0 | 25% |  3% |
|  1 |  3% |  3% |
| ID | GPU | MEM |
------------------
|  0 | 25% |  3% |
|  1 |  2% |  3% |
Test loop ended
Testing at - 100/170 of epoch 0, loss 0.674308, accuracy 58.235 %, best 58.235 %
| ID | GPU | MEM |
------------------
|  0 |  5% |  3% |
|  1 |  3% |  3% |
| ID | GPU | MEM |
------------------
|  0 |  9% |  3% |
|  1 |  4% |  3% |
| ID | GPU | MEM |
------------------
|  0 | 32% |  3% |
|  1 |  4% |  3% |
| ID | GPU | MEM |
------------------
|  0 | 37% |  3% |
|  1 |  3% |  3% |
| ID | GPU | MEM |
------------------
|  0 | 37% |  3% |
|  1 |  2% |  3% |
| ID | GPU | MEM |
------------------
|  0 | 37% |  3% |
|  1 |  3% |  3% |
| ID | GPU | MEM |
------------------
|  0 | 44% |  3% |
|  1 |  2% |  3% |
| ID | GPU | MEM |
------------------
|  0 | 40% |  3% |
|  1 |  3% |  3% |
| ID | GPU | MEM |
------------------
|  0 | 29% |  3% |
|  1 |  3% |  3% |
| ID | GPU | MEM |
------------------
|  0 | 36% |  3% |
|  1 |  2% |  3% |
| ID | GPU | MEM |
------------------
|  0 | 33% |  3% |
|  1 |  3% |  3% |
| ID | GPU | MEM |
------------------
|  0 | 37% |  3% |
|  1 |  2% |  3% |
| ID | GPU | MEM |
------------------
|  0 | 37% |  3% |
|  1 |  2% |  3% |
| ID | GPU | MEM |
------------------
|  0 | 48% |  3% |
|  1 |  2% |  3% |
| ID | GPU | MEM |
------------------
|  0 | 30% |  3% |
|  1 |  3% |  3% |
| ID | GPU | MEM |
------------------
|  0 | 29% |  3% |
|  1 |  3% |  3% |
| ID | GPU | MEM |
------------------
|  0 | 38% |  3% |
|  1 |  2% |  3% |
| ID | GPU | MEM |
------------------
|  0 | 32% |  3% |
|  1 |  3% |  3% |
| ID | GPU | MEM |
------------------
|  0 | 32% |  3% |
|  1 |  2% |  3% |
| ID | GPU | MEM |
------------------
|  0 | 47% |  3% |
|  1 |  2% |  3% |
| ID | GPU | MEM |
------------------
|  0 | 37% |  3% |
|  1 |  3% |  3% |
| ID | GPU | MEM |
------------------
|  0 | 30% |  3% |
|  1 |  3% |  3% |
| ID | GPU | MEM |
------------------
|  0 | 34% |  3% |
|  1 |  2% |  3% |
| ID | GPU | MEM |
------------------
|  0 | 34% |  3% |
|  1 |  3% |  3% |
| ID | GPU | MEM |
------------------
|  0 | 42% |  3% |
|  1 |  2% |  3% |
| ID | GPU | MEM |
------------------
|  0 | 42% |  3% |
|  1 |  2% |  3% |
| ID | GPU | MEM |
------------------
|  0 | 45% |  3% |
|  1 |  2% |  3% |
| ID | GPU | MEM |
------------------
|  0 | 31% |  3% |
|  1 |  3% |  3% |
| ID | GPU | MEM |
------------------
|  0 | 30% |  3% |
|  1 |  3% |  3% |
| ID | GPU | MEM |
------------------
|  0 | 34% |  3% |
|  1 |  2% |  3% |
| ID | GPU | MEM |
------------------
|  0 | 33% |  3% |
|  1 |  3% |  3% |
| ID | GPU | MEM |
------------------
|  0 | 33% |  3% |
|  1 |  2% |  3% |
| ID | GPU | MEM |
------------------
|  0 | 40% |  3% |
|  1 |  2% |  3% |
| ID | GPU | MEM |
------------------
|  0 | 42% |  3% |
|  1 |  2% |  3% |
| ID | GPU | MEM |
------------------
|  0 | 30% |  3% |
|  1 |  3% |  3% |
Finished training it 170/170 of epoch 0 and time taken 16.065696477890015, 65.89 ms/it, loss 0.639391, accuracy 63.228 %
DLRM_wrap_time 8.35, loss_fn_time 0.24, Backward_pass_time  29.06, Average_Grad_time 25.35, Optimizer_step_time 2.55
Finished epoch 0
| ID | GPU | MEM |
------------------
|  0 | 55% |  3% |
|  1 |  3% |  3% |
| ID | GPU | MEM |
------------------
|  0 | 32% |  3% |
|  1 |  3% |  3% |
| ID | GPU | MEM |
------------------
|  0 | 41% |  3% |
|  1 |  2% |  3% |
| ID | GPU | MEM |
------------------
|  0 | 41% |  3% |
|  1 |  2% |  3% |
| ID | GPU | MEM |
------------------
|  0 | 41% |  3% |
|  1 |  2% |  3% |
| ID | GPU | MEM |
------------------
|  0 | 42% |  3% |
|  1 |  2% |  3% |
| ID | GPU | MEM |
------------------
|  0 | 33% |  3% |
|  1 |  3% |  3% |
| ID | GPU | MEM |
------------------
|  0 | 30% |  3% |
|  1 |  3% |  3% |
| ID | GPU | MEM |
------------------
|  0 | 35% |  3% |
|  1 |  2% |  3% |
| ID | GPU | MEM |
------------------
|  0 | 35% |  3% |
|  1 |  3% |  3% |
| ID | GPU | MEM |
------------------
|  0 | 35% |  3% |
|  1 |  2% |  3% |
| ID | GPU | MEM |
------------------
|  0 | 49% |  3% |
|  1 |  2% |  3% |
| ID | GPU | MEM |
------------------
|  0 | 31% |  3% |
|  1 |  3% |  3% |
| ID | GPU | MEM |
------------------
|  0 | 31% |  3% |
|  1 |  3% |  3% |
| ID | GPU | MEM |
------------------
|  0 | 32% |  3% |
|  1 |  2% |  3% |
| ID | GPU | MEM |
------------------
|  0 | 35% |  3% |
|  1 |  2% |  3% |
| ID | GPU | MEM |
------------------
|  0 | 35% |  3% |
|  1 |  3% |  3% |
| ID | GPU | MEM |
------------------
|  0 | 46% |  3% |
|  1 |  2% |  3% |
| ID | GPU | MEM |
------------------
|  0 | 38% |  3% |
|  1 |  3% |  3% |
| ID | GPU | MEM |
------------------
|  0 | 32% |  3% |
|  1 |  3% |  3% |
| ID | GPU | MEM |
------------------
|  0 | 32% |  3% |
|  1 |  2% |  3% |
| ID | GPU | MEM |
------------------
|  0 | 34% |  3% |
|  1 |  3% |  3% |
| ID | GPU | MEM |
------------------
|  0 | 34% |  3% |
|  1 |  2% |  3% |
| ID | GPU | MEM |
------------------
|  0 | 45% |  3% |
|  1 |  2% |  3% |
| ID | GPU | MEM |
------------------
|  0 | 38% |  3% |
|  1 |  3% |  3% |
| ID | GPU | MEM |
------------------
|  0 | 32% |  3% |
|  1 |  3% |  3% |
| ID | GPU | MEM |
------------------
|  0 | 35% |  3% |
|  1 |  2% |  3% |
| ID | GPU | MEM |
------------------
|  0 | 35% |  3% |
|  1 |  3% |  3% |
| ID | GPU | MEM |
------------------
|  0 | 42% |  3% |
|  1 |  2% |  3% |
| ID | GPU | MEM |
------------------
|  0 | 42% |  3% |
|  1 |  2% |  3% |
| ID | GPU | MEM |
------------------
|  0 | 42% |  3% |
|  1 |  3% |  3% |
| ID | GPU | MEM |
------------------
|  0 | 35% |  3% |
|  1 |  3% |  3% |
| ID | GPU | MEM |
------------------
|  0 | 29% |  3% |
|  1 |  3% |  3% |
| ID | GPU | MEM |
------------------
|  0 | 36% |  3% |
|  1 |  2% |  3% |
| ID | GPU | MEM |
------------------
|  0 | 32% |  3% |
|  1 |  3% |  3% |
| ID | GPU | MEM |
------------------
|  0 | 32% |  3% |
|  1 |  2% |  3% |
| ID | GPU | MEM |
------------------
|  0 | 46% |  3% |
|  1 |  2% |  3% |
| ID | GPU | MEM |
------------------
|  0 | 39% |  3% |
|  1 |  3% |  3% |
| ID | GPU | MEM |
------------------
|  0 | 32% |  3% |
|  1 |  3% |  3% |
| ID | GPU | MEM |
------------------
|  0 | 32% |  3% |
|  1 |  2% |  3% |
| ID | GPU | MEM |
------------------
|  0 | 34% |  3% |
|  1 |  2% |  3% |
| ID | GPU | MEM |
------------------
|  0 | 35% |  3% |
|  1 |  3% |  3% |
| ID | GPU | MEM |
------------------
|  0 | 35% |  3% |
|  1 |  2% |  3% |
| ID | GPU | MEM |
------------------
|  0 | 46% |  3% |
|  1 |  2% |  3% |
| ID | GPU | MEM |
------------------
|  0 | 36% |  3% |
|  1 |  3% |  3% |
| ID | GPU | MEM |
------------------
|  0 | 32% |  3% |
|  1 |  3% |  3% |
| ID | GPU | MEM |
------------------
|  0 | 34% |  3% |
|  1 |  2% |  3% |
| ID | GPU | MEM |
------------------
|  0 | 33% |  3% |
|  1 |  3% |  3% |
| ID | GPU | MEM |
------------------
|  0 | 33% |  3% |
|  1 |  2% |  3% |
| ID | GPU | MEM |
------------------
|  0 | 46% |  3% |
|  1 |  2% |  3% |
Finished training it 100/170 of epoch 1 and time taken 23.36258053779602, 66.86 ms/it, loss 0.652148, accuracy 61.842 %
DLRM_wrap_time 8.31, loss_fn_time 0.25, Backward_pass_time  31.92, Average_Grad_time 24.78, Optimizer_step_time 1.30
Starting Test loop
| ID | GPU | MEM |
------------------
|  0 | 36% |  3% |
|  1 |  3% |  3% |
| ID | GPU | MEM |
------------------
|  0 |  9% |  3% |
|  1 |  4% |  3% |
Test loop ended
Testing at - 100/170 of epoch 1, loss 0.647133, accuracy 62.219 %, best 62.219 %
| ID | GPU | MEM |
------------------
|  0 |  3% |  3% |
|  1 |  4% |  3% |
| ID | GPU | MEM |
------------------
|  0 | 39% |  3% |
|  1 |  4% |  3% |
| ID | GPU | MEM |
------------------
|  0 | 14% |  3% |
|  1 |  2% |  3% |
| ID | GPU | MEM |
------------------
|  0 | 40% |  3% |
|  1 |  3% |  3% |
| ID | GPU | MEM |
------------------
|  0 | 35% |  3% |
|  1 |  2% |  3% |
| ID | GPU | MEM |
------------------
|  0 | 34% |  3% |
|  1 |  2% |  3% |
| ID | GPU | MEM |
------------------
|  0 | 38% |  3% |
|  1 |  3% |  3% |
| ID | GPU | MEM |
------------------
|  0 | 39% |  3% |
|  1 |  2% |  3% |
| ID | GPU | MEM |
------------------
|  0 | 37% |  3% |
|  1 |  2% |  3% |
| ID | GPU | MEM |
------------------
|  0 | 37% |  3% |
|  1 |  2% |  3% |
| ID | GPU | MEM |
------------------
|  0 | 51% |  3% |
|  1 |  2% |  3% |
| ID | GPU | MEM |
------------------
|  0 | 38% |  3% |
|  1 |  3% |  3% |
| ID | GPU | MEM |
------------------
|  0 | 34% |  3% |
|  1 |  3% |  3% |
| ID | GPU | MEM |
------------------
|  0 | 35% |  3% |
|  1 |  2% |  3% |
| ID | GPU | MEM |
------------------
|  0 | 34% |  3% |
|  1 |  2% |  3% |
| ID | GPU | MEM |
------------------
|  0 | 38% |  3% |
|  1 |  3% |  3% |
| ID | GPU | MEM |
------------------
|  0 | 40% |  3% |
|  1 |  2% |  3% |
| ID | GPU | MEM |
------------------
|  0 | 40% |  3% |
|  1 |  2% |  3% |
| ID | GPU | MEM |
------------------
|  0 | 42% |  3% |
|  1 |  2% |  3% |
| ID | GPU | MEM |
------------------
|  0 | 47% |  3% |
|  1 |  3% |  3% |
| ID | GPU | MEM |
------------------
|  0 | 35% |  3% |
|  1 |  2% |  3% |
| ID | GPU | MEM |
------------------
|  0 | 33% |  3% |
|  1 |  2% |  3% |
| ID | GPU | MEM |
------------------
|  0 | 34% |  3% |
|  1 |  2% |  3% |
| ID | GPU | MEM |
------------------
|  0 | 36% |  3% |
|  1 |  2% |  3% |
| ID | GPU | MEM |
------------------
|  0 | 38% |  3% |
|  1 |  3% |  3% |
| ID | GPU | MEM |
------------------
|  0 | 37% |  3% |
|  1 |  2% |  3% |
| ID | GPU | MEM |
------------------
|  0 | 37% |  3% |
|  1 |  2% |  3% |
| ID | GPU | MEM |
------------------
|  0 | 48% |  3% |
|  1 |  2% |  3% |
| ID | GPU | MEM |
------------------
|  0 | 46% |  3% |
|  1 |  2% |  3% |
| ID | GPU | MEM |
------------------
|  0 | 34% |  3% |
|  1 |  3% |  3% |
| ID | GPU | MEM |
------------------
|  0 | 32% |  3% |
|  1 |  3% |  3% |
| ID | GPU | MEM |
------------------
|  0 | 32% |  3% |
|  1 |  2% |  3% |
| ID | GPU | MEM |
------------------
|  0 | 38% |  3% |
|  1 |  2% |  3% |
| ID | GPU | MEM |
------------------
|  0 | 34% |  3% |
|  1 |  3% |  3% |
| ID | GPU | MEM |
------------------
|  0 | 44% |  3% |
|  1 |  2% |  3% |
Finished training it 170/170 of epoch 1 and time taken 28.988537073135376, 69.13 ms/it, loss 0.631080, accuracy 64.292 %
DLRM_wrap_time 8.92, loss_fn_time 0.25, Backward_pass_time  29.52, Average_Grad_time 26.90, Optimizer_step_time 3.22
Finished epoch 1
| ID | GPU | MEM |
------------------
|  0 | 44% |  3% |
|  1 |  2% |  3% |
| ID | GPU | MEM |
------------------
|  0 | 47% |  3% |
|  1 |  3% |  3% |
| ID | GPU | MEM |
------------------
|  0 | 30% |  3% |
|  1 |  2% |  3% |
| ID | GPU | MEM |
------------------
|  0 | 34% |  3% |
|  1 |  2% |  3% |
| ID | GPU | MEM |
------------------
|  0 | 40% |  3% |
|  1 |  2% |  3% |
| ID | GPU | MEM |
------------------
|  0 | 35% |  3% |
|  1 |  3% |  3% |
| ID | GPU | MEM |
------------------
|  0 | 39% |  3% |
|  1 |  2% |  3% |
| ID | GPU | MEM |
------------------
|  0 | 39% |  3% |
|  1 |  2% |  3% |
| ID | GPU | MEM |
------------------
|  0 | 47% |  3% |
|  1 |  2% |  3% |
| ID | GPU | MEM |
------------------
|  0 | 43% |  3% |
|  1 |  2% |  3% |
| ID | GPU | MEM |
------------------
|  0 | 38% |  3% |
|  1 |  3% |  3% |
| ID | GPU | MEM |
------------------
|  0 | 31% |  3% |
|  1 |  3% |  3% |
| ID | GPU | MEM |
------------------
|  0 | 35% |  3% |
|  1 |  2% |  3% |
| ID | GPU | MEM |
------------------
|  0 | 39% |  3% |
|  1 |  3% |  3% |
| ID | GPU | MEM |
------------------
|  0 | 42% |  3% |
|  1 |  2% |  3% |
| ID | GPU | MEM |
------------------
|  0 | 42% |  3% |
|  1 |  2% |  3% |
| ID | GPU | MEM |
------------------
|  0 | 46% |  3% |
|  1 |  2% |  3% |
| ID | GPU | MEM |
------------------
|  0 | 41% |  3% |
|  1 |  3% |  3% |
| ID | GPU | MEM |
------------------
|  0 | 37% |  3% |
|  1 |  2% |  3% |
| ID | GPU | MEM |
------------------
|  0 | 31% |  3% |
|  1 |  2% |  3% |
| ID | GPU | MEM |
------------------
|  0 | 36% |  3% |
|  1 |  2% |  3% |
| ID | GPU | MEM |
------------------
|  0 | 39% |  3% |
|  1 |  2% |  3% |
| ID | GPU | MEM |
------------------
|  0 | 33% |  3% |
|  1 |  3% |  3% |
| ID | GPU | MEM |
------------------
|  0 | 43% |  3% |
|  1 |  2% |  3% |
| ID | GPU | MEM |
------------------
|  0 | 43% |  3% |
|  1 |  2% |  3% |
| ID | GPU | MEM |
------------------
|  0 | 42% |  3% |
|  1 |  2% |  3% |
| ID | GPU | MEM |
------------------
|  0 | 42% |  3% |
|  1 |  3% |  3% |
| ID | GPU | MEM |
------------------
|  0 | 34% |  3% |
|  1 |  3% |  3% |
| ID | GPU | MEM |
------------------
|  0 | 30% |  3% |
|  1 |  2% |  3% |
| ID | GPU | MEM |
------------------
|  0 | 39% |  3% |
|  1 |  3% |  3% |
| ID | GPU | MEM |
------------------
|  0 | 34% |  3% |
|  1 |  2% |  3% |
| ID | GPU | MEM |
------------------
|  0 | 49% |  3% |
|  1 |  2% |  3% |
| ID | GPU | MEM |
------------------
|  0 | 49% |  3% |
|  1 |  2% |  3% |
| ID | GPU | MEM |
------------------
|  0 | 48% |  3% |
|  1 |  3% |  3% |
| ID | GPU | MEM |
------------------
|  0 | 34% |  3% |
|  1 |  2% |  3% |
| ID | GPU | MEM |
------------------
|  0 | 38% |  3% |
|  1 |  2% |  3% |
| ID | GPU | MEM |
------------------
|  0 | 36% |  3% |
|  1 |  3% |  3% |
| ID | GPU | MEM |
------------------
|  0 | 45% |  3% |
|  1 |  2% |  3% |
| ID | GPU | MEM |
------------------
|  0 | 45% |  3% |
|  1 |  2% |  3% |
| ID | GPU | MEM |
------------------
|  0 | 46% |  3% |
|  1 |  3% |  3% |
| ID | GPU | MEM |
------------------
|  0 | 36% |  3% |
|  1 |  2% |  3% |
| ID | GPU | MEM |
------------------
|  0 | 33% |  3% |
|  1 |  2% |  3% |
| ID | GPU | MEM |
------------------
|  0 | 33% |  3% |
|  1 |  2% |  3% |
| ID | GPU | MEM |
------------------
|  0 | 38% |  3% |
|  1 |  2% |  3% |
| ID | GPU | MEM |
------------------
|  0 | 34% |  3% |
|  1 |  3% |  3% |
| ID | GPU | MEM |
------------------
|  0 | 40% |  3% |
|  1 |  2% |  3% |
| ID | GPU | MEM |
------------------
|  0 | 40% |  3% |
|  1 |  2% |  3% |
| ID | GPU | MEM |
------------------
|  0 | 45% |  3% |
|  1 |  3% |  3% |
| ID | GPU | MEM |
------------------
|  0 | 43% |  3% |
|  1 |  2% |  3% |
| ID | GPU | MEM |
------------------
|  0 | 35% |  3% |
|  1 |  2% |  3% |
Finished training it 100/170 of epoch 2 and time taken 36.495018005371094, 68.97 ms/it, loss 0.613137, accuracy 66.963 %
DLRM_wrap_time 8.29, loss_fn_time 0.24, Backward_pass_time  31.33, Average_Grad_time 27.65, Optimizer_step_time 1.18
Starting Test loop
| ID | GPU | MEM |
------------------
|  0 | 35% |  3% |
|  1 |  2% |  3% |
| ID | GPU | MEM |
------------------
|  0 |  3% |  3% |
|  1 |  3% |  3% |
Test loop ended
Testing at - 100/170 of epoch 2, loss 0.605894, accuracy 69.369 %, best 69.369 %
| ID | GPU | MEM |
------------------
|  0 |  4% |  3% |
|  1 |  3% |  3% |
| ID | GPU | MEM |
------------------
|  0 |  4% |  3% |
|  1 |  4% |  3% |
| ID | GPU | MEM |
------------------
|  0 | 37% |  3% |
|  1 |  2% |  3% |
| ID | GPU | MEM |
------------------
|  0 | 46% |  3% |
|  1 |  3% |  3% |
| ID | GPU | MEM |
------------------
|  0 | 36% |  3% |
|  1 |  2% |  3% |
| ID | GPU | MEM |
------------------
|  0 | 34% |  3% |
|  1 |  2% |  3% |
| ID | GPU | MEM |
------------------
|  0 | 37% |  3% |
|  1 |  2% |  3% |
| ID | GPU | MEM |
------------------
|  0 | 35% |  3% |
|  1 |  2% |  3% |
| ID | GPU | MEM |
------------------
|  0 | 40% |  3% |
|  1 |  3% |  3% |
| ID | GPU | MEM |
------------------
|  0 | 35% |  3% |
|  1 |  2% |  3% |
| ID | GPU | MEM |
------------------
|  0 | 35% |  3% |
|  1 |  2% |  3% |
| ID | GPU | MEM |
------------------
|  0 | 48% |  3% |
|  1 |  2% |  3% |
| ID | GPU | MEM |
------------------
|  0 | 47% |  3% |
|  1 |  3% |  3% |
| ID | GPU | MEM |
------------------
|  0 | 32% |  3% |
|  1 |  3% |  3% |
| ID | GPU | MEM |
------------------
|  0 | 35% |  3% |
|  1 |  2% |  3% |
| ID | GPU | MEM |
------------------
|  0 | 34% |  3% |
|  1 |  2% |  3% |
| ID | GPU | MEM |
------------------
|  0 | 37% |  3% |
|  1 |  3% |  3% |
| ID | GPU | MEM |
------------------
|  0 | 38% |  3% |
|  1 |  2% |  3% |
| ID | GPU | MEM |
------------------
|  0 | 38% |  3% |
|  1 |  2% |  3% |
| ID | GPU | MEM |
------------------
|  0 | 48% |  3% |
|  1 |  2% |  3% |
| ID | GPU | MEM |
------------------
|  0 | 46% |  3% |
|  1 |  3% |  3% |
| ID | GPU | MEM |
------------------
|  0 | 35% |  3% |
|  1 |  3% |  3% |
| ID | GPU | MEM |
------------------
|  0 | 35% |  3% |
|  1 |  2% |  3% |
| ID | GPU | MEM |
------------------
|  0 | 35% |  3% |
|  1 |  2% |  3% |
| ID | GPU | MEM |
------------------
|  0 | 39% |  3% |
|  1 |  3% |  3% |
| ID | GPU | MEM |
------------------
|  0 | 40% |  3% |
|  1 |  2% |  3% |
| ID | GPU | MEM |
------------------
|  0 | 40% |  3% |
|  1 |  2% |  3% |
| ID | GPU | MEM |
------------------
|  0 | 41% |  3% |
|  1 |  2% |  3% |
| ID | GPU | MEM |
------------------
|  0 | 41% |  3% |
|  1 |  3% |  3% |
| ID | GPU | MEM |
------------------
|  0 | 32% |  3% |
|  1 |  2% |  3% |
| ID | GPU | MEM |
------------------
|  0 | 31% |  3% |
|  1 |  2% |  3% |
| ID | GPU | MEM |
------------------
|  0 | 34% |  3% |
|  1 |  2% |  3% |
| ID | GPU | MEM |
------------------
|  0 | 33% |  3% |
|  1 |  3% |  3% |
| ID | GPU | MEM |
------------------
|  0 | 33% |  3% |
|  1 |  2% |  3% |
| ID | GPU | MEM |
------------------
|  0 | 47% |  3% |
|  1 |  2% |  3% |
Finished training it 170/170 of epoch 2 and time taken 42.121178150177, 68.72 ms/it, loss 0.587686, accuracy 69.437 %
DLRM_wrap_time 8.27, loss_fn_time 0.24, Backward_pass_time  30.77, Average_Grad_time 26.74, Optimizer_step_time 2.40
Finished epoch 2
| ID | GPU | MEM |
------------------
|  0 | 42% |  3% |
|  1 |  3% |  3% |
| ID | GPU | MEM |
------------------
|  0 | 19% |  3% |
|  1 |  3% |  3% |
| ID | GPU | MEM |
------------------
|  0 | 36% |  3% |
|  1 |  4% |  3% |
| ID | GPU | MEM |
------------------
|  0 | 35% |  3% |
|  1 |  2% |  3% |
| ID | GPU | MEM |
------------------
|  0 | 38% |  3% |
|  1 |  2% |  3% |
| ID | GPU | MEM |
------------------
|  0 | 34% |  3% |
|  1 |  3% |  3% |
| ID | GPU | MEM |
------------------
|  0 | 42% |  3% |
|  1 |  2% |  3% |
| ID | GPU | MEM |
------------------
|  0 | 42% |  3% |
|  1 |  2% |  3% |
| ID | GPU | MEM |
------------------
|  0 | 48% |  3% |
|  1 |  2% |  3% |
| ID | GPU | MEM |
------------------
|  0 | 37% |  3% |
|  1 |  3% |  3% |
| ID | GPU | MEM |
------------------
|  0 | 35% |  3% |
|  1 |  3% |  3% |
| ID | GPU | MEM |
------------------
|  0 | 33% |  3% |
|  1 |  2% |  3% |
| ID | GPU | MEM |
------------------
|  0 | 38% |  3% |
|  1 |  2% |  3% |
| ID | GPU | MEM |
------------------
|  0 | 37% |  3% |
|  1 |  3% |  3% |
| ID | GPU | MEM |
------------------
|  0 | 41% |  3% |
|  1 |  2% |  3% |
| ID | GPU | MEM |
------------------
|  0 | 41% |  3% |
|  1 |  2% |  3% |
| ID | GPU | MEM |
------------------
|  0 | 42% |  3% |
|  1 |  3% |  3% |
| ID | GPU | MEM |
------------------
|  0 | 38% |  3% |
|  1 |  2% |  3% |
| ID | GPU | MEM |
------------------
|  0 | 36% |  3% |
|  1 |  2% |  3% |
| ID | GPU | MEM |
------------------
|  0 | 34% |  3% |
|  1 |  2% |  3% |
| ID | GPU | MEM |
------------------
|  0 | 39% |  3% |
|  1 |  2% |  3% |
| ID | GPU | MEM |
------------------
|  0 | 35% |  3% |
|  1 |  3% |  3% |
| ID | GPU | MEM |
------------------
|  0 | 40% |  3% |
|  1 |  2% |  3% |
| ID | GPU | MEM |
------------------
|  0 | 40% |  3% |
|  1 |  2% |  3% |
| ID | GPU | MEM |
------------------
|  0 | 48% |  3% |
|  1 |  2% |  3% |
| ID | GPU | MEM |
------------------
|  0 | 43% |  3% |
|  1 |  3% |  3% |
| ID | GPU | MEM |
------------------
|  0 | 34% |  3% |
|  1 |  2% |  3% |
| ID | GPU | MEM |
------------------
|  0 | 35% |  3% |
|  1 |  2% |  3% |
| ID | GPU | MEM |
------------------
|  0 | 34% |  3% |
|  1 |  2% |  3% |
| ID | GPU | MEM |
------------------
|  0 | 39% |  3% |
|  1 |  3% |  3% |
| ID | GPU | MEM |
------------------
|  0 | 39% |  3% |
|  1 |  2% |  3% |
| ID | GPU | MEM |
------------------
|  0 | 39% |  3% |
|  1 |  2% |  3% |
| ID | GPU | MEM |
------------------
|  0 | 48% |  3% |
|  1 |  2% |  3% |
| ID | GPU | MEM |
------------------
|  0 | 38% |  3% |
|  1 |  3% |  3% |
| ID | GPU | MEM |
------------------
|  0 | 33% |  3% |
|  1 |  3% |  3% |
| ID | GPU | MEM |
------------------
|  0 | 33% |  3% |
|  1 |  2% |  3% |
| ID | GPU | MEM |
------------------
|  0 | 38% |  3% |
|  1 |  3% |  3% |
| ID | GPU | MEM |
------------------
|  0 | 35% |  3% |
|  1 |  3% |  3% |
| ID | GPU | MEM |
------------------
|  0 | 46% |  3% |
|  1 |  2% |  3% |
| ID | GPU | MEM |
------------------
|  0 | 46% |  3% |
|  1 |  2% |  3% |
| ID | GPU | MEM |
------------------
|  0 | 48% |  3% |
|  1 |  3% |  3% |
| ID | GPU | MEM |
------------------
|  0 | 33% |  3% |
|  1 |  3% |  3% |
| ID | GPU | MEM |
------------------
|  0 | 32% |  3% |
|  1 |  2% |  3% |
| ID | GPU | MEM |
------------------
|  0 | 35% |  3% |
|  1 |  2% |  3% |
| ID | GPU | MEM |
------------------
|  0 | 40% |  3% |
|  1 |  3% |  3% |
| ID | GPU | MEM |
------------------
|  0 | 39% |  3% |
|  1 |  2% |  3% |
| ID | GPU | MEM |
------------------
|  0 | 39% |  3% |
|  1 |  2% |  3% |
| ID | GPU | MEM |
------------------
|  0 | 48% |  3% |
|  1 |  2% |  3% |
| ID | GPU | MEM |
------------------
|  0 | 35% |  3% |
|  1 |  3% |  3% |
Finished training it 100/170 of epoch 3 and time taken 49.48931884765625, 67.54 ms/it, loss 0.585536, accuracy 69.469 %
DLRM_wrap_time 8.33, loss_fn_time 0.24, Backward_pass_time  30.89, Average_Grad_time 26.20, Optimizer_step_time 1.59
Starting Test loop
| ID | GPU | MEM |
------------------
|  0 | 29% |  3% |
|  1 |  3% |  3% |
| ID | GPU | MEM |
------------------
|  0 |  9% |  3% |
|  1 |  3% |  3% |
| ID | GPU | MEM |
------------------
|  0 |  9% |  3% |
|  1 |  3% |  3% |
Test loop ended
Testing at - 100/170 of epoch 3, loss 0.543143, accuracy 76.475 %, best 76.475 %
| ID | GPU | MEM |
------------------
|  0 |  4% |  3% |
|  1 |  3% |  3% |
| ID | GPU | MEM |
------------------
|  0 | 48% |  3% |
|  1 |  2% |  3% |
| ID | GPU | MEM |
------------------
|  0 | 34% |  3% |
|  1 |  2% |  3% |
| ID | GPU | MEM |
------------------
|  0 | 31% |  3% |
|  1 |  3% |  3% |
| ID | GPU | MEM |
------------------
|  0 | 37% |  3% |
|  1 |  2% |  3% |
| ID | GPU | MEM |
------------------
|  0 | 37% |  3% |
|  1 |  3% |  3% |
| ID | GPU | MEM |
------------------
|  0 | 36% |  3% |
|  1 |  2% |  3% |
| ID | GPU | MEM |
------------------
|  0 | 43% |  3% |
|  1 |  2% |  3% |
| ID | GPU | MEM |
------------------
|  0 | 43% |  3% |
|  1 |  2% |  3% |
| ID | GPU | MEM |
------------------
|  0 | 45% |  3% |
|  1 |  3% |  3% |
| ID | GPU | MEM |
------------------
|  0 | 38% |  3% |
|  1 |  2% |  3% |
| ID | GPU | MEM |
------------------
|  0 | 33% |  3% |
|  1 |  2% |  3% |
| ID | GPU | MEM |
------------------
|  0 | 35% |  3% |
|  1 |  2% |  3% |
| ID | GPU | MEM |
------------------
|  0 | 42% |  3% |
|  1 |  2% |  3% |
| ID | GPU | MEM |
------------------
|  0 | 36% |  3% |
|  1 |  3% |  3% |
| ID | GPU | MEM |
------------------
|  0 | 36% |  3% |
|  1 |  2% |  3% |
| ID | GPU | MEM |
------------------
|  0 | 50% |  3% |
|  1 |  2% |  3% |
| ID | GPU | MEM |
------------------
|  0 | 43% |  3% |
|  1 |  3% |  3% |
| ID | GPU | MEM |
------------------
|  0 | 32% |  3% |
|  1 |  3% |  3% |
| ID | GPU | MEM |
------------------
|  0 | 36% |  3% |
|  1 |  2% |  3% |
| ID | GPU | MEM |
------------------
|  0 | 29% |  3% |
|  1 |  2% |  3% |
| ID | GPU | MEM |
------------------
|  0 | 38% |  3% |
|  1 |  3% |  3% |
| ID | GPU | MEM |
------------------
|  0 | 41% |  3% |
|  1 |  2% |  3% |
| ID | GPU | MEM |
------------------
|  0 | 41% |  3% |
|  1 |  3% |  3% |
| ID | GPU | MEM |
------------------
|  0 | 43% |  3% |
|  1 |  3% |  3% |
| ID | GPU | MEM |
------------------
|  0 | 37% |  3% |
|  1 |  3% |  3% |
| ID | GPU | MEM |
------------------
|  0 | 28% |  3% |
|  1 |  2% |  3% |
| ID | GPU | MEM |
------------------
|  0 | 39% |  3% |
|  1 |  3% |  3% |
| ID | GPU | MEM |
------------------
|  0 | 32% |  3% |
|  1 |  2% |  3% |
| ID | GPU | MEM |
------------------
|  0 | 41% |  3% |
|  1 |  2% |  3% |
| ID | GPU | MEM |
------------------
|  0 | 41% |  3% |
|  1 |  2% |  3% |
| ID | GPU | MEM |
------------------
|  0 | 48% |  3% |
|  1 |  3% |  3% |
| ID | GPU | MEM |
------------------
|  0 | 36% |  3% |
|  1 |  3% |  3% |
| ID | GPU | MEM |
------------------
|  0 | 33% |  3% |
|  1 |  2% |  3% |
| ID | GPU | MEM |
------------------
|  0 | 35% |  3% |
|  1 |  3% |  3% |
Finished training it 170/170 of epoch 3 and time taken 55.03998827934265, 67.87 ms/it, loss 0.568973, accuracy 69.362 %
DLRM_wrap_time 8.22, loss_fn_time 0.23, Backward_pass_time  30.20, Average_Grad_time 26.93, Optimizer_step_time 1.99
Finished epoch 3
| ID | GPU | MEM |
------------------
|  0 | 39% |  3% |
|  1 |  2% |  3% |
| ID | GPU | MEM |
------------------
|  0 | 39% |  3% |
|  1 |  2% |  3% |
| ID | GPU | MEM |
------------------
|  0 | 43% |  3% |
|  1 |  2% |  3% |
| ID | GPU | MEM |
------------------
|  0 | 45% |  3% |
|  1 |  3% |  3% |
| ID | GPU | MEM |
------------------
|  0 | 35% |  3% |
|  1 |  2% |  3% |
| ID | GPU | MEM |
------------------
|  0 | 30% |  3% |
|  1 |  2% |  3% |
| ID | GPU | MEM |
------------------
|  0 | 36% |  3% |
|  1 |  2% |  3% |
| ID | GPU | MEM |
------------------
|  0 | 38% |  3% |
|  1 |  3% |  3% |
| ID | GPU | MEM |
------------------
|  0 | 36% |  3% |
|  1 |  2% |  3% |
| ID | GPU | MEM |
------------------
|  0 | 36% |  3% |
|  1 |  2% |  3% |
| ID | GPU | MEM |
------------------
|  0 | 46% |  3% |
|  1 |  2% |  3% |
| ID | GPU | MEM |
------------------
|  0 | 45% |  3% |
|  1 |  3% |  3% |
| ID | GPU | MEM |
------------------
|  0 | 37% |  3% |
|  1 |  3% |  3% |
| ID | GPU | MEM |
------------------
|  0 | 31% |  3% |
|  1 |  2% |  3% |
| ID | GPU | MEM |
------------------
|  0 | 33% |  3% |
|  1 |  2% |  3% |
| ID | GPU | MEM |
------------------
|  0 | 40% |  3% |
|  1 |  3% |  3% |
| ID | GPU | MEM |
------------------
|  0 | 34% |  3% |
|  1 |  2% |  3% |
| ID | GPU | MEM |
------------------
|  0 | 50% |  3% |
|  1 |  2% |  3% |
| ID | GPU | MEM |
------------------
|  0 | 50% |  3% |
|  1 |  2% |  3% |
| ID | GPU | MEM |
------------------
|  0 | 41% |  3% |
|  1 |  3% |  3% |
| ID | GPU | MEM |
------------------
|  0 | 37% |  3% |
|  1 |  3% |  3% |
| ID | GPU | MEM |
------------------
|  0 | 35% |  3% |
|  1 |  2% |  3% |
| ID | GPU | MEM |
------------------
|  0 | 29% |  3% |
|  1 |  3% |  3% |
| ID | GPU | MEM |
------------------
|  0 | 38% |  3% |
|  1 |  2% |  3% |
| ID | GPU | MEM |
------------------
|  0 | 38% |  3% |
|  1 |  2% |  3% |
| ID | GPU | MEM |
------------------
|  0 | 46% |  3% |
|  1 |  2% |  3% |
| ID | GPU | MEM |
------------------
|  0 | 46% |  3% |
|  1 |  3% |  3% |
| ID | GPU | MEM |
------------------
|  0 | 35% |  3% |
|  1 |  3% |  3% |
| ID | GPU | MEM |
------------------
|  0 | 28% |  3% |
|  1 |  2% |  3% |
| ID | GPU | MEM |
------------------
|  0 | 35% |  3% |
|  1 |  3% |  3% |
| ID | GPU | MEM |
------------------
|  0 | 34% |  3% |
|  1 |  2% |  3% |
| ID | GPU | MEM |
------------------
|  0 | 43% |  3% |
|  1 |  2% |  3% |
| ID | GPU | MEM |
------------------
|  0 | 43% |  3% |
|  1 |  2% |  3% |
| ID | GPU | MEM |
------------------
|  0 | 51% |  3% |
|  1 |  3% |  3% |
| ID | GPU | MEM |
------------------
|  0 | 37% |  3% |
|  1 |  2% |  3% |
| ID | GPU | MEM |
------------------
|  0 | 36% |  3% |
|  1 |  2% |  3% |
| ID | GPU | MEM |
------------------
|  0 | 36% |  3% |
|  1 |  2% |  3% |
| ID | GPU | MEM |
------------------
|  0 | 34% |  3% |
|  1 |  2% |  3% |
| ID | GPU | MEM |
------------------
|  0 | 41% |  3% |
|  1 |  3% |  3% |
| ID | GPU | MEM |
------------------
|  0 | 36% |  3% |
|  1 |  2% |  3% |
| ID | GPU | MEM |
------------------
|  0 | 36% |  3% |
|  1 |  2% |  3% |
| ID | GPU | MEM |
------------------
|  0 | 43% |  3% |
|  1 |  3% |  3% |
| ID | GPU | MEM |
------------------
|  0 | 48% |  3% |
|  1 |  2% |  3% |
| ID | GPU | MEM |
------------------
|  0 | 36% |  3% |
|  1 |  2% |  3% |
| ID | GPU | MEM |
------------------
|  0 | 32% |  3% |
|  1 |  2% |  3% |
| ID | GPU | MEM |
------------------
|  0 | 38% |  3% |
|  1 |  3% |  3% |
| ID | GPU | MEM |
------------------
|  0 | 34% |  3% |
|  1 |  2% |  3% |
| ID | GPU | MEM |
------------------
|  0 | 34% |  3% |
|  1 |  2% |  3% |
| ID | GPU | MEM |
------------------
|  0 | 48% |  3% |
|  1 |  2% |  3% |
| ID | GPU | MEM |
------------------
|  0 | 42% |  3% |
|  1 |  3% |  3% |
Finished training it 100/170 of epoch 4 and time taken 62.51892447471619, 68.80 ms/it, loss 0.582497, accuracy 68.881 %
DLRM_wrap_time 8.22, loss_fn_time 0.24, Backward_pass_time  31.78, Average_Grad_time 26.97, Optimizer_step_time 1.29
Starting Test loop
| ID | GPU | MEM |
------------------
|  0 | 32% |  3% |
|  1 |  3% |  3% |
| ID | GPU | MEM |
------------------
|  0 |  3% |  3% |
|  1 |  3% |  3% |
| ID | GPU | MEM |
------------------
|  0 |  3% |  3% |
|  1 |  3% |  3% |
Test loop ended
Testing at - 100/170 of epoch 4, loss 0.515416, accuracy 74.740 %, best 76.475 %
| ID | GPU | MEM |
------------------
|  0 |  4% |  3% |
|  1 |  4% |  3% |
| ID | GPU | MEM |
------------------
|  0 | 35% |  3% |
|  1 |  4% |  3% |
| ID | GPU | MEM |
------------------
|  0 | 35% |  3% |
|  1 |  2% |  3% |
| ID | GPU | MEM |
------------------
|  0 | 38% |  3% |
|  1 |  2% |  3% |
| ID | GPU | MEM |
------------------
|  0 | 38% |  3% |
|  1 |  3% |  3% |
| ID | GPU | MEM |
------------------
|  0 | 41% |  3% |
|  1 |  2% |  3% |
| ID | GPU | MEM |
------------------
|  0 | 41% |  3% |
|  1 |  2% |  3% |
| ID | GPU | MEM |
------------------
|  0 | 50% |  3% |
|  1 |  2% |  3% |
| ID | GPU | MEM |
------------------
|  0 | 39% |  3% |
|  1 |  3% |  3% |
| ID | GPU | MEM |
------------------
|  0 | 35% |  3% |
|  1 |  3% |  3% |
| ID | GPU | MEM |
------------------
|  0 | 35% |  3% |
|  1 |  2% |  3% |
| ID | GPU | MEM |
------------------
|  0 | 35% |  3% |
|  1 |  2% |  3% |
| ID | GPU | MEM |
------------------
|  0 | 38% |  3% |
|  1 |  3% |  3% |
| ID | GPU | MEM |
------------------
|  0 | 37% |  3% |
|  1 |  2% |  3% |
| ID | GPU | MEM |
------------------
|  0 | 46% |  3% |
|  1 |  2% |  3% |
| ID | GPU | MEM |
------------------
|  0 | 46% |  3% |
|  1 |  2% |  3% |
| ID | GPU | MEM |
------------------
|  0 | 43% |  3% |
|  1 |  3% |  3% |
| ID | GPU | MEM |
------------------
|  0 | 42% |  3% |
|  1 |  3% |  3% |
| ID | GPU | MEM |
------------------
|  0 | 35% |  3% |
|  1 |  2% |  3% |
| ID | GPU | MEM |
------------------
|  0 | 35% |  3% |
|  1 |  2% |  3% |
| ID | GPU | MEM |
------------------
|  0 | 42% |  3% |
|  1 |  3% |  3% |
| ID | GPU | MEM |
------------------
|  0 | 36% |  3% |
|  1 |  2% |  3% |
| ID | GPU | MEM |
------------------
|  0 | 47% |  3% |
|  1 |  2% |  3% |
| ID | GPU | MEM |
------------------
|  0 | 47% |  3% |
|  1 |  2% |  3% |
| ID | GPU | MEM |
------------------
|  0 | 42% |  3% |
|  1 |  3% |  3% |
| ID | GPU | MEM |
------------------
|  0 | 45% |  3% |
|  1 |  2% |  3% |
| ID | GPU | MEM |
------------------
|  0 | 35% |  3% |
|  1 |  2% |  3% |
| ID | GPU | MEM |
------------------
|  0 | 39% |  3% |
|  1 |  2% |  3% |
| ID | GPU | MEM |
------------------
|  0 | 35% |  3% |
|  1 |  2% |  3% |
| ID | GPU | MEM |
------------------
|  0 | 41% |  3% |
|  1 |  3% |  3% |
| ID | GPU | MEM |
------------------
|  0 | 33% |  3% |
|  1 |  2% |  3% |
| ID | GPU | MEM |
------------------
|  0 | 33% |  3% |
|  1 |  2% |  3% |
| ID | GPU | MEM |
------------------
|  0 | 48% |  3% |
|  1 |  3% |  3% |
| ID | GPU | MEM |
------------------
|  0 | 46% |  3% |
|  1 |  3% |  3% |
| ID | GPU | MEM |
------------------
|  0 | 35% |  3% |
|  1 |  2% |  3% |
Finished training it 170/170 of epoch 4 and time taken 68.1773202419281, 69.68 ms/it, loss 0.564788, accuracy 69.776 %
DLRM_wrap_time 8.78, loss_fn_time 0.24, Backward_pass_time  30.94, Average_Grad_time 28.10, Optimizer_step_time 1.31
Finished epoch 4
| ID | GPU | MEM |
------------------
|  0 | 28% |  3% |
|  1 |  2% |  3% |
| ID | GPU | MEM |
------------------
|  0 | 37% |  3% |
|  1 |  3% |  3% |
| ID | GPU | MEM |
------------------
|  0 | 39% |  3% |
|  1 |  2% |  3% |
| ID | GPU | MEM |
------------------
|  0 | 37% |  3% |
|  1 |  2% |  3% |
| ID | GPU | MEM |
------------------
|  0 | 37% |  3% |
|  1 |  2% |  3% |
| ID | GPU | MEM |
------------------
|  0 | 46% |  3% |
|  1 |  3% |  3% |
| ID | GPU | MEM |
------------------
|  0 | 47% |  3% |
|  1 |  2% |  3% |
| ID | GPU | MEM |
------------------
|  0 | 33% |  3% |
|  1 |  2% |  3% |
| ID | GPU | MEM |
------------------
|  0 | 35% |  3% |
|  1 |  2% |  3% |
| ID | GPU | MEM |
------------------
|  0 | 32% |  3% |
|  1 |  2% |  3% |
| ID | GPU | MEM |
------------------
|  0 | 38% |  3% |
|  1 |  3% |  3% |
| ID | GPU | MEM |
------------------
|  0 | 37% |  3% |
|  1 |  2% |  3% |
| ID | GPU | MEM |
------------------
|  0 | 50% |  3% |
|  1 |  2% |  3% |
| ID | GPU | MEM |
------------------
|  0 | 50% |  3% |
|  1 |  3% |  3% |
| ID | GPU | MEM |
------------------
|  0 | 47% |  3% |
|  1 |  2% |  3% |
| ID | GPU | MEM |
------------------
|  0 | 33% |  3% |
|  1 |  2% |  3% |
| ID | GPU | MEM |
------------------
|  0 | 37% |  3% |
|  1 |  2% |  3% |
| ID | GPU | MEM |
------------------
|  0 | 34% |  3% |
|  1 |  2% |  3% |
| ID | GPU | MEM |
------------------
|  0 | 32% |  3% |
|  1 |  3% |  3% |
| ID | GPU | MEM |
------------------
|  0 | 42% |  3% |
|  1 |  2% |  3% |
| ID | GPU | MEM |
------------------
|  0 | 41% |  3% |
|  1 |  2% |  3% |
| ID | GPU | MEM |
------------------
|  0 | 49% |  3% |
|  1 |  2% |  3% |
| ID | GPU | MEM |
------------------
|  0 | 49% |  3% |
|  1 |  2% |  3% |
| ID | GPU | MEM |
------------------
|  0 | 42% |  3% |
|  1 |  3% |  3% |
| ID | GPU | MEM |
------------------
|  0 | 42% |  3% |
|  1 |  3% |  3% |
| ID | GPU | MEM |
------------------
|  0 | 37% |  3% |
|  1 |  2% |  3% |
| ID | GPU | MEM |
------------------
|  0 | 36% |  3% |
|  1 |  2% |  3% |
| ID | GPU | MEM |
------------------
|  0 | 43% |  3% |
|  1 |  3% |  3% |
| ID | GPU | MEM |
------------------
|  0 | 39% |  3% |
|  1 |  2% |  3% |
| ID | GPU | MEM |
------------------
|  0 | 35% |  3% |
|  1 |  2% |  3% |
| ID | GPU | MEM |
------------------
|  0 | 39% |  3% |
|  1 |  3% |  3% |
| ID | GPU | MEM |
------------------
|  0 | 33% |  3% |
|  1 |  2% |  3% |
| ID | GPU | MEM |
------------------
|  0 | 37% |  3% |
|  1 |  2% |  3% |
| ID | GPU | MEM |
------------------
|  0 | 47% |  3% |
|  1 |  2% |  3% |
| ID | GPU | MEM |
------------------
|  0 | 47% |  3% |
|  1 |  3% |  3% |
| ID | GPU | MEM |
------------------
|  0 | 42% |  3% |
|  1 |  3% |  3% |
| ID | GPU | MEM |
------------------
|  0 | 35% |  3% |
|  1 |  2% |  3% |
| ID | GPU | MEM |
------------------
|  0 | 33% |  3% |
|  1 |  2% |  3% |
| ID | GPU | MEM |
------------------
|  0 | 34% |  3% |
|  1 |  3% |  3% |
| ID | GPU | MEM |
------------------
|  0 | 36% |  3% |
|  1 |  2% |  3% |
| ID | GPU | MEM |
------------------
|  0 | 37% |  3% |
|  1 |  2% |  3% |
| ID | GPU | MEM |
------------------
|  0 | 37% |  3% |
|  1 |  2% |  3% |
| ID | GPU | MEM |
------------------
|  0 | 49% |  3% |
|  1 |  3% |  3% |
| ID | GPU | MEM |
------------------
|  0 | 44% |  3% |
|  1 |  2% |  3% |
| ID | GPU | MEM |
------------------
|  0 | 42% |  3% |
|  1 |  2% |  3% |
| ID | GPU | MEM |
------------------
|  0 | 34% |  3% |
|  1 |  2% |  3% |
| ID | GPU | MEM |
------------------
|  0 | 35% |  3% |
|  1 |  2% |  3% |
| ID | GPU | MEM |
------------------
|  0 | 33% |  3% |
|  1 |  3% |  3% |
| ID | GPU | MEM |
------------------
|  0 | 35% |  3% |
|  1 |  2% |  3% |
Finished training it 100/170 of epoch 5 and time taken 75.76472544670105, 69.73 ms/it, loss 0.552024, accuracy 70.895 %
DLRM_wrap_time 8.37, loss_fn_time 0.24, Backward_pass_time  31.47, Average_Grad_time 27.61, Optimizer_step_time 1.72
Starting Test loop
| ID | GPU | MEM |
------------------
|  0 | 32% |  3% |
|  1 |  2% |  3% |
| ID | GPU | MEM |
------------------
|  0 | 32% |  3% |
|  1 |  4% |  3% |
| ID | GPU | MEM |
------------------
|  0 |  4% |  3% |
|  1 |  4% |  3% |
Test loop ended
Testing at - 100/170 of epoch 5, loss 0.905543, accuracy 49.997 %, best 76.475 %
| ID | GPU | MEM |
------------------
|  0 |  3% |  3% |
|  1 |  3% |  3% |
| ID | GPU | MEM |
------------------
|  0 | 44% |  3% |
|  1 |  3% |  3% |
| ID | GPU | MEM |
------------------
|  0 | 25% |  3% |
|  1 |  2% |  3% |
| ID | GPU | MEM |
------------------
|  0 | 35% |  3% |
|  1 |  3% |  3% |
| ID | GPU | MEM |
------------------
|  0 | 42% |  3% |
|  1 |  2% |  3% |
| ID | GPU | MEM |
------------------
|  0 | 42% |  3% |
|  1 |  3% |  3% |
| ID | GPU | MEM |
------------------
|  0 | 43% |  3% |
|  1 |  3% |  3% |
| ID | GPU | MEM |
------------------
|  0 | 30% |  3% |
|  1 |  2% |  3% |
| ID | GPU | MEM |
------------------
|  0 | 31% |  3% |
|  1 |  3% |  3% |
| ID | GPU | MEM |
------------------
|  0 | 33% |  3% |
|  1 |  2% |  3% |
| ID | GPU | MEM |
------------------
|  0 | 38% |  3% |
|  1 |  2% |  3% |
| ID | GPU | MEM |
------------------
|  0 | 38% |  3% |
|  1 |  3% |  3% |
| ID | GPU | MEM |
------------------
|  0 | 50% |  3% |
|  1 |  3% |  3% |
| ID | GPU | MEM |
------------------
|  0 | 30% |  3% |
|  1 |  2% |  3% |
| ID | GPU | MEM |
------------------
|  0 | 30% |  3% |
|  1 |  3% |  3% |
| ID | GPU | MEM |
------------------
|  0 | 38% |  3% |
|  1 |  2% |  3% |
| ID | GPU | MEM |
------------------
|  0 | 35% |  3% |
|  1 |  2% |  3% |
| ID | GPU | MEM |
------------------
|  0 | 35% |  3% |
|  1 |  3% |  3% |
| ID | GPU | MEM |
------------------
|  0 | 46% |  3% |
|  1 |  3% |  3% |
| ID | GPU | MEM |
------------------
|  0 | 30% |  3% |
|  1 |  2% |  3% |
| ID | GPU | MEM |
------------------
|  0 | 31% |  3% |
|  1 |  3% |  3% |
| ID | GPU | MEM |
------------------
|  0 | 34% |  3% |
|  1 |  2% |  3% |
| ID | GPU | MEM |
------------------
|  0 | 43% |  3% |
|  1 |  2% |  3% |
| ID | GPU | MEM |
------------------
|  0 | 43% |  3% |
|  1 |  3% |  3% |
| ID | GPU | MEM |
------------------
|  0 | 44% |  3% |
|  1 |  3% |  3% |
| ID | GPU | MEM |
------------------
|  0 | 62% |  3% |
|  1 |  2% |  3% |
| ID | GPU | MEM |
------------------
|  0 | 32% |  3% |
|  1 |  3% |  3% |
| ID | GPU | MEM |
------------------
|  0 | 42% |  3% |
|  1 |  2% |  3% |
| ID | GPU | MEM |
------------------
|  0 | 42% |  3% |
|  1 |  3% |  3% |
| ID | GPU | MEM |
------------------
|  0 | 48% |  3% |
|  1 |  3% |  3% |
| ID | GPU | MEM |
------------------
|  0 | 31% |  3% |
|  1 |  2% |  3% |
| ID | GPU | MEM |
------------------
|  0 | 35% |  3% |
|  1 |  3% |  3% |
| ID | GPU | MEM |
------------------
|  0 | 35% |  3% |
|  1 |  2% |  3% |
| ID | GPU | MEM |
------------------
|  0 | 35% |  3% |
|  1 |  3% |  3% |
Finished training it 170/170 of epoch 5 and time taken 81.04870390892029, 64.07 ms/it, loss 0.547229, accuracy 71.767 %
DLRM_wrap_time 9.02, loss_fn_time 0.23, Backward_pass_time  26.64, Average_Grad_time 26.53, Optimizer_step_time 1.32
Finished epoch 5
| ID | GPU | MEM |
------------------
|  0 | 50% |  3% |
|  1 |  3% |  3% |
| ID | GPU | MEM |
------------------
|  0 | 33% |  3% |
|  1 |  2% |  3% |
| ID | GPU | MEM |
------------------
|  0 | 31% |  3% |
|  1 |  3% |  3% |
| ID | GPU | MEM |
------------------
|  0 | 36% |  3% |
|  1 |  2% |  3% |
| ID | GPU | MEM |
------------------
|  0 | 42% |  3% |
|  1 |  2% |  3% |
| ID | GPU | MEM |
------------------
|  0 | 42% |  3% |
|  1 |  3% |  3% |
| ID | GPU | MEM |
------------------
|  0 | 40% |  3% |
|  1 |  3% |  3% |
| ID | GPU | MEM |
------------------
|  0 | 31% |  3% |
|  1 |  2% |  3% |
| ID | GPU | MEM |
------------------
|  0 | 33% |  3% |
|  1 |  3% |  3% |
| ID | GPU | MEM |
------------------
|  0 | 36% |  3% |
|  1 |  2% |  3% |
| ID | GPU | MEM |
------------------
|  0 | 49% |  3% |
|  1 |  3% |  3% |
| ID | GPU | MEM |
------------------
|  0 | 49% |  3% |
|  1 |  2% |  3% |
| ID | GPU | MEM |
------------------
|  0 | 26% |  3% |
|  1 |  3% |  3% |
| ID | GPU | MEM |
------------------
|  0 | 50% |  3% |
|  1 |  2% |  3% |
| ID | GPU | MEM |
------------------
|  0 | 41% |  3% |
|  1 |  2% |  3% |
| ID | GPU | MEM |
------------------
|  0 | 30% |  3% |
|  1 |  2% |  3% |
| ID | GPU | MEM |
------------------
|  0 | 34% |  3% |
|  1 |  3% |  3% |
| ID | GPU | MEM |
------------------
|  0 | 35% |  3% |
|  1 |  2% |  3% |
| ID | GPU | MEM |
------------------
|  0 | 38% |  3% |
|  1 |  2% |  3% |
| ID | GPU | MEM |
------------------
|  0 | 38% |  3% |
|  1 |  3% |  3% |
| ID | GPU | MEM |
------------------
|  0 | 47% |  3% |
|  1 |  3% |  3% |
| ID | GPU | MEM |
------------------
|  0 | 39% |  3% |
|  1 |  2% |  3% |
| ID | GPU | MEM |
------------------
|  0 | 38% |  3% |
|  1 |  2% |  3% |
| ID | GPU | MEM |
------------------
|  0 | 31% |  3% |
|  1 |  3% |  3% |
| ID | GPU | MEM |
------------------
|  0 | 38% |  3% |
|  1 |  2% |  3% |
| ID | GPU | MEM |
------------------
|  0 | 34% |  3% |
|  1 |  2% |  3% |
| ID | GPU | MEM |
------------------
|  0 | 44% |  3% |
|  1 |  2% |  3% |
| ID | GPU | MEM |
------------------
|  0 | 44% |  3% |
|  1 |  3% |  3% |
| ID | GPU | MEM |
------------------
|  0 | 45% |  3% |
|  1 |  3% |  3% |
| ID | GPU | MEM |
------------------
|  0 | 31% |  3% |
|  1 |  2% |  3% |
| ID | GPU | MEM |
------------------
|  0 | 34% |  3% |
|  1 |  3% |  3% |
| ID | GPU | MEM |
------------------
|  0 | 31% |  3% |
|  1 |  2% |  3% |
| ID | GPU | MEM |
------------------
|  0 | 35% |  3% |
|  1 |  2% |  3% |
| ID | GPU | MEM |
------------------
|  0 | 35% |  3% |
|  1 |  3% |  3% |
| ID | GPU | MEM |
------------------
|  0 | 51% |  3% |
|  1 |  3% |  3% |
| ID | GPU | MEM |
------------------
|  0 | 39% |  3% |
|  1 |  2% |  3% |
| ID | GPU | MEM |
------------------
|  0 | 35% |  3% |
|  1 |  3% |  3% |
| ID | GPU | MEM |
------------------
|  0 | 29% |  3% |
|  1 |  2% |  3% |
| ID | GPU | MEM |
------------------
|  0 | 38% |  3% |
|  1 |  2% |  3% |
| ID | GPU | MEM |
------------------
|  0 | 37% |  3% |
|  1 |  2% |  3% |
| ID | GPU | MEM |
------------------
|  0 | 37% |  3% |
|  1 |  3% |  3% |
| ID | GPU | MEM |
------------------
|  0 | 44% |  3% |
|  1 |  3% |  3% |
| ID | GPU | MEM |
------------------
|  0 | 41% |  3% |
|  1 |  2% |  3% |
| ID | GPU | MEM |
------------------
|  0 | 36% |  3% |
|  1 |  2% |  3% |
| ID | GPU | MEM |
------------------
|  0 | 34% |  3% |
|  1 |  3% |  3% |
| ID | GPU | MEM |
------------------
|  0 | 36% |  3% |
|  1 |  2% |  3% |
| ID | GPU | MEM |
------------------
|  0 | 35% |  3% |
|  1 |  2% |  3% |
| ID | GPU | MEM |
------------------
|  0 | 35% |  3% |
|  1 |  3% |  3% |
| ID | GPU | MEM |
------------------
|  0 | 48% |  3% |
|  1 |  3% |  3% |
Finished training it 100/170 of epoch 6 and time taken 88.27492499351501, 65.71 ms/it, loss 0.523604, accuracy 72.732 %
DLRM_wrap_time 8.35, loss_fn_time 0.24, Backward_pass_time  29.01, Average_Grad_time 25.63, Optimizer_step_time 2.17
Starting Test loop
| ID | GPU | MEM |
------------------
|  0 | 27% |  3% |
|  1 |  3% |  3% |
| ID | GPU | MEM |
------------------
|  0 |  8% |  3% |
|  1 |  3% |  3% |
| ID | GPU | MEM |
------------------
|  0 |  4% |  3% |
|  1 |  3% |  3% |
Test loop ended
Testing at - 100/170 of epoch 6, loss 0.558977, accuracy 70.847 %, best 76.475 %
| ID | GPU | MEM |
------------------
|  0 |  4% |  3% |
|  1 |  4% |  3% |
| ID | GPU | MEM |
------------------
|  0 | 18% |  3% |
|  1 |  4% |  3% |
| ID | GPU | MEM |
------------------
|  0 | 37% |  3% |
|  1 |  2% |  3% |
| ID | GPU | MEM |
------------------
|  0 | 30% |  3% |
|  1 |  2% |  3% |
| ID | GPU | MEM |
------------------
|  0 | 33% |  3% |
|  1 |  3% |  3% |
| ID | GPU | MEM |
------------------
|  0 | 40% |  3% |
|  1 |  2% |  3% |
| ID | GPU | MEM |
------------------
|  0 | 32% |  3% |
|  1 |  2% |  3% |
| ID | GPU | MEM |
------------------
|  0 | 39% |  3% |
|  1 |  2% |  3% |
| ID | GPU | MEM |
------------------
|  0 | 36% |  3% |
|  1 |  3% |  3% |
| ID | GPU | MEM |
------------------
|  0 | 36% |  3% |
|  1 |  3% |  3% |
| ID | GPU | MEM |
------------------
|  0 | 47% |  3% |
|  1 |  3% |  3% |
| ID | GPU | MEM |
------------------
|  0 | 40% |  3% |
|  1 |  2% |  3% |
| ID | GPU | MEM |
------------------
|  0 | 33% |  3% |
|  1 |  3% |  3% |
| ID | GPU | MEM |
------------------
|  0 | 35% |  3% |
|  1 |  2% |  3% |
| ID | GPU | MEM |
------------------
|  0 | 33% |  3% |
|  1 |  2% |  3% |
| ID | GPU | MEM |
------------------
|  0 | 33% |  3% |
|  1 |  3% |  3% |
| ID | GPU | MEM |
------------------
|  0 | 45% |  3% |
|  1 |  2% |  3% |
| ID | GPU | MEM |
------------------
|  0 | 42% |  3% |
|  1 |  2% |  3% |
| ID | GPU | MEM |
------------------
|  0 | 39% |  3% |
|  1 |  2% |  3% |
| ID | GPU | MEM |
------------------
|  0 | 33% |  3% |
|  1 |  2% |  3% |
| ID | GPU | MEM |
------------------
|  0 | 32% |  3% |
|  1 |  3% |  3% |
| ID | GPU | MEM |
------------------
|  0 | 36% |  3% |
|  1 |  2% |  3% |
| ID | GPU | MEM |
------------------
|  0 | 39% |  3% |
|  1 |  2% |  3% |
| ID | GPU | MEM |
------------------
|  0 | 39% |  3% |
|  1 |  3% |  3% |
| ID | GPU | MEM |
------------------
|  0 | 42% |  3% |
|  1 |  3% |  3% |
| ID | GPU | MEM |
------------------
|  0 | 39% |  3% |
|  1 |  2% |  3% |
| ID | GPU | MEM |
------------------
|  0 | 33% |  3% |
|  1 |  3% |  3% |
| ID | GPU | MEM |
------------------
|  0 | 34% |  3% |
|  1 |  2% |  3% |
| ID | GPU | MEM |
------------------
|  0 | 31% |  3% |
|  1 |  2% |  3% |
| ID | GPU | MEM |
------------------
|  0 | 40% |  3% |
|  1 |  2% |  3% |
| ID | GPU | MEM |
------------------
|  0 | 40% |  3% |
|  1 |  3% |  3% |
| ID | GPU | MEM |
------------------
|  0 | 47% |  3% |
|  1 |  3% |  3% |
| ID | GPU | MEM |
------------------
|  0 | 32% |  3% |
|  1 |  2% |  3% |
| ID | GPU | MEM |
------------------
|  0 | 31% |  3% |
|  1 |  3% |  3% |
| ID | GPU | MEM |
------------------
|  0 | 39% |  3% |
|  1 |  2% |  3% |
Finished training it 170/170 of epoch 6 and time taken 93.77650570869446, 66.74 ms/it, loss 0.531788, accuracy 72.700 %
DLRM_wrap_time 8.27, loss_fn_time 0.24, Backward_pass_time  29.61, Average_Grad_time 25.69, Optimizer_step_time 2.61
Finished epoch 6
| ID | GPU | MEM |
------------------
|  0 | 29% |  3% |
|  1 |  2% |  3% |
| ID | GPU | MEM |
------------------
|  0 | 42% |  3% |
|  1 |  2% |  3% |
| ID | GPU | MEM |
------------------
|  0 | 42% |  3% |
|  1 |  3% |  3% |
| ID | GPU | MEM |
------------------
|  0 | 46% |  3% |
|  1 |  3% |  3% |
| ID | GPU | MEM |
------------------
|  0 | 31% |  3% |
|  1 |  2% |  3% |
| ID | GPU | MEM |
------------------
|  0 | 33% |  3% |
|  1 |  3% |  3% |
| ID | GPU | MEM |
------------------
|  0 | 34% |  3% |
|  1 |  2% |  3% |
| ID | GPU | MEM |
------------------
|  0 | 33% |  3% |
|  1 |  2% |  3% |
| ID | GPU | MEM |
------------------
|  0 | 42% |  3% |
|  1 |  3% |  3% |
| ID | GPU | MEM |
------------------
|  0 | 42% |  3% |
|  1 |  2% |  3% |
| ID | GPU | MEM |
------------------
|  0 | 42% |  3% |
|  1 |  2% |  3% |
| ID | GPU | MEM |
------------------
|  0 | 33% |  3% |
|  1 |  2% |  3% |
| ID | GPU | MEM |
------------------
|  0 | 30% |  3% |
|  1 |  3% |  3% |
| ID | GPU | MEM |
------------------
|  0 | 38% |  3% |
|  1 |  2% |  3% |
| ID | GPU | MEM |
------------------
|  0 | 35% |  3% |
|  1 |  2% |  3% |
| ID | GPU | MEM |
------------------
|  0 | 35% |  3% |
|  1 |  3% |  3% |
| ID | GPU | MEM |
------------------
|  0 | 49% |  3% |
|  1 |  3% |  3% |
| ID | GPU | MEM |
------------------
|  0 | 34% |  3% |
|  1 |  2% |  3% |
| ID | GPU | MEM |
------------------
|  0 | 28% |  3% |
|  1 |  3% |  3% |
| ID | GPU | MEM |
------------------
|  0 | 35% |  3% |
|  1 |  2% |  3% |
| ID | GPU | MEM |
------------------
|  0 | 34% |  3% |
|  1 |  2% |  3% |
| ID | GPU | MEM |
------------------
|  0 | 34% |  3% |
|  1 |  3% |  3% |
| ID | GPU | MEM |
------------------
|  0 | 48% |  3% |
|  1 |  3% |  3% |
| ID | GPU | MEM |
------------------
|  0 | 35% |  3% |
|  1 |  2% |  3% |
| ID | GPU | MEM |
------------------
|  0 | 32% |  3% |
|  1 |  3% |  3% |
| ID | GPU | MEM |
------------------
|  0 | 33% |  3% |
|  1 |  2% |  3% |
| ID | GPU | MEM |
------------------
|  0 | 36% |  3% |
|  1 |  2% |  3% |
| ID | GPU | MEM |
------------------
|  0 | 36% |  3% |
|  1 |  3% |  3% |
| ID | GPU | MEM |
------------------
|  0 | 46% |  3% |
|  1 |  3% |  3% |
| ID | GPU | MEM |
------------------
|  0 | 41% |  3% |
|  1 |  2% |  3% |
| ID | GPU | MEM |
------------------
|  0 | 32% |  3% |
|  1 |  3% |  3% |
| ID | GPU | MEM |
------------------
|  0 | 33% |  3% |
|  1 |  2% |  3% |
| ID | GPU | MEM |
------------------
|  0 | 34% |  3% |
|  1 |  2% |  3% |
| ID | GPU | MEM |
------------------
|  0 | 34% |  3% |
|  1 |  2% |  3% |
| ID | GPU | MEM |
------------------
|  0 | 34% |  3% |
|  1 |  3% |  3% |
| ID | GPU | MEM |
------------------
|  0 | 47% |  3% |
|  1 |  3% |  3% |
| ID | GPU | MEM |
------------------
|  0 | 42% |  3% |
|  1 |  2% |  3% |
| ID | GPU | MEM |
------------------
|  0 | 34% |  3% |
|  1 |  3% |  3% |
| ID | GPU | MEM |
------------------
|  0 | 30% |  3% |
|  1 |  2% |  3% |
| ID | GPU | MEM |
------------------
|  0 | 37% |  3% |
|  1 |  2% |  3% |
| ID | GPU | MEM |
------------------
|  0 | 38% |  3% |
|  1 |  2% |  3% |
| ID | GPU | MEM |
------------------
|  0 | 38% |  3% |
|  1 |  2% |  3% |
| ID | GPU | MEM |
------------------
|  0 | 47% |  3% |
|  1 |  3% |  3% |
| ID | GPU | MEM |
------------------
|  0 | 31% |  3% |
|  1 |  2% |  3% |
| ID | GPU | MEM |
------------------
|  0 | 30% |  3% |
|  1 |  3% |  3% |
| ID | GPU | MEM |
------------------
|  0 | 32% |  3% |
|  1 |  2% |  3% |
| ID | GPU | MEM |
------------------
|  0 | 34% |  3% |
|  1 |  2% |  3% |
| ID | GPU | MEM |
------------------
|  0 | 34% |  3% |
|  1 |  3% |  3% |
| ID | GPU | MEM |
------------------
|  0 | 41% |  3% |
|  1 |  3% |  3% |
| ID | GPU | MEM |
------------------
|  0 | 43% |  3% |
|  1 |  2% |  3% |
Finished training it 100/170 of epoch 7 and time taken 101.07590842247009, 66.90 ms/it, loss 0.512024, accuracy 73.992 %
DLRM_wrap_time 8.23, loss_fn_time 0.25, Backward_pass_time  31.78, Average_Grad_time 25.07, Optimizer_step_time 1.27
Starting Test loop
| ID | GPU | MEM |
------------------
|  0 | 31% |  3% |
|  1 |  3% |  3% |
| ID | GPU | MEM |
------------------
|  0 |  4% |  3% |
|  1 |  3% |  3% |
Test loop ended
Testing at - 100/170 of epoch 7, loss 0.716471, accuracy 55.357 %, best 76.475 %
| ID | GPU | MEM |
------------------
|  0 |  4% |  3% |
|  1 |  4% |  3% |
| ID | GPU | MEM |
------------------
|  0 |  5% |  3% |
|  1 |  2% |  3% |
| ID | GPU | MEM |
------------------
|  0 | 37% |  3% |
|  1 |  3% |  3% |
| ID | GPU | MEM |
------------------
|  0 | 45% |  3% |
|  1 |  2% |  3% |
| ID | GPU | MEM |
------------------
|  0 | 42% |  3% |
|  1 |  2% |  3% |
| ID | GPU | MEM |
------------------
|  0 | 44% |  3% |
|  1 |  2% |  3% |
| ID | GPU | MEM |
------------------
|  0 | 35% |  3% |
|  1 |  2% |  3% |
| ID | GPU | MEM |
------------------
|  0 | 52% |  3% |
|  1 |  3% |  3% |
| ID | GPU | MEM |
------------------
|  0 | 38% |  3% |
|  1 |  2% |  3% |
| ID | GPU | MEM |
------------------
|  0 | 34% |  3% |
|  1 |  2% |  3% |
| ID | GPU | MEM |
------------------
|  0 | 42% |  3% |
|  1 |  3% |  3% |
| ID | GPU | MEM |
------------------
|  0 | 42% |  3% |
|  1 |  2% |  3% |
| ID | GPU | MEM |
------------------
|  0 | 52% |  3% |
|  1 |  2% |  3% |
| ID | GPU | MEM |
------------------
|  0 | 35% |  3% |
|  1 |  2% |  3% |
| ID | GPU | MEM |
------------------
|  0 | 31% |  3% |
|  1 |  3% |  3% |
| ID | GPU | MEM |
------------------
|  0 | 31% |  3% |
|  1 |  2% |  3% |
| ID | GPU | MEM |
------------------
|  0 | 38% |  3% |
|  1 |  2% |  3% |
| ID | GPU | MEM |
------------------
|  0 | 36% |  3% |
|  1 |  2% |  3% |
| ID | GPU | MEM |
------------------
|  0 | 45% |  3% |
|  1 |  3% |  3% |
| ID | GPU | MEM |
------------------
|  0 | 45% |  3% |
|  1 |  2% |  3% |
| ID | GPU | MEM |
------------------
|  0 | 42% |  3% |
|  1 |  2% |  3% |
| ID | GPU | MEM |
------------------
|  0 | 44% |  3% |
|  1 |  2% |  3% |
| ID | GPU | MEM |
------------------
|  0 | 35% |  3% |
|  1 |  2% |  3% |
| ID | GPU | MEM |
------------------
|  0 | 34% |  3% |
|  1 |  3% |  3% |
| ID | GPU | MEM |
------------------
|  0 | 36% |  3% |
|  1 |  2% |  3% |
| ID | GPU | MEM |
------------------
|  0 | 33% |  3% |
|  1 |  2% |  3% |
| ID | GPU | MEM |
------------------
|  0 | 38% |  3% |
|  1 |  2% |  3% |
| ID | GPU | MEM |
------------------
|  0 | 37% |  3% |
|  1 |  3% |  3% |
| ID | GPU | MEM |
------------------
|  0 | 47% |  3% |
|  1 |  3% |  3% |
| ID | GPU | MEM |
------------------
|  0 | 47% |  3% |
|  1 |  3% |  3% |
| ID | GPU | MEM |
------------------
|  0 | 41% |  3% |
|  1 |  2% |  3% |
| ID | GPU | MEM |
------------------
|  0 | 34% |  3% |
|  1 |  2% |  3% |
| ID | GPU | MEM |
------------------
|  0 | 30% |  3% |
|  1 |  3% |  3% |
| ID | GPU | MEM |
------------------
|  0 | 33% |  3% |
|  1 |  2% |  3% |
| ID | GPU | MEM |
------------------
|  0 | 37% |  3% |
|  1 |  2% |  3% |
Finished training it 170/170 of epoch 7 and time taken 106.76585388183594, 69.62 ms/it, loss 0.515978, accuracy 73.895 %
DLRM_wrap_time 8.94, loss_fn_time 0.24, Backward_pass_time  29.13, Average_Grad_time 28.31, Optimizer_step_time 2.69
Finished epoch 7
| ID | GPU | MEM |
------------------
|  0 | 46% |  3% |
|  1 |  3% |  3% |
| ID | GPU | MEM |
------------------
|  0 | 46% |  3% |
|  1 |  3% |  3% |
| ID | GPU | MEM |
------------------
|  0 | 48% |  3% |
|  1 |  2% |  3% |
| ID | GPU | MEM |
------------------
|  0 | 32% |  3% |
|  1 |  2% |  3% |
| ID | GPU | MEM |
------------------
|  0 | 34% |  3% |
|  1 |  3% |  3% |
| ID | GPU | MEM |
------------------
|  0 | 36% |  3% |
|  1 |  2% |  3% |
| ID | GPU | MEM |
------------------
|  0 | 39% |  3% |
|  1 |  2% |  3% |
| ID | GPU | MEM |
------------------
|  0 | 39% |  3% |
|  1 |  3% |  3% |
| ID | GPU | MEM |
------------------
|  0 | 52% |  3% |
|  1 |  3% |  3% |
| ID | GPU | MEM |
------------------
|  0 | 36% |  3% |
|  1 |  2% |  3% |
| ID | GPU | MEM |
------------------
|  0 | 35% |  3% |
|  1 |  3% |  3% |
| ID | GPU | MEM |
------------------
|  0 | 35% |  3% |
|  1 |  2% |  3% |
| ID | GPU | MEM |
------------------
|  0 | 38% |  3% |
|  1 |  2% |  3% |
| ID | GPU | MEM |
------------------
|  0 | 37% |  3% |
|  1 |  3% |  3% |
| ID | GPU | MEM |
------------------
|  0 | 37% |  3% |
|  1 |  2% |  3% |
| ID | GPU | MEM |
------------------
|  0 | 41% |  3% |
|  1 |  2% |  3% |
| ID | GPU | MEM |
------------------
|  0 | 40% |  3% |
|  1 |  2% |  3% |
| ID | GPU | MEM |
------------------
|  0 | 36% |  3% |
|  1 |  3% |  3% |
| ID | GPU | MEM |
------------------
|  0 | 31% |  3% |
|  1 |  2% |  3% |
| ID | GPU | MEM |
------------------
|  0 | 41% |  3% |
|  1 |  2% |  3% |
| ID | GPU | MEM |
------------------
|  0 | 32% |  3% |
|  1 |  2% |  3% |
| ID | GPU | MEM |
------------------
|  0 | 32% |  3% |
|  1 |  3% |  3% |
| ID | GPU | MEM |
------------------
|  0 | 48% |  3% |
|  1 |  3% |  3% |
| ID | GPU | MEM |
------------------
|  0 | 42% |  3% |
|  1 |  2% |  3% |
| ID | GPU | MEM |
------------------
|  0 | 33% |  3% |
|  1 |  3% |  3% |
| ID | GPU | MEM |
------------------
|  0 | 33% |  3% |
|  1 |  2% |  3% |
| ID | GPU | MEM |
------------------
|  0 | 34% |  3% |
|  1 |  2% |  3% |
| ID | GPU | MEM |
------------------
|  0 | 39% |  3% |
|  1 |  2% |  3% |
| ID | GPU | MEM |
------------------
|  0 | 39% |  3% |
|  1 |  3% |  3% |
| ID | GPU | MEM |
------------------
|  0 | 44% |  3% |
|  1 |  3% |  3% |
| ID | GPU | MEM |
------------------
|  0 | 44% |  3% |
|  1 |  2% |  3% |
| ID | GPU | MEM |
------------------
|  0 | 35% |  3% |
|  1 |  2% |  3% |
| ID | GPU | MEM |
------------------
|  0 | 31% |  3% |
|  1 |  3% |  3% |
| ID | GPU | MEM |
------------------
|  0 | 37% |  3% |
|  1 |  2% |  3% |
| ID | GPU | MEM |
------------------
|  0 | 38% |  3% |
|  1 |  2% |  3% |
| ID | GPU | MEM |
------------------
|  0 | 42% |  3% |
|  1 |  3% |  3% |
| ID | GPU | MEM |
------------------
|  0 | 42% |  3% |
|  1 |  2% |  3% |
| ID | GPU | MEM |
------------------
|  0 | 39% |  3% |
|  1 |  2% |  3% |
| ID | GPU | MEM |
------------------
|  0 | 48% |  3% |
|  1 |  2% |  3% |
| ID | GPU | MEM |
------------------
|  0 | 40% |  3% |
|  1 |  2% |  3% |
| ID | GPU | MEM |
------------------
|  0 | 31% |  3% |
|  1 |  3% |  3% |
| ID | GPU | MEM |
------------------
|  0 | 33% |  3% |
|  1 |  2% |  3% |
| ID | GPU | MEM |
------------------
|  0 | 35% |  3% |
|  1 |  2% |  3% |
| ID | GPU | MEM |
------------------
|  0 | 39% |  3% |
|  1 |  3% |  3% |
| ID | GPU | MEM |
------------------
|  0 | 39% |  3% |
|  1 |  3% |  3% |
| ID | GPU | MEM |
------------------
|  0 | 52% |  3% |
|  1 |  2% |  3% |
| ID | GPU | MEM |
------------------
|  0 | 33% |  3% |
|  1 |  2% |  3% |
| ID | GPU | MEM |
------------------
|  0 | 33% |  3% |
|  1 |  3% |  3% |
| ID | GPU | MEM |
------------------
|  0 | 34% |  3% |
|  1 |  2% |  3% |
| ID | GPU | MEM |
------------------
|  0 | 37% |  3% |
|  1 |  2% |  3% |
Finished training it 100/170 of epoch 8 and time taken 114.15822243690491, 67.84 ms/it, loss 0.491368, accuracy 75.033 %
DLRM_wrap_time 8.44, loss_fn_time 0.24, Backward_pass_time  31.06, Average_Grad_time 26.47, Optimizer_step_time 1.30
Starting Test loop
| ID | GPU | MEM |
------------------
|  0 | 30% |  3% |
|  1 |  3% |  3% |
| ID | GPU | MEM |
------------------
|  0 | 30% |  3% |
|  1 |  3% |  3% |
| ID | GPU | MEM |
------------------
|  0 |  3% |  3% |
|  1 |  3% |  3% |
Test loop ended
Testing at - 100/170 of epoch 8, loss 0.420989, accuracy 78.196 %, best 78.196 %
| ID | GPU | MEM |
------------------
|  0 |  4% |  3% |
|  1 |  3% |  3% |
| ID | GPU | MEM |
------------------
|  0 | 43% |  3% |
|  1 |  2% |  3% |
| ID | GPU | MEM |
------------------
|  0 | 40% |  3% |
|  1 |  3% |  3% |
| ID | GPU | MEM |
------------------
|  0 | 38% |  3% |
|  1 |  2% |  3% |
| ID | GPU | MEM |
------------------
|  0 | 47% |  3% |
|  1 |  3% |  3% |
| ID | GPU | MEM |
------------------
|  0 | 47% |  3% |
|  1 |  3% |  3% |
| ID | GPU | MEM |
------------------
|  0 | 40% |  3% |
|  1 |  2% |  3% |
| ID | GPU | MEM |
------------------
|  0 | 39% |  3% |
|  1 |  2% |  3% |
| ID | GPU | MEM |
------------------
|  0 | 34% |  3% |
|  1 |  3% |  3% |
| ID | GPU | MEM |
------------------
|  0 | 34% |  3% |
|  1 |  2% |  3% |
| ID | GPU | MEM |
------------------
|  0 | 38% |  3% |
|  1 |  2% |  3% |
| ID | GPU | MEM |
------------------
|  0 | 37% |  3% |
|  1 |  2% |  3% |
| ID | GPU | MEM |
------------------
|  0 | 40% |  3% |
|  1 |  3% |  3% |
| ID | GPU | MEM |
------------------
|  0 | 40% |  3% |
|  1 |  3% |  3% |
| ID | GPU | MEM |
------------------
|  0 | 42% |  3% |
|  1 |  2% |  3% |
| ID | GPU | MEM |
------------------
|  0 | 51% |  3% |
|  1 |  2% |  3% |
| ID | GPU | MEM |
------------------
|  0 | 34% |  3% |
|  1 |  2% |  3% |
| ID | GPU | MEM |
------------------
|  0 | 34% |  3% |
|  1 |  3% |  3% |
| ID | GPU | MEM |
------------------
|  0 | 34% |  3% |
|  1 |  2% |  3% |
| ID | GPU | MEM |
------------------
|  0 | 39% |  3% |
|  1 |  2% |  3% |
| ID | GPU | MEM |
------------------
|  0 | 38% |  3% |
|  1 |  3% |  3% |
| ID | GPU | MEM |
------------------
|  0 | 47% |  3% |
|  1 |  2% |  3% |
| ID | GPU | MEM |
------------------
|  0 | 47% |  3% |
|  1 |  2% |  3% |
| ID | GPU | MEM |
------------------
|  0 | 44% |  3% |
|  1 |  2% |  3% |
| ID | GPU | MEM |
------------------
|  0 | 35% |  3% |
|  1 |  3% |  3% |
| ID | GPU | MEM |
------------------
|  0 | 34% |  3% |
|  1 |  2% |  3% |
| ID | GPU | MEM |
------------------
|  0 | 34% |  3% |
|  1 |  2% |  3% |
| ID | GPU | MEM |
------------------
|  0 | 39% |  3% |
|  1 |  2% |  3% |
| ID | GPU | MEM |
------------------
|  0 | 33% |  3% |
|  1 |  3% |  3% |
| ID | GPU | MEM |
------------------
|  0 | 42% |  3% |
|  1 |  2% |  3% |
| ID | GPU | MEM |
------------------
|  0 | 42% |  3% |
|  1 |  2% |  3% |
| ID | GPU | MEM |
------------------
|  0 | 48% |  3% |
|  1 |  2% |  3% |
| ID | GPU | MEM |
------------------
|  0 | 44% |  3% |
|  1 |  2% |  3% |
| ID | GPU | MEM |
------------------
|  0 | 35% |  3% |
|  1 |  3% |  3% |
| ID | GPU | MEM |
------------------
|  0 | 32% |  3% |
|  1 |  2% |  3% |
Finished training it 170/170 of epoch 8 and time taken 119.81691527366638, 69.98 ms/it, loss 0.505665, accuracy 74.640 %
DLRM_wrap_time 9.10, loss_fn_time 0.25, Backward_pass_time  29.88, Average_Grad_time 27.98, Optimizer_step_time 2.45
Finished epoch 8
| ID | GPU | MEM |
------------------
|  0 | 35% |  3% |
|  1 |  2% |  3% |
| ID | GPU | MEM |
------------------
|  0 | 39% |  3% |
|  1 |  2% |  3% |
| ID | GPU | MEM |
------------------
|  0 | 45% |  3% |
|  1 |  3% |  3% |
| ID | GPU | MEM |
------------------
|  0 | 45% |  3% |
|  1 |  3% |  3% |
| ID | GPU | MEM |
------------------
|  0 | 43% |  3% |
|  1 |  2% |  3% |
| ID | GPU | MEM |
------------------
|  0 | 44% |  3% |
|  1 |  2% |  3% |
| ID | GPU | MEM |
------------------
|  0 | 35% |  3% |
|  1 |  3% |  3% |
| ID | GPU | MEM |
------------------
|  0 | 36% |  3% |
|  1 |  2% |  3% |
| ID | GPU | MEM |
------------------
|  0 | 42% |  3% |
|  1 |  2% |  3% |
| ID | GPU | MEM |
------------------
|  0 | 37% |  3% |
|  1 |  2% |  3% |
| ID | GPU | MEM |
------------------
|  0 | 40% |  3% |
|  1 |  3% |  3% |
| ID | GPU | MEM |
------------------
|  0 | 40% |  3% |
|  1 |  3% |  3% |
| ID | GPU | MEM |
------------------
|  0 | 46% |  3% |
|  1 |  2% |  3% |
| ID | GPU | MEM |
------------------
|  0 | 40% |  3% |
|  1 |  2% |  3% |
| ID | GPU | MEM |
------------------
|  0 | 36% |  3% |
|  1 |  3% |  3% |
| ID | GPU | MEM |
------------------
|  0 | 33% |  3% |
|  1 |  2% |  3% |
| ID | GPU | MEM |
------------------
|  0 | 34% |  3% |
|  1 |  2% |  3% |
| ID | GPU | MEM |
------------------
|  0 | 41% |  3% |
|  1 |  2% |  3% |
| ID | GPU | MEM |
------------------
|  0 | 35% |  3% |
|  1 |  2% |  3% |
| ID | GPU | MEM |
------------------
|  0 | 45% |  3% |
|  1 |  3% |  3% |
| ID | GPU | MEM |
------------------
|  0 | 45% |  3% |
|  1 |  3% |  3% |
| ID | GPU | MEM |
------------------
|  0 | 43% |  3% |
|  1 |  2% |  3% |
| ID | GPU | MEM |
------------------
|  0 | 44% |  3% |
|  1 |  2% |  3% |
| ID | GPU | MEM |
------------------
|  0 | 33% |  3% |
|  1 |  3% |  3% |
| ID | GPU | MEM |
------------------
|  0 | 33% |  3% |
|  1 |  2% |  3% |
| ID | GPU | MEM |
------------------
|  0 | 37% |  3% |
|  1 |  2% |  3% |
| ID | GPU | MEM |
------------------
|  0 | 39% |  3% |
|  1 |  2% |  3% |
| ID | GPU | MEM |
------------------
|  0 | 33% |  3% |
|  1 |  3% |  3% |
| ID | GPU | MEM |
------------------
|  0 | 43% |  3% |
|  1 |  2% |  3% |
| ID | GPU | MEM |
------------------
|  0 | 43% |  3% |
|  1 |  2% |  3% |
| ID | GPU | MEM |
------------------
|  0 | 42% |  3% |
|  1 |  2% |  3% |
| ID | GPU | MEM |
------------------
|  0 | 40% |  3% |
|  1 |  3% |  3% |
| ID | GPU | MEM |
------------------
|  0 | 34% |  3% |
|  1 |  2% |  3% |
| ID | GPU | MEM |
------------------
|  0 | 32% |  3% |
|  1 |  2% |  3% |
| ID | GPU | MEM |
------------------
|  0 | 41% |  3% |
|  1 |  2% |  3% |
| ID | GPU | MEM |
------------------
|  0 | 31% |  3% |
|  1 |  3% |  3% |
| ID | GPU | MEM |
------------------
|  0 | 50% |  3% |
|  1 |  2% |  3% |
| ID | GPU | MEM |
------------------
|  0 | 50% |  3% |
|  1 |  2% |  3% |
| ID | GPU | MEM |
------------------
|  0 | 47% |  3% |
|  1 |  2% |  3% |
| ID | GPU | MEM |
------------------
|  0 | 33% |  3% |
|  1 |  3% |  3% |
| ID | GPU | MEM |
------------------
|  0 | 31% |  3% |
|  1 |  2% |  3% |
| ID | GPU | MEM |
------------------
|  0 | 38% |  3% |
|  1 |  2% |  3% |
| ID | GPU | MEM |
------------------
|  0 | 36% |  3% |
|  1 |  2% |  3% |
| ID | GPU | MEM |
------------------
|  0 | 40% |  3% |
|  1 |  3% |  3% |
| ID | GPU | MEM |
------------------
|  0 | 40% |  3% |
|  1 |  3% |  3% |
| ID | GPU | MEM |
------------------
|  0 | 42% |  3% |
|  1 |  2% |  3% |
| ID | GPU | MEM |
------------------
|  0 | 38% |  3% |
|  1 |  3% |  3% |
| ID | GPU | MEM |
------------------
|  0 | 34% |  3% |
|  1 |  2% |  3% |
| ID | GPU | MEM |
------------------
|  0 | 33% |  3% |
|  1 |  2% |  3% |
| ID | GPU | MEM |
------------------
|  0 | 62% |  3% |
|  1 |  2% |  3% |
Finished training it 100/170 of epoch 9 and time taken 127.36417150497437, 69.45 ms/it, loss 0.485368, accuracy 75.139 %
DLRM_wrap_time 8.44, loss_fn_time 0.25, Backward_pass_time  31.26, Average_Grad_time 27.85, Optimizer_step_time 1.33
Starting Test loop
| ID | GPU | MEM |
------------------
|  0 | 32% |  3% |
|  1 |  3% |  3% |
| ID | GPU | MEM |
------------------
|  0 | 32% |  3% |
|  1 |  3% |  3% |
| ID | GPU | MEM |
------------------
|  0 |  3% |  3% |
|  1 |  3% |  3% |
Test loop ended
Testing at - 100/170 of epoch 9, loss 0.490554, accuracy 72.366 %, best 78.196 %
| ID | GPU | MEM |
------------------
|  0 |  3% |  3% |
|  1 |  3% |  3% |
| ID | GPU | MEM |
------------------
|  0 | 39% |  3% |
|  1 |  3% |  3% |
| ID | GPU | MEM |
------------------
|  0 | 33% |  3% |
|  1 |  2% |  3% |
| ID | GPU | MEM |
------------------
|  0 | 37% |  3% |
|  1 |  3% |  3% |
| ID | GPU | MEM |
------------------
|  0 | 37% |  3% |
|  1 |  2% |  3% |
| ID | GPU | MEM |
------------------
|  0 | 37% |  3% |
|  1 |  2% |  3% |
| ID | GPU | MEM |
------------------
|  0 | 45% |  3% |
|  1 |  2% |  3% |
| ID | GPU | MEM |
------------------
|  0 | 40% |  3% |
|  1 |  2% |  3% |
| ID | GPU | MEM |
------------------
|  0 | 33% |  3% |
|  1 |  3% |  3% |
| ID | GPU | MEM |
------------------
|  0 | 30% |  3% |
|  1 |  2% |  3% |
| ID | GPU | MEM |
------------------
|  0 | 35% |  3% |
|  1 |  2% |  3% |
| ID | GPU | MEM |
------------------
|  0 | 35% |  3% |
|  1 |  3% |  3% |
| ID | GPU | MEM |
------------------
|  0 | 31% |  3% |
|  1 |  3% |  3% |
| ID | GPU | MEM |
------------------
|  0 | 45% |  3% |
|  1 |  3% |  3% |
| ID | GPU | MEM |
------------------
|  0 | 45% |  3% |
|  1 |  2% |  3% |
| ID | GPU | MEM |
------------------
|  0 | 40% |  3% |
|  1 |  2% |  3% |
| ID | GPU | MEM |
------------------
|  0 | 41% |  3% |
|  1 |  3% |  3% |
| ID | GPU | MEM |
------------------
|  0 | 32% |  3% |
|  1 |  2% |  3% |
| ID | GPU | MEM |
------------------
|  0 | 33% |  3% |
|  1 |  2% |  3% |
| ID | GPU | MEM |
------------------
|  0 | 36% |  3% |
|  1 |  2% |  3% |
| ID | GPU | MEM |
------------------
|  0 | 33% |  3% |
|  1 |  3% |  3% |
| ID | GPU | MEM |
------------------
|  0 | 38% |  3% |
|  1 |  2% |  3% |
| ID | GPU | MEM |
------------------
|  0 | 38% |  3% |
|  1 |  2% |  3% |
| ID | GPU | MEM |
------------------
|  0 | 39% |  3% |
|  1 |  2% |  3% |
| ID | GPU | MEM |
------------------
|  0 | 41% |  3% |
|  1 |  3% |  3% |
| ID | GPU | MEM |
------------------
|  0 | 31% |  3% |
|  1 |  2% |  3% |
| ID | GPU | MEM |
------------------
|  0 | 34% |  3% |
|  1 |  2% |  3% |
| ID | GPU | MEM |
------------------
|  0 | 32% |  3% |
|  1 |  2% |  3% |
| ID | GPU | MEM |
------------------
|  0 | 35% |  3% |
|  1 |  3% |  3% |
| ID | GPU | MEM |
------------------
|  0 | 39% |  3% |
|  1 |  2% |  3% |
| ID | GPU | MEM |
------------------
|  0 | 40% |  3% |
|  1 |  2% |  3% |
| ID | GPU | MEM |
------------------
|  0 | 40% |  3% |
|  1 |  2% |  3% |
| ID | GPU | MEM |
------------------
|  0 | 45% |  3% |
|  1 |  3% |  3% |
| ID | GPU | MEM |
------------------
|  0 | 33% |  3% |
|  1 |  2% |  3% |
| ID | GPU | MEM |
------------------
|  0 | 33% |  3% |
|  1 |  2% |  3% |
Finished training it 170/170 of epoch 9 and time taken 133.09409403800964, 69.04 ms/it, loss 0.492699, accuracy 75.883 %
DLRM_wrap_time 9.31, loss_fn_time 0.26, Backward_pass_time  31.55, Average_Grad_time 26.11, Optimizer_step_time 1.48
Finished epoch 9
Finished the program
