python3: no process found

clgpu002:31278:31363 [0] misc/ibvwrap.cc:63 NCCL WARN Failed to open libibverbs.so[.1]
NCCL version 2.4.8+cuda9.2
Using 2 GPU(s)...
Sparse features= 9, Dense features= 24
Sparse features= 9, Dense features= 24
time/loss/accuracy (if enabled):
Finished training it 100/170 of epoch 0 and time taken 5.152863025665283, 46.27 ms/it, loss 0.661614, accuracy 60.350 %
DLRM_wrap_time 26.18, loss_fn_time 0.20, Backward_pass_time  9.33, Average_Grad_time 9.38, Optimizer_step_time 0.99
Starting Test loop
Test loop ended
Testing at - 100/170 of epoch 0, loss 0.670594, accuracy 58.754 %, best 58.754 %
Finished training it 170/170 of epoch 0 and time taken 7.6070520877838135, 26.38 ms/it, loss 0.658503, accuracy 60.761 %
DLRM_wrap_time 7.35, loss_fn_time 0.20, Backward_pass_time  8.87, Average_Grad_time 8.81, Optimizer_step_time 0.96
Finished epoch 0
Finished training it 100/170 of epoch 1 and time taken 10.803607702255249, 26.98 ms/it, loss 0.651794, accuracy 62.131 %
DLRM_wrap_time 7.34, loss_fn_time 0.20, Backward_pass_time  8.97, Average_Grad_time 9.36, Optimizer_step_time 0.93
Starting Test loop
Test loop ended
Testing at - 100/170 of epoch 1, loss 0.613275, accuracy 66.332 %, best 66.332 %
Finished training it 170/170 of epoch 1 and time taken 13.237774133682251, 26.32 ms/it, loss 0.627844, accuracy 65.232 %
DLRM_wrap_time 7.41, loss_fn_time 0.21, Backward_pass_time  8.87, Average_Grad_time 8.68, Optimizer_step_time 0.97
Finished epoch 1
Finished training it 100/170 of epoch 2 and time taken 16.401803255081177, 26.34 ms/it, loss 0.608759, accuracy 67.027 %
DLRM_wrap_time 7.37, loss_fn_time 0.21, Backward_pass_time  8.87, Average_Grad_time 8.77, Optimizer_step_time 0.95
Starting Test loop
Test loop ended
Testing at - 100/170 of epoch 2, loss 0.531120, accuracy 73.278 %, best 73.278 %
Finished training it 170/170 of epoch 2 and time taken 18.826942205429077, 26.44 ms/it, loss 0.583826, accuracy 68.182 %
DLRM_wrap_time 7.31, loss_fn_time 0.21, Backward_pass_time  8.97, Average_Grad_time 8.83, Optimizer_step_time 0.95
Finished epoch 2
Finished training it 100/170 of epoch 3 and time taken 21.966241598129272, 26.23 ms/it, loss 0.565160, accuracy 69.766 %
DLRM_wrap_time 7.36, loss_fn_time 0.21, Backward_pass_time  8.73, Average_Grad_time 8.77, Optimizer_step_time 0.98
Starting Test loop
Test loop ended
Testing at - 100/170 of epoch 3, loss 0.858726, accuracy 51.646 %, best 73.278 %
Finished training it 170/170 of epoch 3 and time taken 24.38621234893799, 26.32 ms/it, loss 0.584243, accuracy 68.564 %
DLRM_wrap_time 7.40, loss_fn_time 0.21, Backward_pass_time  8.95, Average_Grad_time 8.61, Optimizer_step_time 0.97
Finished epoch 3
Finished training it 100/170 of epoch 4 and time taken 27.527477979660034, 26.32 ms/it, loss 0.566493, accuracy 70.037 %
DLRM_wrap_time 7.37, loss_fn_time 0.21, Backward_pass_time  8.87, Average_Grad_time 8.75, Optimizer_step_time 0.95
Starting Test loop
Test loop ended
Testing at - 100/170 of epoch 4, loss 0.470511, accuracy 77.694 %, best 77.694 %
Finished training it 170/170 of epoch 4 and time taken 29.946457147598267, 26.29 ms/it, loss 0.553788, accuracy 70.280 %
DLRM_wrap_time 7.36, loss_fn_time 0.21, Backward_pass_time  8.96, Average_Grad_time 8.63, Optimizer_step_time 0.95
Finished epoch 4
Finished training it 100/170 of epoch 5 and time taken 33.080942153930664, 26.20 ms/it, loss 0.566734, accuracy 70.426 %
DLRM_wrap_time 7.37, loss_fn_time 0.21, Backward_pass_time  8.97, Average_Grad_time 8.53, Optimizer_step_time 0.95
Starting Test loop
Test loop ended
Testing at - 100/170 of epoch 5, loss 0.539465, accuracy 68.636 %, best 77.694 %
Finished training it 170/170 of epoch 5 and time taken 35.491870164871216, 26.23 ms/it, loss 0.523712, accuracy 71.973 %
DLRM_wrap_time 7.35, loss_fn_time 0.21, Backward_pass_time  9.03, Average_Grad_time 8.51, Optimizer_step_time 0.96
Finished epoch 5
Finished training it 100/170 of epoch 6 and time taken 38.62263464927673, 26.17 ms/it, loss 0.528164, accuracy 72.373 %
DLRM_wrap_time 7.37, loss_fn_time 0.20, Backward_pass_time  8.88, Average_Grad_time 8.58, Optimizer_step_time 0.95
Starting Test loop
Test loop ended
Testing at - 100/170 of epoch 6, loss 0.529321, accuracy 71.295 %, best 77.694 %
Finished training it 170/170 of epoch 6 and time taken 41.04296016693115, 26.21 ms/it, loss 0.530322, accuracy 71.736 %
DLRM_wrap_time 7.35, loss_fn_time 0.21, Backward_pass_time  8.75, Average_Grad_time 8.78, Optimizer_step_time 0.94
Finished epoch 6
Finished training it 100/170 of epoch 7 and time taken 44.17330479621887, 26.09 ms/it, loss 0.518493, accuracy 73.223 %
DLRM_wrap_time 7.38, loss_fn_time 0.21, Backward_pass_time  8.87, Average_Grad_time 8.49, Optimizer_step_time 0.95
Starting Test loop
Test loop ended
Testing at - 100/170 of epoch 7, loss 0.480409, accuracy 74.514 %, best 77.694 %
Finished training it 170/170 of epoch 7 and time taken 46.59396576881409, 26.14 ms/it, loss 0.515360, accuracy 72.759 %
DLRM_wrap_time 7.37, loss_fn_time 0.21, Backward_pass_time  9.00, Average_Grad_time 8.42, Optimizer_step_time 0.96
Finished epoch 7
Finished training it 100/170 of epoch 8 and time taken 49.73270773887634, 26.22 ms/it, loss 0.509346, accuracy 73.504 %
DLRM_wrap_time 7.36, loss_fn_time 0.21, Backward_pass_time  8.87, Average_Grad_time 8.64, Optimizer_step_time 0.96
Starting Test loop
Test loop ended
Testing at - 100/170 of epoch 8, loss 0.434126, accuracy 81.673 %, best 81.673 %
Finished training it 170/170 of epoch 8 and time taken 52.1556453704834, 26.27 ms/it, loss 0.484734, accuracy 74.940 %
DLRM_wrap_time 7.35, loss_fn_time 0.21, Backward_pass_time  8.87, Average_Grad_time 8.71, Optimizer_step_time 0.95
Finished epoch 8
Finished training it 100/170 of epoch 9 and time taken 55.296250104904175, 26.19 ms/it, loss 0.496327, accuracy 74.852 %
DLRM_wrap_time 7.35, loss_fn_time 0.21, Backward_pass_time  8.94, Average_Grad_time 8.54, Optimizer_step_time 0.96
Starting Test loop
Test loop ended
Testing at - 100/170 of epoch 9, loss 0.402598, accuracy 82.065 %, best 82.065 %
Finished training it 170/170 of epoch 9 and time taken 57.70250916481018, 26.10 ms/it, loss 0.489083, accuracy 75.148 %
DLRM_wrap_time 7.38, loss_fn_time 0.21, Backward_pass_time  8.93, Average_Grad_time 8.45, Optimizer_step_time 0.95
Finished epoch 9
Finished the program
/users/ushmal/.local/lib/python3.6/site-packages/torch/distributed/distributed_c10d.py:101: UserWarning: torch.distributed.reduce_op is deprecated, please use torch.distributed.ReduceOp instead
  warnings.warn("torch.distributed.reduce_op is deprecated, please use "
