python3: no process found

clgpu001:33122:33122 [0] misc/ibvwrap.cc:63 NCCL WARN Failed to open libibverbs.so[.1]
NCCL version 2.4.8+cuda9.2
Using 1 GPU(s)...
Sparse features= 9, Dense features= 24
Sparse features= 9, Dense features= 24
time/loss/accuracy (if enabled):
| ID | GPU | MEM |
------------------
|  0 |  8% |  3% |
|  1 |  0% |  0% |
| ID | GPU | MEM |
------------------
|  0 |  8% |  3% |
|  1 |  0% |  0% |
| ID | GPU | MEM |
------------------
|  0 |  5% |  3% |
|  1 |  0% |  0% |
| ID | GPU | MEM |
------------------
|  0 |  5% |  3% |
|  1 |  0% |  0% |
| ID | GPU | MEM |
------------------
|  0 | 36% |  3% |
|  1 |  0% |  0% |
| ID | GPU | MEM |
------------------
|  0 | 33% |  3% |
|  1 |  0% |  0% |
| ID | GPU | MEM |
------------------
|  0 | 33% |  3% |
|  1 |  0% |  0% |
| ID | GPU | MEM |
------------------
|  0 | 44% |  3% |
|  1 |  0% |  0% |
| ID | GPU | MEM |
------------------
|  0 | 34% |  3% |
|  1 |  0% |  0% |
| ID | GPU | MEM |
------------------
|  0 | 34% |  3% |
|  1 |  0% |  0% |
| ID | GPU | MEM |
------------------
|  0 | 43% |  3% |
|  1 |  0% |  0% |
| ID | GPU | MEM |
------------------
|  0 | 29% |  3% |
|  1 |  0% |  0% |
| ID | GPU | MEM |
------------------
|  0 | 29% |  3% |
|  1 |  0% |  0% |
| ID | GPU | MEM |
------------------
|  0 | 47% |  3% |
|  1 |  0% |  0% |
| ID | GPU | MEM |
------------------
|  0 | 47% |  3% |
|  1 |  0% |  0% |
| ID | GPU | MEM |
------------------
|  0 | 30% |  3% |
|  1 |  0% |  0% |
| ID | GPU | MEM |
------------------
|  0 | 41% |  3% |
|  1 |  0% |  0% |
| ID | GPU | MEM |
------------------
|  0 | 41% |  3% |
|  1 |  0% |  0% |
| ID | GPU | MEM |
------------------
|  0 | 38% |  3% |
|  1 |  0% |  0% |
| ID | GPU | MEM |
------------------
|  0 | 38% |  3% |
|  1 |  0% |  0% |
| ID | GPU | MEM |
------------------
|  0 | 34% |  3% |
|  1 |  0% |  0% |
| ID | GPU | MEM |
------------------
|  0 | 44% |  3% |
|  1 |  0% |  0% |
| ID | GPU | MEM |
------------------
|  0 | 44% |  3% |
|  1 |  0% |  0% |
| ID | GPU | MEM |
------------------
|  0 | 50% |  3% |
|  1 |  0% |  0% |
| ID | GPU | MEM |
------------------
|  0 | 34% |  3% |
|  1 |  0% |  0% |
| ID | GPU | MEM |
------------------
|  0 | 34% |  3% |
|  1 |  0% |  0% |
| ID | GPU | MEM |
------------------
|  0 | 47% |  3% |
|  1 |  0% |  0% |
| ID | GPU | MEM |
------------------
|  0 | 47% |  3% |
|  1 |  0% |  0% |
| ID | GPU | MEM |
------------------
|  0 | 33% |  3% |
|  1 |  0% |  0% |
| ID | GPU | MEM |
------------------
|  0 | 41% |  3% |
|  1 |  0% |  0% |
| ID | GPU | MEM |
------------------
|  0 | 41% |  3% |
|  1 |  0% |  0% |
| ID | GPU | MEM |
------------------
|  0 | 50% |  3% |
|  1 |  0% |  0% |
| ID | GPU | MEM |
------------------
|  0 | 36% |  3% |
|  1 |  0% |  0% |
| ID | GPU | MEM |
------------------
|  0 | 36% |  3% |
|  1 |  0% |  0% |
| ID | GPU | MEM |
------------------
|  0 | 47% |  3% |
|  1 |  0% |  0% |
Finished training it 100/170 of epoch 0 and time taken 0.003786160230636597, 23.71 ms/it, loss 0.657536, accuracy 61.379 %
| ID | GPU | MEM |
------------------
|  0 | 47% |  3% |
|  1 |  0% |  0% |
| ID | GPU | MEM |
------------------
|  0 | 35% |  3% |
|  1 |  0% |  0% |
| ID | GPU | MEM |
------------------
|  0 | 41% |  3% |
|  1 |  0% |  0% |
| ID | GPU | MEM |
------------------
|  0 | 41% |  3% |
|  1 |  0% |  0% |
| ID | GPU | MEM |
------------------
|  0 | 45% |  3% |
|  1 |  0% |  0% |
| ID | GPU | MEM |
------------------
|  0 | 35% |  3% |
|  1 |  0% |  0% |
| ID | GPU | MEM |
------------------
|  0 | 35% |  3% |
|  1 |  0% |  0% |
| ID | GPU | MEM |
------------------
|  0 | 38% |  3% |
|  1 |  0% |  0% |
| ID | GPU | MEM |
------------------
|  0 | 38% |  3% |
|  1 |  0% |  0% |
| ID | GPU | MEM |
------------------
|  0 | 38% |  3% |
|  1 |  0% |  0% |
| ID | GPU | MEM |
------------------
|  0 | 34% |  3% |
|  1 |  0% |  0% |
| ID | GPU | MEM |
------------------
|  0 | 34% |  3% |
|  1 |  0% |  0% |
| ID | GPU | MEM |
------------------
|  0 | 43% |  3% |
|  1 |  0% |  0% |
| ID | GPU | MEM |
------------------
|  0 | 43% |  3% |
|  1 |  0% |  0% |
| ID | GPU | MEM |
------------------
|  0 | 33% |  3% |
|  1 |  0% |  0% |
| ID | GPU | MEM |
------------------
|  0 | 33% |  3% |
|  1 |  0% |  0% |
| ID | GPU | MEM |
------------------
|  0 | 52% |  3% |
|  1 |  0% |  0% |
| ID | GPU | MEM |
------------------
|  0 | 52% |  3% |
|  1 |  0% |  0% |
| ID | GPU | MEM |
------------------
|  0 | 38% |  3% |
|  1 |  0% |  0% |
| ID | GPU | MEM |
------------------
|  0 | 42% |  3% |
|  1 |  0% |  0% |
| ID | GPU | MEM |
------------------
|  0 | 42% |  3% |
|  1 |  0% |  0% |
| ID | GPU | MEM |
------------------
|  0 | 44% |  3% |
|  1 |  0% |  0% |
| ID | GPU | MEM |
------------------
|  0 | 34% |  3% |
|  1 |  0% |  0% |
| ID | GPU | MEM |
------------------
|  0 | 34% |  3% |
|  1 |  0% |  0% |
Finished training it 170/170 of epoch 0 and time taken 0.0062166347503662105, 23.44 ms/it, loss 0.619941, accuracy 65.907 %
Starting Test loop
| ID | GPU | MEM |
------------------
|  0 | 48% |  3% |
|  1 |  0% |  0% |
| ID | GPU | MEM |
------------------
|  0 | 48% |  3% |
|  1 |  0% |  0% |
Test loop ended
Testing at - 170/170 of epoch 0, loss 0.777215, accuracy 51.872 %, best 51.872 %
Finished epoch 0
| ID | GPU | MEM |
------------------
|  0 |  8% |  3% |
|  1 |  0% |  0% |
| ID | GPU | MEM |
------------------
|  0 |  8% |  3% |
|  1 |  0% |  0% |
| ID | GPU | MEM |
------------------
|  0 | 19% |  3% |
|  1 |  0% |  0% |
| ID | GPU | MEM |
------------------
|  0 | 19% |  3% |
|  1 |  0% |  0% |
| ID | GPU | MEM |
------------------
|  0 | 24% |  3% |
|  1 |  0% |  0% |
| ID | GPU | MEM |
------------------
|  0 | 29% |  3% |
|  1 |  0% |  0% |
| ID | GPU | MEM |
------------------
|  0 | 29% |  3% |
|  1 |  0% |  0% |
| ID | GPU | MEM |
------------------
|  0 | 48% |  3% |
|  1 |  0% |  0% |
| ID | GPU | MEM |
------------------
|  0 | 33% |  3% |
|  1 |  0% |  0% |
| ID | GPU | MEM |
------------------
|  0 | 33% |  3% |
|  1 |  0% |  0% |
| ID | GPU | MEM |
------------------
|  0 | 47% |  3% |
|  1 |  0% |  0% |
| ID | GPU | MEM |
------------------
|  0 | 31% |  3% |
|  1 |  0% |  0% |
| ID | GPU | MEM |
------------------
|  0 | 31% |  3% |
|  1 |  0% |  0% |
| ID | GPU | MEM |
------------------
|  0 | 28% |  3% |
|  1 |  0% |  0% |
| ID | GPU | MEM |
------------------
|  0 | 28% |  3% |
|  1 |  0% |  0% |
| ID | GPU | MEM |
------------------
|  0 | 40% |  3% |
|  1 |  0% |  0% |
| ID | GPU | MEM |
------------------
|  0 | 28% |  3% |
|  1 |  0% |  0% |
| ID | GPU | MEM |
------------------
|  0 | 28% |  3% |
|  1 |  0% |  0% |
| ID | GPU | MEM |
------------------
|  0 | 47% |  3% |
|  1 |  0% |  0% |
| ID | GPU | MEM |
------------------
|  0 | 47% |  3% |
|  1 |  0% |  0% |
| ID | GPU | MEM |
------------------
|  0 | 23% |  3% |
|  1 |  0% |  0% |
| ID | GPU | MEM |
------------------
|  0 | 42% |  3% |
|  1 |  0% |  0% |
| ID | GPU | MEM |
------------------
|  0 | 42% |  3% |
|  1 |  0% |  0% |
| ID | GPU | MEM |
------------------
|  0 | 35% |  3% |
|  1 |  0% |  0% |
| ID | GPU | MEM |
------------------
|  0 | 35% |  3% |
|  1 |  0% |  0% |
| ID | GPU | MEM |
------------------
|  0 | 29% |  3% |
|  1 |  0% |  0% |
| ID | GPU | MEM |
------------------
|  0 | 41% |  3% |
|  1 |  0% |  0% |
| ID | GPU | MEM |
------------------
|  0 | 41% |  3% |
|  1 |  0% |  0% |
| ID | GPU | MEM |
------------------
|  0 | 39% |  3% |
|  1 |  0% |  0% |
| ID | GPU | MEM |
------------------
|  0 | 39% |  3% |
|  1 |  0% |  0% |
| ID | GPU | MEM |
------------------
|  0 | 39% |  3% |
|  1 |  0% |  0% |
| ID | GPU | MEM |
------------------
|  0 | 45% |  3% |
|  1 |  0% |  0% |
| ID | GPU | MEM |
------------------
|  0 | 22% |  3% |
|  1 |  0% |  0% |
| ID | GPU | MEM |
------------------
|  0 | 22% |  3% |
|  1 |  0% |  0% |
Finished training it 100/170 of epoch 1 and time taken 0.010004075527191162, 23.08 ms/it, loss 0.616723, accuracy 67.197 %
| ID | GPU | MEM |
------------------
|  0 | 30% |  3% |
|  1 |  0% |  0% |
| ID | GPU | MEM |
------------------
|  0 | 30% |  3% |
|  1 |  0% |  0% |
| ID | GPU | MEM |
------------------
|  0 | 48% |  3% |
|  1 |  0% |  0% |
| ID | GPU | MEM |
------------------
|  0 | 36% |  3% |
|  1 |  0% |  0% |
| ID | GPU | MEM |
------------------
|  0 | 36% |  3% |
|  1 |  0% |  0% |
| ID | GPU | MEM |
------------------
|  0 | 42% |  3% |
|  1 |  0% |  0% |
| ID | GPU | MEM |
------------------
|  0 | 42% |  3% |
|  1 |  0% |  0% |
| ID | GPU | MEM |
------------------
|  0 | 34% |  3% |
|  1 |  0% |  0% |
| ID | GPU | MEM |
------------------
|  0 | 42% |  3% |
|  1 |  0% |  0% |
| ID | GPU | MEM |
------------------
|  0 | 42% |  3% |
|  1 |  0% |  0% |
| ID | GPU | MEM |
------------------
|  0 | 36% |  3% |
|  1 |  0% |  0% |
| ID | GPU | MEM |
------------------
|  0 | 24% |  3% |
|  1 |  0% |  0% |
| ID | GPU | MEM |
------------------
|  0 | 24% |  3% |
|  1 |  0% |  0% |
| ID | GPU | MEM |
------------------
|  0 | 29% |  3% |
|  1 |  0% |  0% |
| ID | GPU | MEM |
------------------
|  0 | 29% |  3% |
|  1 |  0% |  0% |
| ID | GPU | MEM |
------------------
|  0 | 46% |  3% |
|  1 |  0% |  0% |
| ID | GPU | MEM |
------------------
|  0 | 33% |  3% |
|  1 |  0% |  0% |
| ID | GPU | MEM |
------------------
|  0 | 33% |  3% |
|  1 |  0% |  0% |
| ID | GPU | MEM |
------------------
|  0 | 43% |  3% |
|  1 |  0% |  0% |
| ID | GPU | MEM |
------------------
|  0 | 43% |  3% |
|  1 |  0% |  0% |
| ID | GPU | MEM |
------------------
|  0 | 43% |  3% |
|  1 |  0% |  0% |
| ID | GPU | MEM |
------------------
|  0 | 23% |  3% |
|  1 |  0% |  0% |
| ID | GPU | MEM |
------------------
|  0 | 23% |  3% |
|  1 |  0% |  0% |
Finished training it 170/170 of epoch 1 and time taken 0.012419792413711548, 22.33 ms/it, loss 0.600200, accuracy 67.578 %
Starting Test loop
| ID | GPU | MEM |
------------------
|  0 | 25% |  3% |
|  1 |  0% |  0% |
| ID | GPU | MEM |
------------------
|  0 | 25% |  3% |
|  1 |  0% |  0% |
| ID | GPU | MEM |
------------------
|  0 |  9% |  3% |
|  1 |  0% |  0% |
Test loop ended
Testing at - 170/170 of epoch 1, loss 0.675752, accuracy 61.780 %, best 61.780 %
Finished epoch 1
| ID | GPU | MEM |
------------------
|  0 |  9% |  3% |
|  1 |  0% |  0% |
| ID | GPU | MEM |
------------------
|  0 | 26% |  3% |
|  1 |  0% |  0% |
| ID | GPU | MEM |
------------------
|  0 | 26% |  3% |
|  1 |  0% |  0% |
| ID | GPU | MEM |
------------------
|  0 | 42% |  3% |
|  1 |  0% |  0% |
| ID | GPU | MEM |
------------------
|  0 | 32% |  3% |
|  1 |  0% |  0% |
| ID | GPU | MEM |
------------------
|  0 | 32% |  3% |
|  1 |  0% |  0% |
| ID | GPU | MEM |
------------------
|  0 | 43% |  3% |
|  1 |  0% |  0% |
| ID | GPU | MEM |
------------------
|  0 | 34% |  3% |
|  1 |  0% |  0% |
| ID | GPU | MEM |
------------------
|  0 | 34% |  3% |
|  1 |  0% |  0% |
| ID | GPU | MEM |
------------------
|  0 | 39% |  3% |
|  1 |  0% |  0% |
| ID | GPU | MEM |
------------------
|  0 | 39% |  3% |
|  1 |  0% |  0% |
| ID | GPU | MEM |
------------------
|  0 | 44% |  3% |
|  1 |  0% |  0% |
| ID | GPU | MEM |
------------------
|  0 | 24% |  3% |
|  1 |  0% |  0% |
| ID | GPU | MEM |
------------------
|  0 | 24% |  3% |
|  1 |  0% |  0% |
| ID | GPU | MEM |
------------------
|  0 | 24% |  3% |
|  1 |  0% |  0% |
| ID | GPU | MEM |
------------------
|  0 | 24% |  3% |
|  1 |  0% |  0% |
| ID | GPU | MEM |
------------------
|  0 | 43% |  3% |
|  1 |  0% |  0% |
| ID | GPU | MEM |
------------------
|  0 | 43% |  3% |
|  1 |  0% |  0% |
| ID | GPU | MEM |
------------------
|  0 | 34% |  3% |
|  1 |  0% |  0% |
| ID | GPU | MEM |
------------------
|  0 | 41% |  3% |
|  1 |  0% |  0% |
| ID | GPU | MEM |
------------------
|  0 | 41% |  3% |
|  1 |  0% |  0% |
| ID | GPU | MEM |
------------------
|  0 | 42% |  3% |
|  1 |  0% |  0% |
| ID | GPU | MEM |
------------------
|  0 | 37% |  3% |
|  1 |  0% |  0% |
| ID | GPU | MEM |
------------------
|  0 | 37% |  3% |
|  1 |  0% |  0% |
| ID | GPU | MEM |
------------------
|  0 | 48% |  3% |
|  1 |  0% |  0% |
| ID | GPU | MEM |
------------------
|  0 | 48% |  3% |
|  1 |  0% |  0% |
| ID | GPU | MEM |
------------------
|  0 | 23% |  3% |
|  1 |  0% |  0% |
| ID | GPU | MEM |
------------------
|  0 | 40% |  3% |
|  1 |  0% |  0% |
| ID | GPU | MEM |
------------------
|  0 | 40% |  3% |
|  1 |  0% |  0% |
| ID | GPU | MEM |
------------------
|  0 | 46% |  3% |
|  1 |  0% |  0% |
| ID | GPU | MEM |
------------------
|  0 | 30% |  3% |
|  1 |  0% |  0% |
| ID | GPU | MEM |
------------------
|  0 | 30% |  3% |
|  1 |  0% |  0% |
| ID | GPU | MEM |
------------------
|  0 | 49% |  3% |
|  1 |  0% |  0% |
Finished training it 100/170 of epoch 2 and time taken 0.01618865704536438, 24.38 ms/it, loss 0.591988, accuracy 68.650 %
| ID | GPU | MEM |
------------------
|  0 | 34% |  3% |
|  1 |  0% |  0% |
| ID | GPU | MEM |
------------------
|  0 | 34% |  3% |
|  1 |  0% |  0% |
| ID | GPU | MEM |
------------------
|  0 | 50% |  3% |
|  1 |  0% |  0% |
| ID | GPU | MEM |
------------------
|  0 | 50% |  3% |
|  1 |  0% |  0% |
| ID | GPU | MEM |
------------------
|  0 | 23% |  3% |
|  1 |  0% |  0% |
| ID | GPU | MEM |
------------------
|  0 | 29% |  3% |
|  1 |  0% |  0% |
| ID | GPU | MEM |
------------------
|  0 | 29% |  3% |
|  1 |  0% |  0% |
| ID | GPU | MEM |
------------------
|  0 | 48% |  3% |
|  1 |  0% |  0% |
| ID | GPU | MEM |
------------------
|  0 | 38% |  3% |
|  1 |  0% |  0% |
| ID | GPU | MEM |
------------------
|  0 | 38% |  3% |
|  1 |  0% |  0% |
| ID | GPU | MEM |
------------------
|  0 | 45% |  3% |
|  1 |  0% |  0% |
| ID | GPU | MEM |
------------------
|  0 | 45% |  3% |
|  1 |  0% |  0% |
| ID | GPU | MEM |
------------------
|  0 | 36% |  3% |
|  1 |  0% |  0% |
| ID | GPU | MEM |
------------------
|  0 | 28% |  3% |
|  1 |  0% |  0% |
| ID | GPU | MEM |
------------------
|  0 | 28% |  3% |
|  1 |  0% |  0% |
| ID | GPU | MEM |
------------------
|  0 | 43% |  3% |
|  1 |  0% |  0% |
| ID | GPU | MEM |
------------------
|  0 | 43% |  3% |
|  1 |  0% |  0% |
| ID | GPU | MEM |
------------------
|  0 | 41% |  3% |
|  1 |  0% |  0% |
| ID | GPU | MEM |
------------------
|  0 | 37% |  3% |
|  1 |  0% |  0% |
| ID | GPU | MEM |
------------------
|  0 | 37% |  3% |
|  1 |  0% |  0% |
| ID | GPU | MEM |
------------------
|  0 | 41% |  3% |
|  1 |  0% |  0% |
| ID | GPU | MEM |
------------------
|  0 | 37% |  3% |
|  1 |  0% |  0% |
| ID | GPU | MEM |
------------------
|  0 | 37% |  3% |
|  1 |  0% |  0% |
| ID | GPU | MEM |
------------------
|  0 | 47% |  3% |
|  1 |  0% |  0% |
Finished training it 170/170 of epoch 2 and time taken 0.018656764268875123, 23.23 ms/it, loss 0.565817, accuracy 70.476 %
Starting Test loop
| ID | GPU | MEM |
------------------
|  0 | 47% |  3% |
|  1 |  0% |  0% |
| ID | GPU | MEM |
------------------
|  0 | 11% |  3% |
|  1 |  0% |  0% |
Test loop ended
Testing at - 170/170 of epoch 2, loss 0.561003, accuracy 72.549 %, best 72.549 %
Finished epoch 2
| ID | GPU | MEM |
------------------
|  0 | 11% |  3% |
|  1 |  0% |  0% |
| ID | GPU | MEM |
------------------
|  0 | 26% |  3% |
|  1 |  0% |  0% |
| ID | GPU | MEM |
------------------
|  0 | 26% |  3% |
|  1 |  0% |  0% |
| ID | GPU | MEM |
------------------
|  0 | 38% |  3% |
|  1 |  0% |  0% |
| ID | GPU | MEM |
------------------
|  0 | 38% |  3% |
|  1 |  0% |  0% |
| ID | GPU | MEM |
------------------
|  0 | 44% |  3% |
|  1 |  0% |  0% |
| ID | GPU | MEM |
------------------
|  0 | 39% |  3% |
|  1 |  0% |  0% |
| ID | GPU | MEM |
------------------
|  0 | 39% |  3% |
|  1 |  0% |  0% |
| ID | GPU | MEM |
------------------
|  0 | 50% |  3% |
|  1 |  0% |  0% |
| ID | GPU | MEM |
------------------
|  0 | 38% |  3% |
|  1 |  0% |  0% |
| ID | GPU | MEM |
------------------
|  0 | 38% |  3% |
|  1 |  0% |  0% |
| ID | GPU | MEM |
------------------
|  0 | 37% |  3% |
|  1 |  0% |  0% |
| ID | GPU | MEM |
------------------
|  0 | 30% |  3% |
|  1 |  0% |  0% |
| ID | GPU | MEM |
------------------
|  0 | 30% |  3% |
|  1 |  0% |  0% |
| ID | GPU | MEM |
------------------
|  0 | 36% |  3% |
|  1 |  0% |  0% |
| ID | GPU | MEM |
------------------
|  0 | 36% |  3% |
|  1 |  0% |  0% |
| ID | GPU | MEM |
------------------
|  0 | 40% |  3% |
|  1 |  0% |  0% |
| ID | GPU | MEM |
------------------
|  0 | 38% |  3% |
|  1 |  0% |  0% |
| ID | GPU | MEM |
------------------
|  0 | 38% |  3% |
|  1 |  0% |  0% |
| ID | GPU | MEM |
------------------
|  0 | 41% |  3% |
|  1 |  0% |  0% |
| ID | GPU | MEM |
------------------
|  0 | 30% |  3% |
|  1 |  0% |  0% |
| ID | GPU | MEM |
------------------
|  0 | 30% |  3% |
|  1 |  0% |  0% |
| ID | GPU | MEM |
------------------
|  0 | 47% |  3% |
|  1 |  0% |  0% |
| ID | GPU | MEM |
------------------
|  0 | 47% |  3% |
|  1 |  0% |  0% |
| ID | GPU | MEM |
------------------
|  0 | 39% |  3% |
|  1 |  0% |  0% |
| ID | GPU | MEM |
------------------
|  0 | 33% |  3% |
|  1 |  0% |  0% |
| ID | GPU | MEM |
------------------
|  0 | 33% |  3% |
|  1 |  0% |  0% |
| ID | GPU | MEM |
------------------
|  0 | 27% |  3% |
|  1 |  0% |  0% |
| ID | GPU | MEM |
------------------
|  0 | 27% |  3% |
|  1 |  0% |  0% |
| ID | GPU | MEM |
------------------
|  0 | 48% |  3% |
|  1 |  0% |  0% |
| ID | GPU | MEM |
------------------
|  0 | 30% |  3% |
|  1 |  0% |  0% |
| ID | GPU | MEM |
------------------
|  0 | 30% |  3% |
|  1 |  0% |  0% |
| ID | GPU | MEM |
------------------
|  0 | 45% |  3% |
|  1 |  0% |  0% |
Finished training it 100/170 of epoch 3 and time taken 0.022385038614273073, 23.46 ms/it, loss 0.555642, accuracy 71.525 %
| ID | GPU | MEM |
------------------
|  0 | 45% |  3% |
|  1 |  0% |  0% |
| ID | GPU | MEM |
------------------
|  0 | 32% |  3% |
|  1 |  0% |  0% |
| ID | GPU | MEM |
------------------
|  0 | 50% |  3% |
|  1 |  0% |  0% |
| ID | GPU | MEM |
------------------
|  0 | 50% |  3% |
|  1 |  0% |  0% |
| ID | GPU | MEM |
------------------
|  0 | 35% |  3% |
|  1 |  0% |  0% |
| ID | GPU | MEM |
------------------
|  0 | 35% |  3% |
|  1 |  0% |  0% |
| ID | GPU | MEM |
------------------
|  0 | 25% |  3% |
|  1 |  0% |  0% |
| ID | GPU | MEM |
------------------
|  0 | 44% |  3% |
|  1 |  0% |  0% |
| ID | GPU | MEM |
------------------
|  0 | 44% |  3% |
|  1 |  0% |  0% |
| ID | GPU | MEM |
------------------
|  0 | 40% |  3% |
|  1 |  0% |  0% |
| ID | GPU | MEM |
------------------
|  0 | 40% |  3% |
|  1 |  0% |  0% |
| ID | GPU | MEM |
------------------
|  0 | 41% |  3% |
|  1 |  0% |  0% |
| ID | GPU | MEM |
------------------
|  0 | 38% |  3% |
|  1 |  0% |  0% |
| ID | GPU | MEM |
------------------
|  0 | 38% |  3% |
|  1 |  0% |  0% |
| ID | GPU | MEM |
------------------
|  0 | 49% |  3% |
|  1 |  0% |  0% |
| ID | GPU | MEM |
------------------
|  0 | 33% |  3% |
|  1 |  0% |  0% |
| ID | GPU | MEM |
------------------
|  0 | 33% |  3% |
|  1 |  0% |  0% |
| ID | GPU | MEM |
------------------
|  0 | 46% |  3% |
|  1 |  0% |  0% |
| ID | GPU | MEM |
------------------
|  0 | 36% |  3% |
|  1 |  0% |  0% |
| ID | GPU | MEM |
------------------
|  0 | 36% |  3% |
|  1 |  0% |  0% |
| ID | GPU | MEM |
------------------
|  0 | 39% |  3% |
|  1 |  0% |  0% |
| ID | GPU | MEM |
------------------
|  0 | 39% |  3% |
|  1 |  0% |  0% |
| ID | GPU | MEM |
------------------
|  0 | 46% |  3% |
|  1 |  0% |  0% |
| ID | GPU | MEM |
------------------
|  0 | 46% |  3% |
|  1 |  0% |  0% |
Finished training it 170/170 of epoch 3 and time taken 0.02480875253677368, 24.60 ms/it, loss 0.557951, accuracy 72.112 %
Starting Test loop
| ID | GPU | MEM |
------------------
|  0 | 27% |  3% |
|  1 |  0% |  0% |
| ID | GPU | MEM |
------------------
|  0 | 27% |  3% |
|  1 |  0% |  0% |
Test loop ended
Testing at - 170/170 of epoch 3, loss 0.518437, accuracy 73.457 %, best 73.457 %
Finished epoch 3
| ID | GPU | MEM |
------------------
|  0 | 10% |  3% |
|  1 |  0% |  0% |
| ID | GPU | MEM |
------------------
|  0 | 28% |  3% |
|  1 |  0% |  0% |
| ID | GPU | MEM |
------------------
|  0 | 28% |  3% |
|  1 |  0% |  0% |
| ID | GPU | MEM |
------------------
|  0 | 47% |  3% |
|  1 |  0% |  0% |
| ID | GPU | MEM |
------------------
|  0 | 47% |  3% |
|  1 |  0% |  0% |
| ID | GPU | MEM |
------------------
|  0 | 26% |  3% |
|  1 |  0% |  0% |
| ID | GPU | MEM |
------------------
|  0 | 26% |  3% |
|  1 |  0% |  0% |
| ID | GPU | MEM |
------------------
|  0 | 43% |  3% |
|  1 |  0% |  0% |
| ID | GPU | MEM |
------------------
|  0 | 41% |  3% |
|  1 |  0% |  0% |
| ID | GPU | MEM |
------------------
|  0 | 41% |  3% |
|  1 |  0% |  0% |
| ID | GPU | MEM |
------------------
|  0 | 27% |  3% |
|  1 |  0% |  0% |
| ID | GPU | MEM |
------------------
|  0 | 27% |  3% |
|  1 |  0% |  0% |
| ID | GPU | MEM |
------------------
|  0 | 31% |  3% |
|  1 |  0% |  0% |
| ID | GPU | MEM |
------------------
|  0 | 31% |  3% |
|  1 |  0% |  0% |
| ID | GPU | MEM |
------------------
|  0 | 40% |  3% |
|  1 |  0% |  0% |
| ID | GPU | MEM |
------------------
|  0 | 40% |  3% |
|  1 |  0% |  0% |
| ID | GPU | MEM |
------------------
|  0 | 35% |  3% |
|  1 |  0% |  0% |
| ID | GPU | MEM |
------------------
|  0 | 39% |  3% |
|  1 |  0% |  0% |
| ID | GPU | MEM |
------------------
|  0 | 39% |  3% |
|  1 |  0% |  0% |
| ID | GPU | MEM |
------------------
|  0 | 48% |  3% |
|  1 |  0% |  0% |
| ID | GPU | MEM |
------------------
|  0 | 30% |  3% |
|  1 |  0% |  0% |
| ID | GPU | MEM |
------------------
|  0 | 30% |  3% |
|  1 |  0% |  0% |
| ID | GPU | MEM |
------------------
|  0 | 42% |  3% |
|  1 |  0% |  0% |
| ID | GPU | MEM |
------------------
|  0 | 42% |  3% |
|  1 |  0% |  0% |
| ID | GPU | MEM |
------------------
|  0 | 35% |  3% |
|  1 |  0% |  0% |
| ID | GPU | MEM |
------------------
|  0 | 38% |  3% |
|  1 |  0% |  0% |
| ID | GPU | MEM |
------------------
|  0 | 38% |  3% |
|  1 |  0% |  0% |
| ID | GPU | MEM |
------------------
|  0 | 46% |  3% |
|  1 |  0% |  0% |
| ID | GPU | MEM |
------------------
|  0 | 31% |  3% |
|  1 |  0% |  0% |
| ID | GPU | MEM |
------------------
|  0 | 31% |  3% |
|  1 |  0% |  0% |
| ID | GPU | MEM |
------------------
|  0 | 42% |  3% |
|  1 |  0% |  0% |
| ID | GPU | MEM |
------------------
|  0 | 42% |  3% |
|  1 |  0% |  0% |
| ID | GPU | MEM |
------------------
|  0 | 34% |  3% |
|  1 |  0% |  0% |
Finished training it 100/170 of epoch 4 and time taken 0.028416399002075196, 21.82 ms/it, loss 0.525256, accuracy 73.756 %
| ID | GPU | MEM |
------------------
|  0 | 44% |  3% |
|  1 |  0% |  0% |
| ID | GPU | MEM |
------------------
|  0 | 44% |  3% |
|  1 |  0% |  0% |
| ID | GPU | MEM |
------------------
|  0 | 47% |  3% |
|  1 |  0% |  0% |
| ID | GPU | MEM |
------------------
|  0 | 32% |  3% |
|  1 |  0% |  0% |
| ID | GPU | MEM |
------------------
|  0 | 32% |  3% |
|  1 |  0% |  0% |
| ID | GPU | MEM |
------------------
|  0 | 42% |  3% |
|  1 |  0% |  0% |
| ID | GPU | MEM |
------------------
|  0 | 42% |  3% |
|  1 |  0% |  0% |
| ID | GPU | MEM |
------------------
|  0 | 36% |  3% |
|  1 |  0% |  0% |
| ID | GPU | MEM |
------------------
|  0 | 43% |  3% |
|  1 |  0% |  0% |
| ID | GPU | MEM |
------------------
|  0 | 43% |  3% |
|  1 |  0% |  0% |
| ID | GPU | MEM |
------------------
|  0 | 45% |  3% |
|  1 |  0% |  0% |
| ID | GPU | MEM |
------------------
|  0 | 34% |  3% |
|  1 |  0% |  0% |
| ID | GPU | MEM |
------------------
|  0 | 34% |  3% |
|  1 |  0% |  0% |
| ID | GPU | MEM |
------------------
|  0 | 42% |  3% |
|  1 |  0% |  0% |
| ID | GPU | MEM |
------------------
|  0 | 42% |  3% |
|  1 |  0% |  0% |
| ID | GPU | MEM |
------------------
|  0 | 45% |  3% |
|  1 |  0% |  0% |
| ID | GPU | MEM |
------------------
|  0 | 30% |  3% |
|  1 |  0% |  0% |
| ID | GPU | MEM |
------------------
|  0 | 30% |  3% |
|  1 |  0% |  0% |
| ID | GPU | MEM |
------------------
|  0 | 46% |  3% |
|  1 |  0% |  0% |
| ID | GPU | MEM |
------------------
|  0 | 36% |  3% |
|  1 |  0% |  0% |
| ID | GPU | MEM |
------------------
|  0 | 36% |  3% |
|  1 |  0% |  0% |
| ID | GPU | MEM |
------------------
|  0 | 41% |  3% |
|  1 |  0% |  0% |
| ID | GPU | MEM |
------------------
|  0 | 41% |  3% |
|  1 |  0% |  0% |
Finished training it 170/170 of epoch 4 and time taken 0.030925208806991577, 26.72 ms/it, loss 0.529458, accuracy 73.818 %
Starting Test loop
| ID | GPU | MEM |
------------------
|  0 | 47% |  3% |
|  1 |  0% |  0% |
| ID | GPU | MEM |
------------------
|  0 | 27% |  3% |
|  1 |  0% |  0% |
| ID | GPU | MEM |
------------------
|  0 | 27% |  3% |
|  1 |  0% |  0% |
Test loop ended
Testing at - 170/170 of epoch 4, loss 0.482384, accuracy 76.992 %, best 76.992 %
Finished epoch 4
| ID | GPU | MEM |
------------------
|  0 | 13% |  3% |
|  1 |  0% |  0% |
| ID | GPU | MEM |
------------------
|  0 | 13% |  3% |
|  1 |  0% |  0% |
| ID | GPU | MEM |
------------------
|  0 | 44% |  3% |
|  1 |  0% |  0% |
| ID | GPU | MEM |
------------------
|  0 | 44% |  3% |
|  1 |  0% |  0% |
| ID | GPU | MEM |
------------------
|  0 | 45% |  3% |
|  1 |  0% |  0% |
| ID | GPU | MEM |
------------------
|  0 | 45% |  3% |
|  1 |  0% |  0% |
| ID | GPU | MEM |
------------------
|  0 | 33% |  3% |
|  1 |  0% |  0% |
| ID | GPU | MEM |
------------------
|  0 | 38% |  3% |
|  1 |  0% |  0% |
| ID | GPU | MEM |
------------------
|  0 | 38% |  3% |
|  1 |  0% |  0% |
| ID | GPU | MEM |
------------------
|  0 | 45% |  3% |
|  1 |  0% |  0% |
| ID | GPU | MEM |
------------------
|  0 | 32% |  3% |
|  1 |  0% |  0% |
| ID | GPU | MEM |
------------------
|  0 | 32% |  3% |
|  1 |  0% |  0% |
| ID | GPU | MEM |
------------------
|  0 | 46% |  3% |
|  1 |  0% |  0% |
| ID | GPU | MEM |
------------------
|  0 | 46% |  3% |
|  1 |  0% |  0% |
| ID | GPU | MEM |
------------------
|  0 | 34% |  3% |
|  1 |  0% |  0% |
| ID | GPU | MEM |
------------------
|  0 | 40% |  3% |
|  1 |  0% |  0% |
| ID | GPU | MEM |
------------------
|  0 | 40% |  3% |
|  1 |  0% |  0% |
| ID | GPU | MEM |
------------------
|  0 | 44% |  3% |
|  1 |  0% |  0% |
| ID | GPU | MEM |
------------------
|  0 | 33% |  3% |
|  1 |  0% |  0% |
| ID | GPU | MEM |
------------------
|  0 | 33% |  3% |
|  1 |  0% |  0% |
| ID | GPU | MEM |
------------------
|  0 | 43% |  3% |
|  1 |  0% |  0% |
| ID | GPU | MEM |
------------------
|  0 | 43% |  3% |
|  1 |  0% |  0% |
| ID | GPU | MEM |
------------------
|  0 | 33% |  3% |
|  1 |  0% |  0% |
| ID | GPU | MEM |
------------------
|  0 | 41% |  3% |
|  1 |  0% |  0% |
| ID | GPU | MEM |
------------------
|  0 | 41% |  3% |
|  1 |  0% |  0% |
| ID | GPU | MEM |
------------------
|  0 | 44% |  3% |
|  1 |  0% |  0% |
| ID | GPU | MEM |
------------------
|  0 | 44% |  3% |
|  1 |  0% |  0% |
| ID | GPU | MEM |
------------------
|  0 | 35% |  3% |
|  1 |  0% |  0% |
| ID | GPU | MEM |
------------------
|  0 | 43% |  3% |
|  1 |  0% |  0% |
| ID | GPU | MEM |
------------------
|  0 | 43% |  3% |
|  1 |  0% |  0% |
| ID | GPU | MEM |
------------------
|  0 | 42% |  3% |
|  1 |  0% |  0% |
| ID | GPU | MEM |
------------------
|  0 | 36% |  3% |
|  1 |  0% |  0% |
| ID | GPU | MEM |
------------------
|  0 | 36% |  3% |
|  1 |  0% |  0% |
Finished training it 100/170 of epoch 5 and time taken 0.03466244745254517, 21.67 ms/it, loss 0.505388, accuracy 75.453 %
| ID | GPU | MEM |
------------------
|  0 | 47% |  3% |
|  1 |  0% |  0% |
| ID | GPU | MEM |
------------------
|  0 | 32% |  3% |
|  1 |  0% |  0% |
| ID | GPU | MEM |
------------------
|  0 | 32% |  3% |
|  1 |  0% |  0% |
| ID | GPU | MEM |
------------------
|  0 | 42% |  3% |
|  1 |  0% |  0% |
| ID | GPU | MEM |
------------------
|  0 | 42% |  3% |
|  1 |  0% |  0% |
| ID | GPU | MEM |
------------------
|  0 | 41% |  3% |
|  1 |  0% |  0% |
| ID | GPU | MEM |
------------------
|  0 | 36% |  3% |
|  1 |  0% |  0% |
| ID | GPU | MEM |
------------------
|  0 | 36% |  3% |
|  1 |  0% |  0% |
| ID | GPU | MEM |
------------------
|  0 | 47% |  3% |
|  1 |  0% |  0% |
| ID | GPU | MEM |
------------------
|  0 | 32% |  3% |
|  1 |  0% |  0% |
| ID | GPU | MEM |
------------------
|  0 | 32% |  3% |
|  1 |  0% |  0% |
| ID | GPU | MEM |
------------------
|  0 | 48% |  3% |
|  1 |  0% |  0% |
| ID | GPU | MEM |
------------------
|  0 | 48% |  3% |
|  1 |  0% |  0% |
| ID | GPU | MEM |
------------------
|  0 | 40% |  3% |
|  1 |  0% |  0% |
| ID | GPU | MEM |
------------------
|  0 | 33% |  3% |
|  1 |  0% |  0% |
| ID | GPU | MEM |
------------------
|  0 | 33% |  3% |
|  1 |  0% |  0% |
| ID | GPU | MEM |
------------------
|  0 | 46% |  3% |
|  1 |  0% |  0% |
| ID | GPU | MEM |
------------------
|  0 | 31% |  3% |
|  1 |  0% |  0% |
| ID | GPU | MEM |
------------------
|  0 | 31% |  3% |
|  1 |  0% |  0% |
| ID | GPU | MEM |
------------------
|  0 | 41% |  3% |
|  1 |  0% |  0% |
| ID | GPU | MEM |
------------------
|  0 | 41% |  3% |
|  1 |  0% |  0% |
| ID | GPU | MEM |
------------------
|  0 | 44% |  3% |
|  1 |  0% |  0% |
| ID | GPU | MEM |
------------------
|  0 | 30% |  3% |
|  1 |  0% |  0% |
Finished training it 170/170 of epoch 5 and time taken 0.03716338086128235, 25.60 ms/it, loss 0.506010, accuracy 75.920 %
Starting Test loop
| ID | GPU | MEM |
------------------
|  0 | 30% |  3% |
|  1 |  0% |  0% |
| ID | GPU | MEM |
------------------
|  0 | 39% |  3% |
|  1 |  0% |  0% |
| ID | GPU | MEM |
------------------
|  0 | 39% |  3% |
|  1 |  0% |  0% |
Test loop ended
Testing at - 170/170 of epoch 5, loss 0.494701, accuracy 75.701 %, best 76.992 %
Finished epoch 5
| ID | GPU | MEM |
------------------
|  0 |  6% |  3% |
|  1 |  0% |  0% |
| ID | GPU | MEM |
------------------
|  0 |  6% |  3% |
|  1 |  0% |  0% |
| ID | GPU | MEM |
------------------
|  0 | 44% |  3% |
|  1 |  0% |  0% |
| ID | GPU | MEM |
------------------
|  0 | 34% |  3% |
|  1 |  0% |  0% |
| ID | GPU | MEM |
------------------
|  0 | 34% |  3% |
|  1 |  0% |  0% |
| ID | GPU | MEM |
------------------
|  0 | 46% |  3% |
|  1 |  0% |  0% |
| ID | GPU | MEM |
------------------
|  0 | 31% |  3% |
|  1 |  0% |  0% |
| ID | GPU | MEM |
------------------
|  0 | 31% |  3% |
|  1 |  0% |  0% |
| ID | GPU | MEM |
------------------
|  0 | 33% |  3% |
|  1 |  0% |  0% |
| ID | GPU | MEM |
------------------
|  0 | 33% |  3% |
|  1 |  0% |  0% |
| ID | GPU | MEM |
------------------
|  0 | 42% |  3% |
|  1 |  0% |  0% |
| ID | GPU | MEM |
------------------
|  0 | 35% |  3% |
|  1 |  0% |  0% |
| ID | GPU | MEM |
------------------
|  0 | 35% |  3% |
|  1 |  0% |  0% |
| ID | GPU | MEM |
------------------
|  0 | 49% |  3% |
|  1 |  0% |  0% |
| ID | GPU | MEM |
------------------
|  0 | 31% |  3% |
|  1 |  0% |  0% |
| ID | GPU | MEM |
------------------
|  0 | 31% |  3% |
|  1 |  0% |  0% |
| ID | GPU | MEM |
------------------
|  0 | 47% |  3% |
|  1 |  0% |  0% |
| ID | GPU | MEM |
------------------
|  0 | 47% |  3% |
|  1 |  0% |  0% |
| ID | GPU | MEM |
------------------
|  0 | 40% |  3% |
|  1 |  0% |  0% |
| ID | GPU | MEM |
------------------
|  0 | 32% |  3% |
|  1 |  0% |  0% |
| ID | GPU | MEM |
------------------
|  0 | 32% |  3% |
|  1 |  0% |  0% |
| ID | GPU | MEM |
------------------
|  0 | 46% |  3% |
|  1 |  0% |  0% |
| ID | GPU | MEM |
------------------
|  0 | 46% |  3% |
|  1 |  0% |  0% |
| ID | GPU | MEM |
------------------
|  0 | 36% |  3% |
|  1 |  0% |  0% |
| ID | GPU | MEM |
------------------
|  0 | 38% |  3% |
|  1 |  0% |  0% |
| ID | GPU | MEM |
------------------
|  0 | 38% |  3% |
|  1 |  0% |  0% |
| ID | GPU | MEM |
------------------
|  0 | 46% |  3% |
|  1 |  0% |  0% |
| ID | GPU | MEM |
------------------
|  0 | 35% |  3% |
|  1 |  0% |  0% |
| ID | GPU | MEM |
------------------
|  0 | 35% |  3% |
|  1 |  0% |  0% |
| ID | GPU | MEM |
------------------
|  0 | 30% |  3% |
|  1 |  0% |  0% |
| ID | GPU | MEM |
------------------
|  0 | 30% |  3% |
|  1 |  0% |  0% |
| ID | GPU | MEM |
------------------
|  0 | 35% |  3% |
|  1 |  0% |  0% |
Finished training it 100/170 of epoch 6 and time taken 0.04081282329559326, 26.45 ms/it, loss 0.527180, accuracy 73.787 %
| ID | GPU | MEM |
------------------
|  0 | 35% |  3% |
|  1 |  0% |  0% |
| ID | GPU | MEM |
------------------
|  0 | 47% |  3% |
|  1 |  0% |  0% |
| ID | GPU | MEM |
------------------
|  0 | 25% |  3% |
|  1 |  0% |  0% |
| ID | GPU | MEM |
------------------
|  0 | 25% |  3% |
|  1 |  0% |  0% |
| ID | GPU | MEM |
------------------
|  0 | 43% |  3% |
|  1 |  0% |  0% |
| ID | GPU | MEM |
------------------
|  0 | 43% |  3% |
|  1 |  0% |  0% |
| ID | GPU | MEM |
------------------
|  0 | 34% |  3% |
|  1 |  0% |  0% |
| ID | GPU | MEM |
------------------
|  0 | 39% |  3% |
|  1 |  0% |  0% |
| ID | GPU | MEM |
------------------
|  0 | 39% |  3% |
|  1 |  0% |  0% |
| ID | GPU | MEM |
------------------
|  0 | 44% |  3% |
|  1 |  0% |  0% |
| ID | GPU | MEM |
------------------
|  0 | 34% |  3% |
|  1 |  0% |  0% |
| ID | GPU | MEM |
------------------
|  0 | 34% |  3% |
|  1 |  0% |  0% |
| ID | GPU | MEM |
------------------
|  0 | 44% |  3% |
|  1 |  0% |  0% |
| ID | GPU | MEM |
------------------
|  0 | 31% |  3% |
|  1 |  0% |  0% |
| ID | GPU | MEM |
------------------
|  0 | 31% |  3% |
|  1 |  0% |  0% |
| ID | GPU | MEM |
------------------
|  0 | 44% |  3% |
|  1 |  0% |  0% |
| ID | GPU | MEM |
------------------
|  0 | 44% |  3% |
|  1 |  0% |  0% |
| ID | GPU | MEM |
------------------
|  0 | 33% |  3% |
|  1 |  0% |  0% |
| ID | GPU | MEM |
------------------
|  0 | 41% |  3% |
|  1 |  0% |  0% |
| ID | GPU | MEM |
------------------
|  0 | 41% |  3% |
|  1 |  0% |  0% |
| ID | GPU | MEM |
------------------
|  0 | 42% |  3% |
|  1 |  0% |  0% |
| ID | GPU | MEM |
------------------
|  0 | 34% |  3% |
|  1 |  0% |  0% |
| ID | GPU | MEM |
------------------
|  0 | 34% |  3% |
|  1 |  0% |  0% |
| ID | GPU | MEM |
------------------
|  0 | 48% |  3% |
|  1 |  0% |  0% |
Finished training it 170/170 of epoch 6 and time taken 0.04332353186607361, 22.58 ms/it, loss 0.516806, accuracy 74.297 %
Starting Test loop
| ID | GPU | MEM |
------------------
|  0 | 48% |  3% |
|  1 |  0% |  0% |
| ID | GPU | MEM |
------------------
|  0 | 24% |  3% |
|  1 |  0% |  0% |
Test loop ended
Testing at - 170/170 of epoch 6, loss 0.487878, accuracy 75.135 %, best 76.992 %
Finished epoch 6
| ID | GPU | MEM |
------------------
|  0 | 24% |  3% |
|  1 |  0% |  0% |
| ID | GPU | MEM |
------------------
|  0 |  7% |  3% |
|  1 |  0% |  0% |
| ID | GPU | MEM |
------------------
|  0 | 44% |  3% |
|  1 |  0% |  0% |
| ID | GPU | MEM |
------------------
|  0 | 44% |  3% |
|  1 |  0% |  0% |
| ID | GPU | MEM |
------------------
|  0 | 38% |  3% |
|  1 |  0% |  0% |
| ID | GPU | MEM |
------------------
|  0 | 42% |  3% |
|  1 |  0% |  0% |
| ID | GPU | MEM |
------------------
|  0 | 42% |  3% |
|  1 |  0% |  0% |
| ID | GPU | MEM |
------------------
|  0 | 25% |  3% |
|  1 |  0% |  0% |
| ID | GPU | MEM |
------------------
|  0 | 25% |  3% |
|  1 |  0% |  0% |
| ID | GPU | MEM |
------------------
|  0 | 47% |  3% |
|  1 |  0% |  0% |
| ID | GPU | MEM |
------------------
|  0 | 47% |  3% |
|  1 |  0% |  0% |
| ID | GPU | MEM |
------------------
|  0 | 32% |  3% |
|  1 |  0% |  0% |
| ID | GPU | MEM |
------------------
|  0 | 40% |  3% |
|  1 |  0% |  0% |
| ID | GPU | MEM |
------------------
|  0 | 40% |  3% |
|  1 |  0% |  0% |
| ID | GPU | MEM |
------------------
|  0 | 44% |  3% |
|  1 |  0% |  0% |
| ID | GPU | MEM |
------------------
|  0 | 34% |  3% |
|  1 |  0% |  0% |
| ID | GPU | MEM |
------------------
|  0 | 34% |  3% |
|  1 |  0% |  0% |
| ID | GPU | MEM |
------------------
|  0 | 44% |  3% |
|  1 |  0% |  0% |
| ID | GPU | MEM |
------------------
|  0 | 31% |  3% |
|  1 |  0% |  0% |
| ID | GPU | MEM |
------------------
|  0 | 31% |  3% |
|  1 |  0% |  0% |
| ID | GPU | MEM |
------------------
|  0 | 42% |  3% |
|  1 |  0% |  0% |
| ID | GPU | MEM |
------------------
|  0 | 42% |  3% |
|  1 |  0% |  0% |
| ID | GPU | MEM |
------------------
|  0 | 35% |  3% |
|  1 |  0% |  0% |
| ID | GPU | MEM |
------------------
|  0 | 37% |  3% |
|  1 |  0% |  0% |
| ID | GPU | MEM |
------------------
|  0 | 37% |  3% |
|  1 |  0% |  0% |
| ID | GPU | MEM |
------------------
|  0 | 47% |  3% |
|  1 |  0% |  0% |
| ID | GPU | MEM |
------------------
|  0 | 32% |  3% |
|  1 |  0% |  0% |
| ID | GPU | MEM |
------------------
|  0 | 32% |  3% |
|  1 |  0% |  0% |
| ID | GPU | MEM |
------------------
|  0 | 44% |  3% |
|  1 |  0% |  0% |
| ID | GPU | MEM |
------------------
|  0 | 44% |  3% |
|  1 |  0% |  0% |
| ID | GPU | MEM |
------------------
|  0 | 34% |  3% |
|  1 |  0% |  0% |
| ID | GPU | MEM |
------------------
|  0 | 43% |  3% |
|  1 |  0% |  0% |
| ID | GPU | MEM |
------------------
|  0 | 43% |  3% |
|  1 |  0% |  0% |
Finished training it 100/170 of epoch 7 and time taken 0.04709105706214905, 22.86 ms/it, loss 0.483109, accuracy 76.133 %
| ID | GPU | MEM |
------------------
|  0 | 41% |  3% |
|  1 |  0% |  0% |
| ID | GPU | MEM |
------------------
|  0 | 37% |  3% |
|  1 |  0% |  0% |
| ID | GPU | MEM |
------------------
|  0 | 37% |  3% |
|  1 |  0% |  0% |
| ID | GPU | MEM |
------------------
|  0 | 46% |  3% |
|  1 |  0% |  0% |
| ID | GPU | MEM |
------------------
|  0 | 46% |  3% |
|  1 |  0% |  0% |
| ID | GPU | MEM |
------------------
|  0 | 34% |  3% |
|  1 |  0% |  0% |
| ID | GPU | MEM |
------------------
|  0 | 40% |  3% |
|  1 |  0% |  0% |
| ID | GPU | MEM |
------------------
|  0 | 40% |  3% |
|  1 |  0% |  0% |
| ID | GPU | MEM |
------------------
|  0 | 45% |  3% |
|  1 |  0% |  0% |
| ID | GPU | MEM |
------------------
|  0 | 32% |  3% |
|  1 |  0% |  0% |
| ID | GPU | MEM |
------------------
|  0 | 32% |  3% |
|  1 |  0% |  0% |
| ID | GPU | MEM |
------------------
|  0 | 43% |  3% |
|  1 |  0% |  0% |
| ID | GPU | MEM |
------------------
|  0 | 43% |  3% |
|  1 |  0% |  0% |
| ID | GPU | MEM |
------------------
|  0 | 35% |  3% |
|  1 |  0% |  0% |
| ID | GPU | MEM |
------------------
|  0 | 41% |  3% |
|  1 |  0% |  0% |
| ID | GPU | MEM |
------------------
|  0 | 41% |  3% |
|  1 |  0% |  0% |
| ID | GPU | MEM |
------------------
|  0 | 38% |  3% |
|  1 |  0% |  0% |
| ID | GPU | MEM |
------------------
|  0 | 38% |  3% |
|  1 |  0% |  0% |
| ID | GPU | MEM |
------------------
|  0 | 38% |  3% |
|  1 |  0% |  0% |
| ID | GPU | MEM |
------------------
|  0 | 45% |  3% |
|  1 |  0% |  0% |
| ID | GPU | MEM |
------------------
|  0 | 31% |  3% |
|  1 |  0% |  0% |
| ID | GPU | MEM |
------------------
|  0 | 31% |  3% |
|  1 |  0% |  0% |
| ID | GPU | MEM |
------------------
|  0 | 42% |  3% |
|  1 |  0% |  0% |
| ID | GPU | MEM |
------------------
|  0 | 42% |  3% |
|  1 |  0% |  0% |
Finished training it 170/170 of epoch 7 and time taken 0.04961149740219116, 21.98 ms/it, loss 0.512495, accuracy 73.725 %
Starting Test loop
| ID | GPU | MEM |
------------------
|  0 | 35% |  3% |
|  1 |  0% |  0% |
| ID | GPU | MEM |
------------------
|  0 | 18% |  3% |
|  1 |  0% |  0% |
Test loop ended
Testing at - 170/170 of epoch 7, loss 0.454210, accuracy 81.064 %, best 81.064 %
Finished epoch 7
| ID | GPU | MEM |
------------------
|  0 | 18% |  3% |
|  1 |  0% |  0% |
| ID | GPU | MEM |
------------------
|  0 | 25% |  3% |
|  1 |  0% |  0% |
| ID | GPU | MEM |
------------------
|  0 | 25% |  3% |
|  1 |  0% |  0% |
| ID | GPU | MEM |
------------------
|  0 | 40% |  3% |
|  1 |  0% |  0% |
| ID | GPU | MEM |
------------------
|  0 | 39% |  3% |
|  1 |  0% |  0% |
| ID | GPU | MEM |
------------------
|  0 | 39% |  3% |
|  1 |  0% |  0% |
| ID | GPU | MEM |
------------------
|  0 | 46% |  3% |
|  1 |  0% |  0% |
| ID | GPU | MEM |
------------------
|  0 | 34% |  3% |
|  1 |  0% |  0% |
| ID | GPU | MEM |
------------------
|  0 | 34% |  3% |
|  1 |  0% |  0% |
| ID | GPU | MEM |
------------------
|  0 | 47% |  3% |
|  1 |  0% |  0% |
| ID | GPU | MEM |
------------------
|  0 | 47% |  3% |
|  1 |  0% |  0% |
| ID | GPU | MEM |
------------------
|  0 | 32% |  3% |
|  1 |  0% |  0% |
| ID | GPU | MEM |
------------------
|  0 | 39% |  3% |
|  1 |  0% |  0% |
| ID | GPU | MEM |
------------------
|  0 | 39% |  3% |
|  1 |  0% |  0% |
| ID | GPU | MEM |
------------------
|  0 | 40% |  3% |
|  1 |  0% |  0% |
| ID | GPU | MEM |
------------------
|  0 | 39% |  3% |
|  1 |  0% |  0% |
| ID | GPU | MEM |
------------------
|  0 | 39% |  3% |
|  1 |  0% |  0% |
| ID | GPU | MEM |
------------------
|  0 | 43% |  3% |
|  1 |  0% |  0% |
| ID | GPU | MEM |
------------------
|  0 | 33% |  3% |
|  1 |  0% |  0% |
| ID | GPU | MEM |
------------------
|  0 | 33% |  3% |
|  1 |  0% |  0% |
| ID | GPU | MEM |
------------------
|  0 | 42% |  3% |
|  1 |  0% |  0% |
| ID | GPU | MEM |
------------------
|  0 | 32% |  3% |
|  1 |  0% |  0% |
| ID | GPU | MEM |
------------------
|  0 | 32% |  3% |
|  1 |  0% |  0% |
| ID | GPU | MEM |
------------------
|  0 | 31% |  3% |
|  1 |  0% |  0% |
| ID | GPU | MEM |
------------------
|  0 | 31% |  3% |
|  1 |  0% |  0% |
| ID | GPU | MEM |
------------------
|  0 | 24% |  3% |
|  1 |  0% |  0% |
| ID | GPU | MEM |
------------------
|  0 | 24% |  3% |
|  1 |  0% |  0% |
| ID | GPU | MEM |
------------------
|  0 | 45% |  3% |
|  1 |  0% |  0% |
| ID | GPU | MEM |
------------------
|  0 | 32% |  3% |
|  1 |  0% |  0% |
| ID | GPU | MEM |
------------------
|  0 | 32% |  3% |
|  1 |  0% |  0% |
| ID | GPU | MEM |
------------------
|  0 | 42% |  3% |
|  1 |  0% |  0% |
| ID | GPU | MEM |
------------------
|  0 | 42% |  3% |
|  1 |  0% |  0% |
| ID | GPU | MEM |
------------------
|  0 | 34% |  3% |
|  1 |  0% |  0% |
| ID | GPU | MEM |
------------------
|  0 | 40% |  3% |
|  1 |  0% |  0% |
Finished training it 100/170 of epoch 8 and time taken 0.0534421443939209, 22.53 ms/it, loss 0.489557, accuracy 75.953 %
| ID | GPU | MEM |
------------------
|  0 | 40% |  3% |
|  1 |  0% |  0% |
| ID | GPU | MEM |
------------------
|  0 | 48% |  3% |
|  1 |  0% |  0% |
| ID | GPU | MEM |
------------------
|  0 | 32% |  3% |
|  1 |  0% |  0% |
| ID | GPU | MEM |
------------------
|  0 | 32% |  3% |
|  1 |  0% |  0% |
| ID | GPU | MEM |
------------------
|  0 | 41% |  3% |
|  1 |  0% |  0% |
| ID | GPU | MEM |
------------------
|  0 | 41% |  3% |
|  1 |  0% |  0% |
| ID | GPU | MEM |
------------------
|  0 | 35% |  3% |
|  1 |  0% |  0% |
| ID | GPU | MEM |
------------------
|  0 | 43% |  3% |
|  1 |  0% |  0% |
| ID | GPU | MEM |
------------------
|  0 | 43% |  3% |
|  1 |  0% |  0% |
| ID | GPU | MEM |
------------------
|  0 | 35% |  3% |
|  1 |  0% |  0% |
| ID | GPU | MEM |
------------------
|  0 | 44% |  3% |
|  1 |  0% |  0% |
| ID | GPU | MEM |
------------------
|  0 | 44% |  3% |
|  1 |  0% |  0% |
| ID | GPU | MEM |
------------------
|  0 | 49% |  3% |
|  1 |  0% |  0% |
| ID | GPU | MEM |
------------------
|  0 | 33% |  3% |
|  1 |  0% |  0% |
| ID | GPU | MEM |
------------------
|  0 | 33% |  3% |
|  1 |  0% |  0% |
| ID | GPU | MEM |
------------------
|  0 | 45% |  3% |
|  1 |  0% |  0% |
| ID | GPU | MEM |
------------------
|  0 | 35% |  3% |
|  1 |  0% |  0% |
| ID | GPU | MEM |
------------------
|  0 | 35% |  3% |
|  1 |  0% |  0% |
| ID | GPU | MEM |
------------------
|  0 | 49% |  3% |
|  1 |  0% |  0% |
| ID | GPU | MEM |
------------------
|  0 | 31% |  3% |
|  1 |  0% |  0% |
| ID | GPU | MEM |
------------------
|  0 | 31% |  3% |
|  1 |  0% |  0% |
| ID | GPU | MEM |
------------------
|  0 | 44% |  3% |
|  1 |  0% |  0% |
| ID | GPU | MEM |
------------------
|  0 | 44% |  3% |
|  1 |  0% |  0% |
Finished training it 170/170 of epoch 8 and time taken 0.05603263974189758, 24.66 ms/it, loss 0.473338, accuracy 76.636 %
Starting Test loop
| ID | GPU | MEM |
------------------
|  0 | 34% |  3% |
|  1 |  0% |  0% |
| ID | GPU | MEM |
------------------
|  0 | 23% |  3% |
|  1 |  0% |  0% |
Test loop ended
Testing at - 170/170 of epoch 8, loss 0.378444, accuracy 83.779 %, best 83.779 %
Finished epoch 8
| ID | GPU | MEM |
------------------
|  0 | 23% |  3% |
|  1 |  0% |  0% |
| ID | GPU | MEM |
------------------
|  0 | 15% |  3% |
|  1 |  0% |  0% |
| ID | GPU | MEM |
------------------
|  0 | 15% |  3% |
|  1 |  0% |  0% |
| ID | GPU | MEM |
------------------
|  0 | 43% |  3% |
|  1 |  0% |  0% |
| ID | GPU | MEM |
------------------
|  0 | 43% |  3% |
|  1 |  0% |  0% |
| ID | GPU | MEM |
------------------
|  0 | 33% |  3% |
|  1 |  0% |  0% |
| ID | GPU | MEM |
------------------
|  0 | 43% |  3% |
|  1 |  0% |  0% |
| ID | GPU | MEM |
------------------
|  0 | 43% |  3% |
|  1 |  0% |  0% |
| ID | GPU | MEM |
------------------
|  0 | 38% |  3% |
|  1 |  0% |  0% |
| ID | GPU | MEM |
------------------
|  0 | 40% |  3% |
|  1 |  0% |  0% |
| ID | GPU | MEM |
------------------
|  0 | 40% |  3% |
|  1 |  0% |  0% |
| ID | GPU | MEM |
------------------
|  0 | 41% |  3% |
|  1 |  0% |  0% |
| ID | GPU | MEM |
------------------
|  0 | 41% |  3% |
|  1 |  0% |  0% |
| ID | GPU | MEM |
------------------
|  0 | 45% |  3% |
|  1 |  0% |  0% |
| ID | GPU | MEM |
------------------
|  0 | 35% |  3% |
|  1 |  0% |  0% |
| ID | GPU | MEM |
------------------
|  0 | 35% |  3% |
|  1 |  0% |  0% |
| ID | GPU | MEM |
------------------
|  0 | 24% |  3% |
|  1 |  0% |  0% |
| ID | GPU | MEM |
------------------
|  0 | 24% |  3% |
|  1 |  0% |  0% |
| ID | GPU | MEM |
------------------
|  0 | 25% |  3% |
|  1 |  0% |  0% |
| ID | GPU | MEM |
------------------
|  0 | 25% |  3% |
|  1 |  0% |  0% |
| ID | GPU | MEM |
------------------
|  0 | 24% |  3% |
|  1 |  0% |  0% |
| ID | GPU | MEM |
------------------
|  0 | 24% |  3% |
|  1 |  0% |  0% |
| ID | GPU | MEM |
------------------
|  0 | 25% |  3% |
|  1 |  0% |  0% |
| ID | GPU | MEM |
------------------
|  0 | 25% |  3% |
|  1 |  0% |  0% |
| ID | GPU | MEM |
------------------
|  0 | 25% |  3% |
|  1 |  0% |  0% |
| ID | GPU | MEM |
------------------
|  0 | 25% |  3% |
|  1 |  0% |  0% |
| ID | GPU | MEM |
------------------
|  0 | 45% |  3% |
|  1 |  0% |  0% |
| ID | GPU | MEM |
------------------
|  0 | 45% |  3% |
|  1 |  0% |  0% |
| ID | GPU | MEM |
------------------
|  0 | 35% |  3% |
|  1 |  0% |  0% |
| ID | GPU | MEM |
------------------
|  0 | 43% |  3% |
|  1 |  0% |  0% |
| ID | GPU | MEM |
------------------
|  0 | 43% |  3% |
|  1 |  0% |  0% |
| ID | GPU | MEM |
------------------
|  0 | 43% |  3% |
|  1 |  0% |  0% |
| ID | GPU | MEM |
------------------
|  0 | 35% |  3% |
|  1 |  0% |  0% |
| ID | GPU | MEM |
------------------
|  0 | 35% |  3% |
|  1 |  0% |  0% |
| ID | GPU | MEM |
------------------
|  0 | 44% |  3% |
|  1 |  0% |  0% |
Finished training it 100/170 of epoch 9 and time taken 0.05962838315963745, 22.50 ms/it, loss 0.488596, accuracy 76.621 %
| ID | GPU | MEM |
------------------
|  0 | 44% |  3% |
|  1 |  0% |  0% |
| ID | GPU | MEM |
------------------
|  0 | 49% |  3% |
|  1 |  0% |  0% |
| ID | GPU | MEM |
------------------
|  0 | 31% |  3% |
|  1 |  0% |  0% |
| ID | GPU | MEM |
------------------
|  0 | 31% |  3% |
|  1 |  0% |  0% |
| ID | GPU | MEM |
------------------
|  0 | 44% |  3% |
|  1 |  0% |  0% |
| ID | GPU | MEM |
------------------
|  0 | 44% |  3% |
|  1 |  0% |  0% |
| ID | GPU | MEM |
------------------
|  0 | 32% |  3% |
|  1 |  0% |  0% |
| ID | GPU | MEM |
------------------
|  0 | 43% |  3% |
|  1 |  0% |  0% |
| ID | GPU | MEM |
------------------
|  0 | 43% |  3% |
|  1 |  0% |  0% |
| ID | GPU | MEM |
------------------
|  0 | 45% |  3% |
|  1 |  0% |  0% |
| ID | GPU | MEM |
------------------
|  0 | 33% |  3% |
|  1 |  0% |  0% |
| ID | GPU | MEM |
------------------
|  0 | 33% |  3% |
|  1 |  0% |  0% |
| ID | GPU | MEM |
------------------
|  0 | 49% |  3% |
|  1 |  0% |  0% |
| ID | GPU | MEM |
------------------
|  0 | 35% |  3% |
|  1 |  0% |  0% |
| ID | GPU | MEM |
------------------
|  0 | 35% |  3% |
|  1 |  0% |  0% |
| ID | GPU | MEM |
------------------
|  0 | 48% |  3% |
|  1 |  0% |  0% |
| ID | GPU | MEM |
------------------
|  0 | 48% |  3% |
|  1 |  0% |  0% |
| ID | GPU | MEM |
------------------
|  0 | 46% |  3% |
|  1 |  0% |  0% |
| ID | GPU | MEM |
------------------
|  0 | 38% |  3% |
|  1 |  0% |  0% |
| ID | GPU | MEM |
------------------
|  0 | 38% |  3% |
|  1 |  0% |  0% |
| ID | GPU | MEM |
------------------
|  0 | 25% |  3% |
|  1 |  0% |  0% |
| ID | GPU | MEM |
------------------
|  0 | 25% |  3% |
|  1 |  0% |  0% |
| ID | GPU | MEM |
------------------
|  0 | 29% |  3% |
|  1 |  0% |  0% |
Finished training it 170/170 of epoch 9 and time taken 0.06199962830543518, 22.88 ms/it, loss 0.468410, accuracy 78.643 %
Starting Test loop
| ID | GPU | MEM |
------------------
|  0 | 29% |  3% |
|  1 |  0% |  0% |
| ID | GPU | MEM |
------------------
|  0 |  9% |  3% |
|  1 |  0% |  0% |
Test loop ended
Testing at - 170/170 of epoch 9, loss 0.556913, accuracy 67.882 %, best 83.779 %
Finished epoch 9
Finished the program
| ID | GPU | MEM |
------------------
|  0 |  9% |  3% |
|  1 |  0% |  0% |
