python3: no process found

clgpu001:34124:34259 [0] misc/ibvwrap.cc:63 NCCL WARN Failed to open libibverbs.so[.1]
NCCL version 2.4.8+cuda9.2
Using 2 GPU(s)...
Sparse features= 9, Dense features= 24
Sparse features= 9, Dense features= 24
time/loss/accuracy (if enabled):
| ID | GPU | MEM |
------------------
|  0 |  9% |  3% |
|  1 |  0% |  0% |
| ID | GPU | MEM |
------------------
|  0 |  0% |  3% |
|  1 |  0% |  1% |
| ID | GPU | MEM |
------------------
|  0 |  0% |  3% |
|  1 |  0% |  1% |
| ID | GPU | MEM |
------------------
|  0 |  0% |  3% |
|  1 |  5% |  1% |
| ID | GPU | MEM |
------------------
|  0 |  0% |  3% |
|  1 | 12% |  1% |
| ID | GPU | MEM |
------------------
|  0 |  0% |  3% |
|  1 | 12% |  1% |
| ID | GPU | MEM |
------------------
|  0 |  0% |  3% |
|  1 |  3% |  1% |
| ID | GPU | MEM |
------------------
|  0 |  0% |  3% |
|  1 |  3% |  1% |
| ID | GPU | MEM |
------------------
|  0 |  0% |  3% |
|  1 |  7% |  1% |
| ID | GPU | MEM |
------------------
|  0 |  0% |  3% |
|  1 |  7% |  1% |
| ID | GPU | MEM |
------------------
|  0 |  0% |  3% |
|  1 |  5% |  1% |
| ID | GPU | MEM |
------------------
|  0 |  0% |  3% |
|  1 |  4% |  1% |
| ID | GPU | MEM |
------------------
|  0 |  0% |  3% |
|  1 |  4% |  2% |
| ID | GPU | MEM |
------------------
|  0 |  0% |  3% |
|  1 |  5% |  2% |
| ID | GPU | MEM |
------------------
|  0 |  0% |  3% |
|  1 |  5% |  2% |
| ID | GPU | MEM |
------------------
|  0 |  0% |  3% |
|  1 |  9% |  2% |
| ID | GPU | MEM |
------------------
|  0 |  0% |  3% |
|  1 |  3% |  2% |
| ID | GPU | MEM |
------------------
|  0 |  0% |  3% |
|  1 |  4% |  2% |
| ID | GPU | MEM |
------------------
|  0 |  0% |  3% |
|  1 |  4% |  2% |
| ID | GPU | MEM |
------------------
|  0 |  0% |  3% |
|  1 |  3% |  2% |
| ID | GPU | MEM |
------------------
|  0 |  0% |  3% |
|  1 |  0% |  2% |
| ID | GPU | MEM |
------------------
|  0 |  0% |  3% |
|  1 |  8% |  2% |
| ID | GPU | MEM |
------------------
|  0 |  0% |  3% |
|  1 |  8% |  2% |
| ID | GPU | MEM |
------------------
|  0 |  0% |  3% |
|  1 |  1% |  2% |
| ID | GPU | MEM |
------------------
|  0 |  0% |  3% |
|  1 |  2% |  2% |
| ID | GPU | MEM |
------------------
|  0 |  0% |  3% |
|  1 |  2% |  2% |
| ID | GPU | MEM |
------------------
|  0 |  0% |  3% |
|  1 |  6% |  3% |
| ID | GPU | MEM |
------------------
|  0 |  0% |  3% |
|  1 |  5% |  3% |
| ID | GPU | MEM |
------------------
|  0 |  0% |  3% |
|  1 |  5% |  3% |
| ID | GPU | MEM |
------------------
|  0 |  1% |  3% |
|  1 |  3% |  3% |
| ID | GPU | MEM |
------------------
|  0 |  0% |  3% |
|  1 |  3% |  3% |
| ID | GPU | MEM |
------------------
|  0 | 13% |  3% |
|  1 |  1% |  3% |
| ID | GPU | MEM |
------------------
|  0 | 33% |  3% |
|  1 |  3% |  3% |
| ID | GPU | MEM |
------------------
|  0 | 33% |  3% |
|  1 |  3% |  3% |
| ID | GPU | MEM |
------------------
|  0 | 41% |  3% |
|  1 |  2% |  3% |
| ID | GPU | MEM |
------------------
|  0 | 43% |  3% |
|  1 |  3% |  3% |
| ID | GPU | MEM |
------------------
|  0 | 17% |  3% |
|  1 |  3% |  3% |
| ID | GPU | MEM |
------------------
|  0 | 27% |  3% |
|  1 |  3% |  3% |
| ID | GPU | MEM |
------------------
|  0 | 27% |  3% |
|  1 |  3% |  3% |
| ID | GPU | MEM |
------------------
|  0 | 52% |  3% |
|  1 |  2% |  3% |
| ID | GPU | MEM |
------------------
|  0 | 38% |  3% |
|  1 |  2% |  3% |
| ID | GPU | MEM |
------------------
|  0 | 18% |  3% |
|  1 |  3% |  3% |
| ID | GPU | MEM |
------------------
|  0 | 37% |  3% |
|  1 |  2% |  3% |
| ID | GPU | MEM |
------------------
|  0 | 44% |  3% |
|  1 |  3% |  3% |
| ID | GPU | MEM |
------------------
|  0 | 18% |  3% |
|  1 |  3% |  3% |
| ID | GPU | MEM |
------------------
|  0 | 41% |  3% |
|  1 |  3% |  3% |
| ID | GPU | MEM |
------------------
|  0 | 26% |  3% |
|  1 |  3% |  3% |
| ID | GPU | MEM |
------------------
|  0 | 58% |  3% |
|  1 |  3% |  3% |
| ID | GPU | MEM |
------------------
|  0 | 15% |  3% |
|  1 |  3% |  3% |
| ID | GPU | MEM |
------------------
|  0 | 39% |  3% |
|  1 |  3% |  3% |
| ID | GPU | MEM |
------------------
|  0 | 30% |  3% |
|  1 |  3% |  3% |
| ID | GPU | MEM |
------------------
|  0 | 37% |  3% |
|  1 |  3% |  3% |
| ID | GPU | MEM |
------------------
|  0 | 33% |  3% |
|  1 |  3% |  3% |
| ID | GPU | MEM |
------------------
|  0 | 31% |  3% |
|  1 |  3% |  3% |
| ID | GPU | MEM |
------------------
|  0 | 31% |  3% |
|  1 |  3% |  3% |
| ID | GPU | MEM |
------------------
|  0 | 41% |  3% |
|  1 |  2% |  3% |
| ID | GPU | MEM |
------------------
|  0 | 41% |  3% |
|  1 |  3% |  3% |
| ID | GPU | MEM |
------------------
|  0 | 30% |  3% |
|  1 |  3% |  3% |
| ID | GPU | MEM |
------------------
|  0 | 32% |  3% |
|  1 |  3% |  3% |
| ID | GPU | MEM |
------------------
|  0 | 36% |  3% |
|  1 |  3% |  3% |
| ID | GPU | MEM |
------------------
|  0 | 25% |  3% |
|  1 |  2% |  3% |
| ID | GPU | MEM |
------------------
|  0 | 41% |  3% |
|  1 |  3% |  3% |
| ID | GPU | MEM |
------------------
|  0 | 58% |  3% |
|  1 |  3% |  3% |
| ID | GPU | MEM |
------------------
|  0 | 26% |  3% |
|  1 |  3% |  3% |
| ID | GPU | MEM |
------------------
|  0 | 49% |  3% |
|  1 |  3% |  3% |
| ID | GPU | MEM |
------------------
|  0 | 34% |  3% |
|  1 |  3% |  3% |
Finished training it 100/170 of epoch 0 and time taken 0.009446167945861816, 74.65 ms/it, loss 0.657001, accuracy 61.254 %
| ID | GPU | MEM |
------------------
|  0 | 35% |  3% |
|  1 |  3% |  3% |
| ID | GPU | MEM |
------------------
|  0 | 33% |  3% |
|  1 |  3% |  3% |
| ID | GPU | MEM |
------------------
|  0 | 35% |  3% |
|  1 |  2% |  3% |
| ID | GPU | MEM |
------------------
|  0 | 34% |  3% |
|  1 |  3% |  3% |
| ID | GPU | MEM |
------------------
|  0 | 32% |  3% |
|  1 |  3% |  3% |
| ID | GPU | MEM |
------------------
|  0 | 33% |  3% |
|  1 |  2% |  3% |
| ID | GPU | MEM |
------------------
|  0 | 23% |  3% |
|  1 |  4% |  3% |
| ID | GPU | MEM |
------------------
|  0 | 45% |  3% |
|  1 |  4% |  3% |
| ID | GPU | MEM |
------------------
|  0 | 35% |  3% |
|  1 |  2% |  3% |
| ID | GPU | MEM |
------------------
|  0 | 37% |  3% |
|  1 |  3% |  3% |
| ID | GPU | MEM |
------------------
|  0 | 37% |  3% |
|  1 |  3% |  3% |
| ID | GPU | MEM |
------------------
|  0 | 34% |  3% |
|  1 |  3% |  3% |
| ID | GPU | MEM |
------------------
|  0 | 36% |  3% |
|  1 |  2% |  3% |
| ID | GPU | MEM |
------------------
|  0 | 31% |  3% |
|  1 |  3% |  3% |
| ID | GPU | MEM |
------------------
|  0 | 27% |  3% |
|  1 |  3% |  3% |
| ID | GPU | MEM |
------------------
|  0 | 47% |  3% |
|  1 |  4% |  3% |
| ID | GPU | MEM |
------------------
|  0 | 34% |  3% |
|  1 |  2% |  3% |
| ID | GPU | MEM |
------------------
|  0 | 34% |  3% |
|  1 |  3% |  3% |
| ID | GPU | MEM |
------------------
|  0 | 33% |  3% |
|  1 |  3% |  3% |
| ID | GPU | MEM |
------------------
|  0 | 35% |  3% |
|  1 |  3% |  3% |
| ID | GPU | MEM |
------------------
|  0 | 36% |  3% |
|  1 |  2% |  3% |
| ID | GPU | MEM |
------------------
|  0 | 27% |  3% |
|  1 |  3% |  3% |
| ID | GPU | MEM |
------------------
|  0 | 36% |  3% |
|  1 |  3% |  3% |
| ID | GPU | MEM |
------------------
|  0 | 49% |  3% |
|  1 |  3% |  3% |
Finished training it 170/170 of epoch 0 and time taken 0.013665297269821167, 38.98 ms/it, loss 0.633620, accuracy 63.924 %
Starting Test loop
| ID | GPU | MEM |
------------------
|  0 | 30% |  3% |
|  1 |  3% |  3% |
| ID | GPU | MEM |
------------------
|  0 |  6% |  3% |
|  1 |  2% |  3% |
| ID | GPU | MEM |
------------------
|  0 |  3% |  3% |
|  1 |  3% |  3% |
Test loop ended
Testing at - 170/170 of epoch 0, loss 0.740853, accuracy 52.678 %, best 52.678 %
Finished epoch 0
| ID | GPU | MEM |
------------------
|  0 | 23% |  3% |
|  1 |  2% |  3% |
| ID | GPU | MEM |
------------------
|  0 | 23% |  3% |
|  1 |  2% |  3% |
| ID | GPU | MEM |
------------------
|  0 | 28% |  3% |
|  1 |  3% |  3% |
| ID | GPU | MEM |
------------------
|  0 | 26% |  3% |
|  1 |  3% |  3% |
| ID | GPU | MEM |
------------------
|  0 | 52% |  3% |
|  1 |  2% |  3% |
| ID | GPU | MEM |
------------------
|  0 | 36% |  3% |
|  1 |  2% |  3% |
| ID | GPU | MEM |
------------------
|  0 | 19% |  3% |
|  1 |  4% |  3% |
| ID | GPU | MEM |
------------------
|  0 | 54% |  3% |
|  1 |  4% |  3% |
| ID | GPU | MEM |
------------------
|  0 | 34% |  3% |
|  1 |  3% |  3% |
| ID | GPU | MEM |
------------------
|  0 | 32% |  3% |
|  1 |  3% |  3% |
| ID | GPU | MEM |
------------------
|  0 | 35% |  3% |
|  1 |  2% |  3% |
| ID | GPU | MEM |
------------------
|  0 | 26% |  3% |
|  1 |  3% |  3% |
| ID | GPU | MEM |
------------------
|  0 | 34% |  3% |
|  1 |  3% |  3% |
| ID | GPU | MEM |
------------------
|  0 | 37% |  3% |
|  1 |  3% |  3% |
| ID | GPU | MEM |
------------------
|  0 | 33% |  3% |
|  1 |  3% |  3% |
| ID | GPU | MEM |
------------------
|  0 | 32% |  3% |
|  1 |  2% |  3% |
| ID | GPU | MEM |
------------------
|  0 | 32% |  3% |
|  1 |  3% |  3% |
| ID | GPU | MEM |
------------------
|  0 | 36% |  3% |
|  1 |  3% |  3% |
| ID | GPU | MEM |
------------------
|  0 | 21% |  3% |
|  1 |  4% |  3% |
| ID | GPU | MEM |
------------------
|  0 | 51% |  3% |
|  1 |  4% |  3% |
| ID | GPU | MEM |
------------------
|  0 | 43% |  3% |
|  1 |  2% |  3% |
| ID | GPU | MEM |
------------------
|  0 | 39% |  3% |
|  1 |  2% |  3% |
| ID | GPU | MEM |
------------------
|  0 | 42% |  3% |
|  1 |  3% |  3% |
| ID | GPU | MEM |
------------------
|  0 | 35% |  3% |
|  1 |  2% |  3% |
| ID | GPU | MEM |
------------------
|  0 | 32% |  3% |
|  1 |  3% |  3% |
| ID | GPU | MEM |
------------------
|  0 | 34% |  3% |
|  1 |  3% |  3% |
| ID | GPU | MEM |
------------------
|  0 | 34% |  3% |
|  1 |  3% |  3% |
| ID | GPU | MEM |
------------------
|  0 | 34% |  3% |
|  1 |  2% |  3% |
| ID | GPU | MEM |
------------------
|  0 | 28% |  3% |
|  1 |  4% |  3% |
| ID | GPU | MEM |
------------------
|  0 | 60% |  3% |
|  1 |  2% |  3% |
| ID | GPU | MEM |
------------------
|  0 | 33% |  3% |
|  1 |  3% |  3% |
| ID | GPU | MEM |
------------------
|  0 | 33% |  3% |
|  1 |  3% |  3% |
| ID | GPU | MEM |
------------------
|  0 | 39% |  3% |
|  1 |  2% |  3% |
| ID | GPU | MEM |
------------------
|  0 | 19% |  3% |
|  1 |  4% |  3% |
| ID | GPU | MEM |
------------------
|  0 | 55% |  3% |
|  1 |  3% |  3% |
| ID | GPU | MEM |
------------------
|  0 | 60% |  3% |
|  1 |  3% |  3% |
Finished training it 100/170 of epoch 1 and time taken 0.02012802505493164, 40.47 ms/it, loss 0.640524, accuracy 63.350 %
| ID | GPU | MEM |
------------------
|  0 | 33% |  3% |
|  1 |  2% |  3% |
| ID | GPU | MEM |
------------------
|  0 | 35% |  3% |
|  1 |  3% |  3% |
| ID | GPU | MEM |
------------------
|  0 | 31% |  3% |
|  1 |  3% |  3% |
| ID | GPU | MEM |
------------------
|  0 | 25% |  3% |
|  1 |  3% |  3% |
| ID | GPU | MEM |
------------------
|  0 | 47% |  3% |
|  1 |  2% |  3% |
| ID | GPU | MEM |
------------------
|  0 | 20% |  3% |
|  1 |  2% |  3% |
| ID | GPU | MEM |
------------------
|  0 | 26% |  3% |
|  1 |  3% |  3% |
| ID | GPU | MEM |
------------------
|  0 | 31% |  3% |
|  1 |  3% |  3% |
| ID | GPU | MEM |
------------------
|  0 | 33% |  3% |
|  1 |  3% |  3% |
| ID | GPU | MEM |
------------------
|  0 | 31% |  3% |
|  1 |  3% |  3% |
| ID | GPU | MEM |
------------------
|  0 | 37% |  3% |
|  1 |  3% |  3% |
| ID | GPU | MEM |
------------------
|  0 | 34% |  3% |
|  1 |  3% |  3% |
| ID | GPU | MEM |
------------------
|  0 | 34% |  3% |
|  1 |  2% |  3% |
| ID | GPU | MEM |
------------------
|  0 | 34% |  3% |
|  1 |  3% |  3% |
| ID | GPU | MEM |
------------------
|  0 | 30% |  3% |
|  1 |  3% |  3% |
| ID | GPU | MEM |
------------------
|  0 | 32% |  3% |
|  1 |  3% |  3% |
| ID | GPU | MEM |
------------------
|  0 | 34% |  3% |
|  1 |  2% |  3% |
| ID | GPU | MEM |
------------------
|  0 | 32% |  3% |
|  1 |  3% |  3% |
| ID | GPU | MEM |
------------------
|  0 | 41% |  3% |
|  1 |  3% |  3% |
| ID | GPU | MEM |
------------------
|  0 | 41% |  3% |
|  1 |  2% |  3% |
| ID | GPU | MEM |
------------------
|  0 | 26% |  3% |
|  1 |  3% |  3% |
| ID | GPU | MEM |
------------------
|  0 | 26% |  3% |
|  1 |  3% |  3% |
| ID | GPU | MEM |
------------------
|  0 | 25% |  3% |
|  1 |  3% |  3% |
| ID | GPU | MEM |
------------------
|  0 | 33% |  3% |
|  1 |  3% |  3% |
| ID | GPU | MEM |
------------------
|  0 | 34% |  3% |
|  1 |  3% |  3% |
Finished training it 170/170 of epoch 1 and time taken 0.024373718738555906, 40.81 ms/it, loss 0.598131, accuracy 67.927 %
Starting Test loop
| ID | GPU | MEM |
------------------
|  0 | 34% |  3% |
|  1 |  3% |  3% |
| ID | GPU | MEM |
------------------
|  0 | 35% |  3% |
|  1 |  3% |  3% |
| ID | GPU | MEM |
------------------
|  0 |  3% |  3% |
|  1 |  3% |  3% |
Test loop ended
Testing at - 170/170 of epoch 1, loss 0.637935, accuracy 65.112 %, best 65.112 %
Finished epoch 1
| ID | GPU | MEM |
------------------
|  0 |  3% |  3% |
|  1 |  3% |  3% |
| ID | GPU | MEM |
------------------
|  0 | 34% |  3% |
|  1 |  3% |  3% |
| ID | GPU | MEM |
------------------
|  0 | 36% |  3% |
|  1 |  2% |  3% |
| ID | GPU | MEM |
------------------
|  0 | 41% |  3% |
|  1 |  4% |  3% |
| ID | GPU | MEM |
------------------
|  0 | 31% |  3% |
|  1 |  2% |  3% |
| ID | GPU | MEM |
------------------
|  0 | 36% |  3% |
|  1 |  3% |  3% |
| ID | GPU | MEM |
------------------
|  0 | 32% |  3% |
|  1 |  3% |  3% |
| ID | GPU | MEM |
------------------
|  0 | 35% |  3% |
|  1 |  3% |  3% |
| ID | GPU | MEM |
------------------
|  0 | 36% |  3% |
|  1 |  3% |  3% |
| ID | GPU | MEM |
------------------
|  0 | 37% |  3% |
|  1 |  2% |  3% |
| ID | GPU | MEM |
------------------
|  0 | 35% |  3% |
|  1 |  4% |  3% |
| ID | GPU | MEM |
------------------
|  0 | 37% |  3% |
|  1 |  2% |  3% |
| ID | GPU | MEM |
------------------
|  0 | 33% |  3% |
|  1 |  3% |  3% |
| ID | GPU | MEM |
------------------
|  0 | 33% |  3% |
|  1 |  3% |  3% |
| ID | GPU | MEM |
------------------
|  0 | 35% |  3% |
|  1 |  2% |  3% |
| ID | GPU | MEM |
------------------
|  0 | 27% |  3% |
|  1 |  3% |  3% |
| ID | GPU | MEM |
------------------
|  0 | 40% |  3% |
|  1 |  3% |  3% |
| ID | GPU | MEM |
------------------
|  0 | 26% |  3% |
|  1 |  3% |  3% |
| ID | GPU | MEM |
------------------
|  0 | 35% |  3% |
|  1 |  3% |  3% |
| ID | GPU | MEM |
------------------
|  0 | 45% |  3% |
|  1 |  2% |  3% |
| ID | GPU | MEM |
------------------
|  0 | 20% |  3% |
|  1 |  2% |  3% |
| ID | GPU | MEM |
------------------
|  0 | 26% |  3% |
|  1 |  3% |  3% |
| ID | GPU | MEM |
------------------
|  0 | 38% |  3% |
|  1 |  3% |  3% |
| ID | GPU | MEM |
------------------
|  0 | 31% |  3% |
|  1 |  3% |  3% |
| ID | GPU | MEM |
------------------
|  0 | 30% |  3% |
|  1 |  3% |  3% |
| ID | GPU | MEM |
------------------
|  0 | 36% |  3% |
|  1 |  3% |  3% |
| ID | GPU | MEM |
------------------
|  0 | 33% |  3% |
|  1 |  3% |  3% |
| ID | GPU | MEM |
------------------
|  0 | 34% |  3% |
|  1 |  3% |  3% |
| ID | GPU | MEM |
------------------
|  0 | 37% |  3% |
|  1 |  3% |  3% |
| ID | GPU | MEM |
------------------
|  0 | 36% |  3% |
|  1 |  2% |  3% |
| ID | GPU | MEM |
------------------
|  0 | 35% |  3% |
|  1 |  3% |  3% |
| ID | GPU | MEM |
------------------
|  0 | 37% |  3% |
|  1 |  2% |  3% |
| ID | GPU | MEM |
------------------
|  0 | 34% |  3% |
|  1 |  3% |  3% |
Finished training it 100/170 of epoch 2 and time taken 0.030740525007247926, 38.71 ms/it, loss 0.580573, accuracy 69.797 %
| ID | GPU | MEM |
------------------
|  0 | 36% |  3% |
|  1 |  2% |  3% |
| ID | GPU | MEM |
------------------
|  0 | 35% |  3% |
|  1 |  3% |  3% |
| ID | GPU | MEM |
------------------
|  0 | 36% |  3% |
|  1 |  2% |  3% |
| ID | GPU | MEM |
------------------
|  0 | 11% |  3% |
|  1 |  2% |  3% |
| ID | GPU | MEM |
------------------
|  0 | 36% |  3% |
|  1 |  3% |  3% |
| ID | GPU | MEM |
------------------
|  0 | 37% |  3% |
|  1 |  3% |  3% |
| ID | GPU | MEM |
------------------
|  0 | 39% |  3% |
|  1 |  3% |  3% |
| ID | GPU | MEM |
------------------
|  0 | 29% |  3% |
|  1 |  2% |  3% |
| ID | GPU | MEM |
------------------
|  0 | 40% |  3% |
|  1 |  3% |  3% |
| ID | GPU | MEM |
------------------
|  0 | 20% |  3% |
|  1 |  2% |  3% |
| ID | GPU | MEM |
------------------
|  0 | 31% |  3% |
|  1 |  3% |  3% |
| ID | GPU | MEM |
------------------
|  0 | 34% |  3% |
|  1 |  3% |  3% |
| ID | GPU | MEM |
------------------
|  0 | 35% |  3% |
|  1 |  3% |  3% |
| ID | GPU | MEM |
------------------
|  0 | 38% |  3% |
|  1 |  3% |  3% |
| ID | GPU | MEM |
------------------
|  0 | 32% |  3% |
|  1 |  3% |  3% |
| ID | GPU | MEM |
------------------
|  0 | 17% |  3% |
|  1 |  2% |  3% |
| ID | GPU | MEM |
------------------
|  0 | 40% |  3% |
|  1 |  3% |  3% |
| ID | GPU | MEM |
------------------
|  0 | 34% |  3% |
|  1 |  3% |  3% |
| ID | GPU | MEM |
------------------
|  0 | 34% |  3% |
|  1 |  3% |  3% |
| ID | GPU | MEM |
------------------
|  0 | 34% |  3% |
|  1 |  3% |  3% |
| ID | GPU | MEM |
------------------
|  0 | 34% |  3% |
|  1 |  3% |  3% |
| ID | GPU | MEM |
------------------
|  0 | 32% |  3% |
|  1 |  3% |  3% |
| ID | GPU | MEM |
------------------
|  0 | 41% |  3% |
|  1 |  2% |  3% |
| ID | GPU | MEM |
------------------
|  0 | 37% |  3% |
|  1 |  3% |  3% |
Finished training it 170/170 of epoch 2 and time taken 0.03494244742393494, 38.12 ms/it, loss 0.556257, accuracy 71.615 %
Starting Test loop
| ID | GPU | MEM |
------------------
|  0 | 34% |  3% |
|  1 |  2% |  3% |
| ID | GPU | MEM |
------------------
|  0 |  2% |  3% |
|  1 |  2% |  3% |
| ID | GPU | MEM |
------------------
|  0 |  3% |  3% |
|  1 |  3% |  3% |
Test loop ended
Testing at - 170/170 of epoch 2, loss 0.658950, accuracy 60.774 %, best 65.112 %
Finished epoch 2
| ID | GPU | MEM |
------------------
|  0 |  3% |  3% |
|  1 |  2% |  3% |
| ID | GPU | MEM |
------------------
|  0 | 11% |  3% |
|  1 |  3% |  3% |
| ID | GPU | MEM |
------------------
|  0 | 28% |  3% |
|  1 |  2% |  3% |
| ID | GPU | MEM |
------------------
|  0 | 39% |  3% |
|  1 |  3% |  3% |
| ID | GPU | MEM |
------------------
|  0 | 17% |  3% |
|  1 |  3% |  3% |
| ID | GPU | MEM |
------------------
|  0 | 60% |  3% |
|  1 |  2% |  3% |
| ID | GPU | MEM |
------------------
|  0 | 37% |  3% |
|  1 |  3% |  3% |
| ID | GPU | MEM |
------------------
|  0 | 31% |  3% |
|  1 |  2% |  3% |
| ID | GPU | MEM |
------------------
|  0 | 35% |  3% |
|  1 |  2% |  3% |
| ID | GPU | MEM |
------------------
|  0 | 19% |  3% |
|  1 |  2% |  3% |
| ID | GPU | MEM |
------------------
|  0 | 57% |  3% |
|  1 |  4% |  3% |
| ID | GPU | MEM |
------------------
|  0 | 35% |  3% |
|  1 |  2% |  3% |
| ID | GPU | MEM |
------------------
|  0 | 33% |  3% |
|  1 |  3% |  3% |
| ID | GPU | MEM |
------------------
|  0 | 34% |  3% |
|  1 |  3% |  3% |
| ID | GPU | MEM |
------------------
|  0 | 34% |  3% |
|  1 |  3% |  3% |
| ID | GPU | MEM |
------------------
|  0 | 37% |  3% |
|  1 |  2% |  3% |
| ID | GPU | MEM |
------------------
|  0 | 25% |  3% |
|  1 |  3% |  3% |
| ID | GPU | MEM |
------------------
|  0 | 45% |  3% |
|  1 |  3% |  3% |
| ID | GPU | MEM |
------------------
|  0 | 15% |  3% |
|  1 |  2% |  3% |
| ID | GPU | MEM |
------------------
|  0 | 43% |  3% |
|  1 |  3% |  3% |
| ID | GPU | MEM |
------------------
|  0 | 66% |  3% |
|  1 |  3% |  3% |
| ID | GPU | MEM |
------------------
|  0 | 22% |  3% |
|  1 |  3% |  3% |
| ID | GPU | MEM |
------------------
|  0 | 40% |  3% |
|  1 |  3% |  3% |
| ID | GPU | MEM |
------------------
|  0 | 24% |  3% |
|  1 |  2% |  3% |
| ID | GPU | MEM |
------------------
|  0 | 37% |  3% |
|  1 |  3% |  3% |
| ID | GPU | MEM |
------------------
|  0 | 32% |  3% |
|  1 |  3% |  3% |
| ID | GPU | MEM |
------------------
|  0 | 34% |  3% |
|  1 |  3% |  3% |
| ID | GPU | MEM |
------------------
|  0 | 33% |  3% |
|  1 |  3% |  3% |
| ID | GPU | MEM |
------------------
|  0 | 34% |  3% |
|  1 |  3% |  3% |
| ID | GPU | MEM |
------------------
|  0 | 32% |  3% |
|  1 |  3% |  3% |
| ID | GPU | MEM |
------------------
|  0 | 35% |  3% |
|  1 |  3% |  3% |
| ID | GPU | MEM |
------------------
|  0 | 37% |  3% |
|  1 |  3% |  3% |
| ID | GPU | MEM |
------------------
|  0 | 35% |  3% |
|  1 |  2% |  3% |
| ID | GPU | MEM |
------------------
|  0 | 37% |  3% |
|  1 |  4% |  3% |
| ID | GPU | MEM |
------------------
|  0 | 37% |  3% |
|  1 |  2% |  3% |
Finished training it 100/170 of epoch 3 and time taken 0.04142418885231018, 40.11 ms/it, loss 0.581027, accuracy 69.543 %
| ID | GPU | MEM |
------------------
|  0 |  9% |  3% |
|  1 |  3% |  3% |
| ID | GPU | MEM |
------------------
|  0 | 34% |  3% |
|  1 |  3% |  3% |
| ID | GPU | MEM |
------------------
|  0 | 37% |  3% |
|  1 |  2% |  3% |
| ID | GPU | MEM |
------------------
|  0 | 41% |  3% |
|  1 |  4% |  3% |
| ID | GPU | MEM |
------------------
|  0 | 36% |  3% |
|  1 |  3% |  3% |
| ID | GPU | MEM |
------------------
|  0 | 34% |  3% |
|  1 |  3% |  3% |
| ID | GPU | MEM |
------------------
|  0 | 38% |  3% |
|  1 |  2% |  3% |
| ID | GPU | MEM |
------------------
|  0 | 37% |  3% |
|  1 |  4% |  3% |
| ID | GPU | MEM |
------------------
|  0 | 37% |  3% |
|  1 |  3% |  3% |
| ID | GPU | MEM |
------------------
|  0 | 29% |  3% |
|  1 |  2% |  3% |
| ID | GPU | MEM |
------------------
|  0 | 37% |  3% |
|  1 |  3% |  3% |
| ID | GPU | MEM |
------------------
|  0 | 19% |  3% |
|  1 |  3% |  3% |
| ID | GPU | MEM |
------------------
|  0 | 43% |  3% |
|  1 |  2% |  3% |
| ID | GPU | MEM |
------------------
|  0 | 20% |  3% |
|  1 |  3% |  3% |
| ID | GPU | MEM |
------------------
|  0 | 29% |  3% |
|  1 |  3% |  3% |
| ID | GPU | MEM |
------------------
|  0 | 35% |  3% |
|  1 |  3% |  3% |
| ID | GPU | MEM |
------------------
|  0 | 30% |  3% |
|  1 |  3% |  3% |
| ID | GPU | MEM |
------------------
|  0 | 33% |  3% |
|  1 |  3% |  3% |
| ID | GPU | MEM |
------------------
|  0 | 33% |  3% |
|  1 |  3% |  3% |
| ID | GPU | MEM |
------------------
|  0 | 25% |  3% |
|  1 |  3% |  3% |
| ID | GPU | MEM |
------------------
|  0 | 45% |  3% |
|  1 |  2% |  3% |
| ID | GPU | MEM |
------------------
|  0 | 37% |  3% |
|  1 |  2% |  3% |
| ID | GPU | MEM |
------------------
|  0 | 31% |  3% |
|  1 |  3% |  3% |
Finished training it 170/170 of epoch 3 and time taken 0.04567412161827088, 40.80 ms/it, loss 0.591418, accuracy 68.913 %
Starting Test loop
| ID | GPU | MEM |
------------------
|  0 | 31% |  3% |
|  1 |  3% |  3% |
| ID | GPU | MEM |
------------------
|  0 | 27% |  3% |
|  1 |  2% |  3% |
| ID | GPU | MEM |
------------------
|  0 | 27% |  3% |
|  1 |  2% |  3% |
Test loop ended
Testing at - 170/170 of epoch 3, loss 0.559164, accuracy 69.359 %, best 69.359 %
Finished epoch 3
| ID | GPU | MEM |
------------------
|  0 |  3% |  3% |
|  1 |  3% |  3% |
| ID | GPU | MEM |
------------------
|  0 |  7% |  3% |
|  1 |  3% |  3% |
| ID | GPU | MEM |
------------------
|  0 | 28% |  3% |
|  1 |  3% |  3% |
| ID | GPU | MEM |
------------------
|  0 | 34% |  3% |
|  1 |  2% |  3% |
| ID | GPU | MEM |
------------------
|  0 | 33% |  3% |
|  1 |  4% |  3% |
| ID | GPU | MEM |
------------------
|  0 | 37% |  3% |
|  1 |  2% |  3% |
| ID | GPU | MEM |
------------------
|  0 | 34% |  3% |
|  1 |  4% |  3% |
| ID | GPU | MEM |
------------------
|  0 | 36% |  3% |
|  1 |  2% |  3% |
| ID | GPU | MEM |
------------------
|  0 | 36% |  3% |
|  1 |  2% |  3% |
| ID | GPU | MEM |
------------------
|  0 | 28% |  3% |
|  1 |  2% |  3% |
| ID | GPU | MEM |
------------------
|  0 | 40% |  3% |
|  1 |  3% |  3% |
| ID | GPU | MEM |
------------------
|  0 | 28% |  3% |
|  1 |  3% |  3% |
| ID | GPU | MEM |
------------------
|  0 | 42% |  3% |
|  1 |  3% |  3% |
| ID | GPU | MEM |
------------------
|  0 | 18% |  3% |
|  1 |  4% |  3% |
| ID | GPU | MEM |
------------------
|  0 | 52% |  3% |
|  1 |  3% |  3% |
| ID | GPU | MEM |
------------------
|  0 | 30% |  3% |
|  1 |  2% |  3% |
| ID | GPU | MEM |
------------------
|  0 | 37% |  3% |
|  1 |  2% |  3% |
| ID | GPU | MEM |
------------------
|  0 | 25% |  3% |
|  1 |  3% |  3% |
| ID | GPU | MEM |
------------------
|  0 | 43% |  3% |
|  1 |  3% |  3% |
| ID | GPU | MEM |
------------------
|  0 | 25% |  3% |
|  1 |  3% |  3% |
| ID | GPU | MEM |
------------------
|  0 | 43% |  3% |
|  1 |  2% |  3% |
| ID | GPU | MEM |
------------------
|  0 | 18% |  3% |
|  1 |  2% |  3% |
| ID | GPU | MEM |
------------------
|  0 | 29% |  3% |
|  1 |  3% |  3% |
| ID | GPU | MEM |
------------------
|  0 | 29% |  3% |
|  1 |  4% |  3% |
| ID | GPU | MEM |
------------------
|  0 | 55% |  3% |
|  1 |  3% |  3% |
| ID | GPU | MEM |
------------------
|  0 | 38% |  3% |
|  1 |  2% |  3% |
| ID | GPU | MEM |
------------------
|  0 | 26% |  3% |
|  1 |  3% |  3% |
| ID | GPU | MEM |
------------------
|  0 | 43% |  3% |
|  1 |  3% |  3% |
| ID | GPU | MEM |
------------------
|  0 | 18% |  3% |
|  1 |  2% |  3% |
| ID | GPU | MEM |
------------------
|  0 | 27% |  3% |
|  1 |  3% |  3% |
| ID | GPU | MEM |
------------------
|  0 | 31% |  3% |
|  1 |  3% |  3% |
| ID | GPU | MEM |
------------------
|  0 | 35% |  3% |
|  1 |  3% |  3% |
| ID | GPU | MEM |
------------------
|  0 | 33% |  3% |
|  1 |  3% |  3% |
| ID | GPU | MEM |
------------------
|  0 | 32% |  3% |
|  1 |  3% |  3% |
| ID | GPU | MEM |
------------------
|  0 | 32% |  3% |
|  1 |  3% |  3% |
Finished training it 100/170 of epoch 4 and time taken 0.05204635262489319, 39.92 ms/it, loss 0.554546, accuracy 72.238 %
| ID | GPU | MEM |
------------------
|  0 | 17% |  3% |
|  1 |  2% |  3% |
| ID | GPU | MEM |
------------------
|  0 | 25% |  3% |
|  1 |  3% |  3% |
| ID | GPU | MEM |
------------------
|  0 | 35% |  3% |
|  1 |  3% |  3% |
| ID | GPU | MEM |
------------------
|  0 | 35% |  3% |
|  1 |  3% |  3% |
| ID | GPU | MEM |
------------------
|  0 | 35% |  3% |
|  1 |  3% |  3% |
| ID | GPU | MEM |
------------------
|  0 | 32% |  3% |
|  1 |  3% |  3% |
| ID | GPU | MEM |
------------------
|  0 | 34% |  3% |
|  1 |  3% |  3% |
| ID | GPU | MEM |
------------------
|  0 | 37% |  3% |
|  1 |  3% |  3% |
| ID | GPU | MEM |
------------------
|  0 | 34% |  3% |
|  1 |  3% |  3% |
| ID | GPU | MEM |
------------------
|  0 | 34% |  3% |
|  1 |  3% |  3% |
| ID | GPU | MEM |
------------------
|  0 | 36% |  3% |
|  1 |  3% |  3% |
| ID | GPU | MEM |
------------------
|  0 | 32% |  3% |
|  1 |  3% |  3% |
| ID | GPU | MEM |
------------------
|  0 | 33% |  3% |
|  1 |  3% |  3% |
| ID | GPU | MEM |
------------------
|  0 | 36% |  3% |
|  1 |  3% |  3% |
| ID | GPU | MEM |
------------------
|  0 | 35% |  3% |
|  1 |  3% |  3% |
| ID | GPU | MEM |
------------------
|  0 | 37% |  3% |
|  1 |  3% |  3% |
| ID | GPU | MEM |
------------------
|  0 | 37% |  3% |
|  1 |  3% |  3% |
| ID | GPU | MEM |
------------------
|  0 | 34% |  3% |
|  1 |  2% |  3% |
| ID | GPU | MEM |
------------------
|  0 | 41% |  3% |
|  1 |  4% |  3% |
| ID | GPU | MEM |
------------------
|  0 | 37% |  3% |
|  1 |  3% |  3% |
| ID | GPU | MEM |
------------------
|  0 | 38% |  3% |
|  1 |  3% |  3% |
| ID | GPU | MEM |
------------------
|  0 | 37% |  3% |
|  1 |  2% |  3% |
| ID | GPU | MEM |
------------------
|  0 | 36% |  3% |
|  1 |  4% |  3% |
Finished training it 170/170 of epoch 4 and time taken 0.056204166650772096, 38.11 ms/it, loss 0.517684, accuracy 73.804 %
Starting Test loop
| ID | GPU | MEM |
------------------
|  0 | 36% |  3% |
|  1 |  2% |  3% |
| ID | GPU | MEM |
------------------
|  0 |  6% |  3% |
|  1 |  2% |  3% |
| ID | GPU | MEM |
------------------
|  0 |  3% |  3% |
|  1 |  2% |  3% |
Test loop ended
Testing at - 170/170 of epoch 4, loss 0.563862, accuracy 67.841 %, best 69.359 %
Finished epoch 4
| ID | GPU | MEM |
------------------
|  0 |  5% |  3% |
|  1 |  2% |  3% |
| ID | GPU | MEM |
------------------
|  0 |  5% |  3% |
|  1 |  3% |  3% |
| ID | GPU | MEM |
------------------
|  0 | 41% |  3% |
|  1 |  2% |  3% |
| ID | GPU | MEM |
------------------
|  0 | 29% |  3% |
|  1 |  3% |  3% |
| ID | GPU | MEM |
------------------
|  0 | 32% |  3% |
|  1 |  3% |  3% |
| ID | GPU | MEM |
------------------
|  0 | 34% |  3% |
|  1 |  3% |  3% |
| ID | GPU | MEM |
------------------
|  0 | 34% |  3% |
|  1 |  3% |  3% |
| ID | GPU | MEM |
------------------
|  0 | 27% |  3% |
|  1 |  3% |  3% |
| ID | GPU | MEM |
------------------
|  0 | 41% |  3% |
|  1 |  3% |  3% |
| ID | GPU | MEM |
------------------
|  0 | 16% |  3% |
|  1 |  4% |  3% |
| ID | GPU | MEM |
------------------
|  0 | 36% |  3% |
|  1 |  2% |  3% |
| ID | GPU | MEM |
------------------
|  0 | 22% |  3% |
|  1 |  3% |  3% |
| ID | GPU | MEM |
------------------
|  0 | 44% |  3% |
|  1 |  2% |  3% |
| ID | GPU | MEM |
------------------
|  0 | 19% |  3% |
|  1 |  2% |  3% |
| ID | GPU | MEM |
------------------
|  0 | 33% |  3% |
|  1 |  4% |  3% |
| ID | GPU | MEM |
------------------
|  0 | 34% |  3% |
|  1 |  3% |  3% |
| ID | GPU | MEM |
------------------
|  0 | 34% |  3% |
|  1 |  3% |  3% |
| ID | GPU | MEM |
------------------
|  0 | 33% |  3% |
|  1 |  2% |  3% |
| ID | GPU | MEM |
------------------
|  0 | 23% |  3% |
|  1 |  3% |  3% |
| ID | GPU | MEM |
------------------
|  0 | 48% |  3% |
|  1 |  3% |  3% |
| ID | GPU | MEM |
------------------
|  0 | 16% |  3% |
|  1 |  3% |  3% |
| ID | GPU | MEM |
------------------
|  0 | 63% |  3% |
|  1 |  3% |  3% |
| ID | GPU | MEM |
------------------
|  0 | 31% |  3% |
|  1 |  3% |  3% |
| ID | GPU | MEM |
------------------
|  0 | 33% |  3% |
|  1 |  2% |  3% |
| ID | GPU | MEM |
------------------
|  0 | 36% |  3% |
|  1 |  3% |  3% |
| ID | GPU | MEM |
------------------
|  0 | 18% |  3% |
|  1 |  3% |  3% |
| ID | GPU | MEM |
------------------
|  0 | 45% |  3% |
|  1 |  2% |  3% |
| ID | GPU | MEM |
------------------
|  0 | 24% |  3% |
|  1 |  2% |  3% |
| ID | GPU | MEM |
------------------
|  0 | 31% |  3% |
|  1 |  3% |  3% |
| ID | GPU | MEM |
------------------
|  0 | 35% |  3% |
|  1 |  3% |  3% |
| ID | GPU | MEM |
------------------
|  0 | 36% |  3% |
|  1 |  3% |  3% |
| ID | GPU | MEM |
------------------
|  0 | 36% |  3% |
|  1 |  3% |  3% |
| ID | GPU | MEM |
------------------
|  0 | 34% |  3% |
|  1 |  3% |  3% |
| ID | GPU | MEM |
------------------
|  0 | 33% |  3% |
|  1 |  3% |  3% |
Finished training it 100/170 of epoch 5 and time taken 0.06252315831184387, 38.29 ms/it, loss 0.541542, accuracy 72.855 %
| ID | GPU | MEM |
------------------
|  0 | 37% |  3% |
|  1 |  3% |  3% |
| ID | GPU | MEM |
------------------
|  0 | 37% |  3% |
|  1 |  3% |  3% |
| ID | GPU | MEM |
------------------
|  0 | 38% |  3% |
|  1 |  3% |  3% |
| ID | GPU | MEM |
------------------
|  0 | 33% |  3% |
|  1 |  3% |  3% |
| ID | GPU | MEM |
------------------
|  0 | 40% |  3% |
|  1 |  2% |  3% |
| ID | GPU | MEM |
------------------
|  0 | 37% |  3% |
|  1 |  4% |  3% |
| ID | GPU | MEM |
------------------
|  0 | 41% |  3% |
|  1 |  2% |  3% |
| ID | GPU | MEM |
------------------
|  0 | 30% |  3% |
|  1 |  3% |  3% |
| ID | GPU | MEM |
------------------
|  0 | 38% |  3% |
|  1 |  2% |  3% |
| ID | GPU | MEM |
------------------
|  0 | 18% |  3% |
|  1 |  2% |  3% |
| ID | GPU | MEM |
------------------
|  0 | 57% |  3% |
|  1 |  3% |  3% |
| ID | GPU | MEM |
------------------
|  0 | 27% |  3% |
|  1 |  3% |  3% |
| ID | GPU | MEM |
------------------
|  0 | 41% |  3% |
|  1 |  2% |  3% |
| ID | GPU | MEM |
------------------
|  0 | 20% |  3% |
|  1 |  3% |  3% |
| ID | GPU | MEM |
------------------
|  0 | 40% |  3% |
|  1 |  3% |  3% |
| ID | GPU | MEM |
------------------
|  0 | 34% |  3% |
|  1 |  2% |  3% |
| ID | GPU | MEM |
------------------
|  0 | 35% |  3% |
|  1 |  3% |  3% |
| ID | GPU | MEM |
------------------
|  0 | 35% |  3% |
|  1 |  3% |  3% |
| ID | GPU | MEM |
------------------
|  0 | 35% |  3% |
|  1 |  3% |  3% |
| ID | GPU | MEM |
------------------
|  0 | 33% |  3% |
|  1 |  3% |  3% |
| ID | GPU | MEM |
------------------
|  0 | 38% |  3% |
|  1 |  3% |  3% |
| ID | GPU | MEM |
------------------
|  0 | 37% |  3% |
|  1 |  3% |  3% |
| ID | GPU | MEM |
------------------
|  0 | 37% |  3% |
|  1 |  3% |  3% |
Finished training it 170/170 of epoch 5 and time taken 0.06671634888648986, 38.83 ms/it, loss 0.504431, accuracy 75.316 %
Starting Test loop
| ID | GPU | MEM |
------------------
|  0 | 35% |  3% |
|  1 |  2% |  3% |
| ID | GPU | MEM |
------------------
|  0 | 10% |  3% |
|  1 |  3% |  3% |
| ID | GPU | MEM |
------------------
|  0 |  4% |  3% |
|  1 |  3% |  3% |
Test loop ended
Testing at - 170/170 of epoch 5, loss 0.919568, accuracy 57.437 %, best 69.359 %
Finished epoch 5
| ID | GPU | MEM |
------------------
|  0 | 17% |  3% |
|  1 |  3% |  3% |
| ID | GPU | MEM |
------------------
|  0 | 17% |  3% |
|  1 |  2% |  3% |
| ID | GPU | MEM |
------------------
|  0 | 36% |  3% |
|  1 |  3% |  3% |
| ID | GPU | MEM |
------------------
|  0 | 29% |  3% |
|  1 |  2% |  3% |
| ID | GPU | MEM |
------------------
|  0 | 30% |  3% |
|  1 |  3% |  3% |
| ID | GPU | MEM |
------------------
|  0 | 36% |  3% |
|  1 |  3% |  3% |
| ID | GPU | MEM |
------------------
|  0 | 64% |  3% |
|  1 |  3% |  3% |
| ID | GPU | MEM |
------------------
|  0 | 64% |  3% |
|  1 |  2% |  3% |
| ID | GPU | MEM |
------------------
|  0 | 33% |  3% |
|  1 |  2% |  3% |
| ID | GPU | MEM |
------------------
|  0 | 35% |  3% |
|  1 |  3% |  3% |
| ID | GPU | MEM |
------------------
|  0 | 34% |  3% |
|  1 |  3% |  3% |
| ID | GPU | MEM |
------------------
|  0 | 35% |  3% |
|  1 |  3% |  3% |
| ID | GPU | MEM |
------------------
|  0 | 35% |  3% |
|  1 |  3% |  3% |
| ID | GPU | MEM |
------------------
|  0 | 32% |  3% |
|  1 |  3% |  3% |
| ID | GPU | MEM |
------------------
|  0 | 38% |  3% |
|  1 |  3% |  3% |
| ID | GPU | MEM |
------------------
|  0 | 34% |  3% |
|  1 |  3% |  3% |
| ID | GPU | MEM |
------------------
|  0 | 38% |  3% |
|  1 |  3% |  3% |
| ID | GPU | MEM |
------------------
|  0 | 36% |  3% |
|  1 |  2% |  3% |
| ID | GPU | MEM |
------------------
|  0 | 36% |  3% |
|  1 |  3% |  3% |
| ID | GPU | MEM |
------------------
|  0 | 34% |  3% |
|  1 |  3% |  3% |
| ID | GPU | MEM |
------------------
|  0 | 35% |  3% |
|  1 |  2% |  3% |
| ID | GPU | MEM |
------------------
|  0 | 37% |  3% |
|  1 |  2% |  3% |
| ID | GPU | MEM |
------------------
|  0 | 35% |  3% |
|  1 |  2% |  3% |
| ID | GPU | MEM |
------------------
|  0 | 34% |  3% |
|  1 |  3% |  3% |
| ID | GPU | MEM |
------------------
|  0 | 45% |  3% |
|  1 |  3% |  3% |
| ID | GPU | MEM |
------------------
|  0 | 34% |  3% |
|  1 |  4% |  3% |
| ID | GPU | MEM |
------------------
|  0 | 38% |  3% |
|  1 |  3% |  3% |
| ID | GPU | MEM |
------------------
|  0 | 31% |  3% |
|  1 |  3% |  3% |
| ID | GPU | MEM |
------------------
|  0 | 33% |  3% |
|  1 |  3% |  3% |
| ID | GPU | MEM |
------------------
|  0 | 31% |  3% |
|  1 |  2% |  3% |
| ID | GPU | MEM |
------------------
|  0 | 42% |  3% |
|  1 |  2% |  3% |
| ID | GPU | MEM |
------------------
|  0 | 21% |  3% |
|  1 |  2% |  3% |
| ID | GPU | MEM |
------------------
|  0 | 38% |  3% |
|  1 |  2% |  3% |
| ID | GPU | MEM |
------------------
|  0 | 26% |  3% |
|  1 |  3% |  3% |
Finished training it 100/170 of epoch 6 and time taken 0.07306426525115967, 40.21 ms/it, loss 0.500825, accuracy 75.057 %
| ID | GPU | MEM |
------------------
|  0 | 37% |  3% |
|  1 |  3% |  3% |
| ID | GPU | MEM |
------------------
|  0 | 35% |  3% |
|  1 |  3% |  3% |
| ID | GPU | MEM |
------------------
|  0 | 35% |  3% |
|  1 |  3% |  3% |
| ID | GPU | MEM |
------------------
|  0 | 35% |  3% |
|  1 |  3% |  3% |
| ID | GPU | MEM |
------------------
|  0 | 38% |  3% |
|  1 |  3% |  3% |
| ID | GPU | MEM |
------------------
|  0 | 36% |  3% |
|  1 |  3% |  3% |
| ID | GPU | MEM |
------------------
|  0 | 36% |  3% |
|  1 |  3% |  3% |
| ID | GPU | MEM |
------------------
|  0 | 38% |  3% |
|  1 |  3% |  3% |
| ID | GPU | MEM |
------------------
|  0 | 38% |  3% |
|  1 |  3% |  3% |
| ID | GPU | MEM |
------------------
|  0 | 35% |  3% |
|  1 |  3% |  3% |
| ID | GPU | MEM |
------------------
|  0 | 31% |  3% |
|  1 |  3% |  3% |
| ID | GPU | MEM |
------------------
|  0 | 31% |  3% |
|  1 |  3% |  3% |
| ID | GPU | MEM |
------------------
|  0 | 40% |  3% |
|  1 |  2% |  3% |
| ID | GPU | MEM |
------------------
|  0 | 36% |  3% |
|  1 |  3% |  3% |
| ID | GPU | MEM |
------------------
|  0 | 34% |  3% |
|  1 |  2% |  3% |
| ID | GPU | MEM |
------------------
|  0 | 35% |  3% |
|  1 |  3% |  3% |
| ID | GPU | MEM |
------------------
|  0 | 31% |  3% |
|  1 |  3% |  3% |
| ID | GPU | MEM |
------------------
|  0 | 28% |  3% |
|  1 |  2% |  3% |
| ID | GPU | MEM |
------------------
|  0 | 38% |  3% |
|  1 |  2% |  3% |
| ID | GPU | MEM |
------------------
|  0 | 20% |  3% |
|  1 |  3% |  3% |
| ID | GPU | MEM |
------------------
|  0 | 40% |  3% |
|  1 |  2% |  3% |
| ID | GPU | MEM |
------------------
|  0 | 23% |  3% |
|  1 |  2% |  3% |
| ID | GPU | MEM |
------------------
|  0 | 28% |  3% |
|  1 |  2% |  3% |
Finished training it 170/170 of epoch 6 and time taken 0.07724482321739197, 36.94 ms/it, loss 0.494629, accuracy 76.468 %
Starting Test loop
| ID | GPU | MEM |
------------------
|  0 | 28% |  3% |
|  1 |  3% |  3% |
| ID | GPU | MEM |
------------------
|  0 | 36% |  3% |
|  1 |  3% |  3% |
| ID | GPU | MEM |
------------------
|  0 |  2% |  3% |
|  1 |  3% |  3% |
Test loop ended
Testing at - 170/170 of epoch 6, loss 0.668215, accuracy 62.098 %, best 69.359 %
Finished epoch 6
| ID | GPU | MEM |
------------------
|  0 |  3% |  3% |
|  1 |  3% |  3% |
| ID | GPU | MEM |
------------------
|  0 | 31% |  3% |
|  1 |  2% |  3% |
| ID | GPU | MEM |
------------------
|  0 | 34% |  3% |
|  1 |  3% |  3% |
| ID | GPU | MEM |
------------------
|  0 | 36% |  3% |
|  1 |  3% |  3% |
| ID | GPU | MEM |
------------------
|  0 | 35% |  3% |
|  1 |  2% |  3% |
| ID | GPU | MEM |
------------------
|  0 | 36% |  3% |
|  1 |  4% |  3% |
| ID | GPU | MEM |
------------------
|  0 | 35% |  3% |
|  1 |  2% |  3% |
| ID | GPU | MEM |
------------------
|  0 | 37% |  3% |
|  1 |  2% |  3% |
| ID | GPU | MEM |
------------------
|  0 | 33% |  3% |
|  1 |  3% |  3% |
| ID | GPU | MEM |
------------------
|  0 | 33% |  3% |
|  1 |  3% |  3% |
| ID | GPU | MEM |
------------------
|  0 | 27% |  3% |
|  1 |  2% |  3% |
| ID | GPU | MEM |
------------------
|  0 | 42% |  3% |
|  1 |  3% |  3% |
| ID | GPU | MEM |
------------------
|  0 | 15% |  3% |
|  1 |  3% |  3% |
| ID | GPU | MEM |
------------------
|  0 | 27% |  3% |
|  1 |  2% |  3% |
| ID | GPU | MEM |
------------------
|  0 | 34% |  3% |
|  1 |  3% |  3% |
| ID | GPU | MEM |
------------------
|  0 | 33% |  3% |
|  1 |  3% |  3% |
| ID | GPU | MEM |
------------------
|  0 | 36% |  3% |
|  1 |  3% |  3% |
| ID | GPU | MEM |
------------------
|  0 | 34% |  3% |
|  1 |  3% |  3% |
| ID | GPU | MEM |
------------------
|  0 | 36% |  3% |
|  1 |  3% |  3% |
| ID | GPU | MEM |
------------------
|  0 | 35% |  3% |
|  1 |  3% |  3% |
| ID | GPU | MEM |
------------------
|  0 | 39% |  3% |
|  1 |  3% |  3% |
| ID | GPU | MEM |
------------------
|  0 | 33% |  3% |
|  1 |  2% |  3% |
| ID | GPU | MEM |
------------------
|  0 | 39% |  3% |
|  1 |  4% |  3% |
| ID | GPU | MEM |
------------------
|  0 | 35% |  3% |
|  1 |  2% |  3% |
| ID | GPU | MEM |
------------------
|  0 | 38% |  3% |
|  1 |  4% |  3% |
| ID | GPU | MEM |
------------------
|  0 | 36% |  3% |
|  1 |  2% |  3% |
| ID | GPU | MEM |
------------------
|  0 | 31% |  3% |
|  1 |  3% |  3% |
| ID | GPU | MEM |
------------------
|  0 | 35% |  3% |
|  1 |  2% |  3% |
| ID | GPU | MEM |
------------------
|  0 | 23% |  3% |
|  1 |  3% |  3% |
| ID | GPU | MEM |
------------------
|  0 | 47% |  3% |
|  1 |  3% |  3% |
| ID | GPU | MEM |
------------------
|  0 | 21% |  3% |
|  1 |  3% |  3% |
| ID | GPU | MEM |
------------------
|  0 | 28% |  3% |
|  1 |  2% |  3% |
| ID | GPU | MEM |
------------------
|  0 | 33% |  3% |
|  1 |  3% |  3% |
Finished training it 100/170 of epoch 7 and time taken 0.08370347905158997, 37.46 ms/it, loss 0.494844, accuracy 75.873 %
| ID | GPU | MEM |
------------------
|  0 | 37% |  3% |
|  1 |  3% |  3% |
| ID | GPU | MEM |
------------------
|  0 | 37% |  3% |
|  1 |  3% |  3% |
| ID | GPU | MEM |
------------------
|  0 | 48% |  3% |
|  1 |  2% |  3% |
| ID | GPU | MEM |
------------------
|  0 | 42% |  3% |
|  1 |  3% |  3% |
| ID | GPU | MEM |
------------------
|  0 | 39% |  3% |
|  1 |  2% |  3% |
| ID | GPU | MEM |
------------------
|  0 | 39% |  3% |
|  1 |  2% |  3% |
| ID | GPU | MEM |
------------------
|  0 | 31% |  3% |
|  1 |  3% |  3% |
| ID | GPU | MEM |
------------------
|  0 | 34% |  3% |
|  1 |  2% |  3% |
| ID | GPU | MEM |
------------------
|  0 | 34% |  3% |
|  1 |  3% |  3% |
| ID | GPU | MEM |
------------------
|  0 | 31% |  3% |
|  1 |  3% |  3% |
| ID | GPU | MEM |
------------------
|  0 | 32% |  3% |
|  1 |  3% |  3% |
| ID | GPU | MEM |
------------------
|  0 | 66% |  3% |
|  1 |  3% |  3% |
| ID | GPU | MEM |
------------------
|  0 | 66% |  3% |
|  1 |  3% |  3% |
| ID | GPU | MEM |
------------------
|  0 | 23% |  3% |
|  1 |  3% |  3% |
| ID | GPU | MEM |
------------------
|  0 | 30% |  3% |
|  1 |  4% |  3% |
| ID | GPU | MEM |
------------------
|  0 | 35% |  3% |
|  1 |  2% |  3% |
| ID | GPU | MEM |
------------------
|  0 | 34% |  3% |
|  1 |  3% |  3% |
| ID | GPU | MEM |
------------------
|  0 | 29% |  3% |
|  1 |  3% |  3% |
| ID | GPU | MEM |
------------------
|  0 | 36% |  3% |
|  1 |  2% |  3% |
| ID | GPU | MEM |
------------------
|  0 | 35% |  3% |
|  1 |  4% |  3% |
| ID | GPU | MEM |
------------------
|  0 | 31% |  3% |
|  1 |  2% |  3% |
| ID | GPU | MEM |
------------------
|  0 | 37% |  3% |
|  1 |  2% |  3% |
| ID | GPU | MEM |
------------------
|  0 | 38% |  3% |
|  1 |  3% |  3% |
| ID | GPU | MEM |
------------------
|  0 | 34% |  3% |
|  1 |  2% |  3% |
| ID | GPU | MEM |
------------------
|  0 | 36% |  3% |
|  1 |  4% |  3% |
| ID | GPU | MEM |
------------------
|  0 | 32% |  3% |
|  1 |  2% |  3% |
Finished training it 170/170 of epoch 7 and time taken 0.08803385019302368, 41.24 ms/it, loss 0.486686, accuracy 76.681 %
Starting Test loop
| ID | GPU | MEM |
------------------
|  0 | 53% |  3% |
|  1 |  2% |  3% |
| ID | GPU | MEM |
------------------
|  0 |  6% |  3% |
|  1 |  2% |  3% |
| ID | GPU | MEM |
------------------
|  0 |  3% |  3% |
|  1 |  2% |  3% |
Test loop ended
Testing at - 170/170 of epoch 7, loss 1.510975, accuracy 52.968 %, best 69.359 %
Finished epoch 7
| ID | GPU | MEM |
------------------
|  0 |  3% |  3% |
|  1 |  3% |  3% |
| ID | GPU | MEM |
------------------
|  0 |  6% |  3% |
|  1 |  3% |  3% |
| ID | GPU | MEM |
------------------
|  0 | 35% |  3% |
|  1 |  3% |  3% |
| ID | GPU | MEM |
------------------
|  0 | 49% |  3% |
|  1 |  2% |  3% |
| ID | GPU | MEM |
------------------
|  0 | 41% |  3% |
|  1 |  3% |  3% |
| ID | GPU | MEM |
------------------
|  0 | 35% |  3% |
|  1 |  3% |  3% |
| ID | GPU | MEM |
------------------
|  0 | 37% |  3% |
|  1 |  2% |  3% |
| ID | GPU | MEM |
------------------
|  0 | 40% |  3% |
|  1 |  4% |  3% |
| ID | GPU | MEM |
------------------
|  0 | 32% |  3% |
|  1 |  3% |  3% |
| ID | GPU | MEM |
------------------
|  0 | 26% |  3% |
|  1 |  2% |  3% |
| ID | GPU | MEM |
------------------
|  0 | 39% |  3% |
|  1 |  2% |  3% |
| ID | GPU | MEM |
------------------
|  0 | 59% |  3% |
|  1 |  2% |  3% |
| ID | GPU | MEM |
------------------
|  0 | 28% |  3% |
|  1 |  3% |  3% |
| ID | GPU | MEM |
------------------
|  0 | 39% |  3% |
|  1 |  2% |  3% |
| ID | GPU | MEM |
------------------
|  0 | 16% |  3% |
|  1 |  3% |  3% |
| ID | GPU | MEM |
------------------
|  0 | 45% |  3% |
|  1 |  2% |  3% |
| ID | GPU | MEM |
------------------
|  0 | 34% |  3% |
|  1 |  2% |  3% |
| ID | GPU | MEM |
------------------
|  0 | 33% |  3% |
|  1 |  2% |  3% |
| ID | GPU | MEM |
------------------
|  0 | 35% |  3% |
|  1 |  3% |  3% |
| ID | GPU | MEM |
------------------
|  0 | 34% |  3% |
|  1 |  3% |  3% |
| ID | GPU | MEM |
------------------
|  0 | 35% |  3% |
|  1 |  3% |  3% |
| ID | GPU | MEM |
------------------
|  0 | 35% |  3% |
|  1 |  3% |  3% |
| ID | GPU | MEM |
------------------
|  0 | 32% |  3% |
|  1 |  3% |  3% |
| ID | GPU | MEM |
------------------
|  0 | 40% |  3% |
|  1 |  3% |  3% |
| ID | GPU | MEM |
------------------
|  0 | 36% |  3% |
|  1 |  3% |  3% |
| ID | GPU | MEM |
------------------
|  0 | 37% |  3% |
|  1 |  3% |  3% |
| ID | GPU | MEM |
------------------
|  0 | 37% |  3% |
|  1 |  2% |  3% |
| ID | GPU | MEM |
------------------
|  0 | 37% |  3% |
|  1 |  3% |  3% |
| ID | GPU | MEM |
------------------
|  0 | 36% |  3% |
|  1 |  2% |  3% |
| ID | GPU | MEM |
------------------
|  0 | 39% |  3% |
|  1 |  4% |  3% |
| ID | GPU | MEM |
------------------
|  0 | 36% |  3% |
|  1 |  2% |  3% |
| ID | GPU | MEM |
------------------
|  0 | 34% |  3% |
|  1 |  4% |  3% |
| ID | GPU | MEM |
------------------
|  0 | 32% |  3% |
|  1 |  2% |  3% |
| ID | GPU | MEM |
------------------
|  0 | 60% |  3% |
|  1 |  2% |  3% |
| ID | GPU | MEM |
------------------
|  0 | 37% |  3% |
|  1 |  3% |  3% |
Finished training it 100/170 of epoch 8 and time taken 0.09452887511253356, 40.74 ms/it, loss 0.480245, accuracy 77.035 %
| ID | GPU | MEM |
------------------
|  0 | 38% |  3% |
|  1 |  3% |  3% |
| ID | GPU | MEM |
------------------
|  0 | 36% |  3% |
|  1 |  3% |  3% |
| ID | GPU | MEM |
------------------
|  0 | 38% |  3% |
|  1 |  3% |  3% |
| ID | GPU | MEM |
------------------
|  0 | 37% |  3% |
|  1 |  3% |  3% |
| ID | GPU | MEM |
------------------
|  0 | 33% |  3% |
|  1 |  3% |  3% |
| ID | GPU | MEM |
------------------
|  0 | 35% |  3% |
|  1 |  3% |  3% |
| ID | GPU | MEM |
------------------
|  0 | 36% |  3% |
|  1 |  3% |  3% |
| ID | GPU | MEM |
------------------
|  0 | 35% |  3% |
|  1 |  3% |  3% |
| ID | GPU | MEM |
------------------
|  0 | 36% |  3% |
|  1 |  3% |  3% |
| ID | GPU | MEM |
------------------
|  0 | 36% |  3% |
|  1 |  3% |  3% |
| ID | GPU | MEM |
------------------
|  0 | 35% |  3% |
|  1 |  3% |  3% |
| ID | GPU | MEM |
------------------
|  0 | 36% |  3% |
|  1 |  3% |  3% |
| ID | GPU | MEM |
------------------
|  0 | 35% |  3% |
|  1 |  3% |  3% |
| ID | GPU | MEM |
------------------
|  0 | 37% |  3% |
|  1 |  2% |  3% |
| ID | GPU | MEM |
------------------
|  0 |  9% |  3% |
|  1 |  3% |  3% |
| ID | GPU | MEM |
------------------
|  0 | 32% |  3% |
|  1 |  2% |  3% |
| ID | GPU | MEM |
------------------
|  0 | 36% |  3% |
|  1 |  3% |  3% |
| ID | GPU | MEM |
------------------
|  0 | 34% |  3% |
|  1 |  3% |  3% |
| ID | GPU | MEM |
------------------
|  0 | 39% |  3% |
|  1 |  2% |  3% |
| ID | GPU | MEM |
------------------
|  0 | 38% |  3% |
|  1 |  3% |  3% |
| ID | GPU | MEM |
------------------
|  0 | 34% |  3% |
|  1 |  3% |  3% |
| ID | GPU | MEM |
------------------
|  0 | 34% |  3% |
|  1 |  2% |  3% |
| ID | GPU | MEM |
------------------
|  0 | 36% |  3% |
|  1 |  2% |  3% |
| ID | GPU | MEM |
------------------
|  0 | 60% |  3% |
|  1 |  2% |  3% |
Finished training it 170/170 of epoch 8 and time taken 0.09865685343742371, 38.12 ms/it, loss 0.486429, accuracy 76.321 %
Starting Test loop
| ID | GPU | MEM |
------------------
|  0 | 34% |  3% |
|  1 |  3% |  3% |
| ID | GPU | MEM |
------------------
|  0 |  3% |  3% |
|  1 |  2% |  3% |
Test loop ended
Testing at - 170/170 of epoch 8, loss 0.454001, accuracy 77.492 %, best 77.492 %
Finished epoch 8
| ID | GPU | MEM |
------------------
|  0 |  3% |  3% |
|  1 |  3% |  3% |
| ID | GPU | MEM |
------------------
|  0 |  9% |  3% |
|  1 |  2% |  3% |
| ID | GPU | MEM |
------------------
|  0 | 32% |  3% |
|  1 |  3% |  3% |
| ID | GPU | MEM |
------------------
|  0 | 37% |  3% |
|  1 |  3% |  3% |
| ID | GPU | MEM |
------------------
|  0 | 38% |  3% |
|  1 |  3% |  3% |
| ID | GPU | MEM |
------------------
|  0 | 34% |  3% |
|  1 |  3% |  3% |
| ID | GPU | MEM |
------------------
|  0 | 37% |  3% |
|  1 |  3% |  3% |
| ID | GPU | MEM |
------------------
|  0 | 34% |  3% |
|  1 |  3% |  3% |
| ID | GPU | MEM |
------------------
|  0 | 37% |  3% |
|  1 |  3% |  3% |
| ID | GPU | MEM |
------------------
|  0 | 31% |  3% |
|  1 |  2% |  3% |
| ID | GPU | MEM |
------------------
|  0 | 28% |  3% |
|  1 |  3% |  3% |
| ID | GPU | MEM |
------------------
|  0 | 48% |  3% |
|  1 |  3% |  3% |
| ID | GPU | MEM |
------------------
|  0 |  9% |  3% |
|  1 |  4% |  3% |
| ID | GPU | MEM |
------------------
|  0 | 33% |  3% |
|  1 |  2% |  3% |
| ID | GPU | MEM |
------------------
|  0 | 35% |  3% |
|  1 |  3% |  3% |
| ID | GPU | MEM |
------------------
|  0 | 37% |  3% |
|  1 |  2% |  3% |
| ID | GPU | MEM |
------------------
|  0 | 31% |  3% |
|  1 |  4% |  3% |
| ID | GPU | MEM |
------------------
|  0 | 34% |  3% |
|  1 |  2% |  3% |
| ID | GPU | MEM |
------------------
|  0 | 15% |  3% |
|  1 |  3% |  3% |
| ID | GPU | MEM |
------------------
|  0 | 32% |  3% |
|  1 |  3% |  3% |
| ID | GPU | MEM |
------------------
|  0 | 36% |  3% |
|  1 |  3% |  3% |
| ID | GPU | MEM |
------------------
|  0 | 41% |  3% |
|  1 |  3% |  3% |
| ID | GPU | MEM |
------------------
|  0 | 36% |  3% |
|  1 |  3% |  3% |
| ID | GPU | MEM |
------------------
|  0 | 32% |  3% |
|  1 |  3% |  3% |
| ID | GPU | MEM |
------------------
|  0 | 38% |  3% |
|  1 |  3% |  3% |
| ID | GPU | MEM |
------------------
|  0 | 38% |  3% |
|  1 |  3% |  3% |
| ID | GPU | MEM |
------------------
|  0 | 35% |  3% |
|  1 |  2% |  3% |
| ID | GPU | MEM |
------------------
|  0 | 34% |  3% |
|  1 |  4% |  3% |
| ID | GPU | MEM |
------------------
|  0 | 35% |  3% |
|  1 |  2% |  3% |
| ID | GPU | MEM |
------------------
|  0 | 34% |  3% |
|  1 |  4% |  3% |
| ID | GPU | MEM |
------------------
|  0 | 33% |  3% |
|  1 |  3% |  3% |
| ID | GPU | MEM |
------------------
|  0 | 29% |  3% |
|  1 |  3% |  3% |
| ID | GPU | MEM |
------------------
|  0 | 42% |  3% |
|  1 |  2% |  3% |
| ID | GPU | MEM |
------------------
|  0 | 19% |  3% |
|  1 |  2% |  3% |
Finished training it 100/170 of epoch 9 and time taken 0.10499808955192566, 38.38 ms/it, loss 0.479799, accuracy 76.891 %
| ID | GPU | MEM |
------------------
|  0 | 29% |  3% |
|  1 |  3% |  3% |
| ID | GPU | MEM |
------------------
|  0 | 32% |  3% |
|  1 |  2% |  3% |
| ID | GPU | MEM |
------------------
|  0 | 37% |  3% |
|  1 |  2% |  3% |
| ID | GPU | MEM |
------------------
|  0 | 33% |  3% |
|  1 |  3% |  3% |
| ID | GPU | MEM |
------------------
|  0 | 36% |  3% |
|  1 |  3% |  3% |
| ID | GPU | MEM |
------------------
|  0 | 36% |  3% |
|  1 |  3% |  3% |
| ID | GPU | MEM |
------------------
|  0 | 34% |  3% |
|  1 |  3% |  3% |
| ID | GPU | MEM |
------------------
|  0 | 33% |  3% |
|  1 |  3% |  3% |
| ID | GPU | MEM |
------------------
|  0 | 38% |  3% |
|  1 |  3% |  3% |
| ID | GPU | MEM |
------------------
|  0 | 36% |  3% |
|  1 |  3% |  3% |
| ID | GPU | MEM |
------------------
|  0 | 33% |  3% |
|  1 |  3% |  3% |
| ID | GPU | MEM |
------------------
|  0 | 14% |  3% |
|  1 |  3% |  3% |
| ID | GPU | MEM |
------------------
|  0 | 39% |  3% |
|  1 |  3% |  3% |
| ID | GPU | MEM |
------------------
|  0 | 35% |  3% |
|  1 |  3% |  3% |
| ID | GPU | MEM |
------------------
|  0 | 38% |  3% |
|  1 |  3% |  3% |
| ID | GPU | MEM |
------------------
|  0 | 39% |  3% |
|  1 |  3% |  3% |
| ID | GPU | MEM |
------------------
|  0 | 34% |  3% |
|  1 |  3% |  3% |
| ID | GPU | MEM |
------------------
|  0 | 33% |  3% |
|  1 |  2% |  3% |
| ID | GPU | MEM |
------------------
|  0 | 34% |  3% |
|  1 |  2% |  3% |
| ID | GPU | MEM |
------------------
|  0 | 40% |  3% |
|  1 |  3% |  3% |
| ID | GPU | MEM |
------------------
|  0 | 35% |  3% |
|  1 |  3% |  3% |
| ID | GPU | MEM |
------------------
|  0 | 40% |  3% |
|  1 |  2% |  3% |
| ID | GPU | MEM |
------------------
|  0 | 33% |  3% |
|  1 |  3% |  3% |
| ID | GPU | MEM |
------------------
|  0 | 31% |  3% |
|  1 |  4% |  3% |
Finished training it 170/170 of epoch 9 and time taken 0.10913609433174133, 38.44 ms/it, loss 0.468999, accuracy 77.928 %
Starting Test loop
| ID | GPU | MEM |
------------------
|  0 | 47% |  3% |
|  1 |  3% |  3% |
| ID | GPU | MEM |
------------------
|  0 |  3% |  3% |
|  1 |  2% |  3% |
Test loop ended
Testing at - 170/170 of epoch 9, loss 0.352107, accuracy 85.787 %, best 85.787 %
Finished epoch 9
Finished the program
| ID | GPU | MEM |
------------------
|  0 |  4% |  3% |
|  1 |  3% |  3% |
