python3: no process found

clgpu002:17355:17355 [0] misc/ibvwrap.cc:63 NCCL WARN Failed to open libibverbs.so[.1]
Using 1 GPU(s)...
Sparse features= 9, Dense features= 24
Sparse features= 9, Dense features= 24
time/loss/accuracy (if enabled):
0
| ID | GPU | MEM |
------------------
|  0 |  9% |  3% |
|  1 |  0% |  0% |
1
| ID | GPU | MEM |
------------------
|  0 |  6% |  3% |
|  1 |  0% |  0% |
2
3
| ID | GPU | MEM |
------------------
|  0 |  6% |  3% |
|  1 |  0% |  0% |
4
5
| ID | GPU | MEM |
------------------
|  0 | 52% |  3% |
|  1 |  0% |  0% |
6
7
8
| ID | GPU | MEM |
------------------
|  0 | 52% |  3% |
|  1 |  0% |  0% |
9
10
11
| ID | GPU | MEM |
------------------
|  0 | 47% |  3% |
|  1 |  0% |  0% |
12
13
14
| ID | GPU | MEM |
------------------
|  0 | 45% |  3% |
|  1 |  0% |  0% |
15
16
17
| ID | GPU | MEM |
------------------
|  0 | 45% |  3% |
|  1 |  0% |  0% |
18
19
20
| ID | GPU | MEM |
------------------
|  0 | 50% |  3% |
|  1 |  0% |  0% |
21
22
23
| ID | GPU | MEM |
------------------
|  0 | 42% |  3% |
|  1 |  0% |  0% |
24
25
26
| ID | GPU | MEM |
------------------
|  0 | 42% |  3% |
|  1 |  0% |  0% |
27
28
29
| ID | GPU | MEM |
------------------
|  0 | 56% |  3% |
|  1 |  0% |  0% |
30
31
32
| ID | GPU | MEM |
------------------
|  0 | 38% |  3% |
|  1 |  0% |  0% |
33
34
35
| ID | GPU | MEM |
------------------
|  0 | 38% |  3% |
|  1 |  0% |  0% |
36
37
38
| ID | GPU | MEM |
------------------
|  0 | 54% |  3% |
|  1 |  0% |  0% |
39
40
41
| ID | GPU | MEM |
------------------
|  0 | 54% |  3% |
|  1 |  0% |  0% |
42
43
44
| ID | GPU | MEM |
------------------
|  0 | 37% |  3% |
|  1 |  0% |  0% |
45
46
47
| ID | GPU | MEM |
------------------
|  0 | 35% |  3% |
|  1 |  0% |  0% |
48
49
50
| ID | GPU | MEM |
------------------
|  0 | 35% |  3% |
|  1 |  0% |  0% |
51
52
53
| ID | GPU | MEM |
------------------
|  0 | 55% |  3% |
|  1 |  0% |  0% |
54
55
56
| ID | GPU | MEM |
------------------
|  0 | 55% |  3% |
|  1 |  0% |  0% |
57
58
59
| ID | GPU | MEM |
------------------
|  0 | 37% |  3% |
|  1 |  0% |  0% |
60
61
62
| ID | GPU | MEM |
------------------
|  0 | 43% |  3% |
|  1 |  0% |  0% |
63
64
65
| ID | GPU | MEM |
------------------
|  0 | 43% |  3% |
|  1 |  0% |  0% |
66
67
68
| ID | GPU | MEM |
------------------
|  0 | 51% |  3% |
|  1 |  0% |  0% |
69
70
71
| ID | GPU | MEM |
------------------
|  0 | 40% |  3% |
|  1 |  0% |  0% |
72
73
74
| ID | GPU | MEM |
------------------
|  0 | 40% |  3% |
|  1 |  0% |  0% |
75
76
77
| ID | GPU | MEM |
------------------
|  0 | 51% |  3% |
|  1 |  0% |  0% |
78
79
80
| ID | GPU | MEM |
------------------
|  0 | 51% |  3% |
|  1 |  0% |  0% |
81
82
83
| ID | GPU | MEM |
------------------
|  0 | 39% |  3% |
|  1 |  0% |  0% |
84
85
86
| ID | GPU | MEM |
------------------
|  0 | 43% |  3% |
|  1 |  0% |  0% |
87
88
89
| ID | GPU | MEM |
------------------
|  0 | 43% |  3% |
|  1 |  0% |  0% |
90
91
92
| ID | GPU | MEM |
------------------
|  0 | 50% |  3% |
|  1 |  0% |  0% |
93
94
95
| ID | GPU | MEM |
------------------
|  0 | 37% |  3% |
|  1 |  0% |  0% |
96
97
98
| ID | GPU | MEM |
------------------
|  0 | 37% |  3% |
|  1 |  0% |  0% |
99
Finished training it 100/170 of epoch 0 and time taken 0.0037322516441345216, 28.89 ms/it, loss 0.661665, accuracy 60.377 %
100
101
| ID | GPU | MEM |
------------------
|  0 | 50% |  3% |
|  1 |  0% |  0% |
102
103
104
| ID | GPU | MEM |
------------------
|  0 | 50% |  3% |
|  1 |  0% |  0% |
105
106
| ID | GPU | MEM |
------------------
|  0 | 40% |  3% |
|  1 |  0% |  0% |
107
108
109
| ID | GPU | MEM |
------------------
|  0 | 46% |  3% |
|  1 |  0% |  0% |
110
111
112
| ID | GPU | MEM |
------------------
|  0 | 46% |  3% |
|  1 |  0% |  0% |
113
114
115
| ID | GPU | MEM |
------------------
|  0 | 50% |  3% |
|  1 |  0% |  0% |
116
117
118
| ID | GPU | MEM |
------------------
|  0 | 50% |  3% |
|  1 |  0% |  0% |
119
120
| ID | GPU | MEM |
------------------
|  0 | 41% |  3% |
|  1 |  0% |  0% |
121
122
123
| ID | GPU | MEM |
------------------
|  0 | 41% |  3% |
|  1 |  0% |  0% |
124
125
| ID | GPU | MEM |
------------------
|  0 | 29% |  3% |
|  1 |  0% |  0% |
126
127
128
| ID | GPU | MEM |
------------------
|  0 | 29% |  3% |
|  1 |  0% |  0% |
129
130
131
| ID | GPU | MEM |
------------------
|  0 | 54% |  3% |
|  1 |  0% |  0% |
132
133
134
| ID | GPU | MEM |
------------------
|  0 | 39% |  3% |
|  1 |  0% |  0% |
135
136
137
| ID | GPU | MEM |
------------------
|  0 | 39% |  3% |
|  1 |  0% |  0% |
138
139
140
| ID | GPU | MEM |
------------------
|  0 | 55% |  3% |
|  1 |  0% |  0% |
141
142
143
| ID | GPU | MEM |
------------------
|  0 | 55% |  3% |
|  1 |  0% |  0% |
144
145
146
| ID | GPU | MEM |
------------------
|  0 | 34% |  3% |
|  1 |  0% |  0% |
147
148
149
| ID | GPU | MEM |
------------------
|  0 | 34% |  3% |
|  1 |  0% |  0% |
150
151
152
| ID | GPU | MEM |
------------------
|  0 | 31% |  3% |
|  1 |  0% |  0% |
153
154
155
| ID | GPU | MEM |
------------------
|  0 | 31% |  3% |
|  1 |  0% |  0% |
156
157
158
| ID | GPU | MEM |
------------------
|  0 | 38% |  3% |
|  1 |  0% |  0% |
159
160
161
| ID | GPU | MEM |
------------------
|  0 | 42% |  3% |
|  1 |  0% |  0% |
162
163
164
| ID | GPU | MEM |
------------------
|  0 | 42% |  3% |
|  1 |  0% |  0% |
165
166
| ID | GPU | MEM |
------------------
|  0 | 52% |  3% |
|  1 |  0% |  0% |
167
168
169
Finished training it 170/170 of epoch 0 and time taken 0.006162746667861939, 24.42 ms/it, loss 0.654115, accuracy 61.168 %
Starting Test loop
| ID | GPU | MEM |
------------------
|  0 | 33% |  3% |
|  1 |  0% |  0% |
| ID | GPU | MEM |
------------------
|  0 | 33% |  3% |
|  1 |  0% |  0% |
| ID | GPU | MEM |
------------------
|  0 | 10% |  3% |
|  1 |  0% |  0% |
Test loop ended
Testing at - 170/170 of epoch 0, loss 0.628509, accuracy 64.165 %, best 64.165 %
Finished epoch 0
0
| ID | GPU | MEM |
------------------
|  0 | 10% |  3% |
|  1 |  0% |  0% |
1
2
3
| ID | GPU | MEM |
------------------
|  0 | 10% |  3% |
|  1 |  0% |  0% |
4
5
6
| ID | GPU | MEM |
------------------
|  0 | 37% |  3% |
|  1 |  0% |  0% |
7
8
9
| ID | GPU | MEM |
------------------
|  0 | 37% |  3% |
|  1 |  0% |  0% |
10
11
12
| ID | GPU | MEM |
------------------
|  0 | 32% |  3% |
|  1 |  0% |  0% |
13
14
| ID | GPU | MEM |
------------------
|  0 | 32% |  3% |
|  1 |  0% |  0% |
15
16
17
| ID | GPU | MEM |
------------------
|  0 | 42% |  3% |
|  1 |  0% |  0% |
18
19
20
| ID | GPU | MEM |
------------------
|  0 | 36% |  3% |
|  1 |  0% |  0% |
21
22
23
| ID | GPU | MEM |
------------------
|  0 | 36% |  3% |
|  1 |  0% |  0% |
24
25
26
| ID | GPU | MEM |
------------------
|  0 | 52% |  3% |
|  1 |  0% |  0% |
27
28
29
| ID | GPU | MEM |
------------------
|  0 | 37% |  3% |
|  1 |  0% |  0% |
30
31
32
| ID | GPU | MEM |
------------------
|  0 | 37% |  3% |
|  1 |  0% |  0% |
33
34
35
| ID | GPU | MEM |
------------------
|  0 | 52% |  3% |
|  1 |  0% |  0% |
36
37
38
| ID | GPU | MEM |
------------------
|  0 | 42% |  3% |
|  1 |  0% |  0% |
39
40
| ID | GPU | MEM |
------------------
|  0 | 42% |  3% |
|  1 |  0% |  0% |
41
42
43
| ID | GPU | MEM |
------------------
|  0 | 40% |  3% |
|  1 |  0% |  0% |
44
45
46
| ID | GPU | MEM |
------------------
|  0 | 40% |  3% |
|  1 |  0% |  0% |
47
48
49
| ID | GPU | MEM |
------------------
|  0 | 57% |  3% |
|  1 |  0% |  0% |
50
51
| ID | GPU | MEM |
------------------
|  0 | 36% |  3% |
|  1 |  0% |  0% |
52
53
| ID | GPU | MEM |
------------------
|  0 | 36% |  3% |
|  1 |  0% |  0% |
54
55
| ID | GPU | MEM |
------------------
|  0 | 36% |  3% |
|  1 |  0% |  0% |
56
57
58
| ID | GPU | MEM |
------------------
|  0 | 43% |  3% |
|  1 |  0% |  0% |
59
60
61
| ID | GPU | MEM |
------------------
|  0 | 43% |  3% |
|  1 |  0% |  0% |
62
63
| ID | GPU | MEM |
------------------
|  0 | 39% |  3% |
|  1 |  0% |  0% |
64
65
| ID | GPU | MEM |
------------------
|  0 | 39% |  3% |
|  1 |  0% |  0% |
66
67
68
| ID | GPU | MEM |
------------------
|  0 | 43% |  3% |
|  1 |  0% |  0% |
69
70
| ID | GPU | MEM |
------------------
|  0 | 43% |  3% |
|  1 |  0% |  0% |
71
72
73
| ID | GPU | MEM |
------------------
|  0 | 44% |  3% |
|  1 |  0% |  0% |
74
75
76
| ID | GPU | MEM |
------------------
|  0 | 37% |  3% |
|  1 |  0% |  0% |
77
78
79
| ID | GPU | MEM |
------------------
|  0 | 37% |  3% |
|  1 |  0% |  0% |
80
81
82
| ID | GPU | MEM |
------------------
|  0 | 52% |  3% |
|  1 |  0% |  0% |
83
84
| ID | GPU | MEM |
------------------
|  0 | 52% |  3% |
|  1 |  0% |  0% |
85
86
| ID | GPU | MEM |
------------------
|  0 | 49% |  3% |
|  1 |  0% |  0% |
87
88
89
| ID | GPU | MEM |
------------------
|  0 | 45% |  3% |
|  1 |  0% |  0% |
90
91
| ID | GPU | MEM |
------------------
|  0 | 45% |  3% |
|  1 |  0% |  0% |
92
93
94
| ID | GPU | MEM |
------------------
|  0 | 47% |  3% |
|  1 |  0% |  0% |
95
96
97
| ID | GPU | MEM |
------------------
|  0 | 47% |  3% |
|  1 |  0% |  0% |
98
99
Finished training it 100/170 of epoch 1 and time taken 0.009950287342071533, 26.56 ms/it, loss 0.671014, accuracy 59.414 %
| ID | GPU | MEM |
------------------
|  0 | 47% |  3% |
|  1 |  0% |  0% |
100
101
102
| ID | GPU | MEM |
------------------
|  0 | 41% |  3% |
|  1 |  0% |  0% |
103
104
105
| ID | GPU | MEM |
------------------
|  0 | 42% |  3% |
|  1 |  0% |  0% |
106
107
108
| ID | GPU | MEM |
------------------
|  0 | 42% |  3% |
|  1 |  0% |  0% |
109
110
111
| ID | GPU | MEM |
------------------
|  0 | 49% |  3% |
|  1 |  0% |  0% |
112
113
114
| ID | GPU | MEM |
------------------
|  0 | 39% |  3% |
|  1 |  0% |  0% |
115
116
117
| ID | GPU | MEM |
------------------
|  0 | 39% |  3% |
|  1 |  0% |  0% |
118
119
120
| ID | GPU | MEM |
------------------
|  0 | 53% |  3% |
|  1 |  0% |  0% |
121
122
123
| ID | GPU | MEM |
------------------
|  0 | 41% |  3% |
|  1 |  0% |  0% |
124
125
| ID | GPU | MEM |
------------------
|  0 | 41% |  3% |
|  1 |  0% |  0% |
126
127
| ID | GPU | MEM |
------------------
|  0 | 49% |  3% |
|  1 |  0% |  0% |
128
129
130
| ID | GPU | MEM |
------------------
|  0 | 49% |  3% |
|  1 |  0% |  0% |
131
132
133
| ID | GPU | MEM |
------------------
|  0 | 49% |  3% |
|  1 |  0% |  0% |
134
135
136
| ID | GPU | MEM |
------------------
|  0 | 35% |  3% |
|  1 |  0% |  0% |
137
138
| ID | GPU | MEM |
------------------
|  0 | 35% |  3% |
|  1 |  0% |  0% |
139
140
141
| ID | GPU | MEM |
------------------
|  0 | 42% |  3% |
|  1 |  0% |  0% |
142
143
144
| ID | GPU | MEM |
------------------
|  0 | 42% |  3% |
|  1 |  0% |  0% |
145
146
147
| ID | GPU | MEM |
------------------
|  0 | 42% |  3% |
|  1 |  0% |  0% |
148
149
| ID | GPU | MEM |
------------------
|  0 | 52% |  3% |
|  1 |  0% |  0% |
150
151
152
| ID | GPU | MEM |
------------------
|  0 | 52% |  3% |
|  1 |  0% |  0% |
153
154
155
| ID | GPU | MEM |
------------------
|  0 | 39% |  3% |
|  1 |  0% |  0% |
156
157
158
| ID | GPU | MEM |
------------------
|  0 | 47% |  3% |
|  1 |  0% |  0% |
159
160
| ID | GPU | MEM |
------------------
|  0 | 47% |  3% |
|  1 |  0% |  0% |
161
162
163
| ID | GPU | MEM |
------------------
|  0 | 49% |  3% |
|  1 |  0% |  0% |
164
165
166
| ID | GPU | MEM |
------------------
|  0 | 49% |  3% |
|  1 |  0% |  0% |
167
168
169
| ID | GPU | MEM |
------------------
|  0 | 33% |  3% |
|  1 |  0% |  0% |
Finished training it 170/170 of epoch 1 and time taken 0.012365878105163574, 25.36 ms/it, loss 0.664500, accuracy 60.443 %
Starting Test loop
| ID | GPU | MEM |
------------------
|  0 | 33% |  3% |
|  1 |  0% |  0% |
| ID | GPU | MEM |
------------------
|  0 | 33% |  3% |
|  1 |  0% |  0% |
Test loop ended
Testing at - 170/170 of epoch 1, loss 0.661905, accuracy 60.399 %, best 64.165 %
Finished epoch 1
0
| ID | GPU | MEM |
------------------
|  0 | 10% |  3% |
|  1 |  0% |  0% |
1
2
3
| ID | GPU | MEM |
------------------
|  0 | 10% |  3% |
|  1 |  0% |  0% |
4
5
6
| ID | GPU | MEM |
------------------
|  0 | 34% |  3% |
|  1 |  0% |  0% |
7
8
9
| ID | GPU | MEM |
------------------
|  0 | 42% |  3% |
|  1 |  0% |  0% |
10
11
12
| ID | GPU | MEM |
------------------
|  0 | 42% |  3% |
|  1 |  0% |  0% |
13
14
15
| ID | GPU | MEM |
------------------
|  0 | 50% |  3% |
|  1 |  0% |  0% |
16
17
18
| ID | GPU | MEM |
------------------
|  0 | 45% |  3% |
|  1 |  0% |  0% |
19
20
| ID | GPU | MEM |
------------------
|  0 | 45% |  3% |
|  1 |  0% |  0% |
21
22
23
| ID | GPU | MEM |
------------------
|  0 | 51% |  3% |
|  1 |  0% |  0% |
24
25
26
| ID | GPU | MEM |
------------------
|  0 | 51% |  3% |
|  1 |  0% |  0% |
27
28
29
| ID | GPU | MEM |
------------------
|  0 | 42% |  3% |
|  1 |  0% |  0% |
30
31
32
| ID | GPU | MEM |
------------------
|  0 | 46% |  3% |
|  1 |  0% |  0% |
33
34
| ID | GPU | MEM |
------------------
|  0 | 46% |  3% |
|  1 |  0% |  0% |
35
36
37
| ID | GPU | MEM |
------------------
|  0 | 45% |  3% |
|  1 |  0% |  0% |
38
39
40
| ID | GPU | MEM |
------------------
|  0 | 45% |  3% |
|  1 |  0% |  0% |
41
42
43
| ID | GPU | MEM |
------------------
|  0 | 36% |  3% |
|  1 |  0% |  0% |
44
45
| ID | GPU | MEM |
------------------
|  0 | 36% |  3% |
|  1 |  0% |  0% |
46
47
48
| ID | GPU | MEM |
------------------
|  0 | 40% |  3% |
|  1 |  0% |  0% |
49
50
51
| ID | GPU | MEM |
------------------
|  0 | 40% |  3% |
|  1 |  0% |  0% |
52
53
54
| ID | GPU | MEM |
------------------
|  0 | 53% |  3% |
|  1 |  0% |  0% |
55
56
57
| ID | GPU | MEM |
------------------
|  0 | 53% |  3% |
|  1 |  0% |  0% |
58
59
60
| ID | GPU | MEM |
------------------
|  0 | 45% |  3% |
|  1 |  0% |  0% |
61
62
63
| ID | GPU | MEM |
------------------
|  0 | 45% |  3% |
|  1 |  0% |  0% |
64
65
66
| ID | GPU | MEM |
------------------
|  0 | 45% |  3% |
|  1 |  0% |  0% |
67
68
| ID | GPU | MEM |
------------------
|  0 | 52% |  3% |
|  1 |  0% |  0% |
69
70
71
| ID | GPU | MEM |
------------------
|  0 | 52% |  3% |
|  1 |  0% |  0% |
72
73
| ID | GPU | MEM |
------------------
|  0 | 36% |  3% |
|  1 |  0% |  0% |
74
75
76
| ID | GPU | MEM |
------------------
|  0 | 36% |  3% |
|  1 |  0% |  0% |
77
78
| ID | GPU | MEM |
------------------
|  0 | 39% |  3% |
|  1 |  0% |  0% |
79
80
81
| ID | GPU | MEM |
------------------
|  0 | 39% |  3% |
|  1 |  0% |  0% |
82
83
| ID | GPU | MEM |
------------------
|  0 | 42% |  3% |
|  1 |  0% |  0% |
84
85
86
| ID | GPU | MEM |
------------------
|  0 | 48% |  3% |
|  1 |  0% |  0% |
87
88
89
| ID | GPU | MEM |
------------------
|  0 | 48% |  3% |
|  1 |  0% |  0% |
90
91
92
| ID | GPU | MEM |
------------------
|  0 | 53% |  3% |
|  1 |  0% |  0% |
93
94
95
| ID | GPU | MEM |
------------------
|  0 | 41% |  3% |
|  1 |  0% |  0% |
96
97
98
| ID | GPU | MEM |
------------------
|  0 | 41% |  3% |
|  1 |  0% |  0% |
99
Finished training it 100/170 of epoch 2 and time taken 0.01613486361503601, 25.66 ms/it, loss 0.657425, accuracy 61.264 %
100
101
| ID | GPU | MEM |
------------------
|  0 | 53% |  3% |
|  1 |  0% |  0% |
102
103
104
| ID | GPU | MEM |
------------------
|  0 | 53% |  3% |
|  1 |  0% |  0% |
105
106
| ID | GPU | MEM |
------------------
|  0 | 35% |  3% |
|  1 |  0% |  0% |
107
108
109
| ID | GPU | MEM |
------------------
|  0 | 35% |  3% |
|  1 |  0% |  0% |
110
111
112
| ID | GPU | MEM |
------------------
|  0 | 35% |  3% |
|  1 |  0% |  0% |
113
114
| ID | GPU | MEM |
------------------
|  0 | 35% |  3% |
|  1 |  0% |  0% |
115
116
117
| ID | GPU | MEM |
------------------
|  0 | 43% |  3% |
|  1 |  0% |  0% |
118
119
120
| ID | GPU | MEM |
------------------
|  0 | 40% |  3% |
|  1 |  0% |  0% |
121
122
123
| ID | GPU | MEM |
------------------
|  0 | 40% |  3% |
|  1 |  0% |  0% |
124
125
| ID | GPU | MEM |
------------------
|  0 | 49% |  3% |
|  1 |  0% |  0% |
126
127
128
| ID | GPU | MEM |
------------------
|  0 | 49% |  3% |
|  1 |  0% |  0% |
129
130
131
| ID | GPU | MEM |
------------------
|  0 | 39% |  3% |
|  1 |  0% |  0% |
132
133
| ID | GPU | MEM |
------------------
|  0 | 39% |  3% |
|  1 |  0% |  0% |
134
135
136
| ID | GPU | MEM |
------------------
|  0 | 53% |  3% |
|  1 |  0% |  0% |
137
138
| ID | GPU | MEM |
------------------
|  0 | 53% |  3% |
|  1 |  0% |  0% |
139
140
141
| ID | GPU | MEM |
------------------
|  0 | 43% |  3% |
|  1 |  0% |  0% |
142
143
144
145
| ID | GPU | MEM |
------------------
|  0 | 43% |  3% |
|  1 |  0% |  0% |
146
147
| ID | GPU | MEM |
------------------
|  0 | 39% |  3% |
|  1 |  0% |  0% |
148
149
150
| ID | GPU | MEM |
------------------
|  0 | 49% |  3% |
|  1 |  0% |  0% |
151
152
153
| ID | GPU | MEM |
------------------
|  0 | 49% |  3% |
|  1 |  0% |  0% |
154
155
156
| ID | GPU | MEM |
------------------
|  0 | 50% |  3% |
|  1 |  0% |  0% |
157
158
159
| ID | GPU | MEM |
------------------
|  0 | 45% |  3% |
|  1 |  0% |  0% |
160
161
162
| ID | GPU | MEM |
------------------
|  0 | 45% |  3% |
|  1 |  0% |  0% |
163
164
165
| ID | GPU | MEM |
------------------
|  0 | 52% |  3% |
|  1 |  0% |  0% |
166
167
168
| ID | GPU | MEM |
------------------
|  0 | 37% |  3% |
|  1 |  0% |  0% |
169
Finished training it 170/170 of epoch 2 and time taken 0.018602869510650634, 26.90 ms/it, loss 0.651569, accuracy 61.763 %
Starting Test loop
| ID | GPU | MEM |
------------------
|  0 | 37% |  3% |
|  1 |  0% |  0% |
| ID | GPU | MEM |
------------------
|  0 | 28% |  3% |
|  1 |  0% |  0% |
Test loop ended
Testing at - 170/170 of epoch 2, loss 0.632330, accuracy 65.736 %, best 65.736 %
Finished epoch 2
0
| ID | GPU | MEM |
------------------
|  0 | 28% |  3% |
|  1 |  0% |  0% |
1
2
| ID | GPU | MEM |
------------------
|  0 | 18% |  3% |
|  1 |  0% |  0% |
3
4
5
| ID | GPU | MEM |
------------------
|  0 | 18% |  3% |
|  1 |  0% |  0% |
6
7
8
| ID | GPU | MEM |
------------------
|  0 | 49% |  3% |
|  1 |  0% |  0% |
9
10
11
| ID | GPU | MEM |
------------------
|  0 | 49% |  3% |
|  1 |  0% |  0% |
12
13
14
| ID | GPU | MEM |
------------------
|  0 | 38% |  3% |
|  1 |  0% |  0% |
15
16
17
| ID | GPU | MEM |
------------------
|  0 | 38% |  3% |
|  1 |  0% |  0% |
18
19
20
| ID | GPU | MEM |
------------------
|  0 | 47% |  3% |
|  1 |  0% |  0% |
21
22
| ID | GPU | MEM |
------------------
|  0 | 39% |  3% |
|  1 |  0% |  0% |
23
24
25
| ID | GPU | MEM |
------------------
|  0 | 39% |  3% |
|  1 |  0% |  0% |
26
27
| ID | GPU | MEM |
------------------
|  0 | 38% |  3% |
|  1 |  0% |  0% |
28
29
30
| ID | GPU | MEM |
------------------
|  0 | 38% |  3% |
|  1 |  0% |  0% |
31
32
| ID | GPU | MEM |
------------------
|  0 | 28% |  3% |
|  1 |  0% |  0% |
33
34
35
| ID | GPU | MEM |
------------------
|  0 | 28% |  3% |
|  1 |  0% |  0% |
36
37
| ID | GPU | MEM |
------------------
|  0 | 47% |  3% |
|  1 |  0% |  0% |
38
39
| ID | GPU | MEM |
------------------
|  0 | 47% |  3% |
|  1 |  0% |  0% |
40
41
42
| ID | GPU | MEM |
------------------
|  0 | 24% |  3% |
|  1 |  0% |  0% |
43
44
| ID | GPU | MEM |
------------------
|  0 | 24% |  3% |
|  1 |  0% |  0% |
45
46
47
| ID | GPU | MEM |
------------------
|  0 | 37% |  3% |
|  1 |  0% |  0% |
48
49
| ID | GPU | MEM |
------------------
|  0 | 37% |  3% |
|  1 |  0% |  0% |
50
51
52
| ID | GPU | MEM |
------------------
|  0 | 47% |  3% |
|  1 |  0% |  0% |
53
54
| ID | GPU | MEM |
------------------
|  0 | 47% |  3% |
|  1 |  0% |  0% |
55
56
57
| ID | GPU | MEM |
------------------
|  0 | 34% |  3% |
|  1 |  0% |  0% |
58
59
| ID | GPU | MEM |
------------------
|  0 | 34% |  3% |
|  1 |  0% |  0% |
60
61
62
| ID | GPU | MEM |
------------------
|  0 | 38% |  3% |
|  1 |  0% |  0% |
63
64
| ID | GPU | MEM |
------------------
|  0 | 38% |  3% |
|  1 |  0% |  0% |
65
66
67
| ID | GPU | MEM |
------------------
|  0 | 38% |  3% |
|  1 |  0% |  0% |
68
69
70
| ID | GPU | MEM |
------------------
|  0 | 48% |  3% |
|  1 |  0% |  0% |
71
72
| ID | GPU | MEM |
------------------
|  0 | 48% |  3% |
|  1 |  0% |  0% |
73
74
75
| ID | GPU | MEM |
------------------
|  0 | 30% |  3% |
|  1 |  0% |  0% |
76
77
78
| ID | GPU | MEM |
------------------
|  0 | 30% |  3% |
|  1 |  0% |  0% |
79
80
81
| ID | GPU | MEM |
------------------
|  0 | 27% |  3% |
|  1 |  0% |  0% |
82
83
| ID | GPU | MEM |
------------------
|  0 | 27% |  3% |
|  1 |  0% |  0% |
84
85
86
| ID | GPU | MEM |
------------------
|  0 | 36% |  3% |
|  1 |  0% |  0% |
87
88
89
| ID | GPU | MEM |
------------------
|  0 | 36% |  3% |
|  1 |  0% |  0% |
90
91
92
| ID | GPU | MEM |
------------------
|  0 | 51% |  3% |
|  1 |  0% |  0% |
93
94
95
| ID | GPU | MEM |
------------------
|  0 | 38% |  3% |
|  1 |  0% |  0% |
96
97
98
| ID | GPU | MEM |
------------------
|  0 | 38% |  3% |
|  1 |  0% |  0% |
99
Finished training it 100/170 of epoch 3 and time taken 0.022331150770187377, 25.24 ms/it, loss 0.638185, accuracy 63.807 %
100
101
| ID | GPU | MEM |
------------------
|  0 | 54% |  3% |
|  1 |  0% |  0% |
102
103
| ID | GPU | MEM |
------------------
|  0 | 54% |  3% |
|  1 |  0% |  0% |
104
105
106
| ID | GPU | MEM |
------------------
|  0 | 31% |  3% |
|  1 |  0% |  0% |
107
108
| ID | GPU | MEM |
------------------
|  0 | 31% |  3% |
|  1 |  0% |  0% |
109
110
111
| ID | GPU | MEM |
------------------
|  0 | 50% |  3% |
|  1 |  0% |  0% |
112
113
114
| ID | GPU | MEM |
------------------
|  0 | 50% |  3% |
|  1 |  0% |  0% |
115
116
| ID | GPU | MEM |
------------------
|  0 | 27% |  3% |
|  1 |  0% |  0% |
117
118
119
| ID | GPU | MEM |
------------------
|  0 | 27% |  3% |
|  1 |  0% |  0% |
120
121
| ID | GPU | MEM |
------------------
|  0 | 39% |  3% |
|  1 |  0% |  0% |
122
123
124
| ID | GPU | MEM |
------------------
|  0 | 39% |  3% |
|  1 |  0% |  0% |
125
126
127
| ID | GPU | MEM |
------------------
|  0 | 46% |  3% |
|  1 |  0% |  0% |
128
129
| ID | GPU | MEM |
------------------
|  0 | 46% |  3% |
|  1 |  0% |  0% |
130
131
| ID | GPU | MEM |
------------------
|  0 | 24% |  3% |
|  1 |  0% |  0% |
132
133
134
| ID | GPU | MEM |
------------------
|  0 | 24% |  3% |
|  1 |  0% |  0% |
135
136
137
| ID | GPU | MEM |
------------------
|  0 | 47% |  3% |
|  1 |  0% |  0% |
138
139
140
| ID | GPU | MEM |
------------------
|  0 | 36% |  3% |
|  1 |  0% |  0% |
141
142
| ID | GPU | MEM |
------------------
|  0 | 36% |  3% |
|  1 |  0% |  0% |
143
144
145
| ID | GPU | MEM |
------------------
|  0 | 51% |  3% |
|  1 |  0% |  0% |
146
147
148
| ID | GPU | MEM |
------------------
|  0 | 51% |  3% |
|  1 |  0% |  0% |
149
150
151
| ID | GPU | MEM |
------------------
|  0 | 39% |  3% |
|  1 |  0% |  0% |
152
153
154
| ID | GPU | MEM |
------------------
|  0 | 44% |  3% |
|  1 |  0% |  0% |
155
156
157
| ID | GPU | MEM |
------------------
|  0 | 44% |  3% |
|  1 |  0% |  0% |
158
159
160
| ID | GPU | MEM |
------------------
|  0 | 46% |  3% |
|  1 |  0% |  0% |
161
162
163
| ID | GPU | MEM |
------------------
|  0 | 38% |  3% |
|  1 |  0% |  0% |
164
165
| ID | GPU | MEM |
------------------
|  0 | 38% |  3% |
|  1 |  0% |  0% |
166
167
168
| ID | GPU | MEM |
------------------
|  0 | 38% |  3% |
|  1 |  0% |  0% |
169
Finished training it 170/170 of epoch 3 and time taken 0.02475481724739075, 23.19 ms/it, loss 0.643575, accuracy 63.394 %
Starting Test loop
| ID | GPU | MEM |
------------------
|  0 | 42% |  3% |
|  1 |  0% |  0% |
| ID | GPU | MEM |
------------------
|  0 | 42% |  3% |
|  1 |  0% |  0% |
Test loop ended
Testing at - 170/170 of epoch 3, loss 0.647784, accuracy 63.136 %, best 65.736 %
Finished epoch 3
0
| ID | GPU | MEM |
------------------
|  0 | 10% |  3% |
|  1 |  0% |  0% |
1
2
| ID | GPU | MEM |
------------------
|  0 | 10% |  3% |
|  1 |  0% |  0% |
3
4
5
| ID | GPU | MEM |
------------------
|  0 | 32% |  3% |
|  1 |  0% |  0% |
6
7
| ID | GPU | MEM |
------------------
|  0 | 32% |  3% |
|  1 |  0% |  0% |
8
9
10
| ID | GPU | MEM |
------------------
|  0 | 34% |  3% |
|  1 |  0% |  0% |
11
12
| ID | GPU | MEM |
------------------
|  0 | 34% |  3% |
|  1 |  0% |  0% |
13
14
15
| ID | GPU | MEM |
------------------
|  0 | 43% |  3% |
|  1 |  0% |  0% |
16
17
18
| ID | GPU | MEM |
------------------
|  0 | 43% |  3% |
|  1 |  0% |  0% |
19
20
21
| ID | GPU | MEM |
------------------
|  0 | 24% |  3% |
|  1 |  0% |  0% |
22
23
| ID | GPU | MEM |
------------------
|  0 | 24% |  3% |
|  1 |  0% |  0% |
24
25
26
| ID | GPU | MEM |
------------------
|  0 | 44% |  3% |
|  1 |  0% |  0% |
27
28
| ID | GPU | MEM |
------------------
|  0 | 44% |  3% |
|  1 |  0% |  0% |
29
30
31
| ID | GPU | MEM |
------------------
|  0 | 31% |  3% |
|  1 |  0% |  0% |
32
33
34
| ID | GPU | MEM |
------------------
|  0 | 31% |  3% |
|  1 |  0% |  0% |
35
36
37
| ID | GPU | MEM |
------------------
|  0 | 26% |  3% |
|  1 |  0% |  0% |
38
39
40
| ID | GPU | MEM |
------------------
|  0 | 26% |  3% |
|  1 |  0% |  0% |
41
42
| ID | GPU | MEM |
------------------
|  0 | 28% |  3% |
|  1 |  0% |  0% |
43
44
45
| ID | GPU | MEM |
------------------
|  0 | 28% |  3% |
|  1 |  0% |  0% |
46
47
48
| ID | GPU | MEM |
------------------
|  0 | 51% |  3% |
|  1 |  0% |  0% |
49
50
51
| ID | GPU | MEM |
------------------
|  0 | 51% |  3% |
|  1 |  0% |  0% |
52
53
54
| ID | GPU | MEM |
------------------
|  0 | 46% |  3% |
|  1 |  0% |  0% |
55
56
57
| ID | GPU | MEM |
------------------
|  0 | 41% |  3% |
|  1 |  0% |  0% |
58
59
60
| ID | GPU | MEM |
------------------
|  0 | 41% |  3% |
|  1 |  0% |  0% |
61
62
63
| ID | GPU | MEM |
------------------
|  0 | 54% |  3% |
|  1 |  0% |  0% |
64
65
66
| ID | GPU | MEM |
------------------
|  0 | 39% |  3% |
|  1 |  0% |  0% |
67
68
69
| ID | GPU | MEM |
------------------
|  0 | 39% |  3% |
|  1 |  0% |  0% |
70
71
72
| ID | GPU | MEM |
------------------
|  0 | 49% |  3% |
|  1 |  0% |  0% |
73
74
75
| ID | GPU | MEM |
------------------
|  0 | 49% |  3% |
|  1 |  0% |  0% |
76
77
78
| ID | GPU | MEM |
------------------
|  0 | 51% |  3% |
|  1 |  0% |  0% |
79
80
81
| ID | GPU | MEM |
------------------
|  0 | 38% |  3% |
|  1 |  0% |  0% |
82
83
84
| ID | GPU | MEM |
------------------
|  0 | 38% |  3% |
|  1 |  0% |  0% |
85
86
87
| ID | GPU | MEM |
------------------
|  0 | 53% |  3% |
|  1 |  0% |  0% |
88
89
90
| ID | GPU | MEM |
------------------
|  0 | 36% |  3% |
|  1 |  0% |  0% |
91
92
93
| ID | GPU | MEM |
------------------
|  0 | 36% |  3% |
|  1 |  0% |  0% |
94
95
96
| ID | GPU | MEM |
------------------
|  0 | 52% |  3% |
|  1 |  0% |  0% |
97
98
99
Finished training it 100/170 of epoch 4 and time taken 0.02836255693435669, 25.51 ms/it, loss 0.641805, accuracy 62.693 %
| ID | GPU | MEM |
------------------
|  0 | 52% |  3% |
|  1 |  0% |  0% |
100
101
102
| ID | GPU | MEM |
------------------
|  0 | 45% |  3% |
|  1 |  0% |  0% |
103
104
105
| ID | GPU | MEM |
------------------
|  0 | 37% |  3% |
|  1 |  0% |  0% |
106
107
108
| ID | GPU | MEM |
------------------
|  0 | 37% |  3% |
|  1 |  0% |  0% |
109
110
111
| ID | GPU | MEM |
------------------
|  0 | 55% |  3% |
|  1 |  0% |  0% |
112
113
114
| ID | GPU | MEM |
------------------
|  0 | 55% |  3% |
|  1 |  0% |  0% |
115
116
117
| ID | GPU | MEM |
------------------
|  0 | 40% |  3% |
|  1 |  0% |  0% |
118
119
120
| ID | GPU | MEM |
------------------
|  0 | 50% |  3% |
|  1 |  0% |  0% |
121
122
123
| ID | GPU | MEM |
------------------
|  0 | 50% |  3% |
|  1 |  0% |  0% |
124
125
| ID | GPU | MEM |
------------------
|  0 | 43% |  3% |
|  1 |  0% |  0% |
126
127
128
| ID | GPU | MEM |
------------------
|  0 | 41% |  3% |
|  1 |  0% |  0% |
129
130
131
| ID | GPU | MEM |
------------------
|  0 | 41% |  3% |
|  1 |  0% |  0% |
132
133
134
| ID | GPU | MEM |
------------------
|  0 | 47% |  3% |
|  1 |  0% |  0% |
135
136
137
| ID | GPU | MEM |
------------------
|  0 | 47% |  3% |
|  1 |  0% |  0% |
138
139
140
| ID | GPU | MEM |
------------------
|  0 | 40% |  3% |
|  1 |  0% |  0% |
141
142
143
| ID | GPU | MEM |
------------------
|  0 | 45% |  3% |
|  1 |  0% |  0% |
144
145
146
| ID | GPU | MEM |
------------------
|  0 | 45% |  3% |
|  1 |  0% |  0% |
147
148
149
| ID | GPU | MEM |
------------------
|  0 | 52% |  3% |
|  1 |  0% |  0% |
150
151
152
| ID | GPU | MEM |
------------------
|  0 | 39% |  3% |
|  1 |  0% |  0% |
153
154
155
| ID | GPU | MEM |
------------------
|  0 | 39% |  3% |
|  1 |  0% |  0% |
156
157
158
| ID | GPU | MEM |
------------------
|  0 | 47% |  3% |
|  1 |  0% |  0% |
159
160
161
| ID | GPU | MEM |
------------------
|  0 | 47% |  3% |
|  1 |  0% |  0% |
162
163
164
| ID | GPU | MEM |
------------------
|  0 | 41% |  3% |
|  1 |  0% |  0% |
165
166
167
| ID | GPU | MEM |
------------------
|  0 | 43% |  3% |
|  1 |  0% |  0% |
168
169
Finished training it 170/170 of epoch 4 and time taken 0.030871208429336546, 24.99 ms/it, loss 0.648745, accuracy 61.985 %
Starting Test loop
| ID | GPU | MEM |
------------------
|  0 | 43% |  3% |
|  1 |  0% |  0% |
| ID | GPU | MEM |
------------------
|  0 | 30% |  3% |
|  1 |  0% |  0% |
| ID | GPU | MEM |
------------------
|  0 | 30% |  3% |
|  1 |  0% |  0% |
Test loop ended
Testing at - 170/170 of epoch 4, loss 0.610032, accuracy 67.643 %, best 67.643 %
Finished epoch 4
0
1
2
| ID | GPU | MEM |
------------------
|  0 | 15% |  3% |
|  1 |  0% |  0% |
3
4
| ID | GPU | MEM |
------------------
|  0 | 15% |  3% |
|  1 |  0% |  0% |
5
6
7
| ID | GPU | MEM |
------------------
|  0 | 15% |  3% |
|  1 |  0% |  0% |
8
9
10
| ID | GPU | MEM |
------------------
|  0 | 35% |  3% |
|  1 |  0% |  0% |
11
12
| ID | GPU | MEM |
------------------
|  0 | 42% |  3% |
|  1 |  0% |  0% |
13
14
15
| ID | GPU | MEM |
------------------
|  0 | 42% |  3% |
|  1 |  0% |  0% |
16
17
18
| ID | GPU | MEM |
------------------
|  0 | 53% |  3% |
|  1 |  0% |  0% |
19
20
21
| ID | GPU | MEM |
------------------
|  0 | 53% |  3% |
|  1 |  0% |  0% |
22
23
24
| ID | GPU | MEM |
------------------
|  0 | 43% |  3% |
|  1 |  0% |  0% |
25
26
27
| ID | GPU | MEM |
------------------
|  0 | 43% |  3% |
|  1 |  0% |  0% |
28
29
30
| ID | GPU | MEM |
------------------
|  0 | 43% |  3% |
|  1 |  0% |  0% |
31
32
33
| ID | GPU | MEM |
------------------
|  0 | 53% |  3% |
|  1 |  0% |  0% |
34
35
36
| ID | GPU | MEM |
------------------
|  0 | 38% |  3% |
|  1 |  0% |  0% |
37
38
39
| ID | GPU | MEM |
------------------
|  0 | 38% |  3% |
|  1 |  0% |  0% |
40
41
42
| ID | GPU | MEM |
------------------
|  0 | 53% |  3% |
|  1 |  0% |  0% |
43
44
45
| ID | GPU | MEM |
------------------
|  0 | 53% |  3% |
|  1 |  0% |  0% |
46
47
48
| ID | GPU | MEM |
------------------
|  0 | 42% |  3% |
|  1 |  0% |  0% |
49
50
51
| ID | GPU | MEM |
------------------
|  0 | 43% |  3% |
|  1 |  0% |  0% |
52
53
54
| ID | GPU | MEM |
------------------
|  0 | 43% |  3% |
|  1 |  0% |  0% |
55
56
57
| ID | GPU | MEM |
------------------
|  0 | 51% |  3% |
|  1 |  0% |  0% |
58
59
60
| ID | GPU | MEM |
------------------
|  0 | 39% |  3% |
|  1 |  0% |  0% |
61
62
63
| ID | GPU | MEM |
------------------
|  0 | 39% |  3% |
|  1 |  0% |  0% |
64
65
66
| ID | GPU | MEM |
------------------
|  0 | 54% |  3% |
|  1 |  0% |  0% |
67
68
69
| ID | GPU | MEM |
------------------
|  0 | 54% |  3% |
|  1 |  0% |  0% |
70
71
72
| ID | GPU | MEM |
------------------
|  0 | 47% |  3% |
|  1 |  0% |  0% |
73
74
75
| ID | GPU | MEM |
------------------
|  0 | 37% |  3% |
|  1 |  0% |  0% |
76
77
78
| ID | GPU | MEM |
------------------
|  0 | 37% |  3% |
|  1 |  0% |  0% |
79
80
81
| ID | GPU | MEM |
------------------
|  0 | 51% |  3% |
|  1 |  0% |  0% |
82
83
84
| ID | GPU | MEM |
------------------
|  0 | 51% |  3% |
|  1 |  0% |  0% |
85
86
87
| ID | GPU | MEM |
------------------
|  0 | 42% |  3% |
|  1 |  0% |  0% |
88
89
90
| ID | GPU | MEM |
------------------
|  0 | 45% |  3% |
|  1 |  0% |  0% |
91
92
93
| ID | GPU | MEM |
------------------
|  0 | 45% |  3% |
|  1 |  0% |  0% |
94
95
96
| ID | GPU | MEM |
------------------
|  0 | 54% |  3% |
|  1 |  0% |  0% |
97
98
99
Finished training it 100/170 of epoch 5 and time taken 0.03460863327980041, 27.58 ms/it, loss 0.604700, accuracy 67.805 %
| ID | GPU | MEM |
------------------
|  0 | 38% |  3% |
|  1 |  0% |  0% |
100
101
102
| ID | GPU | MEM |
------------------
|  0 | 38% |  3% |
|  1 |  0% |  0% |
103
104
105
| ID | GPU | MEM |
------------------
|  0 | 53% |  3% |
|  1 |  0% |  0% |
106
107
108
| ID | GPU | MEM |
------------------
|  0 | 53% |  3% |
|  1 |  0% |  0% |
109
110
111
| ID | GPU | MEM |
------------------
|  0 | 37% |  3% |
|  1 |  0% |  0% |
112
113
114
| ID | GPU | MEM |
------------------
|  0 | 47% |  3% |
|  1 |  0% |  0% |
115
116
117
| ID | GPU | MEM |
------------------
|  0 | 47% |  3% |
|  1 |  0% |  0% |
118
119
120
| ID | GPU | MEM |
------------------
|  0 | 50% |  3% |
|  1 |  0% |  0% |
121
122
123
| ID | GPU | MEM |
------------------
|  0 | 40% |  3% |
|  1 |  0% |  0% |
124
125
126
| ID | GPU | MEM |
------------------
|  0 | 40% |  3% |
|  1 |  0% |  0% |
127
128
129
| ID | GPU | MEM |
------------------
|  0 | 52% |  3% |
|  1 |  0% |  0% |
130
131
| ID | GPU | MEM |
------------------
|  0 | 52% |  3% |
|  1 |  0% |  0% |
132
133
134
| ID | GPU | MEM |
------------------
|  0 | 37% |  3% |
|  1 |  0% |  0% |
135
136
137
138
| ID | GPU | MEM |
------------------
|  0 | 45% |  3% |
|  1 |  0% |  0% |
139
140
| ID | GPU | MEM |
------------------
|  0 | 45% |  3% |
|  1 |  0% |  0% |
141
142
143
| ID | GPU | MEM |
------------------
|  0 | 49% |  3% |
|  1 |  0% |  0% |
144
145
146
| ID | GPU | MEM |
------------------
|  0 | 39% |  3% |
|  1 |  0% |  0% |
147
148
149
| ID | GPU | MEM |
------------------
|  0 | 39% |  3% |
|  1 |  0% |  0% |
150
151
152
| ID | GPU | MEM |
------------------
|  0 | 51% |  3% |
|  1 |  0% |  0% |
153
154
155
| ID | GPU | MEM |
------------------
|  0 | 51% |  3% |
|  1 |  0% |  0% |
156
157
158
| ID | GPU | MEM |
------------------
|  0 | 42% |  3% |
|  1 |  0% |  0% |
159
160
161
| ID | GPU | MEM |
------------------
|  0 | 45% |  3% |
|  1 |  0% |  0% |
162
163
164
| ID | GPU | MEM |
------------------
|  0 | 45% |  3% |
|  1 |  0% |  0% |
165
166
167
| ID | GPU | MEM |
------------------
|  0 | 51% |  3% |
|  1 |  0% |  0% |
168
169
Finished training it 170/170 of epoch 5 and time taken 0.037109371185302734, 25.86 ms/it, loss 0.621963, accuracy 65.228 %
Starting Test loop
| ID | GPU | MEM |
------------------
|  0 | 51% |  3% |
|  1 |  0% |  0% |
| ID | GPU | MEM |
------------------
|  0 | 36% |  3% |
|  1 |  0% |  0% |
| ID | GPU | MEM |
------------------
|  0 | 36% |  3% |
|  1 |  0% |  0% |
Test loop ended
Testing at - 170/170 of epoch 5, loss 0.608907, accuracy 68.695 %, best 68.695 %
Finished epoch 5
0
1
2
| ID | GPU | MEM |
------------------
|  0 | 15% |  3% |
|  1 |  0% |  0% |
3
4
5
| ID | GPU | MEM |
------------------
|  0 | 47% |  3% |
|  1 |  0% |  0% |
6
7
8
| ID | GPU | MEM |
------------------
|  0 | 47% |  3% |
|  1 |  0% |  0% |
9
10
11
12
| ID | GPU | MEM |
------------------
|  0 | 50% |  3% |
|  1 |  0% |  0% |
13
14
| ID | GPU | MEM |
------------------
|  0 | 38% |  3% |
|  1 |  0% |  0% |
15
16
17
| ID | GPU | MEM |
------------------
|  0 | 38% |  3% |
|  1 |  0% |  0% |
18
19
20
| ID | GPU | MEM |
------------------
|  0 | 50% |  3% |
|  1 |  0% |  0% |
21
22
23
| ID | GPU | MEM |
------------------
|  0 | 50% |  3% |
|  1 |  0% |  0% |
24
25
| ID | GPU | MEM |
------------------
|  0 | 42% |  3% |
|  1 |  0% |  0% |
26
27
28
| ID | GPU | MEM |
------------------
|  0 | 42% |  3% |
|  1 |  0% |  0% |
29
30
31
| ID | GPU | MEM |
------------------
|  0 | 40% |  3% |
|  1 |  0% |  0% |
32
33
34
| ID | GPU | MEM |
------------------
|  0 | 40% |  3% |
|  1 |  0% |  0% |
35
36
37
| ID | GPU | MEM |
------------------
|  0 | 52% |  3% |
|  1 |  0% |  0% |
38
39
40
| ID | GPU | MEM |
------------------
|  0 | 39% |  3% |
|  1 |  0% |  0% |
41
42
43
| ID | GPU | MEM |
------------------
|  0 | 39% |  3% |
|  1 |  0% |  0% |
44
45
| ID | GPU | MEM |
------------------
|  0 | 52% |  3% |
|  1 |  0% |  0% |
46
47
48
| ID | GPU | MEM |
------------------
|  0 | 52% |  3% |
|  1 |  0% |  0% |
49
50
51
| ID | GPU | MEM |
------------------
|  0 | 38% |  3% |
|  1 |  0% |  0% |
52
53
54
| ID | GPU | MEM |
------------------
|  0 | 47% |  3% |
|  1 |  0% |  0% |
55
56
57
| ID | GPU | MEM |
------------------
|  0 | 47% |  3% |
|  1 |  0% |  0% |
58
59
60
| ID | GPU | MEM |
------------------
|  0 | 53% |  3% |
|  1 |  0% |  0% |
61
62
63
| ID | GPU | MEM |
------------------
|  0 | 53% |  3% |
|  1 |  0% |  0% |
64
65
66
| ID | GPU | MEM |
------------------
|  0 | 38% |  3% |
|  1 |  0% |  0% |
67
68
69
| ID | GPU | MEM |
------------------
|  0 | 45% |  3% |
|  1 |  0% |  0% |
70
71
72
| ID | GPU | MEM |
------------------
|  0 | 45% |  3% |
|  1 |  0% |  0% |
73
74
75
| ID | GPU | MEM |
------------------
|  0 | 46% |  3% |
|  1 |  0% |  0% |
76
77
78
| ID | GPU | MEM |
------------------
|  0 | 39% |  3% |
|  1 |  0% |  0% |
79
80
81
| ID | GPU | MEM |
------------------
|  0 | 39% |  3% |
|  1 |  0% |  0% |
82
83
84
| ID | GPU | MEM |
------------------
|  0 | 48% |  3% |
|  1 |  0% |  0% |
85
86
| ID | GPU | MEM |
------------------
|  0 | 48% |  3% |
|  1 |  0% |  0% |
87
88
89
| ID | GPU | MEM |
------------------
|  0 | 27% |  3% |
|  1 |  0% |  0% |
90
91
92
| ID | GPU | MEM |
------------------
|  0 | 27% |  3% |
|  1 |  0% |  0% |
93
94
95
| ID | GPU | MEM |
------------------
|  0 | 27% |  3% |
|  1 |  0% |  0% |
96
97
98
| ID | GPU | MEM |
------------------
|  0 | 30% |  3% |
|  1 |  0% |  0% |
99
Finished training it 100/170 of epoch 6 and time taken 0.04075897574424744, 24.31 ms/it, loss 0.617564, accuracy 66.365 %
100
| ID | GPU | MEM |
------------------
|  0 | 43% |  3% |
|  1 |  0% |  0% |
101
102
103
| ID | GPU | MEM |
------------------
|  0 | 43% |  3% |
|  1 |  0% |  0% |
104
105
| ID | GPU | MEM |
------------------
|  0 | 46% |  3% |
|  1 |  0% |  0% |
106
107
| ID | GPU | MEM |
------------------
|  0 | 46% |  3% |
|  1 |  0% |  0% |
108
109
110
| ID | GPU | MEM |
------------------
|  0 | 38% |  3% |
|  1 |  0% |  0% |
111
112
113
| ID | GPU | MEM |
------------------
|  0 | 38% |  3% |
|  1 |  0% |  0% |
114
115
116
| ID | GPU | MEM |
------------------
|  0 | 53% |  3% |
|  1 |  0% |  0% |
117
118
119
| ID | GPU | MEM |
------------------
|  0 | 53% |  3% |
|  1 |  0% |  0% |
120
121
122
| ID | GPU | MEM |
------------------
|  0 | 46% |  3% |
|  1 |  0% |  0% |
123
124
125
| ID | GPU | MEM |
------------------
|  0 | 44% |  3% |
|  1 |  0% |  0% |
126
127
128
| ID | GPU | MEM |
------------------
|  0 | 44% |  3% |
|  1 |  0% |  0% |
129
130
131
| ID | GPU | MEM |
------------------
|  0 | 53% |  3% |
|  1 |  0% |  0% |
132
133
134
| ID | GPU | MEM |
------------------
|  0 | 42% |  3% |
|  1 |  0% |  0% |
135
136
137
| ID | GPU | MEM |
------------------
|  0 | 42% |  3% |
|  1 |  0% |  0% |
138
139
140
| ID | GPU | MEM |
------------------
|  0 | 52% |  3% |
|  1 |  0% |  0% |
141
142
143
| ID | GPU | MEM |
------------------
|  0 | 39% |  3% |
|  1 |  0% |  0% |
144
145
146
| ID | GPU | MEM |
------------------
|  0 | 39% |  3% |
|  1 |  0% |  0% |
147
148
149
| ID | GPU | MEM |
------------------
|  0 | 56% |  3% |
|  1 |  0% |  0% |
150
151
152
| ID | GPU | MEM |
------------------
|  0 | 56% |  3% |
|  1 |  0% |  0% |
153
154
155
| ID | GPU | MEM |
------------------
|  0 | 41% |  3% |
|  1 |  0% |  0% |
156
157
158
| ID | GPU | MEM |
------------------
|  0 | 46% |  3% |
|  1 |  0% |  0% |
159
160
161
| ID | GPU | MEM |
------------------
|  0 | 46% |  3% |
|  1 |  0% |  0% |
162
163
164
| ID | GPU | MEM |
------------------
|  0 | 52% |  3% |
|  1 |  0% |  0% |
165
166
167
| ID | GPU | MEM |
------------------
|  0 | 39% |  3% |
|  1 |  0% |  0% |
168
169
Finished training it 170/170 of epoch 6 and time taken 0.04326944184303284, 28.58 ms/it, loss 0.577572, accuracy 70.221 %
Starting Test loop
| ID | GPU | MEM |
------------------
|  0 | 39% |  3% |
|  1 |  0% |  0% |
| ID | GPU | MEM |
------------------
|  0 | 33% |  3% |
|  1 |  0% |  0% |
| ID | GPU | MEM |
------------------
|  0 | 33% |  3% |
|  1 |  0% |  0% |
Test loop ended
Testing at - 170/170 of epoch 6, loss 0.554003, accuracy 71.340 %, best 71.340 %
Finished epoch 6
0
1
2
| ID | GPU | MEM |
------------------
|  0 | 34% |  3% |
|  1 |  0% |  0% |
3
4
5
| ID | GPU | MEM |
------------------
|  0 | 34% |  3% |
|  1 |  0% |  0% |
6
7
| ID | GPU | MEM |
------------------
|  0 | 39% |  3% |
|  1 |  0% |  0% |
8
9
10
| ID | GPU | MEM |
------------------
|  0 | 50% |  3% |
|  1 |  0% |  0% |
11
12
13
| ID | GPU | MEM |
------------------
|  0 | 50% |  3% |
|  1 |  0% |  0% |
14
15
16
| ID | GPU | MEM |
------------------
|  0 | 42% |  3% |
|  1 |  0% |  0% |
17
18
| ID | GPU | MEM |
------------------
|  0 | 42% |  3% |
|  1 |  0% |  0% |
19
20
21
| ID | GPU | MEM |
------------------
|  0 | 38% |  3% |
|  1 |  0% |  0% |
22
23
24
| ID | GPU | MEM |
------------------
|  0 | 38% |  3% |
|  1 |  0% |  0% |
25
26
| ID | GPU | MEM |
------------------
|  0 | 33% |  3% |
|  1 |  0% |  0% |
27
28
29
| ID | GPU | MEM |
------------------
|  0 | 33% |  3% |
|  1 |  0% |  0% |
30
31
32
| ID | GPU | MEM |
------------------
|  0 | 54% |  3% |
|  1 |  0% |  0% |
33
34
35
| ID | GPU | MEM |
------------------
|  0 | 54% |  3% |
|  1 |  0% |  0% |
36
37
38
| ID | GPU | MEM |
------------------
|  0 | 42% |  3% |
|  1 |  0% |  0% |
39
40
41
| ID | GPU | MEM |
------------------
|  0 | 42% |  3% |
|  1 |  0% |  0% |
42
43
44
| ID | GPU | MEM |
------------------
|  0 | 42% |  3% |
|  1 |  0% |  0% |
45
46
47
| ID | GPU | MEM |
------------------
|  0 | 52% |  3% |
|  1 |  0% |  0% |
48
49
50
| ID | GPU | MEM |
------------------
|  0 | 42% |  3% |
|  1 |  0% |  0% |
51
52
53
| ID | GPU | MEM |
------------------
|  0 | 42% |  3% |
|  1 |  0% |  0% |
54
55
56
| ID | GPU | MEM |
------------------
|  0 | 54% |  3% |
|  1 |  0% |  0% |
57
58
59
| ID | GPU | MEM |
------------------
|  0 | 54% |  3% |
|  1 |  0% |  0% |
60
61
62
| ID | GPU | MEM |
------------------
|  0 | 39% |  3% |
|  1 |  0% |  0% |
63
64
65
| ID | GPU | MEM |
------------------
|  0 | 50% |  3% |
|  1 |  0% |  0% |
66
67
68
| ID | GPU | MEM |
------------------
|  0 | 50% |  3% |
|  1 |  0% |  0% |
69
70
71
| ID | GPU | MEM |
------------------
|  0 | 51% |  3% |
|  1 |  0% |  0% |
72
73
74
| ID | GPU | MEM |
------------------
|  0 | 39% |  3% |
|  1 |  0% |  0% |
75
76
77
| ID | GPU | MEM |
------------------
|  0 | 39% |  3% |
|  1 |  0% |  0% |
78
79
80
| ID | GPU | MEM |
------------------
|  0 | 53% |  3% |
|  1 |  0% |  0% |
81
82
83
| ID | GPU | MEM |
------------------
|  0 | 39% |  3% |
|  1 |  0% |  0% |
84
85
86
| ID | GPU | MEM |
------------------
|  0 | 39% |  3% |
|  1 |  0% |  0% |
87
88
89
| ID | GPU | MEM |
------------------
|  0 | 53% |  3% |
|  1 |  0% |  0% |
90
91
92
| ID | GPU | MEM |
------------------
|  0 | 53% |  3% |
|  1 |  0% |  0% |
93
94
95
| ID | GPU | MEM |
------------------
|  0 | 45% |  3% |
|  1 |  0% |  0% |
96
97
98
| ID | GPU | MEM |
------------------
|  0 | 45% |  3% |
|  1 |  0% |  0% |
99
Finished training it 100/170 of epoch 7 and time taken 0.047037166118621826, 28.16 ms/it, loss 0.563058, accuracy 71.178 %
100
101
| ID | GPU | MEM |
------------------
|  0 | 45% |  3% |
|  1 |  0% |  0% |
102
103
104
| ID | GPU | MEM |
------------------
|  0 | 52% |  3% |
|  1 |  0% |  0% |
105
106
107
| ID | GPU | MEM |
------------------
|  0 | 37% |  3% |
|  1 |  0% |  0% |
108
109
110
| ID | GPU | MEM |
------------------
|  0 | 37% |  3% |
|  1 |  0% |  0% |
111
112
113
| ID | GPU | MEM |
------------------
|  0 | 48% |  3% |
|  1 |  0% |  0% |
114
115
116
| ID | GPU | MEM |
------------------
|  0 | 48% |  3% |
|  1 |  0% |  0% |
117
118
119
| ID | GPU | MEM |
------------------
|  0 | 48% |  3% |
|  1 |  0% |  0% |
120
121
122
| ID | GPU | MEM |
------------------
|  0 | 40% |  3% |
|  1 |  0% |  0% |
123
124
125
| ID | GPU | MEM |
------------------
|  0 | 40% |  3% |
|  1 |  0% |  0% |
126
127
128
| ID | GPU | MEM |
------------------
|  0 | 54% |  3% |
|  1 |  0% |  0% |
129
130
131
| ID | GPU | MEM |
------------------
|  0 | 40% |  3% |
|  1 |  0% |  0% |
132
133
134
| ID | GPU | MEM |
------------------
|  0 | 40% |  3% |
|  1 |  0% |  0% |
135
136
137
| ID | GPU | MEM |
------------------
|  0 | 51% |  3% |
|  1 |  0% |  0% |
138
139
140
| ID | GPU | MEM |
------------------
|  0 | 51% |  3% |
|  1 |  0% |  0% |
141
142
143
| ID | GPU | MEM |
------------------
|  0 | 46% |  3% |
|  1 |  0% |  0% |
144
145
146
| ID | GPU | MEM |
------------------
|  0 | 47% |  3% |
|  1 |  0% |  0% |
147
148
149
| ID | GPU | MEM |
------------------
|  0 | 47% |  3% |
|  1 |  0% |  0% |
150
151
152
| ID | GPU | MEM |
------------------
|  0 | 50% |  3% |
|  1 |  0% |  0% |
153
154
155
| ID | GPU | MEM |
------------------
|  0 | 40% |  3% |
|  1 |  0% |  0% |
156
157
158
| ID | GPU | MEM |
------------------
|  0 | 40% |  3% |
|  1 |  0% |  0% |
159
160
161
| ID | GPU | MEM |
------------------
|  0 | 55% |  3% |
|  1 |  0% |  0% |
162
163
164
| ID | GPU | MEM |
------------------
|  0 | 41% |  3% |
|  1 |  0% |  0% |
165
166
167
| ID | GPU | MEM |
------------------
|  0 | 41% |  3% |
|  1 |  0% |  0% |
168
169
Finished training it 170/170 of epoch 7 and time taken 0.04955743598937988, 28.34 ms/it, loss 0.541682, accuracy 72.026 %
Starting Test loop
| ID | GPU | MEM |
------------------
|  0 | 54% |  3% |
|  1 |  0% |  0% |
| ID | GPU | MEM |
------------------
|  0 | 54% |  3% |
|  1 |  0% |  0% |
| ID | GPU | MEM |
------------------
|  0 |  9% |  3% |
|  1 |  0% |  0% |
Test loop ended
Testing at - 170/170 of epoch 7, loss 0.511639, accuracy 77.383 %, best 77.383 %
Finished epoch 7
0
1
2
| ID | GPU | MEM |
------------------
|  0 |  9% |  3% |
|  1 |  0% |  0% |
3
4
5
| ID | GPU | MEM |
------------------
|  0 | 50% |  3% |
|  1 |  0% |  0% |
6
7
8
| ID | GPU | MEM |
------------------
|  0 | 47% |  3% |
|  1 |  0% |  0% |
9
10
11
| ID | GPU | MEM |
------------------
|  0 | 47% |  3% |
|  1 |  0% |  0% |
12
13
14
| ID | GPU | MEM |
------------------
|  0 | 53% |  3% |
|  1 |  0% |  0% |
15
16
17
| ID | GPU | MEM |
------------------
|  0 | 38% |  3% |
|  1 |  0% |  0% |
18
19
20
| ID | GPU | MEM |
------------------
|  0 | 38% |  3% |
|  1 |  0% |  0% |
21
22
23
| ID | GPU | MEM |
------------------
|  0 | 51% |  3% |
|  1 |  0% |  0% |
24
25
26
| ID | GPU | MEM |
------------------
|  0 | 42% |  3% |
|  1 |  0% |  0% |
27
28
29
| ID | GPU | MEM |
------------------
|  0 | 42% |  3% |
|  1 |  0% |  0% |
30
31
32
| ID | GPU | MEM |
------------------
|  0 | 53% |  3% |
|  1 |  0% |  0% |
33
34
35
| ID | GPU | MEM |
------------------
|  0 | 53% |  3% |
|  1 |  0% |  0% |
36
37
38
| ID | GPU | MEM |
------------------
|  0 | 47% |  3% |
|  1 |  0% |  0% |
39
40
41
| ID | GPU | MEM |
------------------
|  0 | 46% |  3% |
|  1 |  0% |  0% |
42
43
44
| ID | GPU | MEM |
------------------
|  0 | 46% |  3% |
|  1 |  0% |  0% |
45
46
47
| ID | GPU | MEM |
------------------
|  0 | 51% |  3% |
|  1 |  0% |  0% |
48
49
50
| ID | GPU | MEM |
------------------
|  0 | 42% |  3% |
|  1 |  0% |  0% |
51
52
53
| ID | GPU | MEM |
------------------
|  0 | 42% |  3% |
|  1 |  0% |  0% |
54
55
56
| ID | GPU | MEM |
------------------
|  0 | 57% |  3% |
|  1 |  0% |  0% |
57
58
59
| ID | GPU | MEM |
------------------
|  0 | 41% |  3% |
|  1 |  0% |  0% |
60
61
62
| ID | GPU | MEM |
------------------
|  0 | 41% |  3% |
|  1 |  0% |  0% |
63
64
65
| ID | GPU | MEM |
------------------
|  0 | 54% |  3% |
|  1 |  0% |  0% |
66
67
68
| ID | GPU | MEM |
------------------
|  0 | 47% |  3% |
|  1 |  0% |  0% |
69
70
71
| ID | GPU | MEM |
------------------
|  0 | 47% |  3% |
|  1 |  0% |  0% |
72
73
74
| ID | GPU | MEM |
------------------
|  0 | 38% |  3% |
|  1 |  0% |  0% |
75
76
| ID | GPU | MEM |
------------------
|  0 | 38% |  3% |
|  1 |  0% |  0% |
77
78
79
| ID | GPU | MEM |
------------------
|  0 | 38% |  3% |
|  1 |  0% |  0% |
80
81
82
| ID | GPU | MEM |
------------------
|  0 | 38% |  3% |
|  1 |  0% |  0% |
83
84
85
| ID | GPU | MEM |
------------------
|  0 | 57% |  3% |
|  1 |  0% |  0% |
86
87
88
| ID | GPU | MEM |
------------------
|  0 | 57% |  3% |
|  1 |  0% |  0% |
89
90
91
| ID | GPU | MEM |
------------------
|  0 | 39% |  3% |
|  1 |  0% |  0% |
92
93
94
| ID | GPU | MEM |
------------------
|  0 | 53% |  3% |
|  1 |  0% |  0% |
95
96
97
| ID | GPU | MEM |
------------------
|  0 | 53% |  3% |
|  1 |  0% |  0% |
98
99
Finished training it 100/170 of epoch 8 and time taken 0.05338806891441345, 28.13 ms/it, loss 0.525805, accuracy 73.730 %
100
| ID | GPU | MEM |
------------------
|  0 | 49% |  3% |
|  1 |  0% |  0% |
101
102
103
| ID | GPU | MEM |
------------------
|  0 | 40% |  3% |
|  1 |  0% |  0% |
104
105
106
| ID | GPU | MEM |
------------------
|  0 | 40% |  3% |
|  1 |  0% |  0% |
107
108
109
| ID | GPU | MEM |
------------------
|  0 | 53% |  3% |
|  1 |  0% |  0% |
110
111
112
| ID | GPU | MEM |
------------------
|  0 | 41% |  3% |
|  1 |  0% |  0% |
113
114
115
| ID | GPU | MEM |
------------------
|  0 | 41% |  3% |
|  1 |  0% |  0% |
116
117
118
| ID | GPU | MEM |
------------------
|  0 | 55% |  3% |
|  1 |  0% |  0% |
119
120
121
| ID | GPU | MEM |
------------------
|  0 | 55% |  3% |
|  1 |  0% |  0% |
122
123
124
| ID | GPU | MEM |
------------------
|  0 | 41% |  3% |
|  1 |  0% |  0% |
125
126
127
| ID | GPU | MEM |
------------------
|  0 | 51% |  3% |
|  1 |  0% |  0% |
128
129
| ID | GPU | MEM |
------------------
|  0 | 51% |  3% |
|  1 |  0% |  0% |
130
131
132
| ID | GPU | MEM |
------------------
|  0 | 44% |  3% |
|  1 |  0% |  0% |
133
134
135
| ID | GPU | MEM |
------------------
|  0 | 41% |  3% |
|  1 |  0% |  0% |
136
137
138
| ID | GPU | MEM |
------------------
|  0 | 41% |  3% |
|  1 |  0% |  0% |
139
140
141
| ID | GPU | MEM |
------------------
|  0 | 55% |  3% |
|  1 |  0% |  0% |
142
143
144
| ID | GPU | MEM |
------------------
|  0 | 37% |  3% |
|  1 |  0% |  0% |
145
146
147
| ID | GPU | MEM |
------------------
|  0 | 37% |  3% |
|  1 |  0% |  0% |
148
149
150
| ID | GPU | MEM |
------------------
|  0 | 52% |  3% |
|  1 |  0% |  0% |
151
152
| ID | GPU | MEM |
------------------
|  0 | 52% |  3% |
|  1 |  0% |  0% |
153
154
| ID | GPU | MEM |
------------------
|  0 | 28% |  3% |
|  1 |  0% |  0% |
155
156
157
| ID | GPU | MEM |
------------------
|  0 | 28% |  3% |
|  1 |  0% |  0% |
158
159
160
| ID | GPU | MEM |
------------------
|  0 | 48% |  3% |
|  1 |  0% |  0% |
161
162
163
| ID | GPU | MEM |
------------------
|  0 | 40% |  3% |
|  1 |  0% |  0% |
164
165
166
| ID | GPU | MEM |
------------------
|  0 | 40% |  3% |
|  1 |  0% |  0% |
167
168
169
Finished training it 170/170 of epoch 8 and time taken 0.05597880339622498, 28.04 ms/it, loss 0.523130, accuracy 73.475 %
Starting Test loop
| ID | GPU | MEM |
------------------
|  0 | 54% |  3% |
|  1 |  0% |  0% |
| ID | GPU | MEM |
------------------
|  0 | 54% |  3% |
|  1 |  0% |  0% |
| ID | GPU | MEM |
------------------
|  0 | 28% |  3% |
|  1 |  0% |  0% |
Test loop ended
Testing at - 170/170 of epoch 8, loss 0.532553, accuracy 71.415 %, best 77.383 %
Finished epoch 8
0
1
| ID | GPU | MEM |
------------------
|  0 | 28% |  3% |
|  1 |  0% |  0% |
2
3
4
| ID | GPU | MEM |
------------------
|  0 | 28% |  3% |
|  1 |  0% |  0% |
5
6
7
| ID | GPU | MEM |
------------------
|  0 | 39% |  3% |
|  1 |  0% |  0% |
8
9
10
| ID | GPU | MEM |
------------------
|  0 | 39% |  3% |
|  1 |  0% |  0% |
11
12
13
| ID | GPU | MEM |
------------------
|  0 | 56% |  3% |
|  1 |  0% |  0% |
14
15
16
| ID | GPU | MEM |
------------------
|  0 | 56% |  3% |
|  1 |  0% |  0% |
17
18
19
| ID | GPU | MEM |
------------------
|  0 | 44% |  3% |
|  1 |  0% |  0% |
20
21
22
| ID | GPU | MEM |
------------------
|  0 | 51% |  3% |
|  1 |  0% |  0% |
23
24
25
| ID | GPU | MEM |
------------------
|  0 | 51% |  3% |
|  1 |  0% |  0% |
26
27
| ID | GPU | MEM |
------------------
|  0 | 50% |  3% |
|  1 |  0% |  0% |
28
29
30
| ID | GPU | MEM |
------------------
|  0 | 50% |  3% |
|  1 |  0% |  0% |
31
32
33
| ID | GPU | MEM |
------------------
|  0 | 42% |  3% |
|  1 |  0% |  0% |
34
35
| ID | GPU | MEM |
------------------
|  0 | 46% |  3% |
|  1 |  0% |  0% |
36
37
| ID | GPU | MEM |
------------------
|  0 | 46% |  3% |
|  1 |  0% |  0% |
38
39
40
| ID | GPU | MEM |
------------------
|  0 | 50% |  3% |
|  1 |  0% |  0% |
41
42
| ID | GPU | MEM |
------------------
|  0 | 50% |  3% |
|  1 |  0% |  0% |
43
44
45
| ID | GPU | MEM |
------------------
|  0 | 33% |  3% |
|  1 |  0% |  0% |
46
47
48
49
| ID | GPU | MEM |
------------------
|  0 | 33% |  3% |
|  1 |  0% |  0% |
50
51
| ID | GPU | MEM |
------------------
|  0 | 31% |  3% |
|  1 |  0% |  0% |
52
53
54
| ID | GPU | MEM |
------------------
|  0 | 31% |  3% |
|  1 |  0% |  0% |
55
56
57
| ID | GPU | MEM |
------------------
|  0 | 30% |  3% |
|  1 |  0% |  0% |
58
59
60
| ID | GPU | MEM |
------------------
|  0 | 30% |  3% |
|  1 |  0% |  0% |
61
62
63
| ID | GPU | MEM |
------------------
|  0 | 32% |  3% |
|  1 |  0% |  0% |
64
65
66
| ID | GPU | MEM |
------------------
|  0 | 32% |  3% |
|  1 |  0% |  0% |
67
68
69
| ID | GPU | MEM |
------------------
|  0 | 32% |  3% |
|  1 |  0% |  0% |
70
71
| ID | GPU | MEM |
------------------
|  0 | 30% |  3% |
|  1 |  0% |  0% |
72
73
74
| ID | GPU | MEM |
------------------
|  0 | 36% |  3% |
|  1 |  0% |  0% |
75
76
77
| ID | GPU | MEM |
------------------
|  0 | 36% |  3% |
|  1 |  0% |  0% |
78
79
80
| ID | GPU | MEM |
------------------
|  0 | 56% |  3% |
|  1 |  0% |  0% |
81
82
83
| ID | GPU | MEM |
------------------
|  0 | 56% |  3% |
|  1 |  0% |  0% |
84
85
86
| ID | GPU | MEM |
------------------
|  0 | 40% |  3% |
|  1 |  0% |  0% |
87
88
89
| ID | GPU | MEM |
------------------
|  0 | 44% |  3% |
|  1 |  0% |  0% |
90
91
92
| ID | GPU | MEM |
------------------
|  0 | 44% |  3% |
|  1 |  0% |  0% |
93
94
95
| ID | GPU | MEM |
------------------
|  0 | 51% |  3% |
|  1 |  0% |  0% |
96
97
98
| ID | GPU | MEM |
------------------
|  0 | 37% |  3% |
|  1 |  0% |  0% |
99
Finished training it 100/170 of epoch 9 and time taken 0.0595744788646698, 25.95 ms/it, loss 0.511815, accuracy 74.484 %
100
101
| ID | GPU | MEM |
------------------
|  0 | 37% |  3% |
|  1 |  0% |  0% |
102
103
104
| ID | GPU | MEM |
------------------
|  0 | 38% |  3% |
|  1 |  0% |  0% |
105
106
107
| ID | GPU | MEM |
------------------
|  0 | 38% |  3% |
|  1 |  0% |  0% |
108
109
110
| ID | GPU | MEM |
------------------
|  0 | 51% |  3% |
|  1 |  0% |  0% |
111
112
113
| ID | GPU | MEM |
------------------
|  0 | 38% |  3% |
|  1 |  0% |  0% |
114
115
116
| ID | GPU | MEM |
------------------
|  0 | 38% |  3% |
|  1 |  0% |  0% |
117
118
119
| ID | GPU | MEM |
------------------
|  0 | 53% |  3% |
|  1 |  0% |  0% |
120
121
122
| ID | GPU | MEM |
------------------
|  0 | 53% |  3% |
|  1 |  0% |  0% |
123
124
125
126
| ID | GPU | MEM |
------------------
|  0 | 41% |  3% |
|  1 |  0% |  0% |
127
128
| ID | GPU | MEM |
------------------
|  0 | 40% |  3% |
|  1 |  0% |  0% |
129
130
131
| ID | GPU | MEM |
------------------
|  0 | 40% |  3% |
|  1 |  0% |  0% |
132
133
134
| ID | GPU | MEM |
------------------
|  0 | 55% |  3% |
|  1 |  0% |  0% |
135
136
137
| ID | GPU | MEM |
------------------
|  0 | 38% |  3% |
|  1 |  0% |  0% |
138
139
| ID | GPU | MEM |
------------------
|  0 | 38% |  3% |
|  1 |  0% |  0% |
140
141
142
| ID | GPU | MEM |
------------------
|  0 | 49% |  3% |
|  1 |  0% |  0% |
143
144
145
| ID | GPU | MEM |
------------------
|  0 | 49% |  3% |
|  1 |  0% |  0% |
146
147
148
| ID | GPU | MEM |
------------------
|  0 | 39% |  3% |
|  1 |  0% |  0% |
149
150
151
| ID | GPU | MEM |
------------------
|  0 | 42% |  3% |
|  1 |  0% |  0% |
152
153
154
| ID | GPU | MEM |
------------------
|  0 | 42% |  3% |
|  1 |  0% |  0% |
155
156
157
| ID | GPU | MEM |
------------------
|  0 | 48% |  3% |
|  1 |  0% |  0% |
158
159
| ID | GPU | MEM |
------------------
|  0 | 48% |  3% |
|  1 |  0% |  0% |
160
161
162
| ID | GPU | MEM |
------------------
|  0 | 33% |  3% |
|  1 |  0% |  0% |
163
164
165
| ID | GPU | MEM |
------------------
|  0 | 33% |  3% |
|  1 |  0% |  0% |
166
167
168
| ID | GPU | MEM |
------------------
|  0 | 26% |  3% |
|  1 |  0% |  0% |
169
Finished training it 170/170 of epoch 9 and time taken 0.06194573283195495, 25.38 ms/it, loss 0.502296, accuracy 75.088 %
Starting Test loop
| ID | GPU | MEM |
------------------
|  0 | 26% |  3% |
|  1 |  0% |  0% |
| ID | GPU | MEM |
------------------
|  0 | 26% |  3% |
|  1 |  0% |  0% |
Test loop ended
Testing at - 170/170 of epoch 9, loss 0.462921, accuracy 77.126 %, best 77.383 %
Finished epoch 9
Finished the program
| ID | GPU | MEM |
------------------
|  0 | 12% |  3% |
|  1 |  0% |  0% |
