python3: no process found

clgpu002:18096:18200 [0] misc/ibvwrap.cc:63 NCCL WARN Failed to open libibverbs.so[.1]
NCCL version 2.4.8+cuda9.2
Using 2 GPU(s)...
Sparse features= 9, Dense features= 24
Sparse features= 9, Dense features= 24
time/loss/accuracy (if enabled):
0
| ID | GPU | MEM |
------------------
|  0 |  8% |  3% |
|  1 |  0% |  0% |
| ID | GPU | MEM |
------------------
|  0 |  8% |  3% |
|  1 |  4% |  1% |
| ID | GPU | MEM |
------------------
|  0 |  0% |  3% |
|  1 |  4% |  1% |
| ID | GPU | MEM |
------------------
|  0 |  0% |  3% |
|  1 |  6% |  1% |
| ID | GPU | MEM |
------------------
|  0 |  0% |  3% |
|  1 |  6% |  1% |
| ID | GPU | MEM |
------------------
|  0 |  0% |  3% |
|  1 |  6% |  1% |
| ID | GPU | MEM |
------------------
|  0 |  0% |  3% |
|  1 |  5% |  1% |
| ID | GPU | MEM |
------------------
|  0 |  0% |  3% |
|  1 |  5% |  1% |
| ID | GPU | MEM |
------------------
|  0 |  0% |  3% |
|  1 |  6% |  1% |
| ID | GPU | MEM |
------------------
|  0 |  0% |  3% |
|  1 |  6% |  1% |
| ID | GPU | MEM |
------------------
|  0 |  0% |  3% |
|  1 |  9% |  1% |
| ID | GPU | MEM |
------------------
|  0 |  0% |  3% |
|  1 |  9% |  1% |
| ID | GPU | MEM |
------------------
|  0 |  0% |  3% |
|  1 |  4% |  1% |
| ID | GPU | MEM |
------------------
|  0 |  0% |  3% |
|  1 |  4% |  2% |
| ID | GPU | MEM |
------------------
|  0 |  0% |  3% |
|  1 |  5% |  2% |
| ID | GPU | MEM |
------------------
|  0 |  0% |  3% |
|  1 |  5% |  2% |
| ID | GPU | MEM |
------------------
|  0 |  0% |  3% |
|  1 |  6% |  2% |
| ID | GPU | MEM |
------------------
|  0 |  0% |  3% |
|  1 |  6% |  2% |
| ID | GPU | MEM |
------------------
|  0 |  0% |  3% |
|  1 |  5% |  2% |
| ID | GPU | MEM |
------------------
|  0 |  0% |  3% |
|  1 |  5% |  2% |
| ID | GPU | MEM |
------------------
|  0 |  0% |  3% |
|  1 |  5% |  2% |
| ID | GPU | MEM |
------------------
|  0 |  0% |  3% |
|  1 |  5% |  2% |
| ID | GPU | MEM |
------------------
|  0 |  0% |  3% |
|  1 |  5% |  2% |
| ID | GPU | MEM |
------------------
|  0 |  0% |  3% |
|  1 |  4% |  2% |
| ID | GPU | MEM |
------------------
|  0 |  0% |  3% |
|  1 |  4% |  2% |
| ID | GPU | MEM |
------------------
|  0 |  0% |  3% |
|  1 |  0% |  2% |
| ID | GPU | MEM |
------------------
|  0 |  0% |  3% |
|  1 |  0% |  2% |
| ID | GPU | MEM |
------------------
|  0 |  0% |  3% |
|  1 |  4% |  2% |
| ID | GPU | MEM |
------------------
|  0 |  0% |  3% |
|  1 |  4% |  2% |
| ID | GPU | MEM |
------------------
|  0 |  0% |  3% |
|  1 |  4% |  3% |
| ID | GPU | MEM |
------------------
|  0 |  0% |  3% |
|  1 |  2% |  3% |
| ID | GPU | MEM |
------------------
|  0 |  0% |  3% |
|  1 |  2% |  3% |
| ID | GPU | MEM |
------------------
|  0 |  0% |  3% |
|  1 |  5% |  3% |
| ID | GPU | MEM |
------------------
|  0 |  0% |  3% |
|  1 |  5% |  3% |
| ID | GPU | MEM |
------------------
|  0 |  1% |  3% |
|  1 |  5% |  3% |
| ID | GPU | MEM |
------------------
|  0 |  1% |  3% |
|  1 |  1% |  3% |
| ID | GPU | MEM |
------------------
|  0 |  0% |  3% |
|  1 |  1% |  3% |
| ID | GPU | MEM |
------------------
|  0 |  0% |  3% |
|  1 |  0% |  3% |
1
2
| ID | GPU | MEM |
------------------
|  0 |  0% |  3% |
|  1 |  1% |  3% |
3
4
| ID | GPU | MEM |
------------------
|  0 | 37% |  3% |
|  1 |  1% |  3% |
5
6
| ID | GPU | MEM |
------------------
|  0 | 15% |  3% |
|  1 |  3% |  3% |
7
| ID | GPU | MEM |
------------------
|  0 | 15% |  3% |
|  1 |  3% |  3% |
8
9
10
| ID | GPU | MEM |
------------------
|  0 | 30% |  3% |
|  1 |  3% |  3% |
11
12
| ID | GPU | MEM |
------------------
|  0 | 39% |  3% |
|  1 |  3% |  3% |
13
14
| ID | GPU | MEM |
------------------
|  0 | 39% |  3% |
|  1 |  2% |  3% |
15
16
| ID | GPU | MEM |
------------------
|  0 | 31% |  3% |
|  1 |  2% |  3% |
17
18
| ID | GPU | MEM |
------------------
|  0 | 36% |  3% |
|  1 |  3% |  3% |
19
| ID | GPU | MEM |
------------------
|  0 | 36% |  3% |
|  1 |  2% |  3% |
20
21
22
| ID | GPU | MEM |
------------------
|  0 | 23% |  3% |
|  1 |  3% |  3% |
23
24
| ID | GPU | MEM |
------------------
|  0 | 20% |  3% |
|  1 |  3% |  3% |
25
26
| ID | GPU | MEM |
------------------
|  0 | 42% |  3% |
|  1 |  3% |  3% |
27
28
| ID | GPU | MEM |
------------------
|  0 | 42% |  3% |
|  1 |  2% |  3% |
29
30
| ID | GPU | MEM |
------------------
|  0 | 26% |  3% |
|  1 |  2% |  3% |
31
32
| ID | GPU | MEM |
------------------
|  0 | 39% |  3% |
|  1 |  3% |  3% |
33
34
| ID | GPU | MEM |
------------------
|  0 | 36% |  3% |
|  1 |  2% |  3% |
35
36
| ID | GPU | MEM |
------------------
|  0 | 36% |  3% |
|  1 |  2% |  3% |
37
38
| ID | GPU | MEM |
------------------
|  0 | 26% |  3% |
|  1 |  2% |  3% |
39
40
| ID | GPU | MEM |
------------------
|  0 | 40% |  3% |
|  1 |  3% |  3% |
41
| ID | GPU | MEM |
------------------
|  0 | 40% |  3% |
|  1 |  2% |  3% |
42
43
44
| ID | GPU | MEM |
------------------
|  0 | 25% |  3% |
|  1 |  3% |  3% |
45
46
| ID | GPU | MEM |
------------------
|  0 | 15% |  3% |
|  1 |  3% |  3% |
47
48
| ID | GPU | MEM |
------------------
|  0 | 15% |  3% |
|  1 |  3% |  3% |
49
50
| ID | GPU | MEM |
------------------
|  0 | 30% |  3% |
|  1 |  3% |  3% |
51
52
| ID | GPU | MEM |
------------------
|  0 | 42% |  3% |
|  1 |  3% |  3% |
53
54
| ID | GPU | MEM |
------------------
|  0 | 42% |  3% |
|  1 |  2% |  3% |
55
56
| ID | GPU | MEM |
------------------
|  0 | 18% |  3% |
|  1 |  3% |  3% |
57
58
| ID | GPU | MEM |
------------------
|  0 | 47% |  3% |
|  1 |  3% |  3% |
59
60
| ID | GPU | MEM |
------------------
|  0 | 15% |  3% |
|  1 |  2% |  3% |
61
62
| ID | GPU | MEM |
------------------
|  0 | 15% |  3% |
|  1 |  3% |  3% |
63
64
| ID | GPU | MEM |
------------------
|  0 | 39% |  3% |
|  1 |  2% |  3% |
65
| ID | GPU | MEM |
------------------
|  0 | 19% |  3% |
|  1 |  2% |  3% |
66
67
68
| ID | GPU | MEM |
------------------
|  0 | 19% |  3% |
|  1 |  2% |  3% |
69
70
| ID | GPU | MEM |
------------------
|  0 | 36% |  3% |
|  1 |  2% |  3% |
71
72
| ID | GPU | MEM |
------------------
|  0 | 41% |  3% |
|  1 |  4% |  3% |
73
74
| ID | GPU | MEM |
------------------
|  0 | 41% |  3% |
|  1 |  2% |  3% |
75
76
| ID | GPU | MEM |
------------------
|  0 | 18% |  3% |
|  1 |  3% |  3% |
77
78
| ID | GPU | MEM |
------------------
|  0 | 22% |  3% |
|  1 |  3% |  3% |
79
80
| ID | GPU | MEM |
------------------
|  0 | 41% |  3% |
|  1 |  2% |  3% |
81
82
| ID | GPU | MEM |
------------------
|  0 | 41% |  3% |
|  1 |  3% |  3% |
83
84
| ID | GPU | MEM |
------------------
|  0 | 27% |  3% |
|  1 |  3% |  3% |
85
86
| ID | GPU | MEM |
------------------
|  0 | 41% |  3% |
|  1 |  3% |  3% |
87
88
| ID | GPU | MEM |
------------------
|  0 | 39% |  3% |
|  1 |  2% |  3% |
89
| ID | GPU | MEM |
------------------
|  0 | 39% |  3% |
|  1 |  3% |  3% |
90
91
| ID | GPU | MEM |
------------------
|  0 | 26% |  3% |
|  1 |  3% |  3% |
92
93
94
| ID | GPU | MEM |
------------------
|  0 | 24% |  3% |
|  1 |  3% |  3% |
95
96
| ID | GPU | MEM |
------------------
|  0 | 24% |  3% |
|  1 |  2% |  3% |
97
98
| ID | GPU | MEM |
------------------
|  0 | 39% |  3% |
|  1 |  2% |  3% |
99
Finished training it 100/170 of epoch 0 and time taken 0.009487335443496704, 76.94 ms/it, loss 0.660280, accuracy 60.785 %
100
| ID | GPU | MEM |
------------------
|  0 | 25% |  3% |
|  1 |  4% |  3% |
101
102
| ID | GPU | MEM |
------------------
|  0 | 25% |  3% |
|  1 |  2% |  3% |
103
104
| ID | GPU | MEM |
------------------
|  0 | 43% |  3% |
|  1 |  2% |  3% |
105
106
| ID | GPU | MEM |
------------------
|  0 | 23% |  3% |
|  1 |  3% |  3% |
107
108
| ID | GPU | MEM |
------------------
|  0 | 41% |  3% |
|  1 |  3% |  3% |
109
110
| ID | GPU | MEM |
------------------
|  0 | 41% |  3% |
|  1 |  3% |  3% |
111
112
| ID | GPU | MEM |
------------------
|  0 | 20% |  3% |
|  1 |  3% |  3% |
113
114
| ID | GPU | MEM |
------------------
|  0 | 43% |  3% |
|  1 |  3% |  3% |
115
116
| ID | GPU | MEM |
------------------
|  0 | 43% |  3% |
|  1 |  3% |  3% |
117
118
| ID | GPU | MEM |
------------------
|  0 | 28% |  3% |
|  1 |  3% |  3% |
119
120
| ID | GPU | MEM |
------------------
|  0 | 28% |  3% |
|  1 |  3% |  3% |
121
122
| ID | GPU | MEM |
------------------
|  0 | 18% |  3% |
|  1 |  2% |  3% |
123
124
| ID | GPU | MEM |
------------------
|  0 | 42% |  3% |
|  1 |  2% |  3% |
125
126
| ID | GPU | MEM |
------------------
|  0 | 26% |  3% |
|  1 |  4% |  3% |
127
128
| ID | GPU | MEM |
------------------
|  0 | 26% |  3% |
|  1 |  2% |  3% |
129
130
| ID | GPU | MEM |
------------------
|  0 | 41% |  3% |
|  1 |  2% |  3% |
131
132
| ID | GPU | MEM |
------------------
|  0 | 17% |  3% |
|  1 |  4% |  3% |
133
134
135
| ID | GPU | MEM |
------------------
|  0 | 43% |  3% |
|  1 |  2% |  3% |
136
137
| ID | GPU | MEM |
------------------
|  0 | 47% |  3% |
|  1 |  2% |  3% |
138
| ID | GPU | MEM |
------------------
|  0 | 47% |  3% |
|  1 |  3% |  3% |
139
140
| ID | GPU | MEM |
------------------
|  0 | 28% |  3% |
|  1 |  3% |  3% |
141
142
143
| ID | GPU | MEM |
------------------
|  0 | 28% |  3% |
|  1 |  3% |  3% |
144
145
| ID | GPU | MEM |
------------------
|  0 | 26% |  3% |
|  1 |  2% |  3% |
146
147
| ID | GPU | MEM |
------------------
|  0 | 43% |  3% |
|  1 |  2% |  3% |
148
149
| ID | GPU | MEM |
------------------
|  0 | 22% |  3% |
|  1 |  4% |  3% |
150
151
| ID | GPU | MEM |
------------------
|  0 | 22% |  3% |
|  1 |  2% |  3% |
152
| ID | GPU | MEM |
------------------
|  0 | 44% |  3% |
|  1 |  2% |  3% |
153
154
155
| ID | GPU | MEM |
------------------
|  0 | 46% |  3% |
|  1 |  4% |  3% |
156
157
| ID | GPU | MEM |
------------------
|  0 | 45% |  3% |
|  1 |  2% |  3% |
158
159
| ID | GPU | MEM |
------------------
|  0 | 45% |  3% |
|  1 |  3% |  3% |
160
161
| ID | GPU | MEM |
------------------
|  0 | 26% |  3% |
|  1 |  3% |  3% |
162
163
| ID | GPU | MEM |
------------------
|  0 | 42% |  3% |
|  1 |  3% |  3% |
164
165
| ID | GPU | MEM |
------------------
|  0 | 42% |  3% |
|  1 |  2% |  3% |
166
167
| ID | GPU | MEM |
------------------
|  0 | 37% |  3% |
|  1 |  2% |  3% |
168
169
| ID | GPU | MEM |
------------------
|  0 | 28% |  3% |
|  1 |  4% |  3% |
Finished training it 170/170 of epoch 0 and time taken 0.013706782817840575, 45.10 ms/it, loss 0.631603, accuracy 64.207 %
Starting Test loop
| ID | GPU | MEM |
------------------
|  0 | 39% |  3% |
|  1 |  2% |  3% |
| ID | GPU | MEM |
------------------
|  0 | 39% |  3% |
|  1 |  2% |  3% |
| ID | GPU | MEM |
------------------
|  0 |  3% |  3% |
|  1 |  3% |  3% |
| ID | GPU | MEM |
------------------
|  0 |  3% |  3% |
|  1 |  2% |  3% |
Test loop ended
Testing at - 170/170 of epoch 0, loss 0.659937, accuracy 60.069 %, best 60.069 %
Finished epoch 0
0
1
2
| ID | GPU | MEM |
------------------
|  0 |  4% |  3% |
|  1 |  2% |  3% |
3
4
| ID | GPU | MEM |
------------------
|  0 | 47% |  3% |
|  1 |  4% |  3% |
5
| ID | GPU | MEM |
------------------
|  0 | 47% |  3% |
|  1 |  2% |  3% |
6
7
8
| ID | GPU | MEM |
------------------
|  0 | 27% |  3% |
|  1 |  3% |  3% |
9
10
| ID | GPU | MEM |
------------------
|  0 | 22% |  3% |
|  1 |  3% |  3% |
11
12
| ID | GPU | MEM |
------------------
|  0 | 43% |  3% |
|  1 |  3% |  3% |
13
14
| ID | GPU | MEM |
------------------
|  0 | 43% |  3% |
|  1 |  3% |  3% |
15
16
| ID | GPU | MEM |
------------------
|  0 | 29% |  3% |
|  1 |  3% |  3% |
17
18
| ID | GPU | MEM |
------------------
|  0 | 17% |  3% |
|  1 |  3% |  3% |
19
20
| ID | GPU | MEM |
------------------
|  0 | 17% |  3% |
|  1 |  2% |  3% |
21
22
| ID | GPU | MEM |
------------------
|  0 | 46% |  3% |
|  1 |  2% |  3% |
23
24
| ID | GPU | MEM |
------------------
|  0 | 22% |  3% |
|  1 |  4% |  3% |
25
26
| ID | GPU | MEM |
------------------
|  0 | 45% |  3% |
|  1 |  2% |  3% |
27
| ID | GPU | MEM |
------------------
|  0 | 45% |  3% |
|  1 |  3% |  3% |
28
29
| ID | GPU | MEM |
------------------
|  0 | 47% |  3% |
|  1 |  3% |  3% |
30
31
32
| ID | GPU | MEM |
------------------
|  0 | 40% |  3% |
|  1 |  3% |  3% |
33
34
| ID | GPU | MEM |
------------------
|  0 | 40% |  3% |
|  1 |  2% |  3% |
35
36
| ID | GPU | MEM |
------------------
|  0 | 39% |  3% |
|  1 |  2% |  3% |
37
38
| ID | GPU | MEM |
------------------
|  0 | 23% |  3% |
|  1 |  3% |  3% |
39
40
| ID | GPU | MEM |
------------------
|  0 | 42% |  3% |
|  1 |  3% |  3% |
41
42
| ID | GPU | MEM |
------------------
|  0 | 42% |  3% |
|  1 |  3% |  3% |
43
44
| ID | GPU | MEM |
------------------
|  0 | 20% |  3% |
|  1 |  3% |  3% |
45
46
| ID | GPU | MEM |
------------------
|  0 | 42% |  3% |
|  1 |  3% |  3% |
47
48
| ID | GPU | MEM |
------------------
|  0 | 42% |  3% |
|  1 |  3% |  3% |
49
50
| ID | GPU | MEM |
------------------
|  0 | 27% |  3% |
|  1 |  3% |  3% |
51
52
| ID | GPU | MEM |
------------------
|  0 | 22% |  3% |
|  1 |  3% |  3% |
53
54
| ID | GPU | MEM |
------------------
|  0 | 22% |  3% |
|  1 |  2% |  3% |
55
56
| ID | GPU | MEM |
------------------
|  0 | 47% |  3% |
|  1 |  3% |  3% |
57
58
| ID | GPU | MEM |
------------------
|  0 | 29% |  3% |
|  1 |  3% |  3% |
59
60
| ID | GPU | MEM |
------------------
|  0 | 29% |  3% |
|  1 |  3% |  3% |
61
62
| ID | GPU | MEM |
------------------
|  0 | 33% |  3% |
|  1 |  3% |  3% |
63
64
| ID | GPU | MEM |
------------------
|  0 | 47% |  3% |
|  1 |  3% |  3% |
65
| ID | GPU | MEM |
------------------
|  0 | 22% |  3% |
|  1 |  3% |  3% |
66
67
68
| ID | GPU | MEM |
------------------
|  0 | 22% |  3% |
|  1 |  3% |  3% |
69
70
| ID | GPU | MEM |
------------------
|  0 | 42% |  3% |
|  1 |  3% |  3% |
71
72
| ID | GPU | MEM |
------------------
|  0 | 40% |  3% |
|  1 |  3% |  3% |
73
74
| ID | GPU | MEM |
------------------
|  0 | 40% |  3% |
|  1 |  2% |  3% |
75
76
| ID | GPU | MEM |
------------------
|  0 | 22% |  3% |
|  1 |  3% |  3% |
77
78
| ID | GPU | MEM |
------------------
|  0 | 25% |  3% |
|  1 |  3% |  3% |
79
80
| ID | GPU | MEM |
------------------
|  0 | 46% |  3% |
|  1 |  2% |  3% |
81
82
| ID | GPU | MEM |
------------------
|  0 | 46% |  3% |
|  1 |  3% |  3% |
83
84
| ID | GPU | MEM |
------------------
|  0 | 20% |  3% |
|  1 |  3% |  3% |
85
86
| ID | GPU | MEM |
------------------
|  0 | 41% |  3% |
|  1 |  3% |  3% |
87
88
| ID | GPU | MEM |
------------------
|  0 | 41% |  3% |
|  1 |  3% |  3% |
89
90
| ID | GPU | MEM |
------------------
|  0 | 28% |  3% |
|  1 |  3% |  3% |
91
92
| ID | GPU | MEM |
------------------
|  0 | 22% |  3% |
|  1 |  3% |  3% |
93
94
| ID | GPU | MEM |
------------------
|  0 | 22% |  3% |
|  1 |  2% |  3% |
95
96
| ID | GPU | MEM |
------------------
|  0 | 39% |  3% |
|  1 |  2% |  3% |
97
98
| ID | GPU | MEM |
------------------
|  0 | 23% |  3% |
|  1 |  3% |  3% |
99
Finished training it 100/170 of epoch 1 and time taken 0.020169280529022216, 42.64 ms/it, loss 0.634812, accuracy 63.539 %
100
| ID | GPU | MEM |
------------------
|  0 | 41% |  3% |
|  1 |  3% |  3% |
101
102
| ID | GPU | MEM |
------------------
|  0 | 41% |  3% |
|  1 |  3% |  3% |
103
104
| ID | GPU | MEM |
------------------
|  0 | 20% |  3% |
|  1 |  3% |  3% |
105
106
107
| ID | GPU | MEM |
------------------
|  0 | 48% |  3% |
|  1 |  3% |  3% |
108
109
| ID | GPU | MEM |
------------------
|  0 | 35% |  3% |
|  1 |  3% |  3% |
110
111
| ID | GPU | MEM |
------------------
|  0 | 35% |  3% |
|  1 |  2% |  3% |
112
113
| ID | GPU | MEM |
------------------
|  0 | 21% |  3% |
|  1 |  2% |  3% |
114
115
| ID | GPU | MEM |
------------------
|  0 | 41% |  3% |
|  1 |  4% |  3% |
116
| ID | GPU | MEM |
------------------
|  0 | 41% |  3% |
|  1 |  2% |  3% |
117
118
119
| ID | GPU | MEM |
------------------
|  0 | 30% |  3% |
|  1 |  3% |  3% |
120
121
| ID | GPU | MEM |
------------------
|  0 | 45% |  3% |
|  1 |  3% |  3% |
122
123
| ID | GPU | MEM |
------------------
|  0 | 18% |  3% |
|  1 |  3% |  3% |
124
125
| ID | GPU | MEM |
------------------
|  0 | 18% |  3% |
|  1 |  3% |  3% |
126
127
128
| ID | GPU | MEM |
------------------
|  0 | 41% |  3% |
|  1 |  2% |  3% |
129
130
| ID | GPU | MEM |
------------------
|  0 | 39% |  3% |
|  1 |  3% |  3% |
131
132
| ID | GPU | MEM |
------------------
|  0 | 45% |  3% |
|  1 |  3% |  3% |
133
| ID | GPU | MEM |
------------------
|  0 | 26% |  3% |
|  1 |  3% |  3% |
134
135
136
| ID | GPU | MEM |
------------------
|  0 | 26% |  3% |
|  1 |  3% |  3% |
137
138
| ID | GPU | MEM |
------------------
|  0 | 56% |  3% |
|  1 |  3% |  3% |
139
140
| ID | GPU | MEM |
------------------
|  0 | 20% |  3% |
|  1 |  3% |  3% |
141
142
| ID | GPU | MEM |
------------------
|  0 | 20% |  3% |
|  1 |  2% |  3% |
143
144
| ID | GPU | MEM |
------------------
|  0 | 40% |  3% |
|  1 |  3% |  3% |
145
146
| ID | GPU | MEM |
------------------
|  0 | 53% |  3% |
|  1 |  2% |  3% |
147
148
| ID | GPU | MEM |
------------------
|  0 | 17% |  3% |
|  1 |  2% |  3% |
149
150
| ID | GPU | MEM |
------------------
|  0 | 17% |  3% |
|  1 |  2% |  3% |
151
152
| ID | GPU | MEM |
------------------
|  0 | 36% |  3% |
|  1 |  2% |  3% |
153
154
| ID | GPU | MEM |
------------------
|  0 | 41% |  3% |
|  1 |  4% |  3% |
155
| ID | GPU | MEM |
------------------
|  0 | 41% |  3% |
|  1 |  2% |  3% |
156
157
158
| ID | GPU | MEM |
------------------
|  0 | 25% |  3% |
|  1 |  3% |  3% |
159
160
| ID | GPU | MEM |
------------------
|  0 | 26% |  3% |
|  1 |  3% |  3% |
161
| ID | GPU | MEM |
------------------
|  0 | 26% |  3% |
|  1 |  3% |  3% |
162
163
164
| ID | GPU | MEM |
------------------
|  0 | 29% |  3% |
|  1 |  3% |  3% |
165
166
| ID | GPU | MEM |
------------------
|  0 | 47% |  3% |
|  1 |  3% |  3% |
167
| ID | GPU | MEM |
------------------
|  0 | 22% |  3% |
|  1 |  2% |  3% |
168
169
Finished training it 170/170 of epoch 1 and time taken 0.024414976596832276, 44.47 ms/it, loss 0.663248, accuracy 60.665 %
Starting Test loop
| ID | GPU | MEM |
------------------
|  0 | 22% |  3% |
|  1 |  3% |  3% |
| ID | GPU | MEM |
------------------
|  0 | 20% |  3% |
|  1 |  3% |  3% |
| ID | GPU | MEM |
------------------
|  0 | 20% |  3% |
|  1 |  3% |  3% |
| ID | GPU | MEM |
------------------
|  0 |  3% |  3% |
|  1 |  3% |  3% |
Test loop ended
Testing at - 170/170 of epoch 1, loss 0.638156, accuracy 64.368 %, best 64.368 %
Finished epoch 1
0
| ID | GPU | MEM |
------------------
|  0 |  6% |  3% |
|  1 |  3% |  3% |
1
2
3
| ID | GPU | MEM |
------------------
|  0 |  6% |  3% |
|  1 |  2% |  3% |
4
5
| ID | GPU | MEM |
------------------
|  0 | 41% |  3% |
|  1 |  3% |  3% |
6
7
| ID | GPU | MEM |
------------------
|  0 | 34% |  3% |
|  1 |  3% |  3% |
8
9
| ID | GPU | MEM |
------------------
|  0 | 34% |  3% |
|  1 |  3% |  3% |
10
11
| ID | GPU | MEM |
------------------
|  0 | 30% |  3% |
|  1 |  3% |  3% |
12
13
| ID | GPU | MEM |
------------------
|  0 | 50% |  3% |
|  1 |  3% |  3% |
14
15
| ID | GPU | MEM |
------------------
|  0 | 19% |  3% |
|  1 |  2% |  3% |
16
17
| ID | GPU | MEM |
------------------
|  0 | 19% |  3% |
|  1 |  3% |  3% |
18
19
| ID | GPU | MEM |
------------------
|  0 | 40% |  3% |
|  1 |  2% |  3% |
20
| ID | GPU | MEM |
------------------
|  0 | 20% |  3% |
|  1 |  2% |  3% |
21
22
23
| ID | GPU | MEM |
------------------
|  0 | 20% |  3% |
|  1 |  2% |  3% |
24
25
| ID | GPU | MEM |
------------------
|  0 | 37% |  3% |
|  1 |  2% |  3% |
26
27
| ID | GPU | MEM |
------------------
|  0 | 35% |  3% |
|  1 |  2% |  3% |
28
29
| ID | GPU | MEM |
------------------
|  0 | 26% |  3% |
|  1 |  3% |  3% |
30
31
| ID | GPU | MEM |
------------------
|  0 | 26% |  3% |
|  1 |  2% |  3% |
32
33
| ID | GPU | MEM |
------------------
|  0 | 49% |  3% |
|  1 |  2% |  3% |
34
35
36
| ID | GPU | MEM |
------------------
|  0 | 19% |  3% |
|  1 |  4% |  3% |
37
38
| ID | GPU | MEM |
------------------
|  0 | 45% |  3% |
|  1 |  3% |  3% |
39
40
| ID | GPU | MEM |
------------------
|  0 | 45% |  3% |
|  1 |  2% |  3% |
41
| ID | GPU | MEM |
------------------
|  0 | 40% |  3% |
|  1 |  3% |  3% |
42
43
44
| ID | GPU | MEM |
------------------
|  0 | 28% |  3% |
|  1 |  3% |  3% |
45
46
| ID | GPU | MEM |
------------------
|  0 | 44% |  3% |
|  1 |  3% |  3% |
47
48
| ID | GPU | MEM |
------------------
|  0 | 44% |  3% |
|  1 |  3% |  3% |
49
50
| ID | GPU | MEM |
------------------
|  0 | 22% |  3% |
|  1 |  3% |  3% |
51
52
53
| ID | GPU | MEM |
------------------
|  0 | 41% |  3% |
|  1 |  3% |  3% |
54
55
| ID | GPU | MEM |
------------------
|  0 | 39% |  3% |
|  1 |  3% |  3% |
56
57
| ID | GPU | MEM |
------------------
|  0 | 39% |  3% |
|  1 |  3% |  3% |
58
59
| ID | GPU | MEM |
------------------
|  0 | 27% |  3% |
|  1 |  3% |  3% |
60
61
| ID | GPU | MEM |
------------------
|  0 | 37% |  3% |
|  1 |  3% |  3% |
62
| ID | GPU | MEM |
------------------
|  0 | 37% |  3% |
|  1 |  2% |  3% |
63
64
65
| ID | GPU | MEM |
------------------
|  0 | 25% |  3% |
|  1 |  2% |  3% |
66
67
| ID | GPU | MEM |
------------------
|  0 | 38% |  3% |
|  1 |  4% |  3% |
68
69
| ID | GPU | MEM |
------------------
|  0 | 38% |  3% |
|  1 |  2% |  3% |
70
71
| ID | GPU | MEM |
------------------
|  0 | 23% |  3% |
|  1 |  2% |  3% |
72
73
| ID | GPU | MEM |
------------------
|  0 | 47% |  3% |
|  1 |  4% |  3% |
74
75
| ID | GPU | MEM |
------------------
|  0 | 47% |  3% |
|  1 |  2% |  3% |
76
77
| ID | GPU | MEM |
------------------
|  0 | 23% |  3% |
|  1 |  3% |  3% |
78
79
| ID | GPU | MEM |
------------------
|  0 | 46% |  3% |
|  1 |  3% |  3% |
80
81
| ID | GPU | MEM |
------------------
|  0 | 15% |  3% |
|  1 |  2% |  3% |
82
83
| ID | GPU | MEM |
------------------
|  0 | 15% |  3% |
|  1 |  2% |  3% |
84
85
| ID | GPU | MEM |
------------------
|  0 | 38% |  3% |
|  1 |  2% |  3% |
86
87
| ID | GPU | MEM |
------------------
|  0 | 31% |  3% |
|  1 |  2% |  3% |
88
89
| ID | GPU | MEM |
------------------
|  0 | 31% |  3% |
|  1 |  3% |  3% |
90
91
| ID | GPU | MEM |
------------------
|  0 | 29% |  3% |
|  1 |  2% |  3% |
92
| ID | GPU | MEM |
------------------
|  0 | 42% |  3% |
|  1 |  2% |  3% |
93
94
95
| ID | GPU | MEM |
------------------
|  0 | 26% |  3% |
|  1 |  3% |  3% |
96
97
| ID | GPU | MEM |
------------------
|  0 | 26% |  3% |
|  1 |  2% |  3% |
98
99
| ID | GPU | MEM |
------------------
|  0 | 40% |  3% |
|  1 |  2% |  3% |
Finished training it 100/170 of epoch 2 and time taken 0.030781817197799682, 44.23 ms/it, loss 0.626018, accuracy 65.869 %
100
101
| ID | GPU | MEM |
------------------
|  0 | 21% |  3% |
|  1 |  4% |  3% |
102
103
| ID | GPU | MEM |
------------------
|  0 | 21% |  3% |
|  1 |  2% |  3% |
104
105
| ID | GPU | MEM |
------------------
|  0 | 41% |  3% |
|  1 |  2% |  3% |
106
107
| ID | GPU | MEM |
------------------
|  0 | 25% |  3% |
|  1 |  3% |  3% |
108
109
| ID | GPU | MEM |
------------------
|  0 | 25% |  3% |
|  1 |  3% |  3% |
110
111
| ID | GPU | MEM |
------------------
|  0 | 25% |  3% |
|  1 |  3% |  3% |
112
113
| ID | GPU | MEM |
------------------
|  0 | 26% |  3% |
|  1 |  4% |  3% |
114
115
| ID | GPU | MEM |
------------------
|  0 | 26% |  3% |
|  1 |  2% |  3% |
116
| ID | GPU | MEM |
------------------
|  0 | 37% |  3% |
|  1 |  2% |  3% |
117
118
119
| ID | GPU | MEM |
------------------
|  0 | 25% |  3% |
|  1 |  3% |  3% |
120
121
| ID | GPU | MEM |
------------------
|  0 | 43% |  3% |
|  1 |  3% |  3% |
122
123
| ID | GPU | MEM |
------------------
|  0 | 43% |  3% |
|  1 |  3% |  3% |
124
125
| ID | GPU | MEM |
------------------
|  0 | 29% |  3% |
|  1 |  3% |  3% |
126
127
| ID | GPU | MEM |
------------------
|  0 | 42% |  3% |
|  1 |  3% |  3% |
128
129
| ID | GPU | MEM |
------------------
|  0 | 42% |  3% |
|  1 |  2% |  3% |
130
131
| ID | GPU | MEM |
------------------
|  0 | 28% |  3% |
|  1 |  2% |  3% |
132
133
| ID | GPU | MEM |
------------------
|  0 | 40% |  3% |
|  1 |  3% |  3% |
134
135
| ID | GPU | MEM |
------------------
|  0 | 40% |  3% |
|  1 |  2% |  3% |
136
137
| ID | GPU | MEM |
------------------
|  0 | 27% |  3% |
|  1 |  3% |  3% |
138
139
| ID | GPU | MEM |
------------------
|  0 | 41% |  3% |
|  1 |  3% |  3% |
140
| ID | GPU | MEM |
------------------
|  0 | 20% |  3% |
|  1 |  3% |  3% |
141
142
| ID | GPU | MEM |
------------------
|  0 | 20% |  3% |
|  1 |  3% |  3% |
143
144
145
| ID | GPU | MEM |
------------------
|  0 | 38% |  3% |
|  1 |  3% |  3% |
146
147
| ID | GPU | MEM |
------------------
|  0 | 22% |  3% |
|  1 |  3% |  3% |
148
149
| ID | GPU | MEM |
------------------
|  0 | 22% |  3% |
|  1 |  3% |  3% |
150
151
| ID | GPU | MEM |
------------------
|  0 | 39% |  3% |
|  1 |  3% |  3% |
152
153
| ID | GPU | MEM |
------------------
|  0 | 18% |  3% |
|  1 |  3% |  3% |
154
155
| ID | GPU | MEM |
------------------
|  0 | 18% |  3% |
|  1 |  3% |  3% |
156
157
| ID | GPU | MEM |
------------------
|  0 | 41% |  3% |
|  1 |  2% |  3% |
158
159
| ID | GPU | MEM |
------------------
|  0 | 28% |  3% |
|  1 |  2% |  3% |
160
161
| ID | GPU | MEM |
------------------
|  0 | 28% |  3% |
|  1 |  3% |  3% |
162
163
| ID | GPU | MEM |
------------------
|  0 | 32% |  3% |
|  1 |  2% |  3% |
164
| ID | GPU | MEM |
------------------
|  0 | 39% |  3% |
|  1 |  2% |  3% |
165
166
167
| ID | GPU | MEM |
------------------
|  0 | 29% |  3% |
|  1 |  3% |  3% |
168
169
Finished training it 170/170 of epoch 2 and time taken 0.03498374176025391, 42.30 ms/it, loss 0.624534, accuracy 65.785 %
Starting Test loop
| ID | GPU | MEM |
------------------
|  0 | 29% |  3% |
|  1 |  2% |  3% |
| ID | GPU | MEM |
------------------
|  0 | 43% |  3% |
|  1 |  3% |  3% |
| ID | GPU | MEM |
------------------
|  0 |  4% |  3% |
|  1 |  3% |  3% |
| ID | GPU | MEM |
------------------
|  0 |  4% |  3% |
|  1 |  3% |  3% |
Test loop ended
Testing at - 170/170 of epoch 2, loss 0.596537, accuracy 68.342 %, best 68.342 %
Finished epoch 2
0
| ID | GPU | MEM |
------------------
|  0 |  4% |  3% |
|  1 |  3% |  3% |
1
2
| ID | GPU | MEM |
------------------
|  0 | 47% |  3% |
|  1 |  3% |  3% |
3
4
5
| ID | GPU | MEM |
------------------
|  0 | 26% |  3% |
|  1 |  3% |  3% |
6
7
| ID | GPU | MEM |
------------------
|  0 | 43% |  3% |
|  1 |  2% |  3% |
8
| ID | GPU | MEM |
------------------
|  0 | 43% |  3% |
|  1 |  3% |  3% |
9
10
| ID | GPU | MEM |
------------------
|  0 | 33% |  3% |
|  1 |  3% |  3% |
11
12
13
| ID | GPU | MEM |
------------------
|  0 | 21% |  3% |
|  1 |  3% |  3% |
14
15
| ID | GPU | MEM |
------------------
|  0 | 21% |  3% |
|  1 |  2% |  3% |
16
17
| ID | GPU | MEM |
------------------
|  0 | 43% |  3% |
|  1 |  2% |  3% |
18
19
| ID | GPU | MEM |
------------------
|  0 | 24% |  3% |
|  1 |  4% |  3% |
20
21
| ID | GPU | MEM |
------------------
|  0 | 46% |  3% |
|  1 |  2% |  3% |
22
23
| ID | GPU | MEM |
------------------
|  0 | 46% |  3% |
|  1 |  3% |  3% |
24
| ID | GPU | MEM |
------------------
|  0 | 27% |  3% |
|  1 |  3% |  3% |
25
26
27
| ID | GPU | MEM |
------------------
|  0 | 24% |  3% |
|  1 |  3% |  3% |
28
29
| ID | GPU | MEM |
------------------
|  0 | 24% |  3% |
|  1 |  2% |  3% |
30
31
| ID | GPU | MEM |
------------------
|  0 | 41% |  3% |
|  1 |  2% |  3% |
32
33
| ID | GPU | MEM |
------------------
|  0 | 26% |  3% |
|  1 |  3% |  3% |
34
35
| ID | GPU | MEM |
------------------
|  0 | 26% |  3% |
|  1 |  2% |  3% |
36
37
| ID | GPU | MEM |
------------------
|  0 | 40% |  3% |
|  1 |  2% |  3% |
38
39
| ID | GPU | MEM |
------------------
|  0 | 22% |  3% |
|  1 |  4% |  3% |
40
41
| ID | GPU | MEM |
------------------
|  0 | 41% |  3% |
|  1 |  2% |  3% |
42
| ID | GPU | MEM |
------------------
|  0 | 41% |  3% |
|  1 |  2% |  3% |
43
44
45
| ID | GPU | MEM |
------------------
|  0 | 29% |  3% |
|  1 |  3% |  3% |
46
47
| ID | GPU | MEM |
------------------
|  0 | 38% |  3% |
|  1 |  3% |  3% |
48
| ID | GPU | MEM |
------------------
|  0 | 38% |  3% |
|  1 |  3% |  3% |
49
50
51
| ID | GPU | MEM |
------------------
|  0 | 29% |  3% |
|  1 |  3% |  3% |
52
53
| ID | GPU | MEM |
------------------
|  0 | 39% |  3% |
|  1 |  3% |  3% |
54
55
| ID | GPU | MEM |
------------------
|  0 | 35% |  3% |
|  1 |  2% |  3% |
56
57
| ID | GPU | MEM |
------------------
|  0 | 35% |  3% |
|  1 |  3% |  3% |
58
59
| ID | GPU | MEM |
------------------
|  0 | 26% |  3% |
|  1 |  3% |  3% |
60
61
| ID | GPU | MEM |
------------------
|  0 | 42% |  3% |
|  1 |  3% |  3% |
62
63
| ID | GPU | MEM |
------------------
|  0 | 42% |  3% |
|  1 |  3% |  3% |
64
65
| ID | GPU | MEM |
------------------
|  0 | 21% |  3% |
|  1 |  3% |  3% |
66
67
68
| ID | GPU | MEM |
------------------
|  0 | 47% |  3% |
|  1 |  3% |  3% |
69
70
| ID | GPU | MEM |
------------------
|  0 | 38% |  3% |
|  1 |  3% |  3% |
71
72
| ID | GPU | MEM |
------------------
|  0 | 38% |  3% |
|  1 |  2% |  3% |
73
74
| ID | GPU | MEM |
------------------
|  0 | 23% |  3% |
|  1 |  2% |  3% |
75
76
77
| ID | GPU | MEM |
------------------
|  0 | 44% |  3% |
|  1 |  3% |  3% |
78
79
| ID | GPU | MEM |
------------------
|  0 | 46% |  3% |
|  1 |  3% |  3% |
80
| ID | GPU | MEM |
------------------
|  0 | 22% |  3% |
|  1 |  2% |  3% |
81
82
83
| ID | GPU | MEM |
------------------
|  0 | 22% |  3% |
|  1 |  2% |  3% |
84
85
| ID | GPU | MEM |
------------------
|  0 | 57% |  3% |
|  1 |  3% |  3% |
86
87
| ID | GPU | MEM |
------------------
|  0 | 21% |  3% |
|  1 |  2% |  3% |
88
89
| ID | GPU | MEM |
------------------
|  0 | 21% |  3% |
|  1 |  2% |  3% |
90
91
| ID | GPU | MEM |
------------------
|  0 | 33% |  3% |
|  1 |  2% |  3% |
92
| ID | GPU | MEM |
------------------
|  0 | 35% |  3% |
|  1 |  2% |  3% |
93
94
95
| ID | GPU | MEM |
------------------
|  0 | 35% |  3% |
|  1 |  3% |  3% |
96
97
| ID | GPU | MEM |
------------------
|  0 | 29% |  3% |
|  1 |  2% |  3% |
98
| ID | GPU | MEM |
------------------
|  0 | 44% |  3% |
|  1 |  2% |  3% |
99
Finished training it 100/170 of epoch 3 and time taken 0.04146549224853516, 44.04 ms/it, loss 0.585576, accuracy 69.377 %
100
101
| ID | GPU | MEM |
------------------
|  0 | 23% |  3% |
|  1 |  3% |  3% |
102
103
| ID | GPU | MEM |
------------------
|  0 | 23% |  3% |
|  1 |  3% |  3% |
104
105
| ID | GPU | MEM |
------------------
|  0 | 38% |  3% |
|  1 |  2% |  3% |
106
107
| ID | GPU | MEM |
------------------
|  0 | 32% |  3% |
|  1 |  2% |  3% |
108
109
| ID | GPU | MEM |
------------------
|  0 | 32% |  3% |
|  1 |  3% |  3% |
110
111
| ID | GPU | MEM |
------------------
|  0 | 30% |  3% |
|  1 |  3% |  3% |
112
113
| ID | GPU | MEM |
------------------
|  0 | 16% |  3% |
|  1 |  4% |  3% |
114
115
| ID | GPU | MEM |
------------------
|  0 | 16% |  3% |
|  1 |  3% |  3% |
116
117
| ID | GPU | MEM |
------------------
|  0 | 36% |  3% |
|  1 |  2% |  3% |
118
119
| ID | GPU | MEM |
------------------
|  0 | 33% |  3% |
|  1 |  2% |  3% |
120
121
| ID | GPU | MEM |
------------------
|  0 | 31% |  3% |
|  1 |  3% |  3% |
122
123
| ID | GPU | MEM |
------------------
|  0 | 31% |  3% |
|  1 |  2% |  3% |
124
| ID | GPU | MEM |
------------------
|  0 | 43% |  3% |
|  1 |  2% |  3% |
125
126
127
| ID | GPU | MEM |
------------------
|  0 | 28% |  3% |
|  1 |  3% |  3% |
128
129
| ID | GPU | MEM |
------------------
|  0 | 43% |  3% |
|  1 |  2% |  3% |
130
131
| ID | GPU | MEM |
------------------
|  0 | 43% |  3% |
|  1 |  3% |  3% |
132
133
| ID | GPU | MEM |
------------------
|  0 | 27% |  3% |
|  1 |  3% |  3% |
134
135
| ID | GPU | MEM |
------------------
|  0 | 39% |  3% |
|  1 |  3% |  3% |
136
137
| ID | GPU | MEM |
------------------
|  0 | 39% |  3% |
|  1 |  3% |  3% |
138
139
| ID | GPU | MEM |
------------------
|  0 | 28% |  3% |
|  1 |  3% |  3% |
140
141
| ID | GPU | MEM |
------------------
|  0 | 41% |  3% |
|  1 |  3% |  3% |
142
143
| ID | GPU | MEM |
------------------
|  0 | 41% |  3% |
|  1 |  3% |  3% |
144
145
| ID | GPU | MEM |
------------------
|  0 | 22% |  3% |
|  1 |  3% |  3% |
146
147
148
| ID | GPU | MEM |
------------------
|  0 | 42% |  3% |
|  1 |  3% |  3% |
149
150
| ID | GPU | MEM |
------------------
|  0 | 48% |  3% |
|  1 |  3% |  3% |
151
152
| ID | GPU | MEM |
------------------
|  0 | 22% |  3% |
|  1 |  2% |  3% |
153
154
| ID | GPU | MEM |
------------------
|  0 | 22% |  3% |
|  1 |  2% |  3% |
155
156
| ID | GPU | MEM |
------------------
|  0 | 23% |  3% |
|  1 |  3% |  3% |
157
158
| ID | GPU | MEM |
------------------
|  0 | 38% |  3% |
|  1 |  2% |  3% |
159
| ID | GPU | MEM |
------------------
|  0 | 38% |  3% |
|  1 |  3% |  3% |
160
161
162
| ID | GPU | MEM |
------------------
|  0 | 35% |  3% |
|  1 |  3% |  3% |
163
164
| ID | GPU | MEM |
------------------
|  0 | 41% |  3% |
|  1 |  3% |  3% |
165
166
| ID | GPU | MEM |
------------------
|  0 | 41% |  3% |
|  1 |  2% |  3% |
167
168
| ID | GPU | MEM |
------------------
|  0 | 25% |  3% |
|  1 |  2% |  3% |
169
Finished training it 170/170 of epoch 3 and time taken 0.04571528458595276, 43.36 ms/it, loss 0.562666, accuracy 71.037 %
Starting Test loop
| ID | GPU | MEM |
------------------
|  0 | 46% |  3% |
|  1 |  3% |  3% |
| ID | GPU | MEM |
------------------
|  0 |  6% |  3% |
|  1 |  2% |  3% |
| ID | GPU | MEM |
------------------
|  0 |  6% |  3% |
|  1 |  2% |  3% |
| ID | GPU | MEM |
------------------
|  0 |  3% |  3% |
|  1 |  3% |  3% |
Test loop ended
Testing at - 170/170 of epoch 3, loss 0.532754, accuracy 72.606 %, best 72.606 %
Finished epoch 3
0
1
| ID | GPU | MEM |
------------------
|  0 |  3% |  3% |
|  1 |  3% |  3% |
2
3
| ID | GPU | MEM |
------------------
|  0 | 19% |  3% |
|  1 |  2% |  3% |
4
5
| ID | GPU | MEM |
------------------
|  0 | 49% |  3% |
|  1 |  2% |  3% |
6
7
| ID | GPU | MEM |
------------------
|  0 | 36% |  3% |
|  1 |  2% |  3% |
8
9
| ID | GPU | MEM |
------------------
|  0 | 26% |  3% |
|  1 |  3% |  3% |
10
11
| ID | GPU | MEM |
------------------
|  0 | 26% |  3% |
|  1 |  3% |  3% |
12
13
| ID | GPU | MEM |
------------------
|  0 | 45% |  3% |
|  1 |  3% |  3% |
14
15
| ID | GPU | MEM |
------------------
|  0 | 19% |  3% |
|  1 |  3% |  3% |
16
17
18
| ID | GPU | MEM |
------------------
|  0 | 45% |  3% |
|  1 |  2% |  3% |
19
20
| ID | GPU | MEM |
------------------
|  0 | 44% |  3% |
|  1 |  2% |  3% |
21
22
| ID | GPU | MEM |
------------------
|  0 | 44% |  3% |
|  1 |  2% |  3% |
23
24
| ID | GPU | MEM |
------------------
|  0 | 26% |  3% |
|  1 |  4% |  3% |
25
26
| ID | GPU | MEM |
------------------
|  0 | 41% |  3% |
|  1 |  2% |  3% |
27
28
| ID | GPU | MEM |
------------------
|  0 | 41% |  3% |
|  1 |  3% |  3% |
29
30
| ID | GPU | MEM |
------------------
|  0 | 25% |  3% |
|  1 |  3% |  3% |
31
32
| ID | GPU | MEM |
------------------
|  0 | 38% |  3% |
|  1 |  2% |  3% |
33
| ID | GPU | MEM |
------------------
|  0 | 38% |  3% |
|  1 |  2% |  3% |
34
35
36
| ID | GPU | MEM |
------------------
|  0 | 31% |  3% |
|  1 |  3% |  3% |
37
38
| ID | GPU | MEM |
------------------
|  0 | 22% |  3% |
|  1 |  3% |  3% |
39
40
| ID | GPU | MEM |
------------------
|  0 | 22% |  3% |
|  1 |  3% |  3% |
41
42
| ID | GPU | MEM |
------------------
|  0 | 22% |  3% |
|  1 |  4% |  3% |
43
44
| ID | GPU | MEM |
------------------
|  0 | 41% |  3% |
|  1 |  2% |  3% |
45
46
| ID | GPU | MEM |
------------------
|  0 | 41% |  3% |
|  1 |  2% |  3% |
47
48
| ID | GPU | MEM |
------------------
|  0 | 26% |  3% |
|  1 |  3% |  3% |
49
50
| ID | GPU | MEM |
------------------
|  0 | 39% |  3% |
|  1 |  2% |  3% |
51
52
| ID | GPU | MEM |
------------------
|  0 | 39% |  3% |
|  1 |  3% |  3% |
53
54
| ID | GPU | MEM |
------------------
|  0 | 22% |  3% |
|  1 |  3% |  3% |
55
56
| ID | GPU | MEM |
------------------
|  0 | 40% |  3% |
|  1 |  3% |  3% |
57
| ID | GPU | MEM |
------------------
|  0 | 40% |  3% |
|  1 |  3% |  3% |
58
59
60
| ID | GPU | MEM |
------------------
|  0 | 33% |  3% |
|  1 |  3% |  3% |
61
62
| ID | GPU | MEM |
------------------
|  0 | 42% |  3% |
|  1 |  3% |  3% |
63
| ID | GPU | MEM |
------------------
|  0 | 42% |  3% |
|  1 |  3% |  3% |
64
65
66
| ID | GPU | MEM |
------------------
|  0 | 24% |  3% |
|  1 |  3% |  3% |
67
68
| ID | GPU | MEM |
------------------
|  0 | 22% |  3% |
|  1 |  3% |  3% |
69
70
| ID | GPU | MEM |
------------------
|  0 | 40% |  3% |
|  1 |  2% |  3% |
71
| ID | GPU | MEM |
------------------
|  0 | 40% |  3% |
|  1 |  2% |  3% |
72
73
74
| ID | GPU | MEM |
------------------
|  0 | 25% |  3% |
|  1 |  3% |  3% |
75
76
| ID | GPU | MEM |
------------------
|  0 | 41% |  3% |
|  1 |  2% |  3% |
77
78
| ID | GPU | MEM |
------------------
|  0 | 41% |  3% |
|  1 |  3% |  3% |
79
80
| ID | GPU | MEM |
------------------
|  0 | 27% |  3% |
|  1 |  3% |  3% |
81
82
| ID | GPU | MEM |
------------------
|  0 | 39% |  3% |
|  1 |  3% |  3% |
83
| ID | GPU | MEM |
------------------
|  0 | 39% |  3% |
|  1 |  3% |  3% |
84
85
86
| ID | GPU | MEM |
------------------
|  0 | 30% |  3% |
|  1 |  3% |  3% |
87
88
| ID | GPU | MEM |
------------------
|  0 | 45% |  3% |
|  1 |  3% |  3% |
89
90
| ID | GPU | MEM |
------------------
|  0 | 22% |  3% |
|  1 |  2% |  3% |
91
92
| ID | GPU | MEM |
------------------
|  0 | 22% |  3% |
|  1 |  2% |  3% |
93
94
| ID | GPU | MEM |
------------------
|  0 | 39% |  3% |
|  1 |  3% |  3% |
95
| ID | GPU | MEM |
------------------
|  0 | 23% |  3% |
|  1 |  2% |  3% |
96
97
98
| ID | GPU | MEM |
------------------
|  0 | 23% |  3% |
|  1 |  3% |  3% |
99
Finished training it 100/170 of epoch 4 and time taken 0.052087477922439576, 44.02 ms/it, loss 0.553478, accuracy 71.877 %
100
| ID | GPU | MEM |
------------------
|  0 | 36% |  3% |
|  1 |  3% |  3% |
101
102
| ID | GPU | MEM |
------------------
|  0 | 38% |  3% |
|  1 |  3% |  3% |
103
104
| ID | GPU | MEM |
------------------
|  0 | 38% |  3% |
|  1 |  3% |  3% |
105
106
| ID | GPU | MEM |
------------------
|  0 | 27% |  3% |
|  1 |  3% |  3% |
107
108
| ID | GPU | MEM |
------------------
|  0 | 45% |  3% |
|  1 |  3% |  3% |
109
110
| ID | GPU | MEM |
------------------
|  0 | 22% |  3% |
|  1 |  2% |  3% |
111
112
| ID | GPU | MEM |
------------------
|  0 | 22% |  3% |
|  1 |  2% |  3% |
113
114
| ID | GPU | MEM |
------------------
|  0 | 26% |  3% |
|  1 |  3% |  3% |
115
116
| ID | GPU | MEM |
------------------
|  0 | 26% |  3% |
|  1 |  3% |  3% |
117
118
| ID | GPU | MEM |
------------------
|  0 | 24% |  3% |
|  1 |  3% |  3% |
119
120
| ID | GPU | MEM |
------------------
|  0 | 43% |  3% |
|  1 |  3% |  3% |
121
122
| ID | GPU | MEM |
------------------
|  0 | 20% |  3% |
|  1 |  2% |  3% |
123
124
| ID | GPU | MEM |
------------------
|  0 | 20% |  3% |
|  1 |  2% |  3% |
125
126
| ID | GPU | MEM |
------------------
|  0 | 44% |  3% |
|  1 |  3% |  3% |
127
128
| ID | GPU | MEM |
------------------
|  0 | 16% |  3% |
|  1 |  2% |  3% |
129
130
| ID | GPU | MEM |
------------------
|  0 | 16% |  3% |
|  1 |  2% |  3% |
131
132
| ID | GPU | MEM |
------------------
|  0 | 41% |  3% |
|  1 |  4% |  3% |
133
134
| ID | GPU | MEM |
------------------
|  0 | 20% |  3% |
|  1 |  2% |  3% |
135
136
| ID | GPU | MEM |
------------------
|  0 | 20% |  3% |
|  1 |  2% |  3% |
137
138
| ID | GPU | MEM |
------------------
|  0 | 41% |  3% |
|  1 |  3% |  3% |
139
140
| ID | GPU | MEM |
------------------
|  0 | 23% |  3% |
|  1 |  2% |  3% |
141
142
| ID | GPU | MEM |
------------------
|  0 | 23% |  3% |
|  1 |  3% |  3% |
143
144
| ID | GPU | MEM |
------------------
|  0 | 35% |  3% |
|  1 |  3% |  3% |
145
146
| ID | GPU | MEM |
------------------
|  0 | 30% |  3% |
|  1 |  3% |  3% |
147
148
| ID | GPU | MEM |
------------------
|  0 | 30% |  3% |
|  1 |  3% |  3% |
149
150
| ID | GPU | MEM |
------------------
|  0 | 27% |  3% |
|  1 |  2% |  3% |
151
152
| ID | GPU | MEM |
------------------
|  0 | 43% |  3% |
|  1 |  2% |  3% |
153
154
| ID | GPU | MEM |
------------------
|  0 | 28% |  3% |
|  1 |  2% |  3% |
155
156
| ID | GPU | MEM |
------------------
|  0 | 28% |  3% |
|  1 |  2% |  3% |
157
158
| ID | GPU | MEM |
------------------
|  0 | 22% |  3% |
|  1 |  4% |  3% |
159
160
| ID | GPU | MEM |
------------------
|  0 | 22% |  3% |
|  1 |  3% |  3% |
161
162
| ID | GPU | MEM |
------------------
|  0 | 25% |  3% |
|  1 |  2% |  3% |
163
164
| ID | GPU | MEM |
------------------
|  0 | 45% |  3% |
|  1 |  2% |  3% |
165
166
| ID | GPU | MEM |
------------------
|  0 | 19% |  3% |
|  1 |  3% |  3% |
167
168
| ID | GPU | MEM |
------------------
|  0 | 19% |  3% |
|  1 |  3% |  3% |
169
Finished training it 170/170 of epoch 4 and time taken 0.056245542287826536, 43.53 ms/it, loss 0.574905, accuracy 70.738 %
Starting Test loop
| ID | GPU | MEM |
------------------
|  0 | 41% |  3% |
|  1 |  3% |  3% |
| ID | GPU | MEM |
------------------
|  0 | 19% |  3% |
|  1 |  2% |  3% |
| ID | GPU | MEM |
------------------
|  0 | 19% |  3% |
|  1 |  2% |  3% |
| ID | GPU | MEM |
------------------
|  0 |  3% |  3% |
|  1 |  3% |  3% |
Test loop ended
Testing at - 170/170 of epoch 4, loss 0.534710, accuracy 76.513 %, best 76.513 %
Finished epoch 4
0
| ID | GPU | MEM |
------------------
|  0 |  8% |  3% |
|  1 |  3% |  3% |
1
2
| ID | GPU | MEM |
------------------
|  0 |  8% |  3% |
|  1 |  3% |  3% |
3
4
5
| ID | GPU | MEM |
------------------
|  0 | 41% |  3% |
|  1 |  3% |  3% |
6
7
| ID | GPU | MEM |
------------------
|  0 | 41% |  3% |
|  1 |  3% |  3% |
8
9
| ID | GPU | MEM |
------------------
|  0 | 23% |  3% |
|  1 |  3% |  3% |
10
11
| ID | GPU | MEM |
------------------
|  0 | 23% |  3% |
|  1 |  3% |  3% |
12
13
| ID | GPU | MEM |
------------------
|  0 | 47% |  3% |
|  1 |  3% |  3% |
14
15
| ID | GPU | MEM |
------------------
|  0 | 18% |  3% |
|  1 |  2% |  3% |
16
| ID | GPU | MEM |
------------------
|  0 | 18% |  3% |
|  1 |  2% |  3% |
17
18
19
| ID | GPU | MEM |
------------------
|  0 | 28% |  3% |
|  1 |  3% |  3% |
20
21
| ID | GPU | MEM |
------------------
|  0 | 41% |  3% |
|  1 |  2% |  3% |
22
23
| ID | GPU | MEM |
------------------
|  0 | 41% |  3% |
|  1 |  3% |  3% |
24
25
| ID | GPU | MEM |
------------------
|  0 | 29% |  3% |
|  1 |  3% |  3% |
26
27
| ID | GPU | MEM |
------------------
|  0 | 20% |  3% |
|  1 |  3% |  3% |
28
29
| ID | GPU | MEM |
------------------
|  0 | 20% |  3% |
|  1 |  3% |  3% |
30
31
| ID | GPU | MEM |
------------------
|  0 | 33% |  3% |
|  1 |  3% |  3% |
32
33
| ID | GPU | MEM |
------------------
|  0 | 38% |  3% |
|  1 |  2% |  3% |
34
| ID | GPU | MEM |
------------------
|  0 | 38% |  3% |
|  1 |  3% |  3% |
35
36
37
| ID | GPU | MEM |
------------------
|  0 | 29% |  3% |
|  1 |  3% |  3% |
38
39
| ID | GPU | MEM |
------------------
|  0 | 21% |  3% |
|  1 |  3% |  3% |
40
41
| ID | GPU | MEM |
------------------
|  0 | 40% |  3% |
|  1 |  3% |  3% |
42
43
| ID | GPU | MEM |
------------------
|  0 | 40% |  3% |
|  1 |  3% |  3% |
44
45
| ID | GPU | MEM |
------------------
|  0 | 26% |  3% |
|  1 |  3% |  3% |
46
47
| ID | GPU | MEM |
------------------
|  0 | 44% |  3% |
|  1 |  2% |  3% |
48
| ID | GPU | MEM |
------------------
|  0 | 44% |  3% |
|  1 |  2% |  3% |
49
50
51
| ID | GPU | MEM |
------------------
|  0 | 30% |  3% |
|  1 |  4% |  3% |
52
53
| ID | GPU | MEM |
------------------
|  0 | 35% |  3% |
|  1 |  2% |  3% |
54
55
| ID | GPU | MEM |
------------------
|  0 | 35% |  3% |
|  1 |  2% |  3% |
56
57
| ID | GPU | MEM |
------------------
|  0 | 29% |  3% |
|  1 |  3% |  3% |
58
59
| ID | GPU | MEM |
------------------
|  0 | 17% |  3% |
|  1 |  3% |  3% |
60
61
| ID | GPU | MEM |
------------------
|  0 | 17% |  3% |
|  1 |  3% |  3% |
62
63
| ID | GPU | MEM |
------------------
|  0 | 23% |  3% |
|  1 |  3% |  3% |
64
65
66
| ID | GPU | MEM |
------------------
|  0 | 42% |  3% |
|  1 |  3% |  3% |
67
68
| ID | GPU | MEM |
------------------
|  0 | 47% |  3% |
|  1 |  2% |  3% |
69
70
| ID | GPU | MEM |
------------------
|  0 | 47% |  3% |
|  1 |  2% |  3% |
71
72
| ID | GPU | MEM |
------------------
|  0 | 30% |  3% |
|  1 |  3% |  3% |
73
74
| ID | GPU | MEM |
------------------
|  0 | 37% |  3% |
|  1 |  3% |  3% |
75
76
| ID | GPU | MEM |
------------------
|  0 | 37% |  3% |
|  1 |  3% |  3% |
77
78
| ID | GPU | MEM |
------------------
|  0 | 23% |  3% |
|  1 |  3% |  3% |
79
80
| ID | GPU | MEM |
------------------
|  0 | 43% |  3% |
|  1 |  3% |  3% |
81
82
| ID | GPU | MEM |
------------------
|  0 | 23% |  3% |
|  1 |  3% |  3% |
83
84
| ID | GPU | MEM |
------------------
|  0 | 23% |  3% |
|  1 |  3% |  3% |
85
86
| ID | GPU | MEM |
------------------
|  0 | 40% |  3% |
|  1 |  3% |  3% |
87
88
| ID | GPU | MEM |
------------------
|  0 | 17% |  3% |
|  1 |  2% |  3% |
89
90
| ID | GPU | MEM |
------------------
|  0 | 17% |  3% |
|  1 |  2% |  3% |
91
92
| ID | GPU | MEM |
------------------
|  0 | 36% |  3% |
|  1 |  4% |  3% |
93
94
| ID | GPU | MEM |
------------------
|  0 | 23% |  3% |
|  1 |  2% |  3% |
95
96
| ID | GPU | MEM |
------------------
|  0 | 23% |  3% |
|  1 |  2% |  3% |
97
98
| ID | GPU | MEM |
------------------
|  0 | 38% |  3% |
|  1 |  3% |  3% |
99
Finished training it 100/170 of epoch 5 and time taken 0.0625645625591278, 43.75 ms/it, loss 0.559796, accuracy 71.801 %
100
| ID | GPU | MEM |
------------------
|  0 | 26% |  3% |
|  1 |  2% |  3% |
101
102
| ID | GPU | MEM |
------------------
|  0 | 26% |  3% |
|  1 |  3% |  3% |
103
104
| ID | GPU | MEM |
------------------
|  0 | 31% |  3% |
|  1 |  3% |  3% |
105
106
| ID | GPU | MEM |
------------------
|  0 | 32% |  3% |
|  1 |  3% |  3% |
107
108
| ID | GPU | MEM |
------------------
|  0 | 32% |  3% |
|  1 |  3% |  3% |
109
110
| ID | GPU | MEM |
------------------
|  0 | 23% |  3% |
|  1 |  3% |  3% |
111
| ID | GPU | MEM |
------------------
|  0 | 44% |  3% |
|  1 |  3% |  3% |
112
113
114
| ID | GPU | MEM |
------------------
|  0 | 20% |  3% |
|  1 |  2% |  3% |
115
116
| ID | GPU | MEM |
------------------
|  0 | 44% |  3% |
|  1 |  3% |  3% |
117
118
| ID | GPU | MEM |
------------------
|  0 | 44% |  3% |
|  1 |  3% |  3% |
119
120
| ID | GPU | MEM |
------------------
|  0 | 25% |  3% |
|  1 |  3% |  3% |
121
122
| ID | GPU | MEM |
------------------
|  0 | 42% |  3% |
|  1 |  2% |  3% |
123
| ID | GPU | MEM |
------------------
|  0 | 42% |  3% |
|  1 |  2% |  3% |
124
125
126
| ID | GPU | MEM |
------------------
|  0 | 31% |  3% |
|  1 |  4% |  3% |
127
128
| ID | GPU | MEM |
------------------
|  0 | 22% |  3% |
|  1 |  3% |  3% |
129
130
| ID | GPU | MEM |
------------------
|  0 | 22% |  3% |
|  1 |  3% |  3% |
131
132
| ID | GPU | MEM |
------------------
|  0 | 27% |  3% |
|  1 |  3% |  3% |
133
134
| ID | GPU | MEM |
------------------
|  0 | 41% |  3% |
|  1 |  2% |  3% |
135
136
| ID | GPU | MEM |
------------------
|  0 | 41% |  3% |
|  1 |  2% |  3% |
137
138
| ID | GPU | MEM |
------------------
|  0 | 28% |  3% |
|  1 |  4% |  3% |
139
140
| ID | GPU | MEM |
------------------
|  0 | 43% |  3% |
|  1 |  2% |  3% |
141
142
| ID | GPU | MEM |
------------------
|  0 | 19% |  3% |
|  1 |  3% |  3% |
143
144
| ID | GPU | MEM |
------------------
|  0 | 19% |  3% |
|  1 |  3% |  3% |
145
146
147
| ID | GPU | MEM |
------------------
|  0 | 44% |  3% |
|  1 |  3% |  3% |
148
149
| ID | GPU | MEM |
------------------
|  0 | 43% |  3% |
|  1 |  3% |  3% |
150
| ID | GPU | MEM |
------------------
|  0 | 19% |  3% |
|  1 |  3% |  3% |
151
152
153
| ID | GPU | MEM |
------------------
|  0 | 19% |  3% |
|  1 |  3% |  3% |
154
155
| ID | GPU | MEM |
------------------
|  0 | 38% |  3% |
|  1 |  3% |  3% |
156
157
| ID | GPU | MEM |
------------------
|  0 | 26% |  3% |
|  1 |  2% |  3% |
158
159
| ID | GPU | MEM |
------------------
|  0 | 26% |  3% |
|  1 |  2% |  3% |
160
161
| ID | GPU | MEM |
------------------
|  0 | 29% |  3% |
|  1 |  4% |  3% |
162
163
| ID | GPU | MEM |
------------------
|  0 | 38% |  3% |
|  1 |  2% |  3% |
164
165
| ID | GPU | MEM |
------------------
|  0 | 26% |  3% |
|  1 |  3% |  3% |
166
167
| ID | GPU | MEM |
------------------
|  0 | 26% |  3% |
|  1 |  3% |  3% |
168
169
| ID | GPU | MEM |
------------------
|  0 | 43% |  3% |
|  1 |  3% |  3% |
Finished training it 170/170 of epoch 5 and time taken 0.06675766491889953, 43.44 ms/it, loss 0.538602, accuracy 73.555 %
Starting Test loop
| ID | GPU | MEM |
------------------
|  0 | 21% |  3% |
|  1 |  2% |  3% |
| ID | GPU | MEM |
------------------
|  0 | 21% |  3% |
|  1 |  2% |  3% |
| ID | GPU | MEM |
------------------
|  0 |  3% |  3% |
|  1 |  3% |  3% |
Test loop ended
Testing at - 170/170 of epoch 5, loss 0.500824, accuracy 75.906 %, best 76.513 %
Finished epoch 5
0
| ID | GPU | MEM |
------------------
|  0 |  3% |  3% |
|  1 |  3% |  3% |
1
2
| ID | GPU | MEM |
------------------
|  0 |  3% |  3% |
|  1 |  3% |  3% |
3
4
| ID | GPU | MEM |
------------------
|  0 | 43% |  3% |
|  1 |  3% |  3% |
5
6
| ID | GPU | MEM |
------------------
|  0 | 18% |  3% |
|  1 |  3% |  3% |
7
8
| ID | GPU | MEM |
------------------
|  0 | 18% |  3% |
|  1 |  3% |  3% |
9
10
| ID | GPU | MEM |
------------------
|  0 | 43% |  3% |
|  1 |  3% |  3% |
11
12
| ID | GPU | MEM |
------------------
|  0 | 23% |  3% |
|  1 |  3% |  3% |
13
14
| ID | GPU | MEM |
------------------
|  0 | 23% |  3% |
|  1 |  3% |  3% |
15
16
| ID | GPU | MEM |
------------------
|  0 | 39% |  3% |
|  1 |  3% |  3% |
17
18
| ID | GPU | MEM |
------------------
|  0 | 37% |  3% |
|  1 |  2% |  3% |
19
20
| ID | GPU | MEM |
------------------
|  0 | 37% |  3% |
|  1 |  2% |  3% |
21
22
| ID | GPU | MEM |
------------------
|  0 | 24% |  3% |
|  1 |  3% |  3% |
23
24
| ID | GPU | MEM |
------------------
|  0 | 46% |  3% |
|  1 |  3% |  3% |
25
26
| ID | GPU | MEM |
------------------
|  0 | 24% |  3% |
|  1 |  3% |  3% |
27
28
| ID | GPU | MEM |
------------------
|  0 | 24% |  3% |
|  1 |  3% |  3% |
29
30
| ID | GPU | MEM |
------------------
|  0 | 41% |  3% |
|  1 |  3% |  3% |
31
32
| ID | GPU | MEM |
------------------
|  0 | 18% |  3% |
|  1 |  3% |  3% |
33
34
| ID | GPU | MEM |
------------------
|  0 | 18% |  3% |
|  1 |  3% |  3% |
35
36
| ID | GPU | MEM |
------------------
|  0 | 39% |  3% |
|  1 |  3% |  3% |
37
38
| ID | GPU | MEM |
------------------
|  0 | 28% |  3% |
|  1 |  2% |  3% |
39
40
| ID | GPU | MEM |
------------------
|  0 | 28% |  3% |
|  1 |  2% |  3% |
41
42
| ID | GPU | MEM |
------------------
|  0 | 29% |  3% |
|  1 |  4% |  3% |
43
44
| ID | GPU | MEM |
------------------
|  0 | 35% |  3% |
|  1 |  2% |  3% |
45
46
| ID | GPU | MEM |
------------------
|  0 | 22% |  3% |
|  1 |  3% |  3% |
47
48
| ID | GPU | MEM |
------------------
|  0 | 22% |  3% |
|  1 |  3% |  3% |
49
50
| ID | GPU | MEM |
------------------
|  0 | 42% |  3% |
|  1 |  3% |  3% |
51
52
| ID | GPU | MEM |
------------------
|  0 | 18% |  3% |
|  1 |  3% |  3% |
53
54
55
| ID | GPU | MEM |
------------------
|  0 | 44% |  3% |
|  1 |  3% |  3% |
56
57
| ID | GPU | MEM |
------------------
|  0 | 44% |  3% |
|  1 |  3% |  3% |
58
| ID | GPU | MEM |
------------------
|  0 | 41% |  3% |
|  1 |  3% |  3% |
59
60
61
| ID | GPU | MEM |
------------------
|  0 | 24% |  3% |
|  1 |  2% |  3% |
62
63
| ID | GPU | MEM |
------------------
|  0 | 47% |  3% |
|  1 |  2% |  3% |
64
65
| ID | GPU | MEM |
------------------
|  0 | 47% |  3% |
|  1 |  2% |  3% |
66
| ID | GPU | MEM |
------------------
|  0 | 24% |  3% |
|  1 |  3% |  3% |
67
68
69
| ID | GPU | MEM |
------------------
|  0 | 24% |  3% |
|  1 |  3% |  3% |
70
71
| ID | GPU | MEM |
------------------
|  0 | 27% |  3% |
|  1 |  4% |  3% |
72
73
| ID | GPU | MEM |
------------------
|  0 | 19% |  3% |
|  1 |  3% |  3% |
74
75
| ID | GPU | MEM |
------------------
|  0 | 46% |  3% |
|  1 |  2% |  3% |
76
| ID | GPU | MEM |
------------------
|  0 | 46% |  3% |
|  1 |  2% |  3% |
77
78
79
| ID | GPU | MEM |
------------------
|  0 | 25% |  3% |
|  1 |  3% |  3% |
80
81
| ID | GPU | MEM |
------------------
|  0 | 39% |  3% |
|  1 |  3% |  3% |
82
83
| ID | GPU | MEM |
------------------
|  0 | 39% |  3% |
|  1 |  3% |  3% |
84
85
| ID | GPU | MEM |
------------------
|  0 | 23% |  3% |
|  1 |  3% |  3% |
86
87
| ID | GPU | MEM |
------------------
|  0 | 34% |  3% |
|  1 |  2% |  3% |
88
89
| ID | GPU | MEM |
------------------
|  0 | 34% |  3% |
|  1 |  2% |  3% |
90
91
| ID | GPU | MEM |
------------------
|  0 | 31% |  3% |
|  1 |  3% |  3% |
92
93
| ID | GPU | MEM |
------------------
|  0 | 44% |  3% |
|  1 |  2% |  3% |
94
95
| ID | GPU | MEM |
------------------
|  0 | 44% |  3% |
|  1 |  3% |  3% |
96
97
| ID | GPU | MEM |
------------------
|  0 | 26% |  3% |
|  1 |  3% |  3% |
98
99
| ID | GPU | MEM |
------------------
|  0 | 42% |  3% |
|  1 |  3% |  3% |
Finished training it 100/170 of epoch 6 and time taken 0.07310543632507324, 43.04 ms/it, loss 0.528017, accuracy 73.777 %
100
101
| ID | GPU | MEM |
------------------
|  0 | 21% |  3% |
|  1 |  3% |  3% |
102
103
| ID | GPU | MEM |
------------------
|  0 | 21% |  3% |
|  1 |  3% |  3% |
104
105
| ID | GPU | MEM |
------------------
|  0 | 44% |  3% |
|  1 |  3% |  3% |
106
| ID | GPU | MEM |
------------------
|  0 | 18% |  3% |
|  1 |  3% |  3% |
107
108
109
| ID | GPU | MEM |
------------------
|  0 | 18% |  3% |
|  1 |  3% |  3% |
110
111
| ID | GPU | MEM |
------------------
|  0 | 39% |  3% |
|  1 |  3% |  3% |
112
113
| ID | GPU | MEM |
------------------
|  0 | 22% |  3% |
|  1 |  2% |  3% |
114
115
| ID | GPU | MEM |
------------------
|  0 | 22% |  3% |
|  1 |  2% |  3% |
116
117
| ID | GPU | MEM |
------------------
|  0 | 32% |  3% |
|  1 |  3% |  3% |
118
119
| ID | GPU | MEM |
------------------
|  0 | 29% |  3% |
|  1 |  2% |  3% |
120
121
| ID | GPU | MEM |
------------------
|  0 | 29% |  3% |
|  1 |  2% |  3% |
122
123
| ID | GPU | MEM |
------------------
|  0 | 24% |  3% |
|  1 |  3% |  3% |
124
125
| ID | GPU | MEM |
------------------
|  0 | 37% |  3% |
|  1 |  2% |  3% |
126
127
| ID | GPU | MEM |
------------------
|  0 | 21% |  3% |
|  1 |  3% |  3% |
128
129
| ID | GPU | MEM |
------------------
|  0 | 21% |  3% |
|  1 |  3% |  3% |
130
131
| ID | GPU | MEM |
------------------
|  0 | 41% |  3% |
|  1 |  2% |  3% |
132
133
| ID | GPU | MEM |
------------------
|  0 | 24% |  3% |
|  1 |  2% |  3% |
134
135
| ID | GPU | MEM |
------------------
|  0 | 24% |  3% |
|  1 |  3% |  3% |
136
| ID | GPU | MEM |
------------------
|  0 | 45% |  3% |
|  1 |  2% |  3% |
137
138
139
| ID | GPU | MEM |
------------------
|  0 | 23% |  3% |
|  1 |  3% |  3% |
140
141
| ID | GPU | MEM |
------------------
|  0 | 45% |  3% |
|  1 |  2% |  3% |
142
| ID | GPU | MEM |
------------------
|  0 | 45% |  3% |
|  1 |  2% |  3% |
143
144
145
| ID | GPU | MEM |
------------------
|  0 | 26% |  3% |
|  1 |  2% |  3% |
146
147
| ID | GPU | MEM |
------------------
|  0 | 46% |  3% |
|  1 |  3% |  3% |
148
149
| ID | GPU | MEM |
------------------
|  0 | 46% |  3% |
|  1 |  3% |  3% |
150
151
| ID | GPU | MEM |
------------------
|  0 | 25% |  3% |
|  1 |  3% |  3% |
152
153
| ID | GPU | MEM |
------------------
|  0 | 40% |  3% |
|  1 |  2% |  3% |
154
| ID | GPU | MEM |
------------------
|  0 | 40% |  3% |
|  1 |  2% |  3% |
155
156
157
| ID | GPU | MEM |
------------------
|  0 | 31% |  3% |
|  1 |  4% |  3% |
158
159
| ID | GPU | MEM |
------------------
|  0 | 42% |  3% |
|  1 |  2% |  3% |
160
161
| ID | GPU | MEM |
------------------
|  0 | 42% |  3% |
|  1 |  2% |  3% |
162
163
| ID | GPU | MEM |
------------------
|  0 | 24% |  3% |
|  1 |  3% |  3% |
164
165
| ID | GPU | MEM |
------------------
|  0 | 41% |  3% |
|  1 |  2% |  3% |
166
167
| ID | GPU | MEM |
------------------
|  0 | 26% |  3% |
|  1 |  3% |  3% |
168
169
| ID | GPU | MEM |
------------------
|  0 | 26% |  3% |
|  1 |  3% |  3% |
Finished training it 170/170 of epoch 6 and time taken 0.07728613114356994, 44.26 ms/it, loss 0.534252, accuracy 73.355 %
Starting Test loop
| ID | GPU | MEM |
------------------
|  0 | 21% |  3% |
|  1 |  3% |  3% |
| ID | GPU | MEM |
------------------
|  0 | 21% |  3% |
|  1 |  3% |  3% |
| ID | GPU | MEM |
------------------
|  0 |  4% |  3% |
|  1 |  3% |  3% |
Test loop ended
Testing at - 170/170 of epoch 6, loss 0.828859, accuracy 55.607 %, best 76.513 %
Finished epoch 6
0
| ID | GPU | MEM |
------------------
|  0 |  3% |  3% |
|  1 |  3% |  3% |
1
2
| ID | GPU | MEM |
------------------
|  0 |  3% |  3% |
|  1 |  3% |  3% |
3
4
| ID | GPU | MEM |
------------------
|  0 | 34% |  3% |
|  1 |  3% |  3% |
5
6
| ID | GPU | MEM |
------------------
|  0 | 31% |  3% |
|  1 |  2% |  3% |
7
8
| ID | GPU | MEM |
------------------
|  0 | 31% |  3% |
|  1 |  2% |  3% |
9
10
| ID | GPU | MEM |
------------------
|  0 | 28% |  3% |
|  1 |  3% |  3% |
11
12
| ID | GPU | MEM |
------------------
|  0 | 47% |  3% |
|  1 |  2% |  3% |
13
14
| ID | GPU | MEM |
------------------
|  0 | 19% |  3% |
|  1 |  3% |  3% |
15
16
| ID | GPU | MEM |
------------------
|  0 | 45% |  3% |
|  1 |  2% |  3% |
17
18
| ID | GPU | MEM |
------------------
|  0 | 45% |  3% |
|  1 |  2% |  3% |
19
20
| ID | GPU | MEM |
------------------
|  0 | 19% |  3% |
|  1 |  3% |  3% |
21
22
23
| ID | GPU | MEM |
------------------
|  0 | 47% |  3% |
|  1 |  2% |  3% |
24
25
| ID | GPU | MEM |
------------------
|  0 | 45% |  3% |
|  1 |  3% |  3% |
26
27
| ID | GPU | MEM |
------------------
|  0 | 45% |  3% |
|  1 |  3% |  3% |
28
29
| ID | GPU | MEM |
------------------
|  0 | 30% |  3% |
|  1 |  3% |  3% |
30
31
| ID | GPU | MEM |
------------------
|  0 | 41% |  3% |
|  1 |  2% |  3% |
32
| ID | GPU | MEM |
------------------
|  0 | 41% |  3% |
|  1 |  2% |  3% |
33
34
35
| ID | GPU | MEM |
------------------
|  0 | 30% |  3% |
|  1 |  4% |  3% |
36
37
| ID | GPU | MEM |
------------------
|  0 | 38% |  3% |
|  1 |  2% |  3% |
38
39
| ID | GPU | MEM |
------------------
|  0 | 28% |  3% |
|  1 |  3% |  3% |
40
41
| ID | GPU | MEM |
------------------
|  0 | 28% |  3% |
|  1 |  3% |  3% |
42
43
| ID | GPU | MEM |
------------------
|  0 | 40% |  3% |
|  1 |  3% |  3% |
44
45
| ID | GPU | MEM |
------------------
|  0 | 20% |  3% |
|  1 |  3% |  3% |
46
47
| ID | GPU | MEM |
------------------
|  0 | 20% |  3% |
|  1 |  3% |  3% |
48
49
| ID | GPU | MEM |
------------------
|  0 | 37% |  3% |
|  1 |  3% |  3% |
50
51
| ID | GPU | MEM |
------------------
|  0 | 31% |  3% |
|  1 |  2% |  3% |
52
53
| ID | GPU | MEM |
------------------
|  0 | 31% |  3% |
|  1 |  2% |  3% |
54
55
| ID | GPU | MEM |
------------------
|  0 | 25% |  3% |
|  1 |  3% |  3% |
56
57
| ID | GPU | MEM |
------------------
|  0 | 39% |  3% |
|  1 |  2% |  3% |
58
59
| ID | GPU | MEM |
------------------
|  0 | 25% |  3% |
|  1 |  2% |  3% |
60
61
| ID | GPU | MEM |
------------------
|  0 | 25% |  3% |
|  1 |  3% |  3% |
62
| ID | GPU | MEM |
------------------
|  0 | 47% |  3% |
|  1 |  3% |  3% |
63
64
65
| ID | GPU | MEM |
------------------
|  0 | 24% |  3% |
|  1 |  3% |  3% |
66
67
| ID | GPU | MEM |
------------------
|  0 | 41% |  3% |
|  1 |  3% |  3% |
68
69
| ID | GPU | MEM |
------------------
|  0 | 41% |  3% |
|  1 |  3% |  3% |
70
71
| ID | GPU | MEM |
------------------
|  0 | 22% |  3% |
|  1 |  2% |  3% |
72
73
| ID | GPU | MEM |
------------------
|  0 | 41% |  3% |
|  1 |  2% |  3% |
74
| ID | GPU | MEM |
------------------
|  0 | 41% |  3% |
|  1 |  2% |  3% |
75
76
77
| ID | GPU | MEM |
------------------
|  0 | 26% |  3% |
|  1 |  3% |  3% |
78
79
| ID | GPU | MEM |
------------------
|  0 | 42% |  3% |
|  1 |  3% |  3% |
80
81
| ID | GPU | MEM |
------------------
|  0 | 42% |  3% |
|  1 |  3% |  3% |
82
83
| ID | GPU | MEM |
------------------
|  0 | 30% |  3% |
|  1 |  3% |  3% |
84
85
| ID | GPU | MEM |
------------------
|  0 | 36% |  3% |
|  1 |  2% |  3% |
86
87
| ID | GPU | MEM |
------------------
|  0 | 36% |  3% |
|  1 |  2% |  3% |
88
89
| ID | GPU | MEM |
------------------
|  0 | 30% |  3% |
|  1 |  4% |  3% |
90
91
| ID | GPU | MEM |
------------------
|  0 | 43% |  3% |
|  1 |  2% |  3% |
92
93
| ID | GPU | MEM |
------------------
|  0 | 24% |  3% |
|  1 |  3% |  3% |
94
95
| ID | GPU | MEM |
------------------
|  0 | 24% |  3% |
|  1 |  3% |  3% |
96
97
| ID | GPU | MEM |
------------------
|  0 | 42% |  3% |
|  1 |  3% |  3% |
98
| ID | GPU | MEM |
------------------
|  0 | 20% |  3% |
|  1 |  3% |  3% |
99
Finished training it 100/170 of epoch 7 and time taken 0.08377438712120056, 44.77 ms/it, loss 0.526075, accuracy 73.619 %
100
101
| ID | GPU | MEM |
------------------
|  0 | 20% |  3% |
|  1 |  3% |  3% |
102
103
| ID | GPU | MEM |
------------------
|  0 | 38% |  3% |
|  1 |  3% |  3% |
104
105
| ID | GPU | MEM |
------------------
|  0 | 42% |  3% |
|  1 |  2% |  3% |
106
107
| ID | GPU | MEM |
------------------
|  0 | 42% |  3% |
|  1 |  2% |  3% |
108
109
| ID | GPU | MEM |
------------------
|  0 | 26% |  3% |
|  1 |  4% |  3% |
110
111
| ID | GPU | MEM |
------------------
|  0 | 45% |  3% |
|  1 |  2% |  3% |
112
| ID | GPU | MEM |
------------------
|  0 | 45% |  3% |
|  1 |  2% |  3% |
113
114
115
| ID | GPU | MEM |
------------------
|  0 | 26% |  3% |
|  1 |  3% |  3% |
116
117
| ID | GPU | MEM |
------------------
|  0 | 42% |  3% |
|  1 |  3% |  3% |
118
119
| ID | GPU | MEM |
------------------
|  0 | 51% |  3% |
|  1 |  2% |  3% |
120
121
| ID | GPU | MEM |
------------------
|  0 | 19% |  3% |
|  1 |  3% |  3% |
122
123
| ID | GPU | MEM |
------------------
|  0 | 19% |  3% |
|  1 |  3% |  3% |
124
125
126
| ID | GPU | MEM |
------------------
|  0 | 42% |  3% |
|  1 |  3% |  3% |
127
128
| ID | GPU | MEM |
------------------
|  0 | 42% |  3% |
|  1 |  3% |  3% |
129
130
| ID | GPU | MEM |
------------------
|  0 | 38% |  3% |
|  1 |  2% |  3% |
131
132
| ID | GPU | MEM |
------------------
|  0 | 38% |  3% |
|  1 |  2% |  3% |
133
134
| ID | GPU | MEM |
------------------
|  0 | 20% |  3% |
|  1 |  4% |  3% |
135
136
| ID | GPU | MEM |
------------------
|  0 | 19% |  3% |
|  1 |  3% |  3% |
137
138
| ID | GPU | MEM |
------------------
|  0 | 42% |  3% |
|  1 |  3% |  3% |
139
| ID | GPU | MEM |
------------------
|  0 | 42% |  3% |
|  1 |  3% |  3% |
140
141
| ID | GPU | MEM |
------------------
|  0 | 46% |  3% |
|  1 |  2% |  3% |
142
143
144
| ID | GPU | MEM |
------------------
|  0 | 36% |  3% |
|  1 |  2% |  3% |
145
146
| ID | GPU | MEM |
------------------
|  0 | 36% |  3% |
|  1 |  3% |  3% |
147
148
| ID | GPU | MEM |
------------------
|  0 | 44% |  3% |
|  1 |  2% |  3% |
149
150
| ID | GPU | MEM |
------------------
|  0 | 19% |  3% |
|  1 |  3% |  3% |
151
152
| ID | GPU | MEM |
------------------
|  0 | 47% |  3% |
|  1 |  3% |  3% |
153
154
| ID | GPU | MEM |
------------------
|  0 | 47% |  3% |
|  1 |  3% |  3% |
155
156
| ID | GPU | MEM |
------------------
|  0 | 40% |  3% |
|  1 |  2% |  3% |
157
158
| ID | GPU | MEM |
------------------
|  0 | 20% |  3% |
|  1 |  3% |  3% |
159
160
| ID | GPU | MEM |
------------------
|  0 | 41% |  3% |
|  1 |  3% |  3% |
161
162
| ID | GPU | MEM |
------------------
|  0 | 41% |  3% |
|  1 |  3% |  3% |
163
164
| ID | GPU | MEM |
------------------
|  0 | 18% |  3% |
|  1 |  3% |  3% |
165
166
| ID | GPU | MEM |
------------------
|  0 | 41% |  3% |
|  1 |  2% |  3% |
167
168
| ID | GPU | MEM |
------------------
|  0 | 41% |  3% |
|  1 |  2% |  3% |
169
Finished training it 170/170 of epoch 7 and time taken 0.08807512998580933, 46.32 ms/it, loss 0.499542, accuracy 75.419 %
Starting Test loop
| ID | GPU | MEM |
------------------
|  0 | 36% |  3% |
|  1 |  3% |  3% |
| ID | GPU | MEM |
------------------
|  0 | 19% |  3% |
|  1 |  2% |  3% |
| ID | GPU | MEM |
------------------
|  0 | 19% |  3% |
|  1 |  2% |  3% |
| ID | GPU | MEM |
------------------
|  0 |  3% |  3% |
|  1 |  2% |  3% |
Test loop ended
Testing at - 170/170 of epoch 7, loss 0.434370, accuracy 82.513 %, best 82.513 %
Finished epoch 7
0
| ID | GPU | MEM |
------------------
|  0 |  3% |  3% |
|  1 |  2% |  3% |
1
2
| ID | GPU | MEM |
------------------
|  0 |  5% |  3% |
|  1 |  3% |  3% |
3
4
| ID | GPU | MEM |
------------------
|  0 | 21% |  3% |
|  1 |  3% |  3% |
5
6
| ID | GPU | MEM |
------------------
|  0 | 21% |  3% |
|  1 |  3% |  3% |
7
8
| ID | GPU | MEM |
------------------
|  0 | 37% |  3% |
|  1 |  2% |  3% |
9
10
| ID | GPU | MEM |
------------------
|  0 | 39% |  3% |
|  1 |  2% |  3% |
11
12
| ID | GPU | MEM |
------------------
|  0 | 23% |  3% |
|  1 |  2% |  3% |
13
14
| ID | GPU | MEM |
------------------
|  0 | 23% |  3% |
|  1 |  3% |  3% |
15
16
| ID | GPU | MEM |
------------------
|  0 | 45% |  3% |
|  1 |  2% |  3% |
17
18
| ID | GPU | MEM |
------------------
|  0 | 24% |  3% |
|  1 |  3% |  3% |
19
20
| ID | GPU | MEM |
------------------
|  0 | 44% |  3% |
|  1 |  2% |  3% |
21
22
| ID | GPU | MEM |
------------------
|  0 | 44% |  3% |
|  1 |  2% |  3% |
23
24
| ID | GPU | MEM |
------------------
|  0 | 31% |  3% |
|  1 |  2% |  3% |
25
26
| ID | GPU | MEM |
------------------
|  0 | 42% |  3% |
|  1 |  2% |  3% |
27
28
| ID | GPU | MEM |
------------------
|  0 | 38% |  3% |
|  1 |  2% |  3% |
29
30
| ID | GPU | MEM |
------------------
|  0 | 38% |  3% |
|  1 |  2% |  3% |
31
32
| ID | GPU | MEM |
------------------
|  0 | 28% |  3% |
|  1 |  3% |  3% |
33
34
| ID | GPU | MEM |
------------------
|  0 | 43% |  3% |
|  1 |  3% |  3% |
35
| ID | GPU | MEM |
------------------
|  0 | 43% |  3% |
|  1 |  3% |  3% |
36
37
38
| ID | GPU | MEM |
------------------
|  0 | 28% |  3% |
|  1 |  3% |  3% |
39
40
| ID | GPU | MEM |
------------------
|  0 | 40% |  3% |
|  1 |  2% |  3% |
41
| ID | GPU | MEM |
------------------
|  0 | 40% |  3% |
|  1 |  2% |  3% |
42
43
44
| ID | GPU | MEM |
------------------
|  0 | 25% |  3% |
|  1 |  4% |  3% |
45
46
| ID | GPU | MEM |
------------------
|  0 | 42% |  3% |
|  1 |  2% |  3% |
47
48
| ID | GPU | MEM |
------------------
|  0 | 20% |  3% |
|  1 |  2% |  3% |
49
50
| ID | GPU | MEM |
------------------
|  0 | 20% |  3% |
|  1 |  3% |  3% |
51
52
| ID | GPU | MEM |
------------------
|  0 | 40% |  3% |
|  1 |  2% |  3% |
53
| ID | GPU | MEM |
------------------
|  0 | 23% |  3% |
|  1 |  3% |  3% |
54
55
56
| ID | GPU | MEM |
------------------
|  0 | 23% |  3% |
|  1 |  3% |  3% |
57
58
| ID | GPU | MEM |
------------------
|  0 | 34% |  3% |
|  1 |  3% |  3% |
59
60
| ID | GPU | MEM |
------------------
|  0 | 38% |  3% |
|  1 |  2% |  3% |
61
62
| ID | GPU | MEM |
------------------
|  0 | 21% |  3% |
|  1 |  2% |  3% |
63
64
65
| ID | GPU | MEM |
------------------
|  0 | 43% |  3% |
|  1 |  3% |  3% |
66
67
| ID | GPU | MEM |
------------------
|  0 | 43% |  3% |
|  1 |  3% |  3% |
68
69
| ID | GPU | MEM |
------------------
|  0 | 45% |  3% |
|  1 |  2% |  3% |
70
71
| ID | GPU | MEM |
------------------
|  0 | 19% |  3% |
|  1 |  2% |  3% |
72
73
| ID | GPU | MEM |
------------------
|  0 | 19% |  3% |
|  1 |  3% |  3% |
74
75
| ID | GPU | MEM |
------------------
|  0 | 41% |  3% |
|  1 |  2% |  3% |
76
77
| ID | GPU | MEM |
------------------
|  0 | 26% |  3% |
|  1 |  3% |  3% |
78
79
| ID | GPU | MEM |
------------------
|  0 | 45% |  3% |
|  1 |  3% |  3% |
80
81
| ID | GPU | MEM |
------------------
|  0 | 45% |  3% |
|  1 |  3% |  3% |
82
83
| ID | GPU | MEM |
------------------
|  0 | 16% |  3% |
|  1 |  3% |  3% |
84
85
| ID | GPU | MEM |
------------------
|  0 | 39% |  3% |
|  1 |  3% |  3% |
86
87
| ID | GPU | MEM |
------------------
|  0 | 39% |  3% |
|  1 |  3% |  3% |
88
89
| ID | GPU | MEM |
------------------
|  0 | 17% |  3% |
|  1 |  3% |  3% |
90
91
| ID | GPU | MEM |
------------------
|  0 | 42% |  3% |
|  1 |  3% |  3% |
92
93
| ID | GPU | MEM |
------------------
|  0 | 40% |  3% |
|  1 |  3% |  3% |
94
95
| ID | GPU | MEM |
------------------
|  0 | 40% |  3% |
|  1 |  2% |  3% |
96
97
| ID | GPU | MEM |
------------------
|  0 | 25% |  3% |
|  1 |  3% |  3% |
98
99
| ID | GPU | MEM |
------------------
|  0 | 25% |  3% |
|  1 |  3% |  3% |
Finished training it 100/170 of epoch 8 and time taken 0.0945233178138733, 44.42 ms/it, loss 0.487304, accuracy 76.025 %
100
101
| ID | GPU | MEM |
------------------
|  0 | 23% |  3% |
|  1 |  3% |  3% |
102
103
| ID | GPU | MEM |
------------------
|  0 | 21% |  3% |
|  1 |  3% |  3% |
104
105
| ID | GPU | MEM |
------------------
|  0 | 21% |  3% |
|  1 |  3% |  3% |
106
107
| ID | GPU | MEM |
------------------
|  0 | 35% |  3% |
|  1 |  2% |  3% |
108
109
| ID | GPU | MEM |
------------------
|  0 | 15% |  3% |
|  1 |  2% |  3% |
110
111
112
| ID | GPU | MEM |
------------------
|  0 | 40% |  3% |
|  1 |  4% |  3% |
113
114
| ID | GPU | MEM |
------------------
|  0 | 40% |  3% |
|  1 |  3% |  3% |
115
116
| ID | GPU | MEM |
------------------
|  0 | 44% |  3% |
|  1 |  2% |  3% |
117
118
| ID | GPU | MEM |
------------------
|  0 | 21% |  3% |
|  1 |  2% |  3% |
119
120
| ID | GPU | MEM |
------------------
|  0 | 21% |  3% |
|  1 |  3% |  3% |
121
122
| ID | GPU | MEM |
------------------
|  0 | 18% |  3% |
|  1 |  3% |  3% |
123
124
| ID | GPU | MEM |
------------------
|  0 | 18% |  3% |
|  1 |  3% |  3% |
125
126
| ID | GPU | MEM |
------------------
|  0 | 27% |  3% |
|  1 |  3% |  3% |
127
128
| ID | GPU | MEM |
------------------
|  0 | 46% |  3% |
|  1 |  2% |  3% |
129
130
| ID | GPU | MEM |
------------------
|  0 | 21% |  3% |
|  1 |  2% |  3% |
131
132
| ID | GPU | MEM |
------------------
|  0 | 21% |  3% |
|  1 |  3% |  3% |
133
134
| ID | GPU | MEM |
------------------
|  0 | 36% |  3% |
|  1 |  2% |  3% |
135
136
| ID | GPU | MEM |
------------------
|  0 | 27% |  3% |
|  1 |  2% |  3% |
137
138
| ID | GPU | MEM |
------------------
|  0 | 41% |  3% |
|  1 |  3% |  3% |
139
| ID | GPU | MEM |
------------------
|  0 | 41% |  3% |
|  1 |  2% |  3% |
140
141
| ID | GPU | MEM |
------------------
|  0 | 29% |  3% |
|  1 |  2% |  3% |
142
143
| ID | GPU | MEM |
------------------
|  0 | 29% |  3% |
|  1 |  2% |  3% |
144
145
146
| ID | GPU | MEM |
------------------
|  0 | 30% |  3% |
|  1 |  3% |  3% |
147
148
| ID | GPU | MEM |
------------------
|  0 | 41% |  3% |
|  1 |  3% |  3% |
149
150
| ID | GPU | MEM |
------------------
|  0 | 24% |  3% |
|  1 |  3% |  3% |
151
152
| ID | GPU | MEM |
------------------
|  0 | 24% |  3% |
|  1 |  3% |  3% |
153
154
| ID | GPU | MEM |
------------------
|  0 | 42% |  3% |
|  1 |  2% |  3% |
155
156
| ID | GPU | MEM |
------------------
|  0 | 22% |  3% |
|  1 |  3% |  3% |
157
158
| ID | GPU | MEM |
------------------
|  0 | 45% |  3% |
|  1 |  3% |  3% |
159
160
| ID | GPU | MEM |
------------------
|  0 | 45% |  3% |
|  1 |  3% |  3% |
161
162
| ID | GPU | MEM |
------------------
|  0 | 25% |  3% |
|  1 |  3% |  3% |
163
164
| ID | GPU | MEM |
------------------
|  0 | 39% |  3% |
|  1 |  2% |  3% |
165
166
| ID | GPU | MEM |
------------------
|  0 | 41% |  3% |
|  1 |  2% |  3% |
167
168
| ID | GPU | MEM |
------------------
|  0 | 41% |  3% |
|  1 |  3% |  3% |
169
Finished training it 170/170 of epoch 8 and time taken 0.09869804787635804, 44.25 ms/it, loss 0.525115, accuracy 74.355 %
Starting Test loop
| ID | GPU | MEM |
------------------
|  0 | 23% |  3% |
|  1 |  3% |  3% |
| ID | GPU | MEM |
------------------
|  0 | 23% |  3% |
|  1 |  3% |  3% |
| ID | GPU | MEM |
------------------
|  0 |  7% |  3% |
|  1 |  3% |  3% |
| ID | GPU | MEM |
------------------
|  0 |  3% |  3% |
|  1 |  3% |  3% |
Test loop ended
Testing at - 170/170 of epoch 8, loss 0.510446, accuracy 74.492 %, best 82.513 %
Finished epoch 8
0
| ID | GPU | MEM |
------------------
|  0 |  3% |  3% |
|  1 |  3% |  3% |
1
2
3
| ID | GPU | MEM |
------------------
|  0 | 33% |  3% |
|  1 |  2% |  3% |
4
5
| ID | GPU | MEM |
------------------
|  0 | 28% |  3% |
|  1 |  3% |  3% |
6
7
| ID | GPU | MEM |
------------------
|  0 | 28% |  3% |
|  1 |  3% |  3% |
8
9
| ID | GPU | MEM |
------------------
|  0 | 27% |  3% |
|  1 |  3% |  3% |
10
| ID | GPU | MEM |
------------------
|  0 | 40% |  3% |
|  1 |  2% |  3% |
11
12
13
| ID | GPU | MEM |
------------------
|  0 | 27% |  3% |
|  1 |  2% |  3% |
14
15
| ID | GPU | MEM |
------------------
|  0 | 27% |  3% |
|  1 |  3% |  3% |
16
17
| ID | GPU | MEM |
------------------
|  0 | 45% |  3% |
|  1 |  2% |  3% |
18
19
| ID | GPU | MEM |
------------------
|  0 | 25% |  3% |
|  1 |  3% |  3% |
20
21
22
| ID | GPU | MEM |
------------------
|  0 | 46% |  3% |
|  1 |  2% |  3% |
23
24
| ID | GPU | MEM |
------------------
|  0 | 44% |  3% |
|  1 |  2% |  3% |
25
26
| ID | GPU | MEM |
------------------
|  0 | 44% |  3% |
|  1 |  3% |  3% |
27
28
| ID | GPU | MEM |
------------------
|  0 | 31% |  3% |
|  1 |  2% |  3% |
29
30
| ID | GPU | MEM |
------------------
|  0 | 23% |  3% |
|  1 |  2% |  3% |
31
32
| ID | GPU | MEM |
------------------
|  0 | 23% |  3% |
|  1 |  4% |  3% |
33
| ID | GPU | MEM |
------------------
|  0 | 27% |  3% |
|  1 |  3% |  3% |
34
35
36
| ID | GPU | MEM |
------------------
|  0 | 27% |  3% |
|  1 |  3% |  3% |
37
38
| ID | GPU | MEM |
------------------
|  0 | 29% |  3% |
|  1 |  3% |  3% |
39
40
| ID | GPU | MEM |
------------------
|  0 | 24% |  3% |
|  1 |  3% |  3% |
41
42
| ID | GPU | MEM |
------------------
|  0 | 46% |  3% |
|  1 |  3% |  3% |
43
44
| ID | GPU | MEM |
------------------
|  0 | 46% |  3% |
|  1 |  2% |  3% |
45
46
| ID | GPU | MEM |
------------------
|  0 | 24% |  3% |
|  1 |  3% |  3% |
47
48
| ID | GPU | MEM |
------------------
|  0 | 42% |  3% |
|  1 |  2% |  3% |
49
50
| ID | GPU | MEM |
------------------
|  0 | 42% |  3% |
|  1 |  2% |  3% |
51
52
| ID | GPU | MEM |
------------------
|  0 | 24% |  3% |
|  1 |  3% |  3% |
53
54
| ID | GPU | MEM |
------------------
|  0 | 21% |  3% |
|  1 |  3% |  3% |
55
56
| ID | GPU | MEM |
------------------
|  0 | 21% |  3% |
|  1 |  3% |  3% |
57
58
| ID | GPU | MEM |
------------------
|  0 | 44% |  3% |
|  1 |  2% |  3% |
59
60
| ID | GPU | MEM |
------------------
|  0 | 21% |  3% |
|  1 |  2% |  3% |
61
62
| ID | GPU | MEM |
------------------
|  0 | 21% |  3% |
|  1 |  3% |  3% |
63
| ID | GPU | MEM |
------------------
|  0 | 24% |  3% |
|  1 |  3% |  3% |
64
65
66
| ID | GPU | MEM |
------------------
|  0 | 26% |  3% |
|  1 |  3% |  3% |
67
68
| ID | GPU | MEM |
------------------
|  0 | 26% |  3% |
|  1 |  3% |  3% |
69
| ID | GPU | MEM |
------------------
|  0 | 42% |  3% |
|  1 |  2% |  3% |
70
71
72
| ID | GPU | MEM |
------------------
|  0 | 22% |  3% |
|  1 |  2% |  3% |
73
74
| ID | GPU | MEM |
------------------
|  0 | 39% |  3% |
|  1 |  4% |  3% |
75
| ID | GPU | MEM |
------------------
|  0 | 39% |  3% |
|  1 |  2% |  3% |
76
77
78
| ID | GPU | MEM |
------------------
|  0 | 26% |  3% |
|  1 |  3% |  3% |
79
80
| ID | GPU | MEM |
------------------
|  0 | 41% |  3% |
|  1 |  3% |  3% |
81
82
| ID | GPU | MEM |
------------------
|  0 | 41% |  3% |
|  1 |  3% |  3% |
83
84
| ID | GPU | MEM |
------------------
|  0 | 23% |  3% |
|  1 |  3% |  3% |
85
86
| ID | GPU | MEM |
------------------
|  0 | 43% |  3% |
|  1 |  2% |  3% |
87
88
| ID | GPU | MEM |
------------------
|  0 | 43% |  3% |
|  1 |  2% |  3% |
89
90
| ID | GPU | MEM |
------------------
|  0 | 26% |  3% |
|  1 |  3% |  3% |
91
92
| ID | GPU | MEM |
------------------
|  0 | 41% |  3% |
|  1 |  3% |  3% |
93
94
| ID | GPU | MEM |
------------------
|  0 | 41% |  3% |
|  1 |  3% |  3% |
95
96
| ID | GPU | MEM |
------------------
|  0 | 22% |  3% |
|  1 |  3% |  3% |
97
98
| ID | GPU | MEM |
------------------
|  0 | 41% |  3% |
|  1 |  2% |  3% |
99
Finished training it 100/170 of epoch 9 and time taken 0.10503948879241944, 43.23 ms/it, loss 0.524050, accuracy 73.826 %
| ID | GPU | MEM |
------------------
|  0 | 25% |  3% |
|  1 |  2% |  3% |
100
101
102
| ID | GPU | MEM |
------------------
|  0 | 25% |  3% |
|  1 |  4% |  3% |
103
104
| ID | GPU | MEM |
------------------
|  0 | 40% |  3% |
|  1 |  2% |  3% |
105
106
| ID | GPU | MEM |
------------------
|  0 | 17% |  3% |
|  1 |  2% |  3% |
107
108
| ID | GPU | MEM |
------------------
|  0 | 17% |  3% |
|  1 |  4% |  3% |
109
110
| ID | GPU | MEM |
------------------
|  0 | 38% |  3% |
|  1 |  2% |  3% |
111
112
| ID | GPU | MEM |
------------------
|  0 | 25% |  3% |
|  1 |  3% |  3% |
113
114
| ID | GPU | MEM |
------------------
|  0 | 25% |  3% |
|  1 |  3% |  3% |
115
116
| ID | GPU | MEM |
------------------
|  0 | 29% |  3% |
|  1 |  3% |  3% |
117
118
| ID | GPU | MEM |
------------------
|  0 | 34% |  3% |
|  1 |  3% |  3% |
119
120
| ID | GPU | MEM |
------------------
|  0 | 34% |  3% |
|  1 |  3% |  3% |
121
122
| ID | GPU | MEM |
------------------
|  0 | 28% |  3% |
|  1 |  3% |  3% |
123
| ID | GPU | MEM |
------------------
|  0 | 44% |  3% |
|  1 |  2% |  3% |
124
125
126
| ID | GPU | MEM |
------------------
|  0 | 25% |  3% |
|  1 |  2% |  3% |
127
128
| ID | GPU | MEM |
------------------
|  0 | 25% |  3% |
|  1 |  3% |  3% |
129
130
| ID | GPU | MEM |
------------------
|  0 | 43% |  3% |
|  1 |  2% |  3% |
131
132
| ID | GPU | MEM |
------------------
|  0 | 17% |  3% |
|  1 |  3% |  3% |
133
134
135
| ID | GPU | MEM |
------------------
|  0 | 17% |  3% |
|  1 |  3% |  3% |
136
137
| ID | GPU | MEM |
------------------
|  0 | 27% |  3% |
|  1 |  3% |  3% |
138
139
| ID | GPU | MEM |
------------------
|  0 | 41% |  3% |
|  1 |  3% |  3% |
140
141
| ID | GPU | MEM |
------------------
|  0 | 18% |  3% |
|  1 |  3% |  3% |
142
143
| ID | GPU | MEM |
------------------
|  0 | 18% |  3% |
|  1 |  3% |  3% |
144
| ID | GPU | MEM |
------------------
|  0 | 42% |  3% |
|  1 |  2% |  3% |
145
146
147
| ID | GPU | MEM |
------------------
|  0 | 26% |  3% |
|  1 |  2% |  3% |
148
149
| ID | GPU | MEM |
------------------
|  0 | 41% |  3% |
|  1 |  3% |  3% |
150
151
| ID | GPU | MEM |
------------------
|  0 | 41% |  3% |
|  1 |  2% |  3% |
152
| ID | GPU | MEM |
------------------
|  0 | 45% |  3% |
|  1 |  2% |  3% |
153
154
| ID | GPU | MEM |
------------------
|  0 | 23% |  3% |
|  1 |  2% |  3% |
155
156
| ID | GPU | MEM |
------------------
|  0 | 23% |  3% |
|  1 |  3% |  3% |
157
158
| ID | GPU | MEM |
------------------
|  0 | 19% |  3% |
|  1 |  3% |  3% |
159
160
| ID | GPU | MEM |
------------------
|  0 | 37% |  3% |
|  1 |  3% |  3% |
161
162
| ID | GPU | MEM |
------------------
|  0 | 37% |  3% |
|  1 |  2% |  3% |
163
| ID | GPU | MEM |
------------------
|  0 | 22% |  3% |
|  1 |  2% |  3% |
164
165
| ID | GPU | MEM |
------------------
|  0 | 22% |  3% |
|  1 |  3% |  3% |
166
167
| ID | GPU | MEM |
------------------
|  0 | 41% |  3% |
|  1 |  3% |  3% |
168
169
| ID | GPU | MEM |
------------------
|  0 | 41% |  3% |
|  1 |  3% |  3% |
Finished training it 170/170 of epoch 9 and time taken 0.10917733240127564, 44.74 ms/it, loss 0.525990, accuracy 73.648 %
Starting Test loop
| ID | GPU | MEM |
------------------
|  0 | 16% |  3% |
|  1 |  3% |  3% |
| ID | GPU | MEM |
------------------
|  0 |  5% |  3% |
|  1 |  3% |  3% |
| ID | GPU | MEM |
------------------
|  0 |  5% |  3% |
|  1 |  3% |  3% |
| ID | GPU | MEM |
------------------
|  0 |  3% |  3% |
|  1 |  2% |  3% |
Test loop ended
Testing at - 170/170 of epoch 9, loss 0.695479, accuracy 61.915 %, best 82.513 %
Finished epoch 9
Finished the program
