
c4130-110233:11707:11707 [0] misc/ibvwrap.cc:63 NCCL WARN Failed to open libibverbs.so[.1]
NCCL version 2.4.8+cuda10.1
Using 2 GPU(s)...
Sparse features= 9, Dense features= 24
Sparse features= 9, Dense features= 24
time/loss/accuracy (if enabled):
| ID | GPU | MEM |
------------------
|  0 |  3% |  7% |
|  1 |  0% |  0% |
|  2 |  0% |  0% |
|  3 |  0% |  0% |
| ID | GPU | MEM |
------------------
|  0 |  0% |  7% |
|  1 |  0% |  4% |
|  2 |  0% |  0% |
|  3 |  0% |  0% |
| ID | GPU | MEM |
------------------
|  0 |  0% |  7% |
|  1 |  3% |  7% |
|  2 |  0% |  0% |
|  3 |  0% |  0% |
| ID | GPU | MEM |
------------------
|  0 |  7% |  7% |
|  1 |  1% |  7% |
|  2 |  0% |  0% |
|  3 |  0% |  0% |
| ID | GPU | MEM |
------------------
|  0 | 19% |  7% |
|  1 |  1% |  7% |
|  2 |  0% |  0% |
|  3 |  0% |  0% |
| ID | GPU | MEM |
------------------
|  0 |  6% |  7% |
|  1 |  1% |  7% |
|  2 |  0% |  0% |
|  3 |  0% |  0% |
| ID | GPU | MEM |
------------------
|  0 | 15% |  7% |
|  1 |  1% |  7% |
|  2 |  0% |  0% |
|  3 |  0% |  0% |
| ID | GPU | MEM |
------------------
|  0 |  7% |  7% |
|  1 |  1% |  7% |
|  2 |  0% |  0% |
|  3 |  0% |  0% |
| ID | GPU | MEM |
------------------
|  0 | 17% |  7% |
|  1 |  1% |  7% |
|  2 |  0% |  0% |
|  3 |  0% |  0% |
| ID | GPU | MEM |
------------------
|  0 |  9% |  7% |
|  1 |  1% |  7% |
|  2 |  0% |  0% |
|  3 |  0% |  0% |
| ID | GPU | MEM |
------------------
|  0 | 11% |  7% |
|  1 |  2% |  7% |
|  2 |  0% |  0% |
|  3 |  0% |  0% |
| ID | GPU | MEM |
------------------
|  0 | 17% |  7% |
|  1 |  1% |  7% |
|  2 |  0% |  0% |
|  3 |  0% |  0% |
Finished training it 1024/2709 of epoch 0 and time taken 0.025592887163162232, 24.17 ms/it, loss 0.592370, accuracy 67.609 %
| ID | GPU | MEM |
------------------
|  0 |  8% |  7% |
|  1 |  2% |  7% |
|  2 |  0% |  0% |
|  3 |  0% |  0% |
| ID | GPU | MEM |
------------------
|  0 | 15% |  7% |
|  1 |  1% |  7% |
|  2 |  0% |  0% |
|  3 |  0% |  0% |
| ID | GPU | MEM |
------------------
|  0 | 10% |  7% |
|  1 |  1% |  7% |
|  2 |  0% |  0% |
|  3 |  0% |  0% |
| ID | GPU | MEM |
------------------
|  0 | 16% |  7% |
|  1 |  2% |  7% |
|  2 |  0% |  0% |
|  3 |  0% |  0% |
| ID | GPU | MEM |
------------------
|  0 |  8% |  7% |
|  1 |  1% |  7% |
|  2 |  0% |  0% |
|  3 |  0% |  0% |
| ID | GPU | MEM |
------------------
|  0 | 16% |  7% |
|  1 |  2% |  7% |
|  2 |  0% |  0% |
|  3 |  0% |  0% |
| ID | GPU | MEM |
------------------
|  0 |  8% |  7% |
|  1 |  1% |  7% |
|  2 |  0% |  0% |
|  3 |  0% |  0% |
| ID | GPU | MEM |
------------------
|  0 | 15% |  7% |
|  1 |  2% |  7% |
|  2 |  0% |  0% |
|  3 |  0% |  0% |
| ID | GPU | MEM |
------------------
|  0 | 30% |  7% |
|  1 |  1% |  7% |
|  2 |  0% |  0% |
|  3 |  0% |  0% |
Finished training it 2048/2709 of epoch 0 and time taken 0.04531001615524292, 18.34 ms/it, loss 0.497486, accuracy 75.674 %
| ID | GPU | MEM |
------------------
|  0 | 13% |  7% |
|  1 |  2% |  7% |
|  2 |  0% |  0% |
|  3 |  0% |  0% |
| ID | GPU | MEM |
------------------
|  0 |  9% |  7% |
|  1 |  1% |  7% |
|  2 |  0% |  0% |
|  3 |  0% |  0% |
| ID | GPU | MEM |
------------------
|  0 | 30% |  7% |
|  1 |  1% |  7% |
|  2 |  0% |  0% |
|  3 |  0% |  0% |
| ID | GPU | MEM |
------------------
|  0 | 16% |  7% |
|  1 |  1% |  7% |
|  2 |  0% |  0% |
|  3 |  0% |  0% |
| ID | GPU | MEM |
------------------
|  0 | 11% |  7% |
|  1 |  1% |  7% |
|  2 |  0% |  0% |
|  3 |  0% |  0% |
Finished training it 2709/2709 of epoch 0 and time taken 0.05852456617355346, 18.92 ms/it, loss 0.417573, accuracy 79.950 %
Finished epoch 0
| ID | GPU | MEM |
------------------
|  0 | 39% |  7% |
|  1 |  2% |  7% |
|  2 |  0% |  0% |
|  3 |  0% |  0% |
| ID | GPU | MEM |
------------------
|  0 | 15% |  7% |
|  1 |  1% |  7% |
|  2 |  0% |  0% |
|  3 |  0% |  0% |
| ID | GPU | MEM |
------------------
|  0 |  9% |  7% |
|  1 |  1% |  7% |
|  2 |  0% |  0% |
|  3 |  0% |  0% |
| ID | GPU | MEM |
------------------
|  0 | 10% |  7% |
|  1 |  2% |  7% |
|  2 |  0% |  0% |
|  3 |  0% |  0% |
| ID | GPU | MEM |
------------------
|  0 | 17% |  7% |
|  1 |  2% |  7% |
|  2 |  0% |  0% |
|  3 |  0% |  0% |
| ID | GPU | MEM |
------------------
|  0 |  9% |  7% |
|  1 |  1% |  7% |
|  2 |  0% |  0% |
|  3 |  0% |  0% |
| ID | GPU | MEM |
------------------
|  0 | 17% |  7% |
|  1 |  2% |  7% |
|  2 |  0% |  0% |
|  3 |  0% |  0% |
| ID | GPU | MEM |
------------------
|  0 |  8% |  7% |
|  1 |  1% |  7% |
|  2 |  0% |  0% |
|  3 |  0% |  0% |
| ID | GPU | MEM |
------------------
|  0 | 15% |  7% |
|  1 |  3% |  7% |
|  2 |  0% |  0% |
|  3 |  0% |  0% |
| ID | GPU | MEM |
------------------
|  0 | 17% |  7% |
|  1 |  1% |  7% |
|  2 |  0% |  0% |
|  3 |  0% |  0% |
Finished training it 1024/2709 of epoch 1 and time taken 0.08172480082511902, 21.91 ms/it, loss 0.414900, accuracy 80.710 %
| ID | GPU | MEM |
------------------
|  0 | 14% |  7% |
|  1 |  2% |  7% |
|  2 |  0% |  0% |
|  3 |  0% |  0% |
| ID | GPU | MEM |
------------------
|  0 | 22% |  7% |
|  1 |  1% |  7% |
|  2 |  0% |  0% |
|  3 |  0% |  0% |
| ID | GPU | MEM |
------------------
|  0 | 12% |  7% |
|  1 |  1% |  7% |
|  2 |  0% |  0% |
|  3 |  0% |  0% |
| ID | GPU | MEM |
------------------
|  0 | 13% |  7% |
|  1 |  2% |  7% |
|  2 |  0% |  0% |
|  3 |  0% |  0% |
| ID | GPU | MEM |
------------------
|  0 | 30% |  7% |
|  1 |  2% |  7% |
|  2 |  0% |  0% |
|  3 |  0% |  0% |
| ID | GPU | MEM |
------------------
|  0 | 17% |  7% |
|  1 |  2% |  7% |
|  2 |  0% |  0% |
|  3 |  0% |  0% |
| ID | GPU | MEM |
------------------
|  0 |  8% |  7% |
|  1 |  2% |  7% |
|  2 |  0% |  0% |
|  3 |  0% |  0% |
| ID | GPU | MEM |
------------------
|  0 | 19% |  7% |
|  1 |  1% |  7% |
|  2 |  0% |  0% |
|  3 |  0% |  0% |
| ID | GPU | MEM |
------------------
|  0 |  8% |  7% |
|  1 |  1% |  7% |
|  2 |  0% |  0% |
|  3 |  0% |  0% |
Finished training it 2048/2709 of epoch 1 and time taken 0.10197127771377563, 18.98 ms/it, loss 0.371282, accuracy 83.096 %
| ID | GPU | MEM |
------------------
|  0 | 15% |  7% |
|  1 |  2% |  7% |
|  2 |  0% |  0% |
|  3 |  0% |  0% |
| ID | GPU | MEM |
------------------
|  0 | 28% |  7% |
|  1 |  1% |  7% |
|  2 |  0% |  0% |
|  3 |  0% |  0% |
| ID | GPU | MEM |
------------------
|  0 | 10% |  7% |
|  1 |  2% |  7% |
|  2 |  0% |  0% |
|  3 |  0% |  0% |
| ID | GPU | MEM |
------------------
|  0 | 43% |  7% |
|  1 |  0% |  7% |
|  2 |  0% |  0% |
|  3 |  0% |  0% |
| ID | GPU | MEM |
------------------
|  0 | 40% |  7% |
|  1 |  1% |  7% |
|  2 |  0% |  0% |
|  3 |  0% |  0% |
| ID | GPU | MEM |
------------------
|  0 | 15% |  7% |
|  1 |  1% |  7% |
|  2 |  0% |  0% |
|  3 |  0% |  0% |
Finished training it 2709/2709 of epoch 1 and time taken 0.11469318556785583, 18.46 ms/it, loss 0.374798, accuracy 82.758 %
Finished epoch 1
| ID | GPU | MEM |
------------------
|  0 | 16% |  7% |
|  1 |  1% |  7% |
|  2 |  0% |  0% |
|  3 |  0% |  0% |
| ID | GPU | MEM |
------------------
|  0 |  9% |  7% |
|  1 |  1% |  7% |
|  2 |  0% |  0% |
|  3 |  0% |  0% |
| ID | GPU | MEM |
------------------
|  0 | 14% |  7% |
|  1 |  1% |  7% |
|  2 |  0% |  0% |
|  3 |  0% |  0% |
| ID | GPU | MEM |
------------------
|  0 |  8% |  7% |
|  1 |  1% |  7% |
|  2 |  0% |  0% |
|  3 |  0% |  0% |
| ID | GPU | MEM |
------------------
|  0 |  9% |  7% |
|  1 |  2% |  7% |
|  2 |  0% |  0% |
|  3 |  0% |  0% |
| ID | GPU | MEM |
------------------
|  0 | 16% |  7% |
|  1 |  1% |  7% |
|  2 |  0% |  0% |
|  3 |  0% |  0% |
| ID | GPU | MEM |
------------------
|  0 |  9% |  7% |
|  1 |  2% |  7% |
|  2 |  0% |  0% |
|  3 |  0% |  0% |
| ID | GPU | MEM |
------------------
|  0 | 16% |  7% |
|  1 |  1% |  7% |
|  2 |  0% |  0% |
|  3 |  0% |  0% |
| ID | GPU | MEM |
------------------
|  0 |  7% |  7% |
|  1 |  1% |  7% |
|  2 |  0% |  0% |
|  3 |  0% |  0% |
| ID | GPU | MEM |
------------------
|  0 | 18% |  7% |
|  1 |  1% |  7% |
|  2 |  0% |  0% |
|  3 |  0% |  0% |
Finished training it 1024/2709 of epoch 2 and time taken 0.13763333773612976, 21.43 ms/it, loss 0.378589, accuracy 82.852 %
| ID | GPU | MEM |
------------------
|  0 |  8% |  7% |
|  1 |  1% |  7% |
|  2 |  0% |  0% |
|  3 |  0% |  0% |
| ID | GPU | MEM |
------------------
|  0 | 15% |  7% |
|  1 |  2% |  7% |
|  2 |  0% |  0% |
|  3 |  0% |  0% |
| ID | GPU | MEM |
------------------
|  0 | 10% |  7% |
|  1 |  1% |  7% |
|  2 |  0% |  0% |
|  3 |  0% |  0% |
| ID | GPU | MEM |
------------------
|  0 |  9% |  7% |
|  1 |  2% |  7% |
|  2 |  0% |  0% |
|  3 |  0% |  0% |
| ID | GPU | MEM |
------------------
|  0 | 11% |  7% |
|  1 |  2% |  7% |
|  2 |  0% |  0% |
|  3 |  0% |  0% |
| ID | GPU | MEM |
------------------
|  0 | 13% |  7% |
|  1 |  1% |  7% |
|  2 |  0% |  0% |
|  3 |  0% |  0% |
| ID | GPU | MEM |
------------------
|  0 | 12% |  7% |
|  1 |  2% |  7% |
|  2 |  0% |  0% |
|  3 |  0% |  0% |
| ID | GPU | MEM |
------------------
|  0 | 21% |  7% |
|  1 |  1% |  7% |
|  2 |  0% |  0% |
|  3 |  0% |  0% |
| ID | GPU | MEM |
------------------
|  0 | 10% |  7% |
|  1 |  0% |  7% |
|  2 |  0% |  0% |
|  3 |  0% |  0% |
Finished training it 2048/2709 of epoch 2 and time taken 0.15802751684188843, 19.19 ms/it, loss 0.337476, accuracy 84.732 %
| ID | GPU | MEM |
------------------
|  0 | 10% |  7% |
|  1 |  0% |  7% |
|  2 |  0% |  0% |
|  3 |  0% |  0% |
| ID | GPU | MEM |
------------------
|  0 | 43% |  7% |
|  1 |  1% |  7% |
|  2 |  0% |  0% |
|  3 |  0% |  0% |
| ID | GPU | MEM |
------------------
|  0 | 12% |  7% |
|  1 |  1% |  7% |
|  2 |  0% |  0% |
|  3 |  0% |  0% |
| ID | GPU | MEM |
------------------
|  0 | 11% |  7% |
|  1 |  1% |  7% |
|  2 |  0% |  0% |
|  3 |  0% |  0% |
| ID | GPU | MEM |
------------------
|  0 | 21% |  7% |
|  1 |  1% |  7% |
|  2 |  0% |  0% |
|  3 |  0% |  0% |
| ID | GPU | MEM |
------------------
|  0 | 10% |  7% |
|  1 |  1% |  7% |
|  2 |  0% |  0% |
|  3 |  0% |  0% |
Finished training it 2709/2709 of epoch 2 and time taken 0.17149179410934448, 19.45 ms/it, loss 0.328211, accuracy 85.278 %
Finished epoch 2
| ID | GPU | MEM |
------------------
|  0 | 18% |  7% |
|  1 |  0% |  7% |
|  2 |  0% |  0% |
|  3 |  0% |  0% |
| ID | GPU | MEM |
------------------
|  0 | 12% |  7% |
|  1 |  2% |  7% |
|  2 |  0% |  0% |
|  3 |  0% |  0% |
| ID | GPU | MEM |
------------------
|  0 | 18% |  7% |
|  1 |  1% |  7% |
|  2 |  0% |  0% |
|  3 |  0% |  0% |
| ID | GPU | MEM |
------------------
|  0 | 10% |  7% |
|  1 |  1% |  7% |
|  2 |  0% |  0% |
|  3 |  0% |  0% |
| ID | GPU | MEM |
------------------
|  0 | 18% |  7% |
|  1 |  2% |  7% |
|  2 |  0% |  0% |
|  3 |  0% |  0% |
| ID | GPU | MEM |
------------------
|  0 |  2% |  7% |
|  1 |  1% |  7% |
|  2 |  0% |  0% |
|  3 |  0% |  0% |
| ID | GPU | MEM |
------------------
|  0 | 16% |  7% |
|  1 |  1% |  7% |
|  2 |  0% |  0% |
|  3 |  0% |  0% |
| ID | GPU | MEM |
------------------
|  0 | 10% |  7% |
|  1 |  1% |  7% |
|  2 |  0% |  0% |
|  3 |  0% |  0% |
| ID | GPU | MEM |
------------------
|  0 | 11% |  7% |
|  1 |  2% |  7% |
|  2 |  0% |  0% |
|  3 |  0% |  0% |
| ID | GPU | MEM |
------------------
|  0 | 13% |  7% |
|  1 |  1% |  7% |
|  2 |  0% |  0% |
|  3 |  0% |  0% |
Finished training it 1024/2709 of epoch 3 and time taken 0.19475028920173645, 22.01 ms/it, loss 0.324088, accuracy 85.730 %
| ID | GPU | MEM |
------------------
|  0 |  6% |  7% |
|  1 |  1% |  7% |
|  2 |  0% |  0% |
|  3 |  0% |  0% |
| ID | GPU | MEM |
------------------
|  0 | 16% |  7% |
|  1 |  0% |  7% |
|  2 |  0% |  0% |
|  3 |  0% |  0% |
| ID | GPU | MEM |
------------------
|  0 | 24% |  7% |
|  1 |  1% |  7% |
|  2 |  0% |  0% |
|  3 |  0% |  0% |
| ID | GPU | MEM |
------------------
|  0 | 10% |  7% |
|  1 |  1% |  7% |
|  2 |  0% |  0% |
|  3 |  0% |  0% |
| ID | GPU | MEM |
------------------
|  0 | 29% |  7% |
|  1 |  1% |  7% |
|  2 |  0% |  0% |
|  3 |  0% |  0% |
| ID | GPU | MEM |
------------------
|  0 |  9% |  7% |
|  1 |  2% |  7% |
|  2 |  0% |  0% |
|  3 |  0% |  0% |
| ID | GPU | MEM |
------------------
|  0 | 15% |  7% |
|  1 |  0% |  7% |
|  2 |  0% |  0% |
|  3 |  0% |  0% |
| ID | GPU | MEM |
------------------
|  0 | 36% |  7% |
|  1 |  1% |  7% |
|  2 |  0% |  0% |
|  3 |  0% |  0% |
| ID | GPU | MEM |
------------------
|  0 |  9% |  7% |
|  1 |  2% |  7% |
|  2 |  0% |  0% |
|  3 |  0% |  0% |
Finished training it 2048/2709 of epoch 3 and time taken 0.2157758722305298, 19.61 ms/it, loss 0.305090, accuracy 86.389 %
| ID | GPU | MEM |
------------------
|  0 | 12% |  7% |
|  1 |  0% |  7% |
|  2 |  0% |  0% |
|  3 |  0% |  0% |
| ID | GPU | MEM |
------------------
|  0 | 31% |  7% |
|  1 |  1% |  7% |
|  2 |  0% |  0% |
|  3 |  0% |  0% |
| ID | GPU | MEM |
------------------
|  0 | 10% |  7% |
|  1 |  2% |  7% |
|  2 |  0% |  0% |
|  3 |  0% |  0% |
| ID | GPU | MEM |
------------------
|  0 | 18% |  7% |
|  1 |  0% |  7% |
|  2 |  0% |  0% |
|  3 |  0% |  0% |
| ID | GPU | MEM |
------------------
|  0 | 38% |  7% |
|  1 |  1% |  7% |
|  2 |  0% |  0% |
|  3 |  0% |  0% |
| ID | GPU | MEM |
------------------
|  0 | 10% |  7% |
|  1 |  0% |  7% |
|  2 |  0% |  0% |
|  3 |  0% |  0% |
Finished training it 2709/2709 of epoch 3 and time taken 0.2292909495830536, 19.82 ms/it, loss 0.295723, accuracy 86.824 %
Finished epoch 3
| ID | GPU | MEM |
------------------
|  0 | 53% |  7% |
|  1 |  2% |  7% |
|  2 |  0% |  0% |
|  3 |  0% |  0% |
| ID | GPU | MEM |
------------------
|  0 | 10% |  7% |
|  1 |  2% |  7% |
|  2 |  0% |  0% |
|  3 |  0% |  0% |
| ID | GPU | MEM |
------------------
|  0 | 13% |  7% |
|  1 |  1% |  7% |
|  2 |  0% |  0% |
|  3 |  0% |  0% |
| ID | GPU | MEM |
------------------
|  0 | 41% |  7% |
|  1 |  1% |  7% |
|  2 |  0% |  0% |
|  3 |  0% |  0% |
| ID | GPU | MEM |
------------------
|  0 |  8% |  7% |
|  1 |  2% |  7% |
|  2 |  0% |  0% |
|  3 |  0% |  0% |
| ID | GPU | MEM |
------------------
|  0 | 14% |  7% |
|  1 |  0% |  7% |
|  2 |  0% |  0% |
|  3 |  0% |  0% |
| ID | GPU | MEM |
------------------
|  0 | 32% |  7% |
|  1 |  1% |  7% |
|  2 |  0% |  0% |
|  3 |  0% |  0% |
| ID | GPU | MEM |
------------------
|  0 | 10% |  7% |
|  1 |  0% |  7% |
|  2 |  0% |  0% |
|  3 |  0% |  0% |
| ID | GPU | MEM |
------------------
|  0 | 19% |  7% |
|  1 |  1% |  7% |
|  2 |  0% |  0% |
|  3 |  0% |  0% |
| ID | GPU | MEM |
------------------
|  0 | 45% |  7% |
|  1 |  1% |  7% |
|  2 |  0% |  0% |
|  3 |  0% |  0% |
Finished training it 1024/2709 of epoch 4 and time taken 0.2525067703723907, 21.79 ms/it, loss 0.307495, accuracy 86.478 %
| ID | GPU | MEM |
------------------
|  0 | 10% |  7% |
|  1 |  1% |  7% |
|  2 |  0% |  0% |
|  3 |  0% |  0% |
| ID | GPU | MEM |
------------------
|  0 | 13% |  7% |
|  1 |  1% |  7% |
|  2 |  0% |  0% |
|  3 |  0% |  0% |
| ID | GPU | MEM |
------------------
|  0 | 12% |  7% |
|  1 |  1% |  7% |
|  2 |  0% |  0% |
|  3 |  0% |  0% |
| ID | GPU | MEM |
------------------
|  0 | 10% |  7% |
|  1 |  2% |  7% |
|  2 |  0% |  0% |
|  3 |  0% |  0% |
| ID | GPU | MEM |
------------------
|  0 | 12% |  7% |
|  1 |  1% |  7% |
|  2 |  0% |  0% |
|  3 |  0% |  0% |
| ID | GPU | MEM |
------------------
|  0 |  6% |  7% |
|  1 |  2% |  7% |
|  2 |  0% |  0% |
|  3 |  0% |  0% |
| ID | GPU | MEM |
------------------
|  0 | 15% |  7% |
|  1 |  1% |  7% |
|  2 |  0% |  0% |
|  3 |  0% |  0% |
| ID | GPU | MEM |
------------------
|  0 |  6% |  7% |
|  1 |  1% |  7% |
|  2 |  0% |  0% |
|  3 |  0% |  0% |
| ID | GPU | MEM |
------------------
|  0 | 13% |  7% |
|  1 |  1% |  7% |
|  2 |  0% |  0% |
|  3 |  0% |  0% |
Finished training it 2048/2709 of epoch 4 and time taken 0.27316862225532534, 19.43 ms/it, loss 0.284258, accuracy 87.460 %
| ID | GPU | MEM |
------------------
|  0 |  8% |  7% |
|  1 |  1% |  7% |
|  2 |  0% |  0% |
|  3 |  0% |  0% |
| ID | GPU | MEM |
------------------
|  0 | 12% |  7% |
|  1 |  1% |  7% |
|  2 |  0% |  0% |
|  3 |  0% |  0% |
| ID | GPU | MEM |
------------------
|  0 | 12% |  7% |
|  1 |  1% |  7% |
|  2 |  0% |  0% |
|  3 |  0% |  0% |
| ID | GPU | MEM |
------------------
|  0 |  7% |  7% |
|  1 |  2% |  7% |
|  2 |  0% |  0% |
|  3 |  0% |  0% |
| ID | GPU | MEM |
------------------
|  0 | 17% |  7% |
|  1 |  1% |  7% |
|  2 |  0% |  0% |
|  3 |  0% |  0% |
| ID | GPU | MEM |
------------------
|  0 |  6% |  7% |
|  1 |  2% |  7% |
|  2 |  0% |  0% |
|  3 |  0% |  0% |
Finished training it 2709/2709 of epoch 4 and time taken 0.2863664901256561, 19.17 ms/it, loss 0.278310, accuracy 87.963 %
Finished epoch 4
| ID | GPU | MEM |
------------------
|  0 | 56% |  7% |
|  1 |  1% |  7% |
|  2 |  0% |  0% |
|  3 |  0% |  0% |
| ID | GPU | MEM |
------------------
|  0 |  8% |  7% |
|  1 |  1% |  7% |
|  2 |  0% |  0% |
|  3 |  0% |  0% |
| ID | GPU | MEM |
------------------
|  0 | 14% |  7% |
|  1 |  1% |  7% |
|  2 |  0% |  0% |
|  3 |  0% |  0% |
| ID | GPU | MEM |
------------------
|  0 |  5% |  7% |
|  1 |  1% |  7% |
|  2 |  0% |  0% |
|  3 |  0% |  0% |
| ID | GPU | MEM |
------------------
|  0 |  9% |  7% |
|  1 |  2% |  7% |
|  2 |  0% |  0% |
|  3 |  0% |  0% |
| ID | GPU | MEM |
------------------
|  0 | 14% |  7% |
|  1 |  1% |  7% |
|  2 |  0% |  0% |
|  3 |  0% |  0% |
| ID | GPU | MEM |
------------------
|  0 |  9% |  7% |
|  1 |  2% |  7% |
|  2 |  0% |  0% |
|  3 |  0% |  0% |
| ID | GPU | MEM |
------------------
|  0 | 21% |  7% |
|  1 |  1% |  7% |
|  2 |  0% |  0% |
|  3 |  0% |  0% |
| ID | GPU | MEM |
------------------
|  0 | 11% |  7% |
|  1 |  2% |  7% |
|  2 |  0% |  0% |
|  3 |  0% |  0% |
| ID | GPU | MEM |
------------------
|  0 | 14% |  7% |
|  1 |  1% |  7% |
|  2 |  0% |  0% |
|  3 |  0% |  0% |
Finished training it 1024/2709 of epoch 5 and time taken 0.30947686076164244, 21.74 ms/it, loss 0.277355, accuracy 87.741 %
| ID | GPU | MEM |
------------------
|  0 | 13% |  7% |
|  1 |  2% |  7% |
|  2 |  0% |  0% |
|  3 |  0% |  0% |
| ID | GPU | MEM |
------------------
|  0 | 15% |  7% |
|  1 |  1% |  7% |
|  2 |  0% |  0% |
|  3 |  0% |  0% |
| ID | GPU | MEM |
------------------
|  0 |  7% |  7% |
|  1 |  2% |  7% |
|  2 |  0% |  0% |
|  3 |  0% |  0% |
| ID | GPU | MEM |
------------------
|  0 | 16% |  7% |
|  1 |  1% |  7% |
|  2 |  0% |  0% |
|  3 |  0% |  0% |
| ID | GPU | MEM |
------------------
|  0 | 13% |  7% |
|  1 |  1% |  7% |
|  2 |  0% |  0% |
|  3 |  0% |  0% |
| ID | GPU | MEM |
------------------
|  0 | 13% |  7% |
|  1 |  1% |  7% |
|  2 |  0% |  0% |
|  3 |  0% |  0% |
| ID | GPU | MEM |
------------------
|  0 | 13% |  7% |
|  1 |  1% |  7% |
|  2 |  0% |  0% |
|  3 |  0% |  0% |
| ID | GPU | MEM |
------------------
|  0 |  7% |  7% |
|  1 |  2% |  7% |
|  2 |  0% |  0% |
|  3 |  0% |  0% |
Finished training it 2048/2709 of epoch 5 and time taken 0.32934360790252687, 18.72 ms/it, loss 0.265348, accuracy 88.379 %
| ID | GPU | MEM |
------------------
|  0 | 18% |  7% |
|  1 |  1% |  7% |
|  2 |  0% |  0% |
|  3 |  0% |  0% |
| ID | GPU | MEM |
------------------
|  0 | 21% |  7% |
|  1 |  1% |  7% |
|  2 |  0% |  0% |
|  3 |  0% |  0% |
| ID | GPU | MEM |
------------------
|  0 | 15% |  7% |
|  1 |  1% |  7% |
|  2 |  0% |  0% |
|  3 |  0% |  0% |
| ID | GPU | MEM |
------------------
|  0 | 43% |  7% |
|  1 |  1% |  7% |
|  2 |  0% |  0% |
|  3 |  0% |  0% |
| ID | GPU | MEM |
------------------
|  0 |  9% |  7% |
|  1 |  1% |  7% |
|  2 |  0% |  0% |
|  3 |  0% |  0% |
| ID | GPU | MEM |
------------------
|  0 | 44% |  7% |
|  1 |  1% |  7% |
|  2 |  0% |  0% |
|  3 |  0% |  0% |
Finished training it 2709/2709 of epoch 5 and time taken 0.3425424609184265, 19.35 ms/it, loss 0.249536, accuracy 89.060 %
Finished epoch 5
| ID | GPU | MEM |
------------------
|  0 | 27% |  7% |
|  1 |  1% |  7% |
|  2 |  0% |  0% |
|  3 |  0% |  0% |
| ID | GPU | MEM |
------------------
|  0 | 14% |  7% |
|  1 |  1% |  7% |
|  2 |  0% |  0% |
|  3 |  0% |  0% |
| ID | GPU | MEM |
------------------
|  0 | 12% |  7% |
|  1 |  2% |  7% |
|  2 |  0% |  0% |
|  3 |  0% |  0% |
| ID | GPU | MEM |
------------------
|  0 | 10% |  7% |
|  1 |  1% |  7% |
|  2 |  0% |  0% |
|  3 |  0% |  0% |
| ID | GPU | MEM |
------------------
|  0 | 11% |  7% |
|  1 |  1% |  7% |
|  2 |  0% |  0% |
|  3 |  0% |  0% |
| ID | GPU | MEM |
------------------
|  0 | 13% |  7% |
|  1 |  2% |  7% |
|  2 |  0% |  0% |
|  3 |  0% |  0% |
| ID | GPU | MEM |
------------------
|  0 | 11% |  7% |
|  1 |  1% |  7% |
|  2 |  0% |  0% |
|  3 |  0% |  0% |
| ID | GPU | MEM |
------------------
|  0 | 12% |  7% |
|  1 |  1% |  7% |
|  2 |  0% |  0% |
|  3 |  0% |  0% |
| ID | GPU | MEM |
------------------
|  0 |  9% |  7% |
|  1 |  1% |  7% |
|  2 |  0% |  0% |
|  3 |  0% |  0% |
| ID | GPU | MEM |
------------------
|  0 | 15% |  7% |
|  1 |  1% |  7% |
|  2 |  0% |  0% |
|  3 |  0% |  0% |
Finished training it 1024/2709 of epoch 6 and time taken 0.366044926404953, 22.12 ms/it, loss 0.258701, accuracy 88.666 %
| ID | GPU | MEM |
------------------
|  0 | 13% |  7% |
|  1 |  2% |  7% |
|  2 |  0% |  0% |
|  3 |  0% |  0% |
| ID | GPU | MEM |
------------------
|  0 | 12% |  7% |
|  1 |  1% |  7% |
|  2 |  0% |  0% |
|  3 |  0% |  0% |
| ID | GPU | MEM |
------------------
|  0 | 12% |  7% |
|  1 |  2% |  7% |
|  2 |  0% |  0% |
|  3 |  0% |  0% |
| ID | GPU | MEM |
------------------
|  0 |  7% |  7% |
|  1 |  2% |  7% |
|  2 |  0% |  0% |
|  3 |  0% |  0% |
| ID | GPU | MEM |
------------------
|  0 | 18% |  7% |
|  1 |  2% |  7% |
|  2 |  0% |  0% |
|  3 |  0% |  0% |
| ID | GPU | MEM |
------------------
|  0 |  5% |  7% |
|  1 |  2% |  7% |
|  2 |  0% |  0% |
|  3 |  0% |  0% |
| ID | GPU | MEM |
------------------
|  0 | 14% |  7% |
|  1 |  1% |  7% |
|  2 |  0% |  0% |
|  3 |  0% |  0% |
| ID | GPU | MEM |
------------------
|  0 | 12% |  7% |
|  1 |  2% |  7% |
|  2 |  0% |  0% |
|  3 |  0% |  0% |
| ID | GPU | MEM |
------------------
|  0 | 18% |  7% |
|  1 |  1% |  7% |
|  2 |  0% |  0% |
|  3 |  0% |  0% |
Finished training it 2048/2709 of epoch 6 and time taken 0.38637455987930297, 19.01 ms/it, loss 0.258609, accuracy 88.782 %
| ID | GPU | MEM |
------------------
|  0 |  7% |  7% |
|  1 |  1% |  7% |
|  2 |  0% |  0% |
|  3 |  0% |  0% |
| ID | GPU | MEM |
------------------
|  0 | 40% |  7% |
|  1 |  1% |  7% |
|  2 |  0% |  0% |
|  3 |  0% |  0% |
| ID | GPU | MEM |
------------------
|  0 | 13% |  7% |
|  1 |  2% |  7% |
|  2 |  0% |  0% |
|  3 |  0% |  0% |
| ID | GPU | MEM |
------------------
|  0 | 13% |  7% |
|  1 |  1% |  7% |
|  2 |  0% |  0% |
|  3 |  0% |  0% |
| ID | GPU | MEM |
------------------
|  0 | 33% |  7% |
|  1 |  1% |  7% |
|  2 |  0% |  0% |
|  3 |  0% |  0% |
Finished training it 2709/2709 of epoch 6 and time taken 0.39918145203590394, 18.62 ms/it, loss 0.283120, accuracy 87.689 %
Finished epoch 6
| ID | GPU | MEM |
------------------
|  0 | 11% |  7% |
|  1 |  1% |  7% |
|  2 |  0% |  0% |
|  3 |  0% |  0% |
| ID | GPU | MEM |
------------------
|  0 |  8% |  7% |
|  1 |  0% |  7% |
|  2 |  0% |  0% |
|  3 |  0% |  0% |
| ID | GPU | MEM |
------------------
|  0 | 11% |  7% |
|  1 |  1% |  7% |
|  2 |  0% |  0% |
|  3 |  0% |  0% |
| ID | GPU | MEM |
------------------
|  0 |  8% |  7% |
|  1 |  1% |  7% |
|  2 |  0% |  0% |
|  3 |  0% |  0% |
| ID | GPU | MEM |
------------------
|  0 |  9% |  7% |
|  1 |  1% |  7% |
|  2 |  0% |  0% |
|  3 |  0% |  0% |
| ID | GPU | MEM |
------------------
|  0 | 19% |  7% |
|  1 |  1% |  7% |
|  2 |  0% |  0% |
|  3 |  0% |  0% |
| ID | GPU | MEM |
------------------
|  0 |  5% |  7% |
|  1 |  2% |  7% |
|  2 |  0% |  0% |
|  3 |  0% |  0% |
| ID | GPU | MEM |
------------------
|  0 | 19% |  7% |
|  1 |  1% |  7% |
|  2 |  0% |  0% |
|  3 |  0% |  0% |
| ID | GPU | MEM |
------------------
|  0 |  8% |  7% |
|  1 |  1% |  7% |
|  2 |  0% |  0% |
|  3 |  0% |  0% |
| ID | GPU | MEM |
------------------
|  0 | 14% |  7% |
|  1 |  2% |  7% |
|  2 |  0% |  0% |
|  3 |  0% |  0% |
Finished training it 1024/2709 of epoch 7 and time taken 0.4218684911727905, 21.10 ms/it, loss 0.259270, accuracy 88.638 %
| ID | GPU | MEM |
------------------
|  0 | 21% |  7% |
|  1 |  1% |  7% |
|  2 |  0% |  0% |
|  3 |  0% |  0% |
| ID | GPU | MEM |
------------------
|  0 | 11% |  7% |
|  1 |  1% |  7% |
|  2 |  0% |  0% |
|  3 |  0% |  0% |
| ID | GPU | MEM |
------------------
|  0 | 13% |  7% |
|  1 |  2% |  7% |
|  2 |  0% |  0% |
|  3 |  0% |  0% |
| ID | GPU | MEM |
------------------
|  0 | 16% |  7% |
|  1 |  1% |  7% |
|  2 |  0% |  0% |
|  3 |  0% |  0% |
| ID | GPU | MEM |
------------------
|  0 | 13% |  7% |
|  1 |  1% |  7% |
|  2 |  0% |  0% |
|  3 |  0% |  0% |
| ID | GPU | MEM |
------------------
|  0 | 12% |  7% |
|  1 |  1% |  7% |
|  2 |  0% |  0% |
|  3 |  0% |  0% |
| ID | GPU | MEM |
------------------
|  0 | 14% |  7% |
|  1 |  1% |  7% |
|  2 |  0% |  0% |
|  3 |  0% |  0% |
| ID | GPU | MEM |
------------------
|  0 |  8% |  7% |
|  1 |  2% |  7% |
|  2 |  0% |  0% |
|  3 |  0% |  0% |
| ID | GPU | MEM |
------------------
|  0 | 12% |  7% |
|  1 |  1% |  7% |
|  2 |  0% |  0% |
|  3 |  0% |  0% |
| ID | GPU | MEM |
------------------
|  0 | 32% |  7% |
|  1 |  1% |  7% |
|  2 |  0% |  0% |
|  3 |  0% |  0% |
Finished training it 2048/2709 of epoch 7 and time taken 0.44240412068367, 19.22 ms/it, loss 0.232754, accuracy 89.648 %
| ID | GPU | MEM |
------------------
|  0 | 17% |  7% |
|  1 |  2% |  7% |
|  2 |  0% |  0% |
|  3 |  0% |  0% |
| ID | GPU | MEM |
------------------
|  0 | 45% |  7% |
|  1 |  1% |  7% |
|  2 |  0% |  0% |
|  3 |  0% |  0% |
| ID | GPU | MEM |
------------------
|  0 | 15% |  7% |
|  1 |  1% |  7% |
|  2 |  0% |  0% |
|  3 |  0% |  0% |
| ID | GPU | MEM |
------------------
|  0 | 22% |  7% |
|  1 |  1% |  7% |
|  2 |  0% |  0% |
|  3 |  0% |  0% |
| ID | GPU | MEM |
------------------
|  0 |  8% |  7% |
|  1 |  2% |  7% |
|  2 |  0% |  0% |
|  3 |  0% |  0% |
Finished training it 2709/2709 of epoch 7 and time taken 0.4551091980934143, 18.29 ms/it, loss 0.229551, accuracy 89.963 %
Finished epoch 7
| ID | GPU | MEM |
------------------
|  0 |  9% |  7% |
|  1 |  0% |  7% |
|  2 |  0% |  0% |
|  3 |  0% |  0% |
| ID | GPU | MEM |
------------------
|  0 |  9% |  7% |
|  1 |  2% |  7% |
|  2 |  0% |  0% |
|  3 |  0% |  0% |
| ID | GPU | MEM |
------------------
|  0 | 15% |  7% |
|  1 |  1% |  7% |
|  2 |  0% |  0% |
|  3 |  0% |  0% |
| ID | GPU | MEM |
------------------
|  0 |  8% |  7% |
|  1 |  2% |  7% |
|  2 |  0% |  0% |
|  3 |  0% |  0% |
| ID | GPU | MEM |
------------------
|  0 | 13% |  7% |
|  1 |  1% |  7% |
|  2 |  0% |  0% |
|  3 |  0% |  0% |
| ID | GPU | MEM |
------------------
|  0 | 10% |  7% |
|  1 |  1% |  7% |
|  2 |  0% |  0% |
|  3 |  0% |  0% |
| ID | GPU | MEM |
------------------
|  0 |  6% |  7% |
|  1 |  2% |  7% |
|  2 |  0% |  0% |
|  3 |  0% |  0% |
| ID | GPU | MEM |
------------------
|  0 | 16% |  7% |
|  1 |  1% |  7% |
|  2 |  0% |  0% |
|  3 |  0% |  0% |
| ID | GPU | MEM |
------------------
|  0 | 10% |  7% |
|  1 |  1% |  7% |
|  2 |  0% |  0% |
|  3 |  0% |  0% |
Finished training it 1024/2709 of epoch 8 and time taken 0.47782795047760007, 21.23 ms/it, loss 0.254117, accuracy 89.017 %
| ID | GPU | MEM |
------------------
|  0 | 11% |  7% |
|  1 |  2% |  7% |
|  2 |  0% |  0% |
|  3 |  0% |  0% |
| ID | GPU | MEM |
------------------
|  0 | 13% |  7% |
|  1 |  1% |  7% |
|  2 |  0% |  0% |
|  3 |  0% |  0% |
| ID | GPU | MEM |
------------------
|  0 | 10% |  7% |
|  1 |  2% |  7% |
|  2 |  0% |  0% |
|  3 |  0% |  0% |
| ID | GPU | MEM |
------------------
|  0 | 11% |  7% |
|  1 |  1% |  7% |
|  2 |  0% |  0% |
|  3 |  0% |  0% |
| ID | GPU | MEM |
------------------
|  0 | 16% |  7% |
|  1 |  1% |  7% |
|  2 |  0% |  0% |
|  3 |  0% |  0% |
| ID | GPU | MEM |
------------------
|  0 | 11% |  7% |
|  1 |  3% |  7% |
|  2 |  0% |  0% |
|  3 |  0% |  0% |
| ID | GPU | MEM |
------------------
|  0 | 16% |  7% |
|  1 |  1% |  7% |
|  2 |  0% |  0% |
|  3 |  0% |  0% |
| ID | GPU | MEM |
------------------
|  0 | 10% |  7% |
|  1 |  1% |  7% |
|  2 |  0% |  0% |
|  3 |  0% |  0% |
| ID | GPU | MEM |
------------------
|  0 |  9% |  7% |
|  1 |  1% |  7% |
|  2 |  0% |  0% |
|  3 |  0% |  0% |
Finished training it 2048/2709 of epoch 8 and time taken 0.4979957528114319, 18.80 ms/it, loss 0.229280, accuracy 89.993 %
| ID | GPU | MEM |
------------------
|  0 | 13% |  7% |
|  1 |  1% |  7% |
|  2 |  0% |  0% |
|  3 |  0% |  0% |
| ID | GPU | MEM |
------------------
|  0 |  9% |  7% |
|  1 |  2% |  7% |
|  2 |  0% |  0% |
|  3 |  0% |  0% |
| ID | GPU | MEM |
------------------
|  0 | 41% |  7% |
|  1 |  2% |  7% |
|  2 |  0% |  0% |
|  3 |  0% |  0% |
| ID | GPU | MEM |
------------------
|  0 | 12% |  7% |
|  1 |  0% |  7% |
|  2 |  0% |  0% |
|  3 |  0% |  0% |
| ID | GPU | MEM |
------------------
|  0 | 10% |  7% |
|  1 |  1% |  7% |
|  2 |  0% |  0% |
|  3 |  0% |  0% |
| ID | GPU | MEM |
------------------
|  0 | 16% |  7% |
|  1 |  1% |  7% |
|  2 |  0% |  0% |
|  3 |  0% |  0% |
Finished training it 2709/2709 of epoch 8 and time taken 0.5105692920684815, 18.24 ms/it, loss 0.230303, accuracy 89.916 %
Finished epoch 8
| ID | GPU | MEM |
------------------
|  0 | 16% |  7% |
|  1 |  0% |  7% |
|  2 |  0% |  0% |
|  3 |  0% |  0% |
| ID | GPU | MEM |
------------------
|  0 | 10% |  7% |
|  1 |  1% |  7% |
|  2 |  0% |  0% |
|  3 |  0% |  0% |
| ID | GPU | MEM |
------------------
|  0 |  6% |  7% |
|  1 |  1% |  7% |
|  2 |  0% |  0% |
|  3 |  0% |  0% |
| ID | GPU | MEM |
------------------
|  0 | 39% |  7% |
|  1 |  1% |  7% |
|  2 |  0% |  0% |
|  3 |  0% |  0% |
| ID | GPU | MEM |
------------------
|  0 | 17% |  7% |
|  1 |  2% |  7% |
|  2 |  0% |  0% |
|  3 |  0% |  0% |
| ID | GPU | MEM |
------------------
|  0 | 12% |  7% |
|  1 |  0% |  7% |
|  2 |  0% |  0% |
|  3 |  0% |  0% |
| ID | GPU | MEM |
------------------
|  0 | 44% |  7% |
|  1 |  1% |  7% |
|  2 |  0% |  0% |
|  3 |  0% |  0% |
| ID | GPU | MEM |
------------------
|  0 | 10% |  7% |
|  1 |  2% |  7% |
|  2 |  0% |  0% |
|  3 |  0% |  0% |
| ID | GPU | MEM |
------------------
|  0 | 43% |  7% |
|  1 |  1% |  7% |
|  2 |  0% |  0% |
|  3 |  0% |  0% |
Finished training it 1024/2709 of epoch 9 and time taken 0.5334806389808655, 21.67 ms/it, loss 0.237836, accuracy 89.700 %
| ID | GPU | MEM |
------------------
|  0 |  9% |  7% |
|  1 |  1% |  7% |
|  2 |  0% |  0% |
|  3 |  0% |  0% |
| ID | GPU | MEM |
------------------
|  0 | 15% |  7% |
|  1 |  1% |  7% |
|  2 |  0% |  0% |
|  3 |  0% |  0% |
| ID | GPU | MEM |
------------------
|  0 | 12% |  7% |
|  1 |  2% |  7% |
|  2 |  0% |  0% |
|  3 |  0% |  0% |
| ID | GPU | MEM |
------------------
|  0 | 10% |  7% |
|  1 |  1% |  7% |
|  2 |  0% |  0% |
|  3 |  0% |  0% |
| ID | GPU | MEM |
------------------
|  0 | 14% |  7% |
|  1 |  1% |  7% |
|  2 |  0% |  0% |
|  3 |  0% |  0% |
| ID | GPU | MEM |
------------------
|  0 | 10% |  7% |
|  1 |  2% |  7% |
|  2 |  0% |  0% |
|  3 |  0% |  0% |
| ID | GPU | MEM |
------------------
|  0 | 11% |  7% |
|  1 |  1% |  7% |
|  2 |  0% |  0% |
|  3 |  0% |  0% |
| ID | GPU | MEM |
------------------
|  0 | 12% |  7% |
|  1 |  1% |  7% |
|  2 |  0% |  0% |
|  3 |  0% |  0% |
| ID | GPU | MEM |
------------------
|  0 | 10% |  7% |
|  1 |  2% |  7% |
|  2 |  0% |  0% |
|  3 |  0% |  0% |
| ID | GPU | MEM |
------------------
|  0 | 10% |  7% |
|  1 |  1% |  7% |
|  2 |  0% |  0% |
|  3 |  0% |  0% |
Finished training it 2048/2709 of epoch 9 and time taken 0.5539270398616791, 19.34 ms/it, loss 0.227436, accuracy 89.899 %
| ID | GPU | MEM |
------------------
|  0 | 13% |  7% |
|  1 |  1% |  7% |
|  2 |  0% |  0% |
|  3 |  0% |  0% |
| ID | GPU | MEM |
------------------
|  0 |  8% |  7% |
|  1 |  2% |  7% |
|  2 |  0% |  0% |
|  3 |  0% |  0% |
| ID | GPU | MEM |
------------------
|  0 | 17% |  7% |
|  1 |  2% |  7% |
|  2 |  0% |  0% |
|  3 |  0% |  0% |
| ID | GPU | MEM |
------------------
|  0 | 10% |  7% |
|  1 |  1% |  7% |
|  2 |  0% |  0% |
|  3 |  0% |  0% |
| ID | GPU | MEM |
------------------
|  0 |  7% |  7% |
|  1 |  2% |  7% |
|  2 |  0% |  0% |
|  3 |  0% |  0% |
Finished training it 2709/2709 of epoch 9 and time taken 0.5667819752693176, 18.55 ms/it, loss 0.224039, accuracy 90.289 %
Finished epoch 9
Finished the program
