
c4130-110233:23939:23939 [0] misc/ibvwrap.cc:63 NCCL WARN Failed to open libibverbs.so[.1]
NCCL version 2.4.8+cuda10.1
Using 2 GPU(s)...
Sparse features= 9, Dense features= 24
Sparse features= 9, Dense features= 24
time/loss/accuracy (if enabled):
| ID | GPU | MEM |
------------------
|  0 |  3% |  7% |
|  1 |  0% |  0% |
|  2 |  0% |  0% |
|  3 |  0% |  0% |
| ID | GPU | MEM |
------------------
|  0 |  0% |  7% |
|  1 | 10% |  4% |
|  2 |  0% |  0% |
|  3 |  0% |  0% |
| ID | GPU | MEM |
------------------
|  0 |  0% |  7% |
|  1 |  3% |  7% |
|  2 |  0% |  0% |
|  3 |  0% |  0% |
| ID | GPU | MEM |
------------------
|  0 | 14% |  7% |
|  1 |  1% |  7% |
|  2 |  0% |  0% |
|  3 |  0% |  0% |
| ID | GPU | MEM |
------------------
|  0 | 10% |  7% |
|  1 |  1% |  7% |
|  2 |  0% |  0% |
|  3 |  0% |  0% |
| ID | GPU | MEM |
------------------
|  0 | 12% |  7% |
|  1 |  2% |  7% |
|  2 |  0% |  0% |
|  3 |  0% |  0% |
| ID | GPU | MEM |
------------------
|  0 | 12% |  7% |
|  1 |  2% |  7% |
|  2 |  0% |  0% |
|  3 |  0% |  0% |
| ID | GPU | MEM |
------------------
|  0 | 11% |  7% |
|  1 |  2% |  7% |
|  2 |  0% |  0% |
|  3 |  0% |  0% |
| ID | GPU | MEM |
------------------
|  0 | 15% |  7% |
|  1 |  1% |  7% |
|  2 |  0% |  0% |
|  3 |  0% |  0% |
| ID | GPU | MEM |
------------------
|  0 | 18% |  7% |
|  1 |  1% |  7% |
|  2 |  0% |  0% |
|  3 |  0% |  0% |
| ID | GPU | MEM |
------------------
|  0 | 21% |  7% |
|  1 |  2% |  7% |
|  2 |  0% |  0% |
|  3 |  0% |  0% |
| ID | GPU | MEM |
------------------
|  0 | 12% |  7% |
|  1 |  2% |  7% |
|  2 |  0% |  0% |
|  3 |  0% |  0% |
Finished training it 1024/2709 of epoch 0 and time taken 0.025138769388198853, 23.58 ms/it, loss 0.598470, accuracy 67.007 %
| ID | GPU | MEM |
------------------
|  0 | 10% |  7% |
|  1 |  2% |  7% |
|  2 |  0% |  0% |
|  3 |  0% |  0% |
| ID | GPU | MEM |
------------------
|  0 | 15% |  7% |
|  1 |  3% |  7% |
|  2 |  0% |  0% |
|  3 |  0% |  0% |
| ID | GPU | MEM |
------------------
|  0 | 12% |  7% |
|  1 |  1% |  7% |
|  2 |  0% |  0% |
|  3 |  0% |  0% |
| ID | GPU | MEM |
------------------
|  0 | 14% |  7% |
|  1 |  1% |  7% |
|  2 |  0% |  0% |
|  3 |  0% |  0% |
| ID | GPU | MEM |
------------------
|  0 | 19% |  7% |
|  1 |  1% |  7% |
|  2 |  0% |  0% |
|  3 |  0% |  0% |
| ID | GPU | MEM |
------------------
|  0 | 12% |  7% |
|  1 |  1% |  7% |
|  2 |  0% |  0% |
|  3 |  0% |  0% |
| ID | GPU | MEM |
------------------
|  0 | 15% |  7% |
|  1 |  2% |  7% |
|  2 |  0% |  0% |
|  3 |  0% |  0% |
| ID | GPU | MEM |
------------------
|  0 | 10% |  7% |
|  1 |  2% |  7% |
|  2 |  0% |  0% |
|  3 |  0% |  0% |
| ID | GPU | MEM |
------------------
|  0 | 13% |  7% |
|  1 |  2% |  7% |
|  2 |  0% |  0% |
|  3 |  0% |  0% |
Finished training it 2048/2709 of epoch 0 and time taken 0.044998250007629394, 18.69 ms/it, loss 0.493936, accuracy 75.302 %
| ID | GPU | MEM |
------------------
|  0 | 10% |  7% |
|  1 |  2% |  7% |
|  2 |  0% |  0% |
|  3 |  0% |  0% |
| ID | GPU | MEM |
------------------
|  0 | 12% |  7% |
|  1 |  1% |  7% |
|  2 |  0% |  0% |
|  3 |  0% |  0% |
| ID | GPU | MEM |
------------------
|  0 | 18% |  7% |
|  1 |  2% |  7% |
|  2 |  0% |  0% |
|  3 |  0% |  0% |
| ID | GPU | MEM |
------------------
|  0 | 19% |  7% |
|  1 |  1% |  7% |
|  2 |  0% |  0% |
|  3 |  0% |  0% |
| ID | GPU | MEM |
------------------
|  0 | 12% |  7% |
|  1 |  2% |  7% |
|  2 |  0% |  0% |
|  3 |  0% |  0% |
| ID | GPU | MEM |
------------------
|  0 | 11% |  7% |
|  1 |  2% |  7% |
|  2 |  0% |  0% |
|  3 |  0% |  0% |
Finished training it 2709/2709 of epoch 0 and time taken 0.057955801963806154, 18.86 ms/it, loss 0.431642, accuracy 79.609 %
Finished epoch 0
| ID | GPU | MEM |
------------------
|  0 | 52% |  7% |
|  1 |  1% |  7% |
|  2 |  0% |  0% |
|  3 |  0% |  0% |
| ID | GPU | MEM |
------------------
|  0 | 17% |  7% |
|  1 |  1% |  7% |
|  2 |  0% |  0% |
|  3 |  0% |  0% |
| ID | GPU | MEM |
------------------
|  0 | 13% |  7% |
|  1 |  1% |  7% |
|  2 |  0% |  0% |
|  3 |  0% |  0% |
| ID | GPU | MEM |
------------------
|  0 | 11% |  7% |
|  1 |  2% |  7% |
|  2 |  0% |  0% |
|  3 |  0% |  0% |
| ID | GPU | MEM |
------------------
|  0 | 12% |  7% |
|  1 |  2% |  7% |
|  2 |  0% |  0% |
|  3 |  0% |  0% |
| ID | GPU | MEM |
------------------
|  0 |  9% |  7% |
|  1 |  2% |  7% |
|  2 |  0% |  0% |
|  3 |  0% |  0% |
| ID | GPU | MEM |
------------------
|  0 | 12% |  7% |
|  1 |  2% |  7% |
|  2 |  0% |  0% |
|  3 |  0% |  0% |
| ID | GPU | MEM |
------------------
|  0 | 13% |  7% |
|  1 |  1% |  7% |
|  2 |  0% |  0% |
|  3 |  0% |  0% |
| ID | GPU | MEM |
------------------
|  0 | 15% |  7% |
|  1 |  1% |  7% |
|  2 |  0% |  0% |
|  3 |  0% |  0% |
Finished training it 1024/2709 of epoch 1 and time taken 0.080250248670578, 20.88 ms/it, loss 0.398044, accuracy 81.573 %
| ID | GPU | MEM |
------------------
|  0 | 21% |  7% |
|  1 |  2% |  7% |
|  2 |  0% |  0% |
|  3 |  0% |  0% |
| ID | GPU | MEM |
------------------
|  0 | 10% |  7% |
|  1 |  2% |  7% |
|  2 |  0% |  0% |
|  3 |  0% |  0% |
| ID | GPU | MEM |
------------------
|  0 | 10% |  7% |
|  1 |  2% |  7% |
|  2 |  0% |  0% |
|  3 |  0% |  0% |
| ID | GPU | MEM |
------------------
|  0 | 13% |  7% |
|  1 |  2% |  7% |
|  2 |  0% |  0% |
|  3 |  0% |  0% |
| ID | GPU | MEM |
------------------
|  0 | 12% |  7% |
|  1 |  2% |  7% |
|  2 |  0% |  0% |
|  3 |  0% |  0% |
| ID | GPU | MEM |
------------------
|  0 | 12% |  7% |
|  1 |  1% |  7% |
|  2 |  0% |  0% |
|  3 |  0% |  0% |
| ID | GPU | MEM |
------------------
|  0 | 18% |  7% |
|  1 |  1% |  7% |
|  2 |  0% |  0% |
|  3 |  0% |  0% |
| ID | GPU | MEM |
------------------
|  0 | 14% |  7% |
|  1 |  1% |  7% |
|  2 |  0% |  0% |
|  3 |  0% |  0% |
| ID | GPU | MEM |
------------------
|  0 | 11% |  7% |
|  1 |  2% |  7% |
|  2 |  0% |  0% |
|  3 |  0% |  0% |
| ID | GPU | MEM |
------------------
|  0 | 10% |  7% |
|  1 |  2% |  7% |
|  2 |  0% |  0% |
|  3 |  0% |  0% |
Finished training it 2048/2709 of epoch 1 and time taken 0.10023086643218994, 18.87 ms/it, loss 0.356220, accuracy 83.786 %
| ID | GPU | MEM |
------------------
|  0 | 13% |  7% |
|  1 |  2% |  7% |
|  2 |  0% |  0% |
|  3 |  0% |  0% |
| ID | GPU | MEM |
------------------
|  0 | 13% |  7% |
|  1 |  1% |  7% |
|  2 |  0% |  0% |
|  3 |  0% |  0% |
| ID | GPU | MEM |
------------------
|  0 | 16% |  7% |
|  1 |  2% |  7% |
|  2 |  0% |  0% |
|  3 |  0% |  0% |
| ID | GPU | MEM |
------------------
|  0 | 20% |  7% |
|  1 |  1% |  7% |
|  2 |  0% |  0% |
|  3 |  0% |  0% |
| ID | GPU | MEM |
------------------
|  0 | 10% |  7% |
|  1 |  1% |  7% |
|  2 |  0% |  0% |
|  3 |  0% |  0% |
Finished training it 2709/2709 of epoch 1 and time taken 0.1130358784198761, 18.72 ms/it, loss 0.350978, accuracy 83.869 %
Finished epoch 1
| ID | GPU | MEM |
------------------
|  0 | 73% |  7% |
|  1 |  1% |  7% |
|  2 |  0% |  0% |
|  3 |  0% |  0% |
| ID | GPU | MEM |
------------------
|  0 | 17% |  7% |
|  1 |  1% |  7% |
|  2 |  0% |  0% |
|  3 |  0% |  0% |
| ID | GPU | MEM |
------------------
|  0 | 21% |  7% |
|  1 |  2% |  7% |
|  2 |  0% |  0% |
|  3 |  0% |  0% |
| ID | GPU | MEM |
------------------
|  0 |  9% |  7% |
|  1 |  1% |  7% |
|  2 |  0% |  0% |
|  3 |  0% |  0% |
| ID | GPU | MEM |
------------------
|  0 | 11% |  7% |
|  1 |  2% |  7% |
|  2 |  0% |  0% |
|  3 |  0% |  0% |
| ID | GPU | MEM |
------------------
|  0 | 12% |  7% |
|  1 |  2% |  7% |
|  2 |  0% |  0% |
|  3 |  0% |  0% |
| ID | GPU | MEM |
------------------
|  0 | 11% |  7% |
|  1 |  2% |  7% |
|  2 |  0% |  0% |
|  3 |  0% |  0% |
| ID | GPU | MEM |
------------------
|  0 | 18% |  7% |
|  1 |  1% |  7% |
|  2 |  0% |  0% |
|  3 |  0% |  0% |
| ID | GPU | MEM |
------------------
|  0 | 39% |  7% |
|  1 |  2% |  7% |
|  2 |  0% |  0% |
|  3 |  0% |  0% |
Finished training it 1024/2709 of epoch 2 and time taken 0.13492581272125245, 20.57 ms/it, loss 0.356405, accuracy 83.734 %
| ID | GPU | MEM |
------------------
|  0 |  9% |  7% |
|  1 |  2% |  7% |
|  2 |  0% |  0% |
|  3 |  0% |  0% |
| ID | GPU | MEM |
------------------
|  0 | 12% |  7% |
|  1 |  1% |  7% |
|  2 |  0% |  0% |
|  3 |  0% |  0% |
| ID | GPU | MEM |
------------------
|  0 | 12% |  7% |
|  1 |  1% |  7% |
|  2 |  0% |  0% |
|  3 |  0% |  0% |
| ID | GPU | MEM |
------------------
|  0 | 16% |  7% |
|  1 |  1% |  7% |
|  2 |  0% |  0% |
|  3 |  0% |  0% |
| ID | GPU | MEM |
------------------
|  0 | 20% |  7% |
|  1 |  1% |  7% |
|  2 |  0% |  0% |
|  3 |  0% |  0% |
| ID | GPU | MEM |
------------------
|  0 | 38% |  7% |
|  1 |  2% |  7% |
|  2 |  0% |  0% |
|  3 |  0% |  0% |
| ID | GPU | MEM |
------------------
|  0 | 24% |  7% |
|  1 |  2% |  7% |
|  2 |  0% |  0% |
|  3 |  0% |  0% |
| ID | GPU | MEM |
------------------
|  0 | 15% |  7% |
|  1 |  2% |  7% |
|  2 |  0% |  0% |
|  3 |  0% |  0% |
| ID | GPU | MEM |
------------------
|  0 | 11% |  7% |
|  1 |  1% |  7% |
|  2 |  0% |  0% |
|  3 |  0% |  0% |
Finished training it 2048/2709 of epoch 2 and time taken 0.15472774910926818, 18.64 ms/it, loss 0.330436, accuracy 85.114 %
| ID | GPU | MEM |
------------------
|  0 | 15% |  7% |
|  1 |  1% |  7% |
|  2 |  0% |  0% |
|  3 |  0% |  0% |
| ID | GPU | MEM |
------------------
|  0 | 17% |  7% |
|  1 |  1% |  7% |
|  2 |  0% |  0% |
|  3 |  0% |  0% |
| ID | GPU | MEM |
------------------
|  0 | 30% |  7% |
|  1 |  1% |  7% |
|  2 |  0% |  0% |
|  3 |  0% |  0% |
| ID | GPU | MEM |
------------------
|  0 | 11% |  7% |
|  1 |  2% |  7% |
|  2 |  0% |  0% |
|  3 |  0% |  0% |
| ID | GPU | MEM |
------------------
|  0 | 20% |  7% |
|  1 |  2% |  7% |
|  2 |  0% |  0% |
|  3 |  0% |  0% |
| ID | GPU | MEM |
------------------
|  0 | 12% |  7% |
|  1 |  1% |  7% |
|  2 |  0% |  0% |
|  3 |  0% |  0% |
Finished training it 2709/2709 of epoch 2 and time taken 0.16757005262374877, 18.80 ms/it, loss 0.322295, accuracy 85.604 %
Finished epoch 2
| ID | GPU | MEM |
------------------
|  0 | 12% |  7% |
|  1 |  0% |  7% |
|  2 |  0% |  0% |
|  3 |  0% |  0% |
| ID | GPU | MEM |
------------------
|  0 |  9% |  7% |
|  1 |  2% |  7% |
|  2 |  0% |  0% |
|  3 |  0% |  0% |
| ID | GPU | MEM |
------------------
|  0 | 12% |  7% |
|  1 |  2% |  7% |
|  2 |  0% |  0% |
|  3 |  0% |  0% |
| ID | GPU | MEM |
------------------
|  0 | 16% |  7% |
|  1 |  2% |  7% |
|  2 |  0% |  0% |
|  3 |  0% |  0% |
| ID | GPU | MEM |
------------------
|  0 | 16% |  7% |
|  1 |  1% |  7% |
|  2 |  0% |  0% |
|  3 |  0% |  0% |
| ID | GPU | MEM |
------------------
|  0 | 21% |  7% |
|  1 |  1% |  7% |
|  2 |  0% |  0% |
|  3 |  0% |  0% |
| ID | GPU | MEM |
------------------
|  0 | 21% |  7% |
|  1 |  2% |  7% |
|  2 |  0% |  0% |
|  3 |  0% |  0% |
| ID | GPU | MEM |
------------------
|  0 | 12% |  7% |
|  1 |  3% |  7% |
|  2 |  0% |  0% |
|  3 |  0% |  0% |
| ID | GPU | MEM |
------------------
|  0 | 16% |  7% |
|  1 |  1% |  7% |
|  2 |  0% |  0% |
|  3 |  0% |  0% |
Finished training it 1024/2709 of epoch 3 and time taken 0.18934975171089172, 20.41 ms/it, loss 0.301261, accuracy 86.792 %
| ID | GPU | MEM |
------------------
|  0 | 18% |  7% |
|  1 |  1% |  7% |
|  2 |  0% |  0% |
|  3 |  0% |  0% |
| ID | GPU | MEM |
------------------
|  0 | 43% |  7% |
|  1 |  1% |  7% |
|  2 |  0% |  0% |
|  3 |  0% |  0% |
| ID | GPU | MEM |
------------------
|  0 | 30% |  7% |
|  1 |  2% |  7% |
|  2 |  0% |  0% |
|  3 |  0% |  0% |
| ID | GPU | MEM |
------------------
|  0 | 35% |  7% |
|  1 |  2% |  7% |
|  2 |  0% |  0% |
|  3 |  0% |  0% |
| ID | GPU | MEM |
------------------
|  0 | 15% |  7% |
|  1 |  2% |  7% |
|  2 |  0% |  0% |
|  3 |  0% |  0% |
| ID | GPU | MEM |
------------------
|  0 |  9% |  7% |
|  1 |  3% |  7% |
|  2 |  0% |  0% |
|  3 |  0% |  0% |
| ID | GPU | MEM |
------------------
|  0 | 14% |  7% |
|  1 |  3% |  7% |
|  2 |  0% |  0% |
|  3 |  0% |  0% |
| ID | GPU | MEM |
------------------
|  0 | 11% |  7% |
|  1 |  0% |  7% |
|  2 |  0% |  0% |
|  3 |  0% |  0% |
| ID | GPU | MEM |
------------------
|  0 | 16% |  7% |
|  1 |  1% |  7% |
|  2 |  0% |  0% |
|  3 |  0% |  0% |
Finished training it 2048/2709 of epoch 3 and time taken 0.20807894134521485, 17.64 ms/it, loss 0.283268, accuracy 87.198 %
| ID | GPU | MEM |
------------------
|  0 | 38% |  7% |
|  1 |  1% |  7% |
|  2 |  0% |  0% |
|  3 |  0% |  0% |
| ID | GPU | MEM |
------------------
|  0 | 31% |  7% |
|  1 |  2% |  7% |
|  2 |  0% |  0% |
|  3 |  0% |  0% |
| ID | GPU | MEM |
------------------
|  0 | 22% |  7% |
|  1 |  2% |  7% |
|  2 |  0% |  0% |
|  3 |  0% |  0% |
| ID | GPU | MEM |
------------------
|  0 | 10% |  7% |
|  1 |  3% |  7% |
|  2 |  0% |  0% |
|  3 |  0% |  0% |
| ID | GPU | MEM |
------------------
|  0 | 18% |  7% |
|  1 |  1% |  7% |
|  2 |  0% |  0% |
|  3 |  0% |  0% |
Finished training it 2709/2709 of epoch 3 and time taken 0.22000144124031068, 17.42 ms/it, loss 0.282347, accuracy 87.457 %
Finished epoch 3
| ID | GPU | MEM |
------------------
|  0 | 61% |  7% |
|  1 |  1% |  7% |
|  2 |  0% |  0% |
|  3 |  0% |  0% |
| ID | GPU | MEM |
------------------
|  0 | 18% |  7% |
|  1 |  2% |  7% |
|  2 |  0% |  0% |
|  3 |  0% |  0% |
| ID | GPU | MEM |
------------------
|  0 | 20% |  7% |
|  1 |  1% |  7% |
|  2 |  0% |  0% |
|  3 |  0% |  0% |
| ID | GPU | MEM |
------------------
|  0 | 14% |  7% |
|  1 |  2% |  7% |
|  2 |  0% |  0% |
|  3 |  0% |  0% |
| ID | GPU | MEM |
------------------
|  0 | 10% |  7% |
|  1 |  1% |  7% |
|  2 |  0% |  0% |
|  3 |  0% |  0% |
| ID | GPU | MEM |
------------------
|  0 | 12% |  7% |
|  1 |  3% |  7% |
|  2 |  0% |  0% |
|  3 |  0% |  0% |
| ID | GPU | MEM |
------------------
|  0 | 14% |  7% |
|  1 |  1% |  7% |
|  2 |  0% |  0% |
|  3 |  0% |  0% |
| ID | GPU | MEM |
------------------
|  0 | 13% |  7% |
|  1 |  1% |  7% |
|  2 |  0% |  0% |
|  3 |  0% |  0% |
| ID | GPU | MEM |
------------------
|  0 | 16% |  7% |
|  1 |  1% |  7% |
|  2 |  0% |  0% |
|  3 |  0% |  0% |
| ID | GPU | MEM |
------------------
|  0 | 20% |  7% |
|  1 |  1% |  7% |
|  2 |  0% |  0% |
|  3 |  0% |  0% |
Finished training it 1024/2709 of epoch 4 and time taken 0.24251717162132264, 21.26 ms/it, loss 0.280197, accuracy 87.552 %
| ID | GPU | MEM |
------------------
|  0 | 33% |  7% |
|  1 |  1% |  7% |
|  2 |  0% |  0% |
|  3 |  0% |  0% |
| ID | GPU | MEM |
------------------
|  0 | 35% |  7% |
|  1 |  2% |  7% |
|  2 |  0% |  0% |
|  3 |  0% |  0% |
| ID | GPU | MEM |
------------------
|  0 | 15% |  7% |
|  1 |  2% |  7% |
|  2 |  0% |  0% |
|  3 |  0% |  0% |
| ID | GPU | MEM |
------------------
|  0 | 26% |  7% |
|  1 |  2% |  7% |
|  2 |  0% |  0% |
|  3 |  0% |  0% |
| ID | GPU | MEM |
------------------
|  0 | 16% |  7% |
|  1 |  2% |  7% |
|  2 |  0% |  0% |
|  3 |  0% |  0% |
| ID | GPU | MEM |
------------------
|  0 | 18% |  7% |
|  1 |  1% |  7% |
|  2 |  0% |  0% |
|  3 |  0% |  0% |
| ID | GPU | MEM |
------------------
|  0 | 19% |  7% |
|  1 |  1% |  7% |
|  2 |  0% |  0% |
|  3 |  0% |  0% |
| ID | GPU | MEM |
------------------
|  0 | 19% |  7% |
|  1 |  1% |  7% |
|  2 |  0% |  0% |
|  3 |  0% |  0% |
| ID | GPU | MEM |
------------------
|  0 | 29% |  7% |
|  1 |  1% |  7% |
|  2 |  0% |  0% |
|  3 |  0% |  0% |
Finished training it 2048/2709 of epoch 4 and time taken 0.2625129086971283, 18.83 ms/it, loss 0.247727, accuracy 89.114 %
| ID | GPU | MEM |
------------------
|  0 | 35% |  7% |
|  1 |  2% |  7% |
|  2 |  0% |  0% |
|  3 |  0% |  0% |
| ID | GPU | MEM |
------------------
|  0 | 18% |  7% |
|  1 |  2% |  7% |
|  2 |  0% |  0% |
|  3 |  0% |  0% |
| ID | GPU | MEM |
------------------
|  0 | 22% |  7% |
|  1 |  2% |  7% |
|  2 |  0% |  0% |
|  3 |  0% |  0% |
| ID | GPU | MEM |
------------------
|  0 | 17% |  7% |
|  1 |  3% |  7% |
|  2 |  0% |  0% |
|  3 |  0% |  0% |
| ID | GPU | MEM |
------------------
|  0 | 20% |  7% |
|  1 |  1% |  7% |
|  2 |  0% |  0% |
|  3 |  0% |  0% |
Finished training it 2709/2709 of epoch 4 and time taken 0.27479457449913025, 17.89 ms/it, loss 0.282802, accuracy 87.543 %
Finished epoch 4
| ID | GPU | MEM |
------------------
|  0 | 32% |  7% |
|  1 |  0% |  7% |
|  2 |  0% |  0% |
|  3 |  0% |  0% |
| ID | GPU | MEM |
------------------
|  0 | 19% |  7% |
|  1 |  2% |  7% |
|  2 |  0% |  0% |
|  3 |  0% |  0% |
| ID | GPU | MEM |
------------------
|  0 | 22% |  7% |
|  1 |  1% |  7% |
|  2 |  0% |  0% |
|  3 |  0% |  0% |
| ID | GPU | MEM |
------------------
|  0 | 20% |  7% |
|  1 |  1% |  7% |
|  2 |  0% |  0% |
|  3 |  0% |  0% |
| ID | GPU | MEM |
------------------
|  0 | 29% |  7% |
|  1 |  1% |  7% |
|  2 |  0% |  0% |
|  3 |  0% |  0% |
| ID | GPU | MEM |
------------------
|  0 | 34% |  7% |
|  1 |  1% |  7% |
|  2 |  0% |  0% |
|  3 |  0% |  0% |
| ID | GPU | MEM |
------------------
|  0 | 31% |  7% |
|  1 |  2% |  7% |
|  2 |  0% |  0% |
|  3 |  0% |  0% |
| ID | GPU | MEM |
------------------
|  0 | 33% |  7% |
|  1 |  2% |  7% |
|  2 |  0% |  0% |
|  3 |  0% |  0% |
| ID | GPU | MEM |
------------------
|  0 | 22% |  7% |
|  1 |  2% |  7% |
|  2 |  0% |  0% |
|  3 |  0% |  0% |
Finished training it 1024/2709 of epoch 5 and time taken 0.29622353887557984, 20.03 ms/it, loss 0.269705, accuracy 88.290 %
| ID | GPU | MEM |
------------------
|  0 | 18% |  7% |
|  1 |  3% |  7% |
|  2 |  0% |  0% |
|  3 |  0% |  0% |
| ID | GPU | MEM |
------------------
|  0 | 20% |  7% |
|  1 |  1% |  7% |
|  2 |  0% |  0% |
|  3 |  0% |  0% |
| ID | GPU | MEM |
------------------
|  0 | 17% |  7% |
|  1 |  1% |  7% |
|  2 |  0% |  0% |
|  3 |  0% |  0% |
| ID | GPU | MEM |
------------------
|  0 | 20% |  7% |
|  1 |  1% |  7% |
|  2 |  0% |  0% |
|  3 |  0% |  0% |
| ID | GPU | MEM |
------------------
|  0 | 45% |  7% |
|  1 |  2% |  7% |
|  2 |  0% |  0% |
|  3 |  0% |  0% |
| ID | GPU | MEM |
------------------
|  0 | 32% |  7% |
|  1 |  2% |  7% |
|  2 |  0% |  0% |
|  3 |  0% |  0% |
| ID | GPU | MEM |
------------------
|  0 | 35% |  7% |
|  1 |  2% |  7% |
|  2 |  0% |  0% |
|  3 |  0% |  0% |
| ID | GPU | MEM |
------------------
|  0 | 19% |  7% |
|  1 |  2% |  7% |
|  2 |  0% |  0% |
|  3 |  0% |  0% |
| ID | GPU | MEM |
------------------
|  0 | 15% |  7% |
|  1 |  2% |  7% |
|  2 |  0% |  0% |
|  3 |  0% |  0% |
Finished training it 2048/2709 of epoch 5 and time taken 0.3157258810997009, 18.32 ms/it, loss 0.274641, accuracy 87.921 %
| ID | GPU | MEM |
------------------
|  0 | 17% |  7% |
|  1 |  3% |  7% |
|  2 |  0% |  0% |
|  3 |  0% |  0% |
| ID | GPU | MEM |
------------------
|  0 | 14% |  7% |
|  1 |  1% |  7% |
|  2 |  0% |  0% |
|  3 |  0% |  0% |
| ID | GPU | MEM |
------------------
|  0 | 15% |  7% |
|  1 |  1% |  7% |
|  2 |  0% |  0% |
|  3 |  0% |  0% |
| ID | GPU | MEM |
------------------
|  0 | 20% |  7% |
|  1 |  1% |  7% |
|  2 |  0% |  0% |
|  3 |  0% |  0% |
| ID | GPU | MEM |
------------------
|  0 | 21% |  7% |
|  1 |  2% |  7% |
|  2 |  0% |  0% |
|  3 |  0% |  0% |
| ID | GPU | MEM |
------------------
|  0 | 34% |  7% |
|  1 |  2% |  7% |
|  2 |  0% |  0% |
|  3 |  0% |  0% |
Finished training it 2709/2709 of epoch 5 and time taken 0.32832666897773743, 18.46 ms/it, loss 0.283246, accuracy 87.817 %
Finished epoch 5
| ID | GPU | MEM |
------------------
|  0 | 45% |  7% |
|  1 |  0% |  7% |
|  2 |  0% |  0% |
|  3 |  0% |  0% |
| ID | GPU | MEM |
------------------
|  0 | 12% |  7% |
|  1 |  2% |  7% |
|  2 |  0% |  0% |
|  3 |  0% |  0% |
| ID | GPU | MEM |
------------------
|  0 | 15% |  7% |
|  1 |  1% |  7% |
|  2 |  0% |  0% |
|  3 |  0% |  0% |
| ID | GPU | MEM |
------------------
|  0 | 21% |  7% |
|  1 |  2% |  7% |
|  2 |  0% |  0% |
|  3 |  0% |  0% |
| ID | GPU | MEM |
------------------
|  0 | 13% |  7% |
|  1 |  1% |  7% |
|  2 |  0% |  0% |
|  3 |  0% |  0% |
| ID | GPU | MEM |
------------------
|  0 | 13% |  7% |
|  1 |  2% |  7% |
|  2 |  0% |  0% |
|  3 |  0% |  0% |
| ID | GPU | MEM |
------------------
|  0 | 10% |  7% |
|  1 |  2% |  7% |
|  2 |  0% |  0% |
|  3 |  0% |  0% |
| ID | GPU | MEM |
------------------
|  0 | 13% |  7% |
|  1 |  3% |  7% |
|  2 |  0% |  0% |
|  3 |  0% |  0% |
| ID | GPU | MEM |
------------------
|  0 | 13% |  7% |
|  1 |  2% |  7% |
|  2 |  0% |  0% |
|  3 |  0% |  0% |
Finished training it 1024/2709 of epoch 6 and time taken 0.35020843768119814, 20.71 ms/it, loss 0.257612, accuracy 88.702 %
| ID | GPU | MEM |
------------------
|  0 | 19% |  7% |
|  1 |  2% |  7% |
|  2 |  0% |  0% |
|  3 |  0% |  0% |
| ID | GPU | MEM |
------------------
|  0 | 20% |  7% |
|  1 |  2% |  7% |
|  2 |  0% |  0% |
|  3 |  0% |  0% |
| ID | GPU | MEM |
------------------
|  0 | 30% |  7% |
|  1 |  2% |  7% |
|  2 |  0% |  0% |
|  3 |  0% |  0% |
| ID | GPU | MEM |
------------------
|  0 | 14% |  7% |
|  1 |  1% |  7% |
|  2 |  0% |  0% |
|  3 |  0% |  0% |
| ID | GPU | MEM |
------------------
|  0 | 13% |  7% |
|  1 |  2% |  7% |
|  2 |  0% |  0% |
|  3 |  0% |  0% |
| ID | GPU | MEM |
------------------
|  0 | 14% |  7% |
|  1 |  2% |  7% |
|  2 |  0% |  0% |
|  3 |  0% |  0% |
| ID | GPU | MEM |
------------------
|  0 | 12% |  7% |
|  1 |  2% |  7% |
|  2 |  0% |  0% |
|  3 |  0% |  0% |
| ID | GPU | MEM |
------------------
|  0 | 12% |  7% |
|  1 |  3% |  7% |
|  2 |  0% |  0% |
|  3 |  0% |  0% |
| ID | GPU | MEM |
------------------
|  0 | 15% |  7% |
|  1 |  3% |  7% |
|  2 |  0% |  0% |
|  3 |  0% |  0% |
Finished training it 2048/2709 of epoch 6 and time taken 0.3700318946838379, 18.69 ms/it, loss 0.237746, accuracy 89.624 %
| ID | GPU | MEM |
------------------
|  0 | 12% |  7% |
|  1 |  2% |  7% |
|  2 |  0% |  0% |
|  3 |  0% |  0% |
| ID | GPU | MEM |
------------------
|  0 | 16% |  7% |
|  1 |  2% |  7% |
|  2 |  0% |  0% |
|  3 |  0% |  0% |
| ID | GPU | MEM |
------------------
|  0 | 17% |  7% |
|  1 |  2% |  7% |
|  2 |  0% |  0% |
|  3 |  0% |  0% |
| ID | GPU | MEM |
------------------
|  0 | 12% |  7% |
|  1 |  1% |  7% |
|  2 |  0% |  0% |
|  3 |  0% |  0% |
| ID | GPU | MEM |
------------------
|  0 | 13% |  7% |
|  1 |  2% |  7% |
|  2 |  0% |  0% |
|  3 |  0% |  0% |
| ID | GPU | MEM |
------------------
|  0 | 12% |  7% |
|  1 |  2% |  7% |
|  2 |  0% |  0% |
|  3 |  0% |  0% |
Finished training it 2709/2709 of epoch 6 and time taken 0.38219080948829653, 17.58 ms/it, loss 0.241793, accuracy 89.419 %
Finished epoch 6
| ID | GPU | MEM |
------------------
|  0 | 18% |  7% |
|  1 |  1% |  7% |
|  2 |  0% |  0% |
|  3 |  0% |  0% |
| ID | GPU | MEM |
------------------
|  0 | 10% |  7% |
|  1 |  2% |  7% |
|  2 |  0% |  0% |
|  3 |  0% |  0% |
| ID | GPU | MEM |
------------------
|  0 | 13% |  7% |
|  1 |  2% |  7% |
|  2 |  0% |  0% |
|  3 |  0% |  0% |
| ID | GPU | MEM |
------------------
|  0 | 16% |  7% |
|  1 |  2% |  7% |
|  2 |  0% |  0% |
|  3 |  0% |  0% |
| ID | GPU | MEM |
------------------
|  0 | 12% |  7% |
|  1 |  2% |  7% |
|  2 |  0% |  0% |
|  3 |  0% |  0% |
| ID | GPU | MEM |
------------------
|  0 | 20% |  7% |
|  1 |  1% |  7% |
|  2 |  0% |  0% |
|  3 |  0% |  0% |
| ID | GPU | MEM |
------------------
|  0 | 23% |  7% |
|  1 |  1% |  7% |
|  2 |  0% |  0% |
|  3 |  0% |  0% |
| ID | GPU | MEM |
------------------
|  0 | 13% |  7% |
|  1 |  2% |  7% |
|  2 |  0% |  0% |
|  3 |  0% |  0% |
| ID | GPU | MEM |
------------------
|  0 | 13% |  7% |
|  1 |  2% |  7% |
|  2 |  0% |  0% |
|  3 |  0% |  0% |
Finished training it 1024/2709 of epoch 7 and time taken 0.40450516557693483, 20.98 ms/it, loss 0.237454, accuracy 89.529 %
| ID | GPU | MEM |
------------------
|  0 | 14% |  7% |
|  1 |  2% |  7% |
|  2 |  0% |  0% |
|  3 |  0% |  0% |
| ID | GPU | MEM |
------------------
|  0 | 16% |  7% |
|  1 |  2% |  7% |
|  2 |  0% |  0% |
|  3 |  0% |  0% |
| ID | GPU | MEM |
------------------
|  0 | 14% |  7% |
|  1 |  3% |  7% |
|  2 |  0% |  0% |
|  3 |  0% |  0% |
| ID | GPU | MEM |
------------------
|  0 | 17% |  7% |
|  1 |  1% |  7% |
|  2 |  0% |  0% |
|  3 |  0% |  0% |
| ID | GPU | MEM |
------------------
|  0 | 24% |  7% |
|  1 |  2% |  7% |
|  2 |  0% |  0% |
|  3 |  0% |  0% |
| ID | GPU | MEM |
------------------
|  0 | 11% |  7% |
|  1 |  1% |  7% |
|  2 |  0% |  0% |
|  3 |  0% |  0% |
| ID | GPU | MEM |
------------------
|  0 | 13% |  7% |
|  1 |  2% |  7% |
|  2 |  0% |  0% |
|  3 |  0% |  0% |
| ID | GPU | MEM |
------------------
|  0 | 10% |  7% |
|  1 |  3% |  7% |
|  2 |  0% |  0% |
|  3 |  0% |  0% |
| ID | GPU | MEM |
------------------
|  0 | 12% |  7% |
|  1 |  2% |  7% |
|  2 |  0% |  0% |
|  3 |  0% |  0% |
| ID | GPU | MEM |
------------------
|  0 | 44% |  7% |
|  1 |  2% |  7% |
|  2 |  0% |  0% |
|  3 |  0% |  0% |
Finished training it 2048/2709 of epoch 7 and time taken 0.42476159358024596, 18.96 ms/it, loss 0.239564, accuracy 89.572 %
| ID | GPU | MEM |
------------------
|  0 | 34% |  7% |
|  1 |  2% |  7% |
|  2 |  0% |  0% |
|  3 |  0% |  0% |
| ID | GPU | MEM |
------------------
|  0 | 29% |  7% |
|  1 |  2% |  7% |
|  2 |  0% |  0% |
|  3 |  0% |  0% |
| ID | GPU | MEM |
------------------
|  0 | 13% |  7% |
|  1 |  2% |  7% |
|  2 |  0% |  0% |
|  3 |  0% |  0% |
| ID | GPU | MEM |
------------------
|  0 | 12% |  7% |
|  1 |  1% |  7% |
|  2 |  0% |  0% |
|  3 |  0% |  0% |
| ID | GPU | MEM |
------------------
|  0 | 14% |  7% |
|  1 |  1% |  7% |
|  2 |  0% |  0% |
|  3 |  0% |  0% |
Finished training it 2709/2709 of epoch 7 and time taken 0.4369738340377808, 17.76 ms/it, loss 0.271580, accuracy 88.318 %
Finished epoch 7
| ID | GPU | MEM |
------------------
|  0 | 32% |  7% |
|  1 |  2% |  7% |
|  2 |  0% |  0% |
|  3 |  0% |  0% |
| ID | GPU | MEM |
------------------
|  0 | 24% |  7% |
|  1 |  1% |  7% |
|  2 |  0% |  0% |
|  3 |  0% |  0% |
| ID | GPU | MEM |
------------------
|  0 | 35% |  7% |
|  1 |  2% |  7% |
|  2 |  0% |  0% |
|  3 |  0% |  0% |
| ID | GPU | MEM |
------------------
|  0 | 28% |  7% |
|  1 |  2% |  7% |
|  2 |  0% |  0% |
|  3 |  0% |  0% |
| ID | GPU | MEM |
------------------
|  0 | 29% |  7% |
|  1 |  2% |  7% |
|  2 |  0% |  0% |
|  3 |  0% |  0% |
| ID | GPU | MEM |
------------------
|  0 | 13% |  7% |
|  1 |  2% |  7% |
|  2 |  0% |  0% |
|  3 |  0% |  0% |
| ID | GPU | MEM |
------------------
|  0 | 13% |  7% |
|  1 |  1% |  7% |
|  2 |  0% |  0% |
|  3 |  0% |  0% |
| ID | GPU | MEM |
------------------
|  0 | 12% |  7% |
|  1 |  1% |  7% |
|  2 |  0% |  0% |
|  3 |  0% |  0% |
| ID | GPU | MEM |
------------------
|  0 | 16% |  7% |
|  1 |  1% |  7% |
|  2 |  0% |  0% |
|  3 |  0% |  0% |
| ID | GPU | MEM |
------------------
|  0 | 17% |  7% |
|  1 |  1% |  7% |
|  2 |  0% |  0% |
|  3 |  0% |  0% |
Finished training it 1024/2709 of epoch 8 and time taken 0.45971565890312194, 21.50 ms/it, loss 0.256505, accuracy 88.721 %
| ID | GPU | MEM |
------------------
|  0 | 20% |  7% |
|  1 |  1% |  7% |
|  2 |  0% |  0% |
|  3 |  0% |  0% |
| ID | GPU | MEM |
------------------
|  0 | 41% |  7% |
|  1 |  2% |  7% |
|  2 |  0% |  0% |
|  3 |  0% |  0% |
| ID | GPU | MEM |
------------------
|  0 | 28% |  7% |
|  1 |  1% |  7% |
|  2 |  0% |  0% |
|  3 |  0% |  0% |
| ID | GPU | MEM |
------------------
|  0 | 25% |  7% |
|  1 |  2% |  7% |
|  2 |  0% |  0% |
|  3 |  0% |  0% |
| ID | GPU | MEM |
------------------
|  0 | 11% |  7% |
|  1 |  3% |  7% |
|  2 |  0% |  0% |
|  3 |  0% |  0% |
| ID | GPU | MEM |
------------------
|  0 | 12% |  7% |
|  1 |  1% |  7% |
|  2 |  0% |  0% |
|  3 |  0% |  0% |
| ID | GPU | MEM |
------------------
|  0 | 14% |  7% |
|  1 |  1% |  7% |
|  2 |  0% |  0% |
|  3 |  0% |  0% |
| ID | GPU | MEM |
------------------
|  0 | 18% |  7% |
|  1 |  1% |  7% |
|  2 |  0% |  0% |
|  3 |  0% |  0% |
| ID | GPU | MEM |
------------------
|  0 | 36% |  7% |
|  1 |  2% |  7% |
|  2 |  0% |  0% |
|  3 |  0% |  0% |
Finished training it 2048/2709 of epoch 8 and time taken 0.47946267485618593, 18.56 ms/it, loss 0.258148, accuracy 88.715 %
| ID | GPU | MEM |
------------------
|  0 | 26% |  7% |
|  1 |  2% |  7% |
|  2 |  0% |  0% |
|  3 |  0% |  0% |
| ID | GPU | MEM |
------------------
|  0 | 17% |  7% |
|  1 |  2% |  7% |
|  2 |  0% |  0% |
|  3 |  0% |  0% |
| ID | GPU | MEM |
------------------
|  0 | 10% |  7% |
|  1 |  3% |  7% |
|  2 |  0% |  0% |
|  3 |  0% |  0% |
| ID | GPU | MEM |
------------------
|  0 | 13% |  7% |
|  1 |  1% |  7% |
|  2 |  0% |  0% |
|  3 |  0% |  0% |
| ID | GPU | MEM |
------------------
|  0 | 19% |  7% |
|  1 |  1% |  7% |
|  2 |  0% |  0% |
|  3 |  0% |  0% |
Finished training it 2709/2709 of epoch 8 and time taken 0.4922245967388153, 18.56 ms/it, loss 0.247990, accuracy 89.070 %
Finished epoch 8
| ID | GPU | MEM |
------------------
|  0 | 19% |  7% |
|  1 |  1% |  7% |
|  2 |  0% |  0% |
|  3 |  0% |  0% |
| ID | GPU | MEM |
------------------
|  0 | 48% |  7% |
|  1 |  2% |  7% |
|  2 |  0% |  0% |
|  3 |  0% |  0% |
| ID | GPU | MEM |
------------------
|  0 | 11% |  7% |
|  1 |  1% |  7% |
|  2 |  0% |  0% |
|  3 |  0% |  0% |
| ID | GPU | MEM |
------------------
|  0 | 15% |  7% |
|  1 |  2% |  7% |
|  2 |  0% |  0% |
|  3 |  0% |  0% |
| ID | GPU | MEM |
------------------
|  0 | 10% |  7% |
|  1 |  2% |  7% |
|  2 |  0% |  0% |
|  3 |  0% |  0% |
| ID | GPU | MEM |
------------------
|  0 | 13% |  7% |
|  1 |  3% |  7% |
|  2 |  0% |  0% |
|  3 |  0% |  0% |
| ID | GPU | MEM |
------------------
|  0 | 16% |  7% |
|  1 |  2% |  7% |
|  2 |  0% |  0% |
|  3 |  0% |  0% |
| ID | GPU | MEM |
------------------
|  0 | 15% |  7% |
|  1 |  1% |  7% |
|  2 |  0% |  0% |
|  3 |  0% |  0% |
| ID | GPU | MEM |
------------------
|  0 | 16% |  7% |
|  1 |  2% |  7% |
|  2 |  0% |  0% |
|  3 |  0% |  0% |
Finished training it 1024/2709 of epoch 9 and time taken 0.5140599300861358, 20.46 ms/it, loss 0.271089, accuracy 88.037 %
| ID | GPU | MEM |
------------------
|  0 | 20% |  7% |
|  1 |  1% |  7% |
|  2 |  0% |  0% |
|  3 |  0% |  0% |
| ID | GPU | MEM |
------------------
|  0 | 14% |  7% |
|  1 |  2% |  7% |
|  2 |  0% |  0% |
|  3 |  0% |  0% |
| ID | GPU | MEM |
------------------
|  0 | 12% |  7% |
|  1 |  2% |  7% |
|  2 |  0% |  0% |
|  3 |  0% |  0% |
| ID | GPU | MEM |
------------------
|  0 | 16% |  7% |
|  1 |  2% |  7% |
|  2 |  0% |  0% |
|  3 |  0% |  0% |
| ID | GPU | MEM |
------------------
|  0 | 11% |  7% |
|  1 |  2% |  7% |
|  2 |  0% |  0% |
|  3 |  0% |  0% |
| ID | GPU | MEM |
------------------
|  0 | 10% |  7% |
|  1 |  2% |  7% |
|  2 |  0% |  0% |
|  3 |  0% |  0% |
| ID | GPU | MEM |
------------------
|  0 | 12% |  7% |
|  1 |  2% |  7% |
|  2 |  0% |  0% |
|  3 |  0% |  0% |
| ID | GPU | MEM |
------------------
|  0 | 17% |  7% |
|  1 |  1% |  7% |
|  2 |  0% |  0% |
|  3 |  0% |  0% |
| ID | GPU | MEM |
------------------
|  0 | 12% |  7% |
|  1 |  1% |  7% |
|  2 |  0% |  0% |
|  3 |  0% |  0% |
| ID | GPU | MEM |
------------------
|  0 | 12% |  7% |
|  1 |  2% |  7% |
|  2 |  0% |  0% |
|  3 |  0% |  0% |
Finished training it 2048/2709 of epoch 9 and time taken 0.5345056724548339, 19.27 ms/it, loss 0.238209, accuracy 89.584 %
| ID | GPU | MEM |
------------------
|  0 | 10% |  7% |
|  1 |  2% |  7% |
|  2 |  0% |  0% |
|  3 |  0% |  0% |
| ID | GPU | MEM |
------------------
|  0 | 12% |  7% |
|  1 |  2% |  7% |
|  2 |  0% |  0% |
|  3 |  0% |  0% |
| ID | GPU | MEM |
------------------
|  0 | 10% |  7% |
|  1 |  2% |  7% |
|  2 |  0% |  0% |
|  3 |  0% |  0% |
| ID | GPU | MEM |
------------------
|  0 | 13% |  7% |
|  1 |  3% |  7% |
|  2 |  0% |  0% |
|  3 |  0% |  0% |
| ID | GPU | MEM |
------------------
|  0 | 15% |  7% |
|  1 |  2% |  7% |
|  2 |  0% |  0% |
|  3 |  0% |  0% |
| ID | GPU | MEM |
------------------
|  0 | 22% |  7% |
|  1 |  2% |  7% |
|  2 |  0% |  0% |
|  3 |  0% |  0% |
Finished training it 2709/2709 of epoch 9 and time taken 0.547546487569809, 18.73 ms/it, loss 0.249635, accuracy 89.235 %
Finished epoch 9
Finished the program
