
c4130-110133:26220:26220 [0] misc/ibvwrap.cc:63 NCCL WARN Failed to open libibverbs.so[.1]
NCCL version 2.4.8+cuda10.1
Using 1 GPU(s)...
Sparse features= 9, Dense features= 24
Sparse features= 9, Dense features= 24
time/loss/accuracy (if enabled):
| ID | GPU | MEM |
------------------
|  0 |  6% |  7% |
|  1 |  0% |  0% |
|  2 |  0% |  0% |
|  3 |  0% |  0% |
| ID | GPU | MEM |
------------------
|  0 | 42% |  7% |
|  1 |  0% |  0% |
|  2 |  0% |  0% |
|  3 |  0% |  0% |
| ID | GPU | MEM |
------------------
|  0 | 32% |  7% |
|  1 |  0% |  0% |
|  2 |  0% |  0% |
|  3 |  0% |  0% |
| ID | GPU | MEM |
------------------
|  0 | 41% |  7% |
|  1 |  0% |  0% |
|  2 |  0% |  0% |
|  3 |  0% |  0% |
| ID | GPU | MEM |
------------------
|  0 | 54% |  7% |
|  1 |  0% |  0% |
|  2 |  0% |  0% |
|  3 |  0% |  0% |
| ID | GPU | MEM |
------------------
|  0 | 49% |  7% |
|  1 |  0% |  0% |
|  2 |  0% |  0% |
|  3 |  0% |  0% |
Finished training it 1024/1355 of epoch 0 and time taken 0.012181925296783446, 10.95 ms/it, loss 0.593225, accuracy 67.192 %
| ID | GPU | MEM |
------------------
|  0 | 44% |  7% |
|  1 |  0% |  0% |
|  2 |  0% |  0% |
|  3 |  0% |  0% |
| ID | GPU | MEM |
------------------
|  0 | 37% |  7% |
|  1 |  0% |  0% |
|  2 |  0% |  0% |
|  3 |  0% |  0% |
Finished training it 1355/1355 of epoch 0 and time taken 0.016134599924087525, 11.06 ms/it, loss 0.491096, accuracy 75.954 %
Starting Test loop
Test loop ended
Testing at - 1355/1355 of epoch 0, loss 0.376627, accuracy 85.091 %, best 85.091 %
Finished epoch 0
| ID | GPU | MEM |
------------------
|  0 | 52% |  7% |
|  1 |  0% |  0% |
|  2 |  0% |  0% |
|  3 |  0% |  0% |
| ID | GPU | MEM |
------------------
|  0 | 39% |  7% |
|  1 |  0% |  0% |
|  2 |  0% |  0% |
|  3 |  0% |  0% |
| ID | GPU | MEM |
------------------
|  0 | 50% |  7% |
|  1 |  0% |  0% |
|  2 |  0% |  0% |
|  3 |  0% |  0% |
| ID | GPU | MEM |
------------------
|  0 | 42% |  7% |
|  1 |  0% |  0% |
|  2 |  0% |  0% |
|  3 |  0% |  0% |
| ID | GPU | MEM |
------------------
|  0 | 50% |  7% |
|  1 |  0% |  0% |
|  2 |  0% |  0% |
|  3 |  0% |  0% |
| ID | GPU | MEM |
------------------
|  0 | 51% |  7% |
|  1 |  0% |  0% |
|  2 |  0% |  0% |
|  3 |  0% |  0% |
Finished training it 1024/1355 of epoch 1 and time taken 0.028685000658035278, 11.06 ms/it, loss 0.439683, accuracy 78.983 %
| ID | GPU | MEM |
------------------
|  0 | 38% |  7% |
|  1 |  0% |  0% |
|  2 |  0% |  0% |
|  3 |  0% |  0% |
| ID | GPU | MEM |
------------------
|  0 | 51% |  7% |
|  1 |  0% |  0% |
|  2 |  0% |  0% |
|  3 |  0% |  0% |
Finished training it 1355/1355 of epoch 1 and time taken 0.03260385179519653, 11.08 ms/it, loss 0.418424, accuracy 80.547 %
Starting Test loop
Test loop ended
Testing at - 1355/1355 of epoch 1, loss 0.381182, accuracy 83.647 %, best 85.091 %
Finished epoch 1
| ID | GPU | MEM |
------------------
|  0 | 35% |  7% |
|  1 |  0% |  0% |
|  2 |  0% |  0% |
|  3 |  0% |  0% |
| ID | GPU | MEM |
------------------
|  0 | 44% |  7% |
|  1 |  0% |  0% |
|  2 |  0% |  0% |
|  3 |  0% |  0% |
| ID | GPU | MEM |
------------------
|  0 | 42% |  7% |
|  1 |  0% |  0% |
|  2 |  0% |  0% |
|  3 |  0% |  0% |
| ID | GPU | MEM |
------------------
|  0 | 31% |  7% |
|  1 |  0% |  0% |
|  2 |  0% |  0% |
|  3 |  0% |  0% |
| ID | GPU | MEM |
------------------
|  0 | 44% |  7% |
|  1 |  0% |  0% |
|  2 |  0% |  0% |
|  3 |  0% |  0% |
| ID | GPU | MEM |
------------------
|  0 | 41% |  7% |
|  1 |  0% |  0% |
|  2 |  0% |  0% |
|  3 |  0% |  0% |
Finished training it 1024/1355 of epoch 2 and time taken 0.04511041736602783, 10.85 ms/it, loss 0.450888, accuracy 78.366 %
| ID | GPU | MEM |
------------------
|  0 | 39% |  7% |
|  1 |  0% |  0% |
|  2 |  0% |  0% |
|  3 |  0% |  0% |
| ID | GPU | MEM |
------------------
|  0 | 50% |  7% |
|  1 |  0% |  0% |
|  2 |  0% |  0% |
|  3 |  0% |  0% |
Finished training it 1355/1355 of epoch 2 and time taken 0.04900437545776367, 10.93 ms/it, loss 0.363629, accuracy 83.483 %
Starting Test loop
Test loop ended
Testing at - 1355/1355 of epoch 2, loss 0.296948, accuracy 87.134 %, best 87.134 %
Finished epoch 2
| ID | GPU | MEM |
------------------
|  0 | 39% |  7% |
|  1 |  0% |  0% |
|  2 |  0% |  0% |
|  3 |  0% |  0% |
| ID | GPU | MEM |
------------------
|  0 | 50% |  7% |
|  1 |  0% |  0% |
|  2 |  0% |  0% |
|  3 |  0% |  0% |
| ID | GPU | MEM |
------------------
|  0 | 41% |  7% |
|  1 |  0% |  0% |
|  2 |  0% |  0% |
|  3 |  0% |  0% |
| ID | GPU | MEM |
------------------
|  0 | 51% |  7% |
|  1 |  0% |  0% |
|  2 |  0% |  0% |
|  3 |  0% |  0% |
| ID | GPU | MEM |
------------------
|  0 | 50% |  7% |
|  1 |  0% |  0% |
|  2 |  0% |  0% |
|  3 |  0% |  0% |
| ID | GPU | MEM |
------------------
|  0 | 37% |  7% |
|  1 |  0% |  0% |
|  2 |  0% |  0% |
|  3 |  0% |  0% |
Finished training it 1024/1355 of epoch 3 and time taken 0.06139016652107239, 10.95 ms/it, loss 0.336473, accuracy 84.956 %
| ID | GPU | MEM |
------------------
|  0 | 51% |  7% |
|  1 |  0% |  0% |
|  2 |  0% |  0% |
|  3 |  0% |  0% |
Finished training it 1355/1355 of epoch 3 and time taken 0.0652904920578003, 11.06 ms/it, loss 0.334806, accuracy 84.767 %
Starting Test loop
| ID | GPU | MEM |
------------------
|  0 | 39% |  7% |
|  1 |  0% |  0% |
|  2 |  0% |  0% |
|  3 |  0% |  0% |
Test loop ended
Testing at - 1355/1355 of epoch 3, loss 0.300674, accuracy 85.704 %, best 87.134 %
Finished epoch 3
| ID | GPU | MEM |
------------------
|  0 | 52% |  7% |
|  1 |  0% |  0% |
|  2 |  0% |  0% |
|  3 |  0% |  0% |
| ID | GPU | MEM |
------------------
|  0 | 50% |  7% |
|  1 |  0% |  0% |
|  2 |  0% |  0% |
|  3 |  0% |  0% |
| ID | GPU | MEM |
------------------
|  0 | 38% |  7% |
|  1 |  0% |  0% |
|  2 |  0% |  0% |
|  3 |  0% |  0% |
| ID | GPU | MEM |
------------------
|  0 | 53% |  7% |
|  1 |  0% |  0% |
|  2 |  0% |  0% |
|  3 |  0% |  0% |
| ID | GPU | MEM |
------------------
|  0 | 36% |  7% |
|  1 |  0% |  0% |
|  2 |  0% |  0% |
|  3 |  0% |  0% |
Finished training it 1024/1355 of epoch 4 and time taken 0.07775107049942016, 10.97 ms/it, loss 0.331018, accuracy 85.184 %
| ID | GPU | MEM |
------------------
|  0 | 44% |  7% |
|  1 |  0% |  0% |
|  2 |  0% |  0% |
|  3 |  0% |  0% |
| ID | GPU | MEM |
------------------
|  0 | 43% |  7% |
|  1 |  0% |  0% |
|  2 |  0% |  0% |
|  3 |  0% |  0% |
Finished training it 1355/1355 of epoch 4 and time taken 0.08157181906700134, 10.76 ms/it, loss 0.353133, accuracy 84.474 %
Starting Test loop
Test loop ended
Testing at - 1355/1355 of epoch 4, loss 0.374328, accuracy 80.723 %, best 87.134 %
Finished epoch 4
| ID | GPU | MEM |
------------------
|  0 | 40% |  7% |
|  1 |  0% |  0% |
|  2 |  0% |  0% |
|  3 |  0% |  0% |
| ID | GPU | MEM |
------------------
|  0 | 64% |  7% |
|  1 |  0% |  0% |
|  2 |  0% |  0% |
|  3 |  0% |  0% |
| ID | GPU | MEM |
------------------
|  0 | 50% |  7% |
|  1 |  0% |  0% |
|  2 |  0% |  0% |
|  3 |  0% |  0% |
| ID | GPU | MEM |
------------------
|  0 | 58% |  7% |
|  1 |  0% |  0% |
|  2 |  0% |  0% |
|  3 |  0% |  0% |
| ID | GPU | MEM |
------------------
|  0 | 51% |  7% |
|  1 |  0% |  0% |
|  2 |  0% |  0% |
|  3 |  0% |  0% |
| ID | GPU | MEM |
------------------
|  0 | 46% |  7% |
|  1 |  0% |  0% |
|  2 |  0% |  0% |
|  3 |  0% |  0% |
Finished training it 1024/1355 of epoch 5 and time taken 0.09359412598609924, 10.46 ms/it, loss 0.412819, accuracy 80.598 %
| ID | GPU | MEM |
------------------
|  0 | 49% |  7% |
|  1 |  0% |  0% |
|  2 |  0% |  0% |
|  3 |  0% |  0% |
Finished training it 1355/1355 of epoch 5 and time taken 0.09705192351341248, 9.69 ms/it, loss 0.416469, accuracy 80.518 %
Starting Test loop
| ID | GPU | MEM |
------------------
|  0 | 30% |  7% |
|  1 |  0% |  0% |
|  2 |  0% |  0% |
|  3 |  0% |  0% |
Test loop ended
Testing at - 1355/1355 of epoch 5, loss 0.289685, accuracy 89.151 %, best 89.151 %
Finished epoch 5
| ID | GPU | MEM |
------------------
|  0 | 31% |  7% |
|  1 |  0% |  0% |
|  2 |  0% |  0% |
|  3 |  0% |  0% |
| ID | GPU | MEM |
------------------
|  0 | 41% |  7% |
|  1 |  0% |  0% |
|  2 |  0% |  0% |
|  3 |  0% |  0% |
| ID | GPU | MEM |
------------------
|  0 | 27% |  7% |
|  1 |  0% |  0% |
|  2 |  0% |  0% |
|  3 |  0% |  0% |
| ID | GPU | MEM |
------------------
|  0 | 35% |  7% |
|  1 |  0% |  0% |
|  2 |  0% |  0% |
|  3 |  0% |  0% |
| ID | GPU | MEM |
------------------
|  0 | 29% |  7% |
|  1 |  0% |  0% |
|  2 |  0% |  0% |
|  3 |  0% |  0% |
Finished training it 1024/1355 of epoch 6 and time taken 0.10874792861938476, 10.16 ms/it, loss 0.385241, accuracy 82.323 %
| ID | GPU | MEM |
------------------
|  0 | 35% |  7% |
|  1 |  0% |  0% |
|  2 |  0% |  0% |
|  3 |  0% |  0% |
| ID | GPU | MEM |
------------------
|  0 | 39% |  7% |
|  1 |  0% |  0% |
|  2 |  0% |  0% |
|  3 |  0% |  0% |
Finished training it 1355/1355 of epoch 6 and time taken 0.11235151815414429, 9.97 ms/it, loss 0.349630, accuracy 84.092 %
Starting Test loop
Test loop ended
Testing at - 1355/1355 of epoch 6, loss 0.314174, accuracy 84.016 %, best 89.151 %
Finished epoch 6
| ID | GPU | MEM |
------------------
|  0 | 32% |  7% |
|  1 |  0% |  0% |
|  2 |  0% |  0% |
|  3 |  0% |  0% |
| ID | GPU | MEM |
------------------
|  0 | 40% |  7% |
|  1 |  0% |  0% |
|  2 |  0% |  0% |
|  3 |  0% |  0% |
| ID | GPU | MEM |
------------------
|  0 | 32% |  7% |
|  1 |  0% |  0% |
|  2 |  0% |  0% |
|  3 |  0% |  0% |
| ID | GPU | MEM |
------------------
|  0 | 40% |  7% |
|  1 |  0% |  0% |
|  2 |  0% |  0% |
|  3 |  0% |  0% |
| ID | GPU | MEM |
------------------
|  0 | 32% |  7% |
|  1 |  0% |  0% |
|  2 |  0% |  0% |
|  3 |  0% |  0% |
Finished training it 1024/1355 of epoch 7 and time taken 0.12406118464469909, 10.01 ms/it, loss 0.335369, accuracy 84.804 %
| ID | GPU | MEM |
------------------
|  0 | 26% |  7% |
|  1 |  0% |  0% |
|  2 |  0% |  0% |
|  3 |  0% |  0% |
| ID | GPU | MEM |
------------------
|  0 | 33% |  7% |
|  1 |  0% |  0% |
|  2 |  0% |  0% |
|  3 |  0% |  0% |
Finished training it 1355/1355 of epoch 7 and time taken 0.12785988426208497, 10.42 ms/it, loss 0.318320, accuracy 85.480 %
Starting Test loop
Test loop ended
Testing at - 1355/1355 of epoch 7, loss 0.287720, accuracy 86.120 %, best 89.151 %
Finished epoch 7
| ID | GPU | MEM |
------------------
|  0 | 31% |  7% |
|  1 |  0% |  0% |
|  2 |  0% |  0% |
|  3 |  0% |  0% |
| ID | GPU | MEM |
------------------
|  0 | 47% |  7% |
|  1 |  0% |  0% |
|  2 |  0% |  0% |
|  3 |  0% |  0% |
| ID | GPU | MEM |
------------------
|  0 | 44% |  7% |
|  1 |  0% |  0% |
|  2 |  0% |  0% |
|  3 |  0% |  0% |
| ID | GPU | MEM |
------------------
|  0 | 29% |  7% |
|  1 |  0% |  0% |
|  2 |  0% |  0% |
|  3 |  0% |  0% |
| ID | GPU | MEM |
------------------
|  0 | 65% |  7% |
|  1 |  0% |  0% |
|  2 |  0% |  0% |
|  3 |  0% |  0% |
| ID | GPU | MEM |
------------------
|  0 | 55% |  7% |
|  1 |  0% |  0% |
|  2 |  0% |  0% |
|  3 |  0% |  0% |
Finished training it 1024/1355 of epoch 8 and time taken 0.13968822646141052, 10.23 ms/it, loss 0.316615, accuracy 85.968 %
| ID | GPU | MEM |
------------------
|  0 | 57% |  7% |
|  1 |  0% |  0% |
|  2 |  0% |  0% |
|  3 |  0% |  0% |
Finished training it 1355/1355 of epoch 8 and time taken 0.14319427418708802, 9.75 ms/it, loss 0.322130, accuracy 85.971 %
Starting Test loop
| ID | GPU | MEM |
------------------
|  0 |  9% |  7% |
|  1 |  0% |  0% |
|  2 |  0% |  0% |
|  3 |  0% |  0% |
Test loop ended
Testing at - 1355/1355 of epoch 8, loss 0.306160, accuracy 85.385 %, best 89.151 %
Finished epoch 8
| ID | GPU | MEM |
------------------
|  0 | 34% |  7% |
|  1 |  0% |  0% |
|  2 |  0% |  0% |
|  3 |  0% |  0% |
| ID | GPU | MEM |
------------------
|  0 | 35% |  7% |
|  1 |  0% |  0% |
|  2 |  0% |  0% |
|  3 |  0% |  0% |
| ID | GPU | MEM |
------------------
|  0 | 42% |  7% |
|  1 |  0% |  0% |
|  2 |  0% |  0% |
|  3 |  0% |  0% |
| ID | GPU | MEM |
------------------
|  0 | 35% |  7% |
|  1 |  0% |  0% |
|  2 |  0% |  0% |
|  3 |  0% |  0% |
| ID | GPU | MEM |
------------------
|  0 | 44% |  7% |
|  1 |  0% |  0% |
|  2 |  0% |  0% |
|  3 |  0% |  0% |
Finished training it 1024/1355 of epoch 9 and time taken 0.1552924962043762, 10.58 ms/it, loss 0.303453, accuracy 86.711 %
| ID | GPU | MEM |
------------------
|  0 | 39% |  7% |
|  1 |  0% |  0% |
|  2 |  0% |  0% |
|  3 |  0% |  0% |
| ID | GPU | MEM |
------------------
|  0 | 33% |  7% |
|  1 |  0% |  0% |
|  2 |  0% |  0% |
|  3 |  0% |  0% |
Finished training it 1355/1355 of epoch 9 and time taken 0.15922683095932008, 11.00 ms/it, loss 0.274813, accuracy 88.288 %
Starting Test loop
Test loop ended
Testing at - 1355/1355 of epoch 9, loss 0.246765, accuracy 88.686 %, best 89.151 %
Finished epoch 9
Finished the program
bash: line 1: 26220 Killed                  python3 -W ignore dlrm_s_pytorch.py --use-gpu --data-partition --arch-sparse-feature-size=16 --arch-mlp-bot=23-512-256-64-16 --arch-mlp-top=512-256-1 --data-generation=yelp --loss-function=bce --round-targets=True --learning-rate=0.1 --test-freq 1000000 --print-freq=1024 --print-time --world-size=2 --master_ip 10.10.1.1 --rank 0 --ngpus 1 --async-mode False --mini-batch-size 64 --arch-interaction-op cat --nepochs 10
