python3: no process found

c4130-110133:31692:31692 [0] misc/ibvwrap.cc:63 NCCL WARN Failed to open libibverbs.so[.1]
NCCL version 2.4.8+cuda10.1
Using 3 GPU(s)...
Sparse features= 9, Dense features= 24
Sparse features= 9, Dense features= 24
time/loss/accuracy (if enabled):
| ID | GPU | MEM |
------------------
|  0 |  6% |  7% |
|  1 |  0% |  0% |
|  2 |  0% |  0% |
|  3 |  0% |  0% |
| ID | GPU | MEM |
------------------
|  0 |  0% |  7% |
|  1 |  0% |  4% |
|  2 |  0% |  0% |
|  3 |  0% |  0% |
| ID | GPU | MEM |
------------------
|  0 |  0% |  7% |
|  1 |  6% |  7% |
|  2 |  0% |  0% |
|  3 |  0% |  0% |
| ID | GPU | MEM |
------------------
|  0 |  0% |  7% |
|  1 |  0% |  7% |
|  2 |  4% |  4% |
|  3 |  0% |  0% |
| ID | GPU | MEM |
------------------
|  0 |  0% |  7% |
|  1 |  0% |  7% |
|  2 |  3% |  6% |
|  3 |  0% |  0% |
| ID | GPU | MEM |
------------------
|  0 | 10% |  7% |
|  1 |  2% |  7% |
|  2 |  1% |  7% |
|  3 |  0% |  0% |
| ID | GPU | MEM |
------------------
|  0 |  9% |  7% |
|  1 |  2% |  7% |
|  2 |  1% |  7% |
|  3 |  0% |  0% |
| ID | GPU | MEM |
------------------
|  0 | 11% |  7% |
|  1 |  3% |  7% |
|  2 |  1% |  7% |
|  3 |  0% |  0% |
| ID | GPU | MEM |
------------------
|  0 | 11% |  7% |
|  1 |  3% |  7% |
|  2 |  2% |  7% |
|  3 |  0% |  0% |
| ID | GPU | MEM |
------------------
|  0 | 10% |  7% |
|  1 |  2% |  7% |
|  2 |  2% |  7% |
|  3 |  0% |  0% |
| ID | GPU | MEM |
------------------
|  0 | 15% |  7% |
|  1 |  2% |  7% |
|  2 |  2% |  7% |
|  3 |  0% |  0% |
| ID | GPU | MEM |
------------------
|  0 | 16% |  7% |
|  1 |  2% |  7% |
|  2 |  1% |  7% |
|  3 |  0% |  0% |
| ID | GPU | MEM |
------------------
|  0 | 19% |  7% |
|  1 |  2% |  7% |
|  2 |  2% |  7% |
|  3 |  0% |  0% |
| ID | GPU | MEM |
------------------
|  0 | 23% |  7% |
|  1 |  2% |  7% |
|  2 |  2% |  7% |
|  3 |  0% |  0% |
| ID | GPU | MEM |
------------------
|  0 | 20% |  7% |
|  1 |  2% |  7% |
|  2 |  2% |  7% |
|  3 |  0% |  0% |
| ID | GPU | MEM |
------------------
|  0 | 10% |  7% |
|  1 |  2% |  7% |
|  2 |  2% |  7% |
|  3 |  0% |  0% |
| ID | GPU | MEM |
------------------
|  0 | 10% |  7% |
|  1 |  2% |  7% |
|  2 |  3% |  7% |
|  3 |  0% |  0% |
Finished training it 1024/2709 of epoch 0 and time taken 0.03530438494682312, 33.66 ms/it, loss 0.639281, accuracy 63.293 %
| ID | GPU | MEM |
------------------
|  0 | 12% |  7% |
|  1 |  2% |  7% |
|  2 |  3% |  7% |
|  3 |  0% |  0% |
| ID | GPU | MEM |
------------------
|  0 | 10% |  7% |
|  1 |  2% |  7% |
|  2 |  2% |  7% |
|  3 |  0% |  0% |
| ID | GPU | MEM |
------------------
|  0 |  8% |  7% |
|  1 |  2% |  7% |
|  2 |  1% |  7% |
|  3 |  0% |  0% |
| ID | GPU | MEM |
------------------
|  0 | 10% |  7% |
|  1 |  2% |  7% |
|  2 |  2% |  7% |
|  3 |  0% |  0% |
| ID | GPU | MEM |
------------------
|  0 | 11% |  7% |
|  1 |  3% |  7% |
|  2 |  2% |  7% |
|  3 |  0% |  0% |
| ID | GPU | MEM |
------------------
|  0 | 10% |  7% |
|  1 |  3% |  7% |
|  2 |  2% |  7% |
|  3 |  0% |  0% |
| ID | GPU | MEM |
------------------
|  0 | 12% |  7% |
|  1 |  2% |  7% |
|  2 |  1% |  7% |
|  3 |  0% |  0% |
| ID | GPU | MEM |
------------------
|  0 | 14% |  7% |
|  1 |  1% |  7% |
|  2 |  1% |  7% |
|  3 |  0% |  0% |
| ID | GPU | MEM |
------------------
|  0 | 15% |  7% |
|  1 |  2% |  7% |
|  2 |  2% |  7% |
|  3 |  0% |  0% |
| ID | GPU | MEM |
------------------
|  0 | 15% |  7% |
|  1 |  2% |  7% |
|  2 |  2% |  7% |
|  3 |  0% |  0% |
| ID | GPU | MEM |
------------------
|  0 | 15% |  7% |
|  1 |  2% |  7% |
|  2 |  2% |  7% |
|  3 |  0% |  0% |
Finished training it 2048/2709 of epoch 0 and time taken 0.05976633143424988, 23.06 ms/it, loss 0.540689, accuracy 72.495 %
| ID | GPU | MEM |
------------------
|  0 | 10% |  7% |
|  1 |  2% |  7% |
|  2 |  2% |  7% |
|  3 |  0% |  0% |
| ID | GPU | MEM |
------------------
|  0 | 10% |  7% |
|  1 |  2% |  7% |
|  2 |  2% |  7% |
|  3 |  0% |  0% |
| ID | GPU | MEM |
------------------
|  0 | 10% |  7% |
|  1 |  2% |  7% |
|  2 |  2% |  7% |
|  3 |  0% |  0% |
| ID | GPU | MEM |
------------------
|  0 |  7% |  7% |
|  1 |  2% |  7% |
|  2 |  1% |  7% |
|  3 |  0% |  0% |
| ID | GPU | MEM |
------------------
|  0 | 10% |  7% |
|  1 |  2% |  7% |
|  2 |  2% |  7% |
|  3 |  0% |  0% |
| ID | GPU | MEM |
------------------
|  0 | 10% |  7% |
|  1 |  2% |  7% |
|  2 |  1% |  7% |
|  3 |  0% |  0% |
| ID | GPU | MEM |
------------------
|  0 | 10% |  7% |
|  1 |  2% |  7% |
|  2 |  2% |  7% |
|  3 |  0% |  0% |
Finished training it 2709/2709 of epoch 0 and time taken 0.07566014003753663, 23.25 ms/it, loss 0.487146, accuracy 76.224 %
Starting Test loop
| ID | GPU | MEM |
------------------
|  0 |  2% |  7% |
|  1 |  2% |  7% |
|  2 |  1% |  7% |
|  3 |  0% |  0% |
| ID | GPU | MEM |
------------------
|  0 |  2% |  7% |
|  1 |  2% |  7% |
|  2 |  1% |  7% |
|  3 |  0% |  0% |
Test loop ended
Testing at - 2709/2709 of epoch 0, loss 0.393937, accuracy 82.948 %, best 82.948 %
Finished epoch 0
| ID | GPU | MEM |
------------------
|  0 | 10% |  7% |
|  1 |  1% |  7% |
|  2 |  1% |  7% |
|  3 |  0% |  0% |
| ID | GPU | MEM |
------------------
|  0 | 14% |  7% |
|  1 |  1% |  7% |
|  2 |  1% |  7% |
|  3 |  0% |  0% |
| ID | GPU | MEM |
------------------
|  0 | 14% |  7% |
|  1 |  1% |  7% |
|  2 |  2% |  7% |
|  3 |  0% |  0% |
| ID | GPU | MEM |
------------------
|  0 | 10% |  7% |
|  1 |  1% |  7% |
|  2 |  2% |  7% |
|  3 |  0% |  0% |
| ID | GPU | MEM |
------------------
|  0 | 10% |  7% |
|  1 |  2% |  7% |
|  2 |  3% |  7% |
|  3 |  0% |  0% |
| ID | GPU | MEM |
------------------
|  0 |  8% |  7% |
|  1 |  2% |  7% |
|  2 |  2% |  7% |
|  3 |  0% |  0% |
| ID | GPU | MEM |
------------------
|  0 |  8% |  7% |
|  1 |  2% |  7% |
|  2 |  1% |  7% |
|  3 |  0% |  0% |
| ID | GPU | MEM |
------------------
|  0 |  9% |  7% |
|  1 |  2% |  7% |
|  2 |  1% |  7% |
|  3 |  0% |  0% |
| ID | GPU | MEM |
------------------
|  0 |  8% |  7% |
|  1 |  2% |  7% |
|  2 |  1% |  7% |
|  3 |  0% |  0% |
| ID | GPU | MEM |
------------------
|  0 | 10% |  7% |
|  1 |  2% |  7% |
|  2 |  1% |  7% |
|  3 |  0% |  0% |
| ID | GPU | MEM |
------------------
|  0 | 10% |  7% |
|  1 |  3% |  7% |
|  2 |  1% |  7% |
|  3 |  0% |  0% |
Finished training it 1024/2709 of epoch 1 and time taken 0.10490199780464173, 24.78 ms/it, loss 0.430503, accuracy 79.666 %
| ID | GPU | MEM |
------------------
|  0 | 10% |  7% |
|  1 |  2% |  7% |
|  2 |  1% |  7% |
|  3 |  0% |  0% |
| ID | GPU | MEM |
------------------
|  0 | 12% |  7% |
|  1 |  1% |  7% |
|  2 |  1% |  7% |
|  3 |  0% |  0% |
| ID | GPU | MEM |
------------------
|  0 | 14% |  7% |
|  1 |  2% |  7% |
|  2 |  2% |  7% |
|  3 |  0% |  0% |
| ID | GPU | MEM |
------------------
|  0 | 15% |  7% |
|  1 |  2% |  7% |
|  2 |  2% |  7% |
|  3 |  0% |  0% |
| ID | GPU | MEM |
------------------
|  0 | 17% |  7% |
|  1 |  1% |  7% |
|  2 |  2% |  7% |
|  3 |  0% |  0% |
| ID | GPU | MEM |
------------------
|  0 | 15% |  7% |
|  1 |  1% |  7% |
|  2 |  2% |  7% |
|  3 |  0% |  0% |
| ID | GPU | MEM |
------------------
|  0 |  8% |  7% |
|  1 |  1% |  7% |
|  2 |  2% |  7% |
|  3 |  0% |  0% |
| ID | GPU | MEM |
------------------
|  0 | 10% |  7% |
|  1 |  2% |  7% |
|  2 |  2% |  7% |
|  3 |  0% |  0% |
| ID | GPU | MEM |
------------------
|  0 | 10% |  7% |
|  1 |  2% |  7% |
|  2 |  1% |  7% |
|  3 |  0% |  0% |
| ID | GPU | MEM |
------------------
|  0 | 10% |  7% |
|  1 |  2% |  7% |
|  2 |  1% |  7% |
|  3 |  0% |  0% |
| ID | GPU | MEM |
------------------
|  0 |  9% |  7% |
|  1 |  2% |  7% |
|  2 |  1% |  7% |
|  3 |  0% |  0% |
| ID | GPU | MEM |
------------------
|  0 | 11% |  7% |
|  1 |  2% |  7% |
|  2 |  2% |  7% |
|  3 |  0% |  0% |
Finished training it 2048/2709 of epoch 1 and time taken 0.13082971024513246, 24.39 ms/it, loss 0.407856, accuracy 81.073 %
| ID | GPU | MEM |
------------------
|  0 | 14% |  7% |
|  1 |  2% |  7% |
|  2 |  2% |  7% |
|  3 |  0% |  0% |
| ID | GPU | MEM |
------------------
|  0 | 14% |  7% |
|  1 |  1% |  7% |
|  2 |  2% |  7% |
|  3 |  0% |  0% |
| ID | GPU | MEM |
------------------
|  0 | 17% |  7% |
|  1 |  2% |  7% |
|  2 |  2% |  7% |
|  3 |  0% |  0% |
| ID | GPU | MEM |
------------------
|  0 | 21% |  7% |
|  1 |  2% |  7% |
|  2 |  2% |  7% |
|  3 |  0% |  0% |
| ID | GPU | MEM |
------------------
|  0 | 31% |  7% |
|  1 |  2% |  7% |
|  2 |  2% |  7% |
|  3 |  0% |  0% |
| ID | GPU | MEM |
------------------
|  0 | 12% |  7% |
|  1 |  2% |  7% |
|  2 |  3% |  7% |
|  3 |  0% |  0% |
| ID | GPU | MEM |
------------------
|  0 | 10% |  7% |
|  1 |  2% |  7% |
|  2 |  2% |  7% |
|  3 |  0% |  0% |
| ID | GPU | MEM |
------------------
|  0 | 10% |  7% |
|  1 |  2% |  7% |
|  2 |  1% |  7% |
|  3 |  0% |  0% |
Finished training it 2709/2709 of epoch 1 and time taken 0.14700629401206972, 23.65 ms/it, loss 0.351727, accuracy 84.460 %
Starting Test loop
| ID | GPU | MEM |
------------------
|  0 |  2% |  7% |
|  1 |  2% |  7% |
|  2 |  1% |  7% |
|  3 |  0% |  0% |
Test loop ended
Testing at - 2709/2709 of epoch 1, loss 0.292920, accuracy 87.861 %, best 87.861 %
Finished epoch 1
| ID | GPU | MEM |
------------------
|  0 | 10% |  7% |
|  1 |  3% |  7% |
|  2 |  2% |  7% |
|  3 |  0% |  0% |
| ID | GPU | MEM |
------------------
|  0 | 12% |  7% |
|  1 |  3% |  7% |
|  2 |  2% |  7% |
|  3 |  0% |  0% |
| ID | GPU | MEM |
------------------
|  0 | 11% |  7% |
|  1 |  2% |  7% |
|  2 |  1% |  7% |
|  3 |  0% |  0% |
| ID | GPU | MEM |
------------------
|  0 | 13% |  7% |
|  1 |  2% |  7% |
|  2 |  2% |  7% |
|  3 |  0% |  0% |
| ID | GPU | MEM |
------------------
|  0 | 12% |  7% |
|  1 |  2% |  7% |
|  2 |  2% |  7% |
|  3 |  0% |  0% |
| ID | GPU | MEM |
------------------
|  0 | 13% |  7% |
|  1 |  2% |  7% |
|  2 |  2% |  7% |
|  3 |  0% |  0% |
| ID | GPU | MEM |
------------------
|  0 | 14% |  7% |
|  1 |  2% |  7% |
|  2 |  2% |  7% |
|  3 |  0% |  0% |
| ID | GPU | MEM |
------------------
|  0 | 19% |  7% |
|  1 |  2% |  7% |
|  2 |  2% |  7% |
|  3 |  0% |  0% |
| ID | GPU | MEM |
------------------
|  0 | 19% |  7% |
|  1 |  2% |  7% |
|  2 |  2% |  7% |
|  3 |  0% |  0% |
| ID | GPU | MEM |
------------------
|  0 | 44% |  7% |
|  1 |  2% |  7% |
|  2 |  2% |  7% |
|  3 |  0% |  0% |
| ID | GPU | MEM |
------------------
|  0 | 10% |  7% |
|  1 |  0% |  7% |
|  2 |  2% |  7% |
|  3 |  0% |  0% |
Finished training it 1024/2709 of epoch 2 and time taken 0.1741895008087158, 22.85 ms/it, loss 0.344286, accuracy 84.622 %
| ID | GPU | MEM |
------------------
|  0 | 42% |  7% |
|  1 |  1% |  7% |
|  2 |  0% |  7% |
|  3 |  0% |  0% |
| ID | GPU | MEM |
------------------
|  0 | 54% |  7% |
|  1 |  1% |  7% |
|  2 |  0% |  7% |
|  3 |  0% |  0% |
| ID | GPU | MEM |
------------------
|  0 | 15% |  7% |
|  1 |  0% |  7% |
|  2 |  1% |  7% |
|  3 |  0% |  0% |
| ID | GPU | MEM |
------------------
|  0 | 44% |  7% |
|  1 |  2% |  7% |
|  2 |  0% |  7% |
|  3 |  0% |  0% |
| ID | GPU | MEM |
------------------
|  0 | 71% |  7% |
|  1 |  0% |  7% |
|  2 |  1% |  7% |
|  3 |  0% |  0% |
| ID | GPU | MEM |
------------------
|  0 | 20% |  7% |
|  1 |  0% |  7% |
|  2 |  1% |  7% |
|  3 |  0% |  0% |
| ID | GPU | MEM |
------------------
|  0 | 57% |  7% |
|  1 |  1% |  7% |
|  2 |  0% |  7% |
|  3 |  0% |  0% |
| ID | GPU | MEM |
------------------
|  0 | 61% |  7% |
|  1 |  0% |  7% |
|  2 |  1% |  7% |
|  3 |  0% |  0% |
| ID | GPU | MEM |
------------------
|  0 | 30% |  7% |
|  1 |  1% |  7% |
|  2 |  1% |  7% |
|  3 |  0% |  0% |
| ID | GPU | MEM |
------------------
|  0 | 61% |  7% |
|  1 |  1% |  7% |
|  2 |  0% |  7% |
|  3 |  0% |  0% |
| ID | GPU | MEM |
------------------
|  0 | 20% |  7% |
|  1 |  0% |  7% |
|  2 |  1% |  7% |
|  3 |  0% |  0% |
Finished training it 2048/2709 of epoch 2 and time taken 0.19900467824935913, 22.73 ms/it, loss 0.337827, accuracy 84.924 %
| ID | GPU | MEM |
------------------
|  0 | 45% |  7% |
|  1 |  1% |  7% |
|  2 |  0% |  7% |
|  3 |  0% |  0% |
| ID | GPU | MEM |
------------------
|  0 | 61% |  7% |
|  1 |  1% |  7% |
|  2 |  0% |  7% |
|  3 |  0% |  0% |
| ID | GPU | MEM |
------------------
|  0 | 20% |  7% |
|  1 |  0% |  7% |
|  2 |  1% |  7% |
|  3 |  0% |  0% |
| ID | GPU | MEM |
------------------
|  0 | 59% |  7% |
|  1 |  1% |  7% |
|  2 |  0% |  7% |
|  3 |  0% |  0% |
| ID | GPU | MEM |
------------------
|  0 | 60% |  7% |
|  1 |  1% |  7% |
|  2 |  1% |  7% |
|  3 |  0% |  0% |
| ID | GPU | MEM |
------------------
|  0 | 30% |  7% |
|  1 |  0% |  7% |
|  2 |  1% |  7% |
|  3 |  0% |  0% |
| ID | GPU | MEM |
------------------
|  0 | 50% |  7% |
|  1 |  1% |  7% |
|  2 |  0% |  7% |
|  3 |  0% |  0% |
| ID | GPU | MEM |
------------------
|  0 | 61% |  7% |
|  1 |  1% |  7% |
|  2 |  1% |  7% |
|  3 |  0% |  0% |
Finished training it 2709/2709 of epoch 2 and time taken 0.21517629194259644, 22.91 ms/it, loss 0.316038, accuracy 86.072 %
Starting Test loop
| ID | GPU | MEM |
------------------
|  0 |  3% |  7% |
|  1 |  1% |  7% |
|  2 |  2% |  7% |
|  3 |  0% |  0% |
Test loop ended
Testing at - 2709/2709 of epoch 2, loss 0.298147, accuracy 86.813 %, best 87.861 %
Finished epoch 2
| ID | GPU | MEM |
------------------
|  0 | 35% |  7% |
|  1 |  2% |  7% |
|  2 |  2% |  7% |
|  3 |  0% |  0% |
| ID | GPU | MEM |
------------------
|  0 | 10% |  7% |
|  1 |  2% |  7% |
|  2 |  1% |  7% |
|  3 |  0% |  0% |
| ID | GPU | MEM |
------------------
|  0 | 10% |  7% |
|  1 |  2% |  7% |
|  2 |  1% |  7% |
|  3 |  0% |  0% |
| ID | GPU | MEM |
------------------
|  0 | 10% |  7% |
|  1 |  2% |  7% |
|  2 |  1% |  7% |
|  3 |  0% |  0% |
| ID | GPU | MEM |
------------------
|  0 | 10% |  7% |
|  1 |  2% |  7% |
|  2 |  1% |  7% |
|  3 |  0% |  0% |
| ID | GPU | MEM |
------------------
|  0 | 10% |  7% |
|  1 |  1% |  7% |
|  2 |  2% |  7% |
|  3 |  0% |  0% |
| ID | GPU | MEM |
------------------
|  0 | 10% |  7% |
|  1 |  2% |  7% |
|  2 |  2% |  7% |
|  3 |  0% |  0% |
| ID | GPU | MEM |
------------------
|  0 | 12% |  7% |
|  1 |  2% |  7% |
|  2 |  2% |  7% |
|  3 |  0% |  0% |
| ID | GPU | MEM |
------------------
|  0 | 15% |  7% |
|  1 |  2% |  7% |
|  2 |  2% |  7% |
|  3 |  0% |  0% |
| ID | GPU | MEM |
------------------
|  0 | 15% |  7% |
|  1 |  2% |  7% |
|  2 |  1% |  7% |
|  3 |  0% |  0% |
| ID | GPU | MEM |
------------------
|  0 | 10% |  7% |
|  1 |  2% |  7% |
|  2 |  1% |  7% |
|  3 |  0% |  0% |
Finished training it 1024/2709 of epoch 3 and time taken 0.2432212963104248, 23.70 ms/it, loss 0.301283, accuracy 86.655 %
| ID | GPU | MEM |
------------------
|  0 | 11% |  7% |
|  1 |  2% |  7% |
|  2 |  2% |  7% |
|  3 |  0% |  0% |
| ID | GPU | MEM |
------------------
|  0 | 13% |  7% |
|  1 |  2% |  7% |
|  2 |  2% |  7% |
|  3 |  0% |  0% |
| ID | GPU | MEM |
------------------
|  0 | 10% |  7% |
|  1 |  3% |  7% |
|  2 |  2% |  7% |
|  3 |  0% |  0% |
| ID | GPU | MEM |
------------------
|  0 | 10% |  7% |
|  1 |  2% |  7% |
|  2 |  2% |  7% |
|  3 |  0% |  0% |
| ID | GPU | MEM |
------------------
|  0 | 11% |  7% |
|  1 |  1% |  7% |
|  2 |  2% |  7% |
|  3 |  0% |  0% |
| ID | GPU | MEM |
------------------
|  0 | 14% |  7% |
|  1 |  2% |  7% |
|  2 |  2% |  7% |
|  3 |  0% |  0% |
| ID | GPU | MEM |
------------------
|  0 | 15% |  7% |
|  1 |  2% |  7% |
|  2 |  2% |  7% |
|  3 |  0% |  0% |
| ID | GPU | MEM |
------------------
|  0 | 25% |  7% |
|  1 |  1% |  7% |
|  2 |  2% |  7% |
|  3 |  0% |  0% |
| ID | GPU | MEM |
------------------
|  0 | 33% |  7% |
|  1 |  2% |  7% |
|  2 |  2% |  7% |
|  3 |  0% |  0% |
| ID | GPU | MEM |
------------------
|  0 | 70% |  7% |
|  1 |  1% |  7% |
|  2 |  2% |  7% |
|  3 |  0% |  0% |
| ID | GPU | MEM |
------------------
|  0 |  8% |  7% |
|  1 |  0% |  7% |
|  2 |  1% |  7% |
|  3 |  0% |  0% |
Finished training it 2048/2709 of epoch 3 and time taken 0.26729617643356324, 22.69 ms/it, loss 0.291715, accuracy 87.064 %
| ID | GPU | MEM |
------------------
|  0 | 33% |  7% |
|  1 |  2% |  7% |
|  2 |  0% |  7% |
|  3 |  0% |  0% |
| ID | GPU | MEM |
------------------
|  0 | 60% |  7% |
|  1 |  1% |  7% |
|  2 |  0% |  7% |
|  3 |  0% |  0% |
| ID | GPU | MEM |
------------------
|  0 | 58% |  7% |
|  1 |  0% |  7% |
|  2 |  2% |  7% |
|  3 |  0% |  0% |
| ID | GPU | MEM |
------------------
|  0 | 31% |  7% |
|  1 |  1% |  7% |
|  2 |  0% |  7% |
|  3 |  0% |  0% |
| ID | GPU | MEM |
------------------
|  0 | 63% |  7% |
|  1 |  1% |  7% |
|  2 |  0% |  7% |
|  3 |  0% |  0% |
| ID | GPU | MEM |
------------------
|  0 | 24% |  7% |
|  1 |  0% |  7% |
|  2 |  1% |  7% |
|  3 |  0% |  0% |
| ID | GPU | MEM |
------------------
|  0 | 50% |  7% |
|  1 |  1% |  7% |
|  2 |  0% |  7% |
|  3 |  0% |  0% |
Finished training it 2709/2709 of epoch 3 and time taken 0.282834424495697, 22.08 ms/it, loss 0.295546, accuracy 87.060 %
Starting Test loop
| ID | GPU | MEM |
------------------
|  0 |  2% |  7% |
|  1 |  1% |  7% |
|  2 |  2% |  7% |
|  3 |  0% |  0% |
| ID | GPU | MEM |
------------------
|  0 |  3% |  7% |
|  1 |  1% |  7% |
|  2 |  2% |  7% |
|  3 |  0% |  0% |
Test loop ended
Testing at - 2709/2709 of epoch 3, loss 0.248157, accuracy 88.640 %, best 88.640 %
Finished epoch 3
| ID | GPU | MEM |
------------------
|  0 | 21% |  7% |
|  1 |  2% |  7% |
|  2 |  3% |  7% |
|  3 |  0% |  0% |
| ID | GPU | MEM |
------------------
|  0 | 21% |  7% |
|  1 |  2% |  7% |
|  2 |  1% |  7% |
|  3 |  0% |  0% |
| ID | GPU | MEM |
------------------
|  0 | 20% |  7% |
|  1 |  2% |  7% |
|  2 |  1% |  7% |
|  3 |  0% |  0% |
| ID | GPU | MEM |
------------------
|  0 | 10% |  7% |
|  1 |  2% |  7% |
|  2 |  2% |  7% |
|  3 |  0% |  0% |
| ID | GPU | MEM |
------------------
|  0 | 11% |  7% |
|  1 |  2% |  7% |
|  2 |  1% |  7% |
|  3 |  0% |  0% |
| ID | GPU | MEM |
------------------
|  0 | 13% |  7% |
|  1 |  2% |  7% |
|  2 |  1% |  7% |
|  3 |  0% |  0% |
| ID | GPU | MEM |
------------------
|  0 | 13% |  7% |
|  1 |  1% |  7% |
|  2 |  2% |  7% |
|  3 |  0% |  0% |
| ID | GPU | MEM |
------------------
|  0 | 13% |  7% |
|  1 |  2% |  7% |
|  2 |  2% |  7% |
|  3 |  0% |  0% |
| ID | GPU | MEM |
------------------
|  0 | 18% |  7% |
|  1 |  2% |  7% |
|  2 |  2% |  7% |
|  3 |  0% |  0% |
| ID | GPU | MEM |
------------------
|  0 | 19% |  7% |
|  1 |  2% |  7% |
|  2 |  2% |  7% |
|  3 |  0% |  0% |
| ID | GPU | MEM |
------------------
|  0 | 18% |  7% |
|  1 |  2% |  7% |
|  2 |  2% |  7% |
|  3 |  0% |  0% |
Finished training it 1024/2709 of epoch 4 and time taken 0.3102978048324585, 22.88 ms/it, loss 0.274749, accuracy 88.062 %
| ID | GPU | MEM |
------------------
|  0 | 18% |  7% |
|  1 |  2% |  7% |
|  2 |  2% |  7% |
|  3 |  0% |  0% |
| ID | GPU | MEM |
------------------
|  0 |  9% |  7% |
|  1 |  2% |  7% |
|  2 |  1% |  7% |
|  3 |  0% |  0% |
| ID | GPU | MEM |
------------------
|  0 | 10% |  7% |
|  1 |  2% |  7% |
|  2 |  1% |  7% |
|  3 |  0% |  0% |
| ID | GPU | MEM |
------------------
|  0 | 11% |  7% |
|  1 |  2% |  7% |
|  2 |  2% |  7% |
|  3 |  0% |  0% |
| ID | GPU | MEM |
------------------
|  0 | 11% |  7% |
|  1 |  2% |  7% |
|  2 |  1% |  7% |
|  3 |  0% |  0% |
| ID | GPU | MEM |
------------------
|  0 | 10% |  7% |
|  1 |  2% |  7% |
|  2 |  2% |  7% |
|  3 |  0% |  0% |
| ID | GPU | MEM |
------------------
|  0 | 13% |  7% |
|  1 |  2% |  7% |
|  2 |  2% |  7% |
|  3 |  0% |  0% |
| ID | GPU | MEM |
------------------
|  0 | 10% |  7% |
|  1 |  2% |  7% |
|  2 |  2% |  7% |
|  3 |  0% |  0% |
| ID | GPU | MEM |
------------------
|  0 | 11% |  7% |
|  1 |  2% |  7% |
|  2 |  2% |  7% |
|  3 |  0% |  0% |
| ID | GPU | MEM |
------------------
|  0 | 12% |  7% |
|  1 |  1% |  7% |
|  2 |  2% |  7% |
|  3 |  0% |  0% |
| ID | GPU | MEM |
------------------
|  0 | 25% |  7% |
|  1 |  2% |  7% |
|  2 |  2% |  7% |
|  3 |  0% |  0% |
Finished training it 2048/2709 of epoch 4 and time taken 0.33528496408462527, 23.64 ms/it, loss 0.292032, accuracy 87.030 %
| ID | GPU | MEM |
------------------
|  0 | 30% |  7% |
|  1 |  2% |  7% |
|  2 |  2% |  7% |
|  3 |  0% |  0% |
| ID | GPU | MEM |
------------------
|  0 | 36% |  7% |
|  1 |  2% |  7% |
|  2 |  1% |  7% |
|  3 |  0% |  0% |
| ID | GPU | MEM |
------------------
|  0 | 24% |  7% |
|  1 |  2% |  7% |
|  2 |  2% |  7% |
|  3 |  0% |  0% |
| ID | GPU | MEM |
------------------
|  0 | 11% |  7% |
|  1 |  2% |  7% |
|  2 |  2% |  7% |
|  3 |  0% |  0% |
| ID | GPU | MEM |
------------------
|  0 | 13% |  7% |
|  1 |  2% |  7% |
|  2 |  2% |  7% |
|  3 |  0% |  0% |
| ID | GPU | MEM |
------------------
|  0 | 11% |  7% |
|  1 |  2% |  7% |
|  2 |  1% |  7% |
|  3 |  0% |  0% |
| ID | GPU | MEM |
------------------
|  0 | 12% |  7% |
|  1 |  3% |  7% |
|  2 |  2% |  7% |
|  3 |  0% |  0% |
Finished training it 2709/2709 of epoch 4 and time taken 0.3511505854129791, 23.33 ms/it, loss 0.263408, accuracy 88.521 %
Starting Test loop
| ID | GPU | MEM |
------------------
|  0 | 13% |  7% |
|  1 |  3% |  7% |
|  2 |  2% |  7% |
|  3 |  0% |  0% |
| ID | GPU | MEM |
------------------
|  0 |  2% |  7% |
|  1 |  1% |  7% |
|  2 |  1% |  7% |
|  3 |  0% |  0% |
Test loop ended
Testing at - 2709/2709 of epoch 4, loss 0.226602, accuracy 90.145 %, best 90.145 %
Finished epoch 4
| ID | GPU | MEM |
------------------
|  0 | 11% |  7% |
|  1 |  2% |  7% |
|  2 |  2% |  7% |
|  3 |  0% |  0% |
| ID | GPU | MEM |
------------------
|  0 | 10% |  7% |
|  1 |  2% |  7% |
|  2 |  2% |  7% |
|  3 |  0% |  0% |
| ID | GPU | MEM |
------------------
|  0 | 10% |  7% |
|  1 |  2% |  7% |
|  2 |  2% |  7% |
|  3 |  0% |  0% |
| ID | GPU | MEM |
------------------
|  0 | 13% |  7% |
|  1 |  2% |  7% |
|  2 |  2% |  7% |
|  3 |  0% |  0% |
| ID | GPU | MEM |
------------------
|  0 | 15% |  7% |
|  1 |  1% |  7% |
|  2 |  3% |  7% |
|  3 |  0% |  0% |
| ID | GPU | MEM |
------------------
|  0 | 17% |  7% |
|  1 |  2% |  7% |
|  2 |  2% |  7% |
|  3 |  0% |  0% |
| ID | GPU | MEM |
------------------
|  0 | 17% |  7% |
|  1 |  2% |  7% |
|  2 |  1% |  7% |
|  3 |  0% |  0% |
| ID | GPU | MEM |
------------------
|  0 | 19% |  7% |
|  1 |  2% |  7% |
|  2 |  1% |  7% |
|  3 |  0% |  0% |
| ID | GPU | MEM |
------------------
|  0 | 10% |  7% |
|  1 |  2% |  7% |
|  2 |  1% |  7% |
|  3 |  0% |  0% |
| ID | GPU | MEM |
------------------
|  0 |  9% |  7% |
|  1 |  2% |  7% |
|  2 |  1% |  7% |
|  3 |  0% |  0% |
| ID | GPU | MEM |
------------------
|  0 | 10% |  7% |
|  1 |  2% |  7% |
|  2 |  1% |  7% |
|  3 |  0% |  0% |
Finished training it 1024/2709 of epoch 5 and time taken 0.37870912623405456, 23.22 ms/it, loss 0.280726, accuracy 87.610 %
| ID | GPU | MEM |
------------------
|  0 |  9% |  7% |
|  1 |  3% |  7% |
|  2 |  1% |  7% |
|  3 |  0% |  0% |
| ID | GPU | MEM |
------------------
|  0 |  8% |  7% |
|  1 |  2% |  7% |
|  2 |  1% |  7% |
|  3 |  0% |  0% |
| ID | GPU | MEM |
------------------
|  0 |  9% |  7% |
|  1 |  2% |  7% |
|  2 |  2% |  7% |
|  3 |  0% |  0% |
| ID | GPU | MEM |
------------------
|  0 | 10% |  7% |
|  1 |  1% |  7% |
|  2 |  2% |  7% |
|  3 |  0% |  0% |
| ID | GPU | MEM |
------------------
|  0 | 10% |  7% |
|  1 |  2% |  7% |
|  2 |  2% |  7% |
|  3 |  0% |  0% |
| ID | GPU | MEM |
------------------
|  0 | 13% |  7% |
|  1 |  2% |  7% |
|  2 |  3% |  7% |
|  3 |  0% |  0% |
| ID | GPU | MEM |
------------------
|  0 | 15% |  7% |
|  1 |  2% |  7% |
|  2 |  1% |  7% |
|  3 |  0% |  0% |
| ID | GPU | MEM |
------------------
|  0 | 18% |  7% |
|  1 |  2% |  7% |
|  2 |  1% |  7% |
|  3 |  0% |  0% |
| ID | GPU | MEM |
------------------
|  0 | 19% |  7% |
|  1 |  2% |  7% |
|  2 |  2% |  7% |
|  3 |  0% |  0% |
| ID | GPU | MEM |
------------------
|  0 | 10% |  7% |
|  1 |  2% |  7% |
|  2 |  2% |  7% |
|  3 |  0% |  0% |
| ID | GPU | MEM |
------------------
|  0 | 10% |  7% |
|  1 |  1% |  7% |
|  2 |  1% |  7% |
|  3 |  0% |  0% |
Finished training it 2048/2709 of epoch 5 and time taken 0.40332962131500244, 23.32 ms/it, loss 0.275658, accuracy 87.695 %
| ID | GPU | MEM |
------------------
|  0 | 32% |  7% |
|  1 |  2% |  7% |
|  2 |  0% |  7% |
|  3 |  0% |  0% |
| ID | GPU | MEM |
------------------
|  0 | 65% |  7% |
|  1 |  0% |  7% |
|  2 |  2% |  7% |
|  3 |  0% |  0% |
| ID | GPU | MEM |
------------------
|  0 | 11% |  7% |
|  1 |  0% |  7% |
|  2 |  1% |  7% |
|  3 |  0% |  0% |
| ID | GPU | MEM |
------------------
|  0 | 54% |  7% |
|  1 |  1% |  7% |
|  2 |  1% |  7% |
|  3 |  0% |  0% |
| ID | GPU | MEM |
------------------
|  0 | 62% |  7% |
|  1 |  0% |  7% |
|  2 |  1% |  7% |
|  3 |  0% |  0% |
| ID | GPU | MEM |
------------------
|  0 |  8% |  7% |
|  1 |  1% |  7% |
|  2 |  1% |  7% |
|  3 |  0% |  0% |
| ID | GPU | MEM |
------------------
|  0 | 44% |  7% |
|  1 |  1% |  7% |
|  2 |  0% |  7% |
|  3 |  0% |  0% |
Finished training it 2709/2709 of epoch 5 and time taken 0.41901361918449403, 22.31 ms/it, loss 0.262657, accuracy 88.342 %
Starting Test loop
| ID | GPU | MEM |
------------------
|  0 |  4% |  7% |
|  1 |  1% |  7% |
|  2 |  2% |  7% |
|  3 |  0% |  0% |
| ID | GPU | MEM |
------------------
|  0 |  2% |  7% |
|  1 |  1% |  7% |
|  2 |  2% |  7% |
|  3 |  0% |  0% |
Test loop ended
Testing at - 2709/2709 of epoch 5, loss 0.227353, accuracy 89.429 %, best 90.145 %
Finished epoch 5
| ID | GPU | MEM |
------------------
|  0 | 21% |  7% |
|  1 |  2% |  7% |
|  2 |  1% |  7% |
|  3 |  0% |  0% |
| ID | GPU | MEM |
------------------
|  0 | 19% |  7% |
|  1 |  2% |  7% |
|  2 |  1% |  7% |
|  3 |  0% |  0% |
| ID | GPU | MEM |
------------------
|  0 | 10% |  7% |
|  1 |  2% |  7% |
|  2 |  1% |  7% |
|  3 |  0% |  0% |
| ID | GPU | MEM |
------------------
|  0 |  9% |  7% |
|  1 |  2% |  7% |
|  2 |  1% |  7% |
|  3 |  0% |  0% |
| ID | GPU | MEM |
------------------
|  0 | 10% |  7% |
|  1 |  2% |  7% |
|  2 |  1% |  7% |
|  3 |  0% |  0% |
| ID | GPU | MEM |
------------------
|  0 |  8% |  7% |
|  1 |  2% |  7% |
|  2 |  2% |  7% |
|  3 |  0% |  0% |
| ID | GPU | MEM |
------------------
|  0 | 10% |  7% |
|  1 |  1% |  7% |
|  2 |  2% |  7% |
|  3 |  0% |  0% |
| ID | GPU | MEM |
------------------
|  0 | 11% |  7% |
|  1 |  2% |  7% |
|  2 |  2% |  7% |
|  3 |  0% |  0% |
| ID | GPU | MEM |
------------------
|  0 | 12% |  7% |
|  1 |  2% |  7% |
|  2 |  1% |  7% |
|  3 |  0% |  0% |
| ID | GPU | MEM |
------------------
|  0 | 14% |  7% |
|  1 |  2% |  7% |
|  2 |  1% |  7% |
|  3 |  0% |  0% |
| ID | GPU | MEM |
------------------
|  0 | 14% |  7% |
|  1 |  2% |  7% |
|  2 |  1% |  7% |
|  3 |  0% |  0% |
| ID | GPU | MEM |
------------------
|  0 |  7% |  7% |
|  1 |  2% |  7% |
|  2 |  1% |  7% |
|  3 |  0% |  0% |
Finished training it 1024/2709 of epoch 6 and time taken 0.44802717757225036, 24.43 ms/it, loss 0.250033, accuracy 89.017 %
| ID | GPU | MEM |
------------------
|  0 |  7% |  7% |
|  1 |  2% |  7% |
|  2 |  1% |  7% |
|  3 |  0% |  0% |
| ID | GPU | MEM |
------------------
|  0 |  8% |  7% |
|  1 |  2% |  7% |
|  2 |  1% |  7% |
|  3 |  0% |  0% |
| ID | GPU | MEM |
------------------
|  0 | 11% |  7% |
|  1 |  2% |  7% |
|  2 |  2% |  7% |
|  3 |  0% |  0% |
| ID | GPU | MEM |
------------------
|  0 | 10% |  7% |
|  1 |  1% |  7% |
|  2 |  2% |  7% |
|  3 |  0% |  0% |
| ID | GPU | MEM |
------------------
|  0 | 10% |  7% |
|  1 |  1% |  7% |
|  2 |  2% |  7% |
|  3 |  0% |  0% |
| ID | GPU | MEM |
------------------
|  0 | 17% |  7% |
|  1 |  2% |  7% |
|  2 |  2% |  7% |
|  3 |  0% |  0% |
| ID | GPU | MEM |
------------------
|  0 | 22% |  7% |
|  1 |  2% |  7% |
|  2 |  1% |  7% |
|  3 |  0% |  0% |
| ID | GPU | MEM |
------------------
|  0 | 23% |  7% |
|  1 |  2% |  7% |
|  2 |  1% |  7% |
|  3 |  0% |  0% |
| ID | GPU | MEM |
------------------
|  0 | 23% |  7% |
|  1 |  2% |  7% |
|  2 |  2% |  7% |
|  3 |  0% |  0% |
| ID | GPU | MEM |
------------------
|  0 | 10% |  7% |
|  1 |  2% |  7% |
|  2 |  1% |  7% |
|  3 |  0% |  0% |
| ID | GPU | MEM |
------------------
|  0 | 10% |  7% |
|  1 |  2% |  7% |
|  2 |  2% |  7% |
|  3 |  0% |  0% |
Finished training it 2048/2709 of epoch 6 and time taken 0.4727989478111267, 23.40 ms/it, loss 0.244975, accuracy 89.273 %
| ID | GPU | MEM |
------------------
|  0 | 10% |  7% |
|  1 |  2% |  7% |
|  2 |  1% |  7% |
|  3 |  0% |  0% |
| ID | GPU | MEM |
------------------
|  0 | 12% |  7% |
|  1 |  2% |  7% |
|  2 |  1% |  7% |
|  3 |  0% |  0% |
| ID | GPU | MEM |
------------------
|  0 | 15% |  7% |
|  1 |  2% |  7% |
|  2 |  2% |  7% |
|  3 |  0% |  0% |
| ID | GPU | MEM |
------------------
|  0 | 57% |  7% |
|  1 |  1% |  7% |
|  2 |  1% |  7% |
|  3 |  0% |  0% |
| ID | GPU | MEM |
------------------
|  0 | 66% |  7% |
|  1 |  0% |  7% |
|  2 |  1% |  7% |
|  3 |  0% |  0% |
| ID | GPU | MEM |
------------------
|  0 | 40% |  7% |
|  1 |  1% |  7% |
|  2 |  0% |  7% |
|  3 |  0% |  0% |
| ID | GPU | MEM |
------------------
|  0 | 55% |  7% |
|  1 |  1% |  7% |
|  2 |  2% |  7% |
|  3 |  0% |  0% |
Finished training it 2709/2709 of epoch 6 and time taken 0.48869096851348875, 22.93 ms/it, loss 0.222239, accuracy 90.252 %
Starting Test loop
| ID | GPU | MEM |
------------------
|  0 |  2% |  7% |
|  1 |  1% |  7% |
|  2 |  1% |  7% |
|  3 |  0% |  0% |
| ID | GPU | MEM |
------------------
|  0 |  3% |  7% |
|  1 |  2% |  7% |
|  2 |  1% |  7% |
|  3 |  0% |  0% |
Test loop ended
Testing at - 2709/2709 of epoch 6, loss 0.270968, accuracy 87.591 %, best 90.145 %
Finished epoch 6
| ID | GPU | MEM |
------------------
|  0 | 19% |  7% |
|  1 |  2% |  7% |
|  2 |  2% |  7% |
|  3 |  0% |  0% |
| ID | GPU | MEM |
------------------
|  0 | 10% |  7% |
|  1 |  2% |  7% |
|  2 |  1% |  7% |
|  3 |  0% |  0% |
| ID | GPU | MEM |
------------------
|  0 |  9% |  7% |
|  1 |  2% |  7% |
|  2 |  1% |  7% |
|  3 |  0% |  0% |
| ID | GPU | MEM |
------------------
|  0 | 10% |  7% |
|  1 |  3% |  7% |
|  2 |  2% |  7% |
|  3 |  0% |  0% |
| ID | GPU | MEM |
------------------
|  0 | 10% |  7% |
|  1 |  2% |  7% |
|  2 |  2% |  7% |
|  3 |  0% |  0% |
| ID | GPU | MEM |
------------------
|  0 | 10% |  7% |
|  1 |  2% |  7% |
|  2 |  2% |  7% |
|  3 |  0% |  0% |
| ID | GPU | MEM |
------------------
|  0 |  9% |  7% |
|  1 |  1% |  7% |
|  2 |  2% |  7% |
|  3 |  0% |  0% |
| ID | GPU | MEM |
------------------
|  0 | 17% |  7% |
|  1 |  2% |  7% |
|  2 |  3% |  7% |
|  3 |  0% |  0% |
| ID | GPU | MEM |
------------------
|  0 | 14% |  7% |
|  1 |  2% |  7% |
|  2 |  1% |  7% |
|  3 |  0% |  0% |
| ID | GPU | MEM |
------------------
|  0 | 13% |  7% |
|  1 |  2% |  7% |
|  2 |  1% |  7% |
|  3 |  0% |  0% |
| ID | GPU | MEM |
------------------
|  0 | 17% |  7% |
|  1 |  2% |  7% |
|  2 |  1% |  7% |
|  3 |  0% |  0% |
Finished training it 1024/2709 of epoch 7 and time taken 0.5171192288398743, 23.87 ms/it, loss 0.239316, accuracy 89.548 %
| ID | GPU | MEM |
------------------
|  0 | 11% |  7% |
|  1 |  2% |  7% |
|  2 |  1% |  7% |
|  3 |  0% |  0% |
| ID | GPU | MEM |
------------------
|  0 |  7% |  7% |
|  1 |  3% |  7% |
|  2 |  1% |  7% |
|  3 |  0% |  0% |
| ID | GPU | MEM |
------------------
|  0 |  7% |  7% |
|  1 |  2% |  7% |
|  2 |  1% |  7% |
|  3 |  0% |  0% |
| ID | GPU | MEM |
------------------
|  0 | 10% |  7% |
|  1 |  2% |  7% |
|  2 |  2% |  7% |
|  3 |  0% |  0% |
| ID | GPU | MEM |
------------------
|  0 |  9% |  7% |
|  1 |  2% |  7% |
|  2 |  2% |  7% |
|  3 |  0% |  0% |
| ID | GPU | MEM |
------------------
|  0 | 13% |  7% |
|  1 |  2% |  7% |
|  2 |  2% |  7% |
|  3 |  0% |  0% |
| ID | GPU | MEM |
------------------
|  0 |  7% |  7% |
|  1 |  1% |  7% |
|  2 |  2% |  7% |
|  3 |  0% |  0% |
| ID | GPU | MEM |
------------------
|  0 | 11% |  7% |
|  1 |  2% |  7% |
|  2 |  3% |  7% |
|  3 |  0% |  0% |
| ID | GPU | MEM |
------------------
|  0 | 12% |  7% |
|  1 |  2% |  7% |
|  2 |  1% |  7% |
|  3 |  0% |  0% |
| ID | GPU | MEM |
------------------
|  0 | 12% |  7% |
|  1 |  2% |  7% |
|  2 |  1% |  7% |
|  3 |  0% |  0% |
| ID | GPU | MEM |
------------------
|  0 | 15% |  7% |
|  1 |  2% |  7% |
|  2 |  1% |  7% |
|  3 |  0% |  0% |
| ID | GPU | MEM |
------------------
|  0 | 15% |  7% |
|  1 |  2% |  7% |
|  2 |  1% |  7% |
|  3 |  0% |  0% |
Finished training it 2048/2709 of epoch 7 and time taken 0.5429428808689117, 24.29 ms/it, loss 0.240081, accuracy 89.398 %
| ID | GPU | MEM |
------------------
|  0 | 17% |  7% |
|  1 |  2% |  7% |
|  2 |  1% |  7% |
|  3 |  0% |  0% |
| ID | GPU | MEM |
------------------
|  0 | 10% |  7% |
|  1 |  2% |  7% |
|  2 |  1% |  7% |
|  3 |  0% |  0% |
| ID | GPU | MEM |
------------------
|  0 | 10% |  7% |
|  1 |  2% |  7% |
|  2 |  1% |  7% |
|  3 |  0% |  0% |
| ID | GPU | MEM |
------------------
|  0 | 10% |  7% |
|  1 |  3% |  7% |
|  2 |  2% |  7% |
|  3 |  0% |  0% |
| ID | GPU | MEM |
------------------
|  0 |  9% |  7% |
|  1 |  3% |  7% |
|  2 |  2% |  7% |
|  3 |  0% |  0% |
| ID | GPU | MEM |
------------------
|  0 | 11% |  7% |
|  1 |  2% |  7% |
|  2 |  2% |  7% |
|  3 |  0% |  0% |
| ID | GPU | MEM |
------------------
|  0 | 12% |  7% |
|  1 |  2% |  7% |
|  2 |  2% |  7% |
|  3 |  0% |  0% |
Finished training it 2709/2709 of epoch 7 and time taken 0.5588505702018738, 23.35 ms/it, loss 0.240474, accuracy 89.339 %
Starting Test loop
| ID | GPU | MEM |
------------------
|  0 |  2% |  7% |
|  1 |  1% |  7% |
|  2 |  2% |  7% |
|  3 |  0% |  0% |
| ID | GPU | MEM |
------------------
|  0 |  2% |  7% |
|  1 |  1% |  7% |
|  2 |  2% |  7% |
|  3 |  0% |  0% |
Test loop ended
Testing at - 2709/2709 of epoch 7, loss 0.285331, accuracy 86.719 %, best 90.145 %
Finished epoch 7
| ID | GPU | MEM |
------------------
|  0 | 19% |  7% |
|  1 |  2% |  7% |
|  2 |  2% |  7% |
|  3 |  0% |  0% |
| ID | GPU | MEM |
------------------
|  0 | 20% |  7% |
|  1 |  2% |  7% |
|  2 |  1% |  7% |
|  3 |  0% |  0% |
| ID | GPU | MEM |
------------------
|  0 | 24% |  7% |
|  1 |  2% |  7% |
|  2 |  1% |  7% |
|  3 |  0% |  0% |
| ID | GPU | MEM |
------------------
|  0 | 23% |  7% |
|  1 |  2% |  7% |
|  2 |  1% |  7% |
|  3 |  0% |  0% |
| ID | GPU | MEM |
------------------
|  0 | 18% |  7% |
|  1 |  2% |  7% |
|  2 |  1% |  7% |
|  3 |  0% |  0% |
| ID | GPU | MEM |
------------------
|  0 |  8% |  7% |
|  1 |  2% |  7% |
|  2 |  1% |  7% |
|  3 |  0% |  0% |
| ID | GPU | MEM |
------------------
|  0 | 13% |  7% |
|  1 |  2% |  7% |
|  2 |  2% |  7% |
|  3 |  0% |  0% |
| ID | GPU | MEM |
------------------
|  0 | 12% |  7% |
|  1 |  1% |  7% |
|  2 |  2% |  7% |
|  3 |  0% |  0% |
| ID | GPU | MEM |
------------------
|  0 | 14% |  7% |
|  1 |  1% |  7% |
|  2 |  2% |  7% |
|  3 |  0% |  0% |
| ID | GPU | MEM |
------------------
|  0 | 11% |  7% |
|  1 |  1% |  7% |
|  2 |  2% |  7% |
|  3 |  0% |  0% |
| ID | GPU | MEM |
------------------
|  0 | 14% |  7% |
|  1 |  1% |  7% |
|  2 |  1% |  7% |
|  3 |  0% |  0% |
| ID | GPU | MEM |
------------------
|  0 | 20% |  7% |
|  1 |  1% |  7% |
|  2 |  1% |  7% |
|  3 |  0% |  0% |
Finished training it 1024/2709 of epoch 8 and time taken 0.588214162826538, 24.76 ms/it, loss 0.205151, accuracy 90.955 %
| ID | GPU | MEM |
------------------
|  0 | 20% |  7% |
|  1 |  2% |  7% |
|  2 |  1% |  7% |
|  3 |  0% |  0% |
| ID | GPU | MEM |
------------------
|  0 | 25% |  7% |
|  1 |  2% |  7% |
|  2 |  1% |  7% |
|  3 |  0% |  0% |
| ID | GPU | MEM |
------------------
|  0 |  9% |  7% |
|  1 |  2% |  7% |
|  2 |  1% |  7% |
|  3 |  0% |  0% |
| ID | GPU | MEM |
------------------
|  0 | 12% |  7% |
|  1 |  3% |  7% |
|  2 |  2% |  7% |
|  3 |  0% |  0% |
| ID | GPU | MEM |
------------------
|  0 | 13% |  7% |
|  1 |  1% |  7% |
|  2 |  2% |  7% |
|  3 |  0% |  0% |
| ID | GPU | MEM |
------------------
|  0 | 11% |  7% |
|  1 |  2% |  7% |
|  2 |  2% |  7% |
|  3 |  0% |  0% |
| ID | GPU | MEM |
------------------
|  0 | 12% |  7% |
|  1 |  2% |  7% |
|  2 |  2% |  7% |
|  3 |  0% |  0% |
| ID | GPU | MEM |
------------------
|  0 | 11% |  7% |
|  1 |  2% |  7% |
|  2 |  2% |  7% |
|  3 |  0% |  0% |
| ID | GPU | MEM |
------------------
|  0 | 18% |  7% |
|  1 |  2% |  7% |
|  2 |  3% |  7% |
|  3 |  0% |  0% |
| ID | GPU | MEM |
------------------
|  0 | 11% |  7% |
|  1 |  2% |  7% |
|  2 |  1% |  7% |
|  3 |  0% |  0% |
| ID | GPU | MEM |
------------------
|  0 | 15% |  7% |
|  1 |  2% |  7% |
|  2 |  1% |  7% |
|  3 |  0% |  0% |
Finished training it 2048/2709 of epoch 8 and time taken 0.6139610395431518, 24.29 ms/it, loss 0.225907, accuracy 90.396 %
| ID | GPU | MEM |
------------------
|  0 | 15% |  7% |
|  1 |  2% |  7% |
|  2 |  2% |  7% |
|  3 |  0% |  0% |
| ID | GPU | MEM |
------------------
|  0 | 16% |  7% |
|  1 |  2% |  7% |
|  2 |  1% |  7% |
|  3 |  0% |  0% |
| ID | GPU | MEM |
------------------
|  0 | 10% |  7% |
|  1 |  2% |  7% |
|  2 |  1% |  7% |
|  3 |  0% |  0% |
| ID | GPU | MEM |
------------------
|  0 | 11% |  7% |
|  1 |  3% |  7% |
|  2 |  2% |  7% |
|  3 |  0% |  0% |
| ID | GPU | MEM |
------------------
|  0 | 10% |  7% |
|  1 |  1% |  7% |
|  2 |  2% |  7% |
|  3 |  0% |  0% |
| ID | GPU | MEM |
------------------
|  0 | 11% |  7% |
|  1 |  2% |  7% |
|  2 |  2% |  7% |
|  3 |  0% |  0% |
| ID | GPU | MEM |
------------------
|  0 | 11% |  7% |
|  1 |  2% |  7% |
|  2 |  3% |  7% |
|  3 |  0% |  0% |
| ID | GPU | MEM |
------------------
|  0 | 16% |  7% |
|  1 |  2% |  7% |
|  2 |  2% |  7% |
|  3 |  0% |  0% |
Finished training it 2709/2709 of epoch 8 and time taken 0.6297621567249299, 23.22 ms/it, loss 0.241812, accuracy 89.538 %
Starting Test loop
| ID | GPU | MEM |
------------------
|  0 |  2% |  7% |
|  1 |  1% |  7% |
|  2 |  1% |  7% |
|  3 |  0% |  0% |
Test loop ended
Testing at - 2709/2709 of epoch 8, loss 0.255317, accuracy 88.110 %, best 90.145 %
Finished epoch 8
| ID | GPU | MEM |
------------------
|  0 | 12% |  7% |
|  1 |  1% |  7% |
|  2 |  1% |  7% |
|  3 |  0% |  0% |
| ID | GPU | MEM |
------------------
|  0 | 13% |  7% |
|  1 |  2% |  7% |
|  2 |  1% |  7% |
|  3 |  0% |  0% |
| ID | GPU | MEM |
------------------
|  0 | 15% |  7% |
|  1 |  2% |  7% |
|  2 |  2% |  7% |
|  3 |  0% |  0% |
| ID | GPU | MEM |
------------------
|  0 | 15% |  7% |
|  1 |  2% |  7% |
|  2 |  2% |  7% |
|  3 |  0% |  0% |
| ID | GPU | MEM |
------------------
|  0 | 15% |  7% |
|  1 |  2% |  7% |
|  2 |  1% |  7% |
|  3 |  0% |  0% |
| ID | GPU | MEM |
------------------
|  0 | 12% |  7% |
|  1 |  2% |  7% |
|  2 |  1% |  7% |
|  3 |  0% |  0% |
| ID | GPU | MEM |
------------------
|  0 | 10% |  7% |
|  1 |  3% |  7% |
|  2 |  2% |  7% |
|  3 |  0% |  0% |
| ID | GPU | MEM |
------------------
|  0 |  7% |  7% |
|  1 |  2% |  7% |
|  2 |  2% |  7% |
|  3 |  0% |  0% |
| ID | GPU | MEM |
------------------
|  0 |  9% |  7% |
|  1 |  1% |  7% |
|  2 |  2% |  7% |
|  3 |  0% |  0% |
| ID | GPU | MEM |
------------------
|  0 |  8% |  7% |
|  1 |  1% |  7% |
|  2 |  2% |  7% |
|  3 |  0% |  0% |
| ID | GPU | MEM |
------------------
|  0 |  8% |  7% |
|  1 |  2% |  7% |
|  2 |  2% |  7% |
|  3 |  0% |  0% |
| ID | GPU | MEM |
------------------
|  0 | 11% |  7% |
|  1 |  2% |  7% |
|  2 |  1% |  7% |
|  3 |  0% |  0% |
Finished training it 1024/2709 of epoch 9 and time taken 0.6582963829040527, 23.99 ms/it, loss 0.230900, accuracy 89.926 %
| ID | GPU | MEM |
------------------
|  0 | 21% |  7% |
|  1 |  2% |  7% |
|  2 |  1% |  7% |
|  3 |  0% |  0% |
| ID | GPU | MEM |
------------------
|  0 | 60% |  7% |
|  1 |  0% |  7% |
|  2 |  1% |  7% |
|  3 |  0% |  0% |
| ID | GPU | MEM |
------------------
|  0 | 23% |  7% |
|  1 |  2% |  7% |
|  2 |  0% |  7% |
|  3 |  0% |  0% |
| ID | GPU | MEM |
------------------
|  0 | 50% |  7% |
|  1 |  0% |  7% |
|  2 |  1% |  7% |
|  3 |  0% |  0% |
| ID | GPU | MEM |
------------------
|  0 | 12% |  7% |
|  1 |  1% |  7% |
|  2 |  0% |  7% |
|  3 |  0% |  0% |
| ID | GPU | MEM |
------------------
|  0 | 36% |  7% |
|  1 |  1% |  7% |
|  2 |  1% |  7% |
|  3 |  0% |  0% |
| ID | GPU | MEM |
------------------
|  0 | 63% |  7% |
|  1 |  0% |  7% |
|  2 |  1% |  7% |
|  3 |  0% |  0% |
| ID | GPU | MEM |
------------------
|  0 | 26% |  7% |
|  1 |  1% |  7% |
|  2 |  0% |  7% |
|  3 |  0% |  0% |
| ID | GPU | MEM |
------------------
|  0 | 53% |  7% |
|  1 |  1% |  7% |
|  2 |  1% |  7% |
|  3 |  0% |  0% |
| ID | GPU | MEM |
------------------
|  0 | 10% |  7% |
|  1 |  1% |  7% |
|  2 |  0% |  7% |
|  3 |  0% |  0% |
| ID | GPU | MEM |
------------------
|  0 | 69% |  7% |
|  1 |  0% |  7% |
|  2 |  1% |  7% |
|  3 |  0% |  0% |
Finished training it 2048/2709 of epoch 9 and time taken 0.6828013415336609, 22.49 ms/it, loss 0.218716, accuracy 90.610 %
| ID | GPU | MEM |
------------------
|  0 | 10% |  7% |
|  1 |  1% |  7% |
|  2 |  0% |  7% |
|  3 |  0% |  0% |
| ID | GPU | MEM |
------------------
|  0 | 53% |  7% |
|  1 |  0% |  7% |
|  2 |  1% |  7% |
|  3 |  0% |  0% |
| ID | GPU | MEM |
------------------
|  0 | 56% |  7% |
|  1 |  0% |  7% |
|  2 |  1% |  7% |
|  3 |  0% |  0% |
| ID | GPU | MEM |
------------------
|  0 | 27% |  7% |
|  1 |  1% |  7% |
|  2 |  0% |  7% |
|  3 |  0% |  0% |
| ID | GPU | MEM |
------------------
|  0 | 42% |  7% |
|  1 |  1% |  7% |
|  2 |  1% |  7% |
|  3 |  0% |  0% |
| ID | GPU | MEM |
------------------
|  0 | 10% |  7% |
|  1 |  1% |  7% |
|  2 |  0% |  7% |
|  3 |  0% |  0% |
| ID | GPU | MEM |
------------------
|  0 | 34% |  7% |
|  1 |  1% |  7% |
|  2 |  1% |  7% |
|  3 |  0% |  0% |
Finished training it 2709/2709 of epoch 9 and time taken 0.69851224899292, 22.31 ms/it, loss 0.217608, accuracy 90.488 %
Starting Test loop
| ID | GPU | MEM |
------------------
|  0 |  2% |  7% |
|  1 |  1% |  7% |
|  2 |  1% |  7% |
|  3 |  0% |  0% |
Test loop ended
Testing at - 2709/2709 of epoch 9, loss 0.202246, accuracy 90.966 %, best 90.966 %
Finished epoch 9
Finished the program
