python3: no process found

c4130-110233:27125:27125 [0] misc/ibvwrap.cc:63 NCCL WARN Failed to open libibverbs.so[.1]
NCCL version 2.4.8+cuda10.1
Using 2 GPU(s)...
Sparse features= 9, Dense features= 24
Sparse features= 9, Dense features= 24
time/loss/accuracy (if enabled):
| ID | GPU | MEM |
------------------
|  0 |  4% |  7% |
|  1 |  0% |  0% |
|  2 |  0% |  0% |
|  3 |  0% |  0% |
| ID | GPU | MEM |
------------------
|  0 |  0% |  7% |
|  1 |  3% |  5% |
|  2 |  0% |  0% |
|  3 |  0% |  0% |
| ID | GPU | MEM |
------------------
|  0 |  0% |  7% |
|  1 |  4% |  7% |
|  2 |  0% |  0% |
|  3 |  0% |  0% |
| ID | GPU | MEM |
------------------
|  0 | 24% |  7% |
|  1 |  2% |  7% |
|  2 |  0% |  0% |
|  3 |  0% |  0% |
| ID | GPU | MEM |
------------------
|  0 | 24% |  7% |
|  1 |  1% |  7% |
|  2 |  0% |  0% |
|  3 |  0% |  0% |
Finished training it 170/170 of epoch 0 and time taken 0.009551233291625976, 49.96 ms/it, loss 0.655892, accuracy 61.508 %
Finished epoch 0
| ID | GPU | MEM |
------------------
|  0 |  5% |  7% |
|  1 |  1% |  7% |
|  2 |  0% |  0% |
|  3 |  0% |  0% |
| ID | GPU | MEM |
------------------
|  0 | 11% |  7% |
|  1 |  2% |  7% |
|  2 |  0% |  0% |
|  3 |  0% |  0% |
Finished training it 170/170 of epoch 1 and time taken 0.014321156263351441, 22.05 ms/it, loss 0.630320, accuracy 64.063 %
Finished epoch 1
| ID | GPU | MEM |
------------------
|  0 | 12% |  7% |
|  1 |  3% |  7% |
|  2 |  0% |  0% |
|  3 |  0% |  0% |
| ID | GPU | MEM |
------------------
|  0 | 10% |  7% |
|  1 |  1% |  7% |
|  2 |  0% |  0% |
|  3 |  0% |  0% |
Finished training it 170/170 of epoch 2 and time taken 0.019003726243972778, 21.77 ms/it, loss 0.626693, accuracy 64.927 %
Finished epoch 2
| ID | GPU | MEM |
------------------
|  0 | 20% |  7% |
|  1 |  1% |  7% |
|  2 |  0% |  0% |
|  3 |  0% |  0% |
| ID | GPU | MEM |
------------------
|  0 |  7% |  7% |
|  1 |  1% |  7% |
|  2 |  0% |  0% |
|  3 |  0% |  0% |
Finished training it 170/170 of epoch 3 and time taken 0.02383560061454773, 22.73 ms/it, loss 0.600893, accuracy 67.526 %
Finished epoch 3
| ID | GPU | MEM |
------------------
|  0 |  7% |  7% |
|  1 |  2% |  7% |
|  2 |  0% |  0% |
|  3 |  0% |  0% |
| ID | GPU | MEM |
------------------
|  0 |  9% |  7% |
|  1 |  2% |  7% |
|  2 |  0% |  0% |
|  3 |  0% |  0% |
Finished training it 170/170 of epoch 4 and time taken 0.028584561586380005, 21.75 ms/it, loss 0.550023, accuracy 71.382 %
Finished epoch 4
| ID | GPU | MEM |
------------------
|  0 | 74% |  7% |
|  1 |  1% |  7% |
|  2 |  0% |  0% |
|  3 |  0% |  0% |
| ID | GPU | MEM |
------------------
|  0 |  7% |  7% |
|  1 |  1% |  7% |
|  2 |  0% |  0% |
|  3 |  0% |  0% |
Finished training it 170/170 of epoch 5 and time taken 0.033422553062438964, 21.69 ms/it, loss 0.535826, accuracy 71.778 %
Finished epoch 5
| ID | GPU | MEM |
------------------
|  0 |  6% |  7% |
|  1 |  1% |  7% |
|  2 |  0% |  0% |
|  3 |  0% |  0% |
| ID | GPU | MEM |
------------------
|  0 |  9% |  7% |
|  1 |  2% |  7% |
|  2 |  0% |  0% |
|  3 |  0% |  0% |
| ID | GPU | MEM |
------------------
|  0 | 11% |  7% |
|  1 |  1% |  7% |
|  2 |  0% |  0% |
|  3 |  0% |  0% |
Finished training it 170/170 of epoch 6 and time taken 0.0381253228187561, 21.99 ms/it, loss 0.515048, accuracy 73.424 %
Finished epoch 6
| ID | GPU | MEM |
------------------
|  0 | 10% |  7% |
|  1 |  1% |  7% |
|  2 |  0% |  0% |
|  3 |  0% |  0% |
| ID | GPU | MEM |
------------------
|  0 |  8% |  7% |
|  1 |  1% |  7% |
|  2 |  0% |  0% |
|  3 |  0% |  0% |
Finished training it 170/170 of epoch 7 and time taken 0.04285780596733093, 22.12 ms/it, loss 0.534515, accuracy 71.911 %
Finished epoch 7
| ID | GPU | MEM |
------------------
|  0 | 13% |  7% |
|  1 |  2% |  7% |
|  2 |  0% |  0% |
|  3 |  0% |  0% |
| ID | GPU | MEM |
------------------
|  0 |  8% |  7% |
|  1 |  2% |  7% |
|  2 |  0% |  0% |
|  3 |  0% |  0% |
Finished training it 170/170 of epoch 8 and time taken 0.047605738639831544, 22.29 ms/it, loss 0.522726, accuracy 72.557 %
Finished epoch 8
| ID | GPU | MEM |
------------------
|  0 | 11% |  7% |
|  1 |  2% |  7% |
|  2 |  0% |  0% |
|  3 |  0% |  0% |
| ID | GPU | MEM |
------------------
|  0 |  8% |  7% |
|  1 |  1% |  7% |
|  2 |  0% |  0% |
|  3 |  0% |  0% |
Finished training it 170/170 of epoch 9 and time taken 0.05231003165245056, 22.01 ms/it, loss 0.521758, accuracy 72.740 %
Finished epoch 9
Finished the program
