python3: no process found

c4130-110233:7220:7220 [0] misc/ibvwrap.cc:63 NCCL WARN Failed to open libibverbs.so[.1]
NCCL version 2.4.8+cuda10.1
Using 3 GPU(s)...
Sparse features= 9, Dense features= 24
Sparse features= 9, Dense features= 24
time/loss/accuracy (if enabled):
| ID | GPU | MEM |
------------------
|  0 |  3% |  7% |
|  1 |  0% |  0% |
|  2 |  0% |  0% |
|  3 |  0% |  0% |
| ID | GPU | MEM |
------------------
|  0 |  0% |  7% |
|  1 |  0% |  4% |
|  2 |  0% |  0% |
|  3 |  0% |  0% |
| ID | GPU | MEM |
------------------
|  0 |  0% |  7% |
|  1 |  0% |  7% |
|  2 |  0% |  0% |
|  3 |  0% |  0% |
| ID | GPU | MEM |
------------------
|  0 |  0% |  7% |
|  1 |  0% |  7% |
|  2 |  3% |  4% |
|  3 |  0% |  0% |
| ID | GPU | MEM |
------------------
|  0 |  0% |  7% |
|  1 |  0% |  7% |
|  2 |  0% |  7% |
|  3 |  0% |  0% |
| ID | GPU | MEM |
------------------
|  0 | 11% |  7% |
|  1 |  2% |  7% |
|  2 |  1% |  7% |
|  3 |  0% |  0% |
| ID | GPU | MEM |
------------------
|  0 | 14% |  7% |
|  1 |  1% |  7% |
|  2 |  1% |  7% |
|  3 |  0% |  0% |
| ID | GPU | MEM |
------------------
|  0 | 12% |  7% |
|  1 |  2% |  7% |
|  2 |  2% |  7% |
|  3 |  0% |  0% |
| ID | GPU | MEM |
------------------
|  0 |  7% |  7% |
|  1 |  1% |  7% |
|  2 |  1% |  7% |
|  3 |  0% |  0% |
| ID | GPU | MEM |
------------------
|  0 | 11% |  7% |
|  1 |  2% |  7% |
|  2 |  2% |  7% |
|  3 |  0% |  0% |
| ID | GPU | MEM |
------------------
|  0 | 12% |  7% |
|  1 |  2% |  7% |
|  2 |  2% |  7% |
|  3 |  0% |  0% |
| ID | GPU | MEM |
------------------
|  0 |  7% |  7% |
|  1 |  1% |  7% |
|  2 |  1% |  7% |
|  3 |  0% |  0% |
| ID | GPU | MEM |
------------------
|  0 | 11% |  7% |
|  1 |  2% |  7% |
|  2 |  2% |  7% |
|  3 |  0% |  0% |
| ID | GPU | MEM |
------------------
|  0 |  7% |  7% |
|  1 |  1% |  7% |
|  2 |  1% |  7% |
|  3 |  0% |  0% |
| ID | GPU | MEM |
------------------
|  0 |  9% |  7% |
|  1 |  1% |  7% |
|  2 |  1% |  7% |
|  3 |  0% |  0% |
| ID | GPU | MEM |
------------------
|  0 | 12% |  7% |
|  1 |  2% |  7% |
|  2 |  2% |  7% |
|  3 |  0% |  0% |
Finished training it 1024/2709 of epoch 0 and time taken 0.03525269389152527, 33.45 ms/it, loss 0.650741, accuracy 61.917 %
| ID | GPU | MEM |
------------------
|  0 |  8% |  7% |
|  1 |  2% |  7% |
|  2 |  1% |  7% |
|  3 |  0% |  0% |
| ID | GPU | MEM |
------------------
|  0 | 11% |  7% |
|  1 |  1% |  7% |
|  2 |  1% |  7% |
|  3 |  0% |  0% |
| ID | GPU | MEM |
------------------
|  0 | 13% |  7% |
|  1 |  2% |  7% |
|  2 |  2% |  7% |
|  3 |  0% |  0% |
| ID | GPU | MEM |
------------------
|  0 |  8% |  7% |
|  1 |  1% |  7% |
|  2 |  1% |  7% |
|  3 |  0% |  0% |
| ID | GPU | MEM |
------------------
|  0 | 10% |  7% |
|  1 |  1% |  7% |
|  2 |  1% |  7% |
|  3 |  0% |  0% |
| ID | GPU | MEM |
------------------
|  0 | 11% |  7% |
|  1 |  1% |  7% |
|  2 |  1% |  7% |
|  3 |  0% |  0% |
| ID | GPU | MEM |
------------------
|  0 |  8% |  7% |
|  1 |  1% |  7% |
|  2 |  1% |  7% |
|  3 |  0% |  0% |
| ID | GPU | MEM |
------------------
|  0 | 12% |  7% |
|  1 |  2% |  7% |
|  2 |  2% |  7% |
|  3 |  0% |  0% |
| ID | GPU | MEM |
------------------
|  0 |  8% |  7% |
|  1 |  1% |  7% |
|  2 |  1% |  7% |
|  3 |  0% |  0% |
| ID | GPU | MEM |
------------------
|  0 |  9% |  7% |
|  1 |  1% |  7% |
|  2 |  1% |  7% |
|  3 |  0% |  0% |
| ID | GPU | MEM |
------------------
|  0 | 12% |  7% |
|  1 |  2% |  7% |
|  2 |  2% |  7% |
|  3 |  0% |  0% |
Finished training it 2048/2709 of epoch 0 and time taken 0.05971452903747559, 22.93 ms/it, loss 0.520916, accuracy 74.054 %
| ID | GPU | MEM |
------------------
|  0 |  5% |  7% |
|  1 |  1% |  7% |
|  2 |  1% |  7% |
|  3 |  0% |  0% |
| ID | GPU | MEM |
------------------
|  0 | 11% |  7% |
|  1 |  1% |  7% |
|  2 |  2% |  7% |
|  3 |  0% |  0% |
| ID | GPU | MEM |
------------------
|  0 |  7% |  7% |
|  1 |  1% |  7% |
|  2 |  1% |  7% |
|  3 |  0% |  0% |
| ID | GPU | MEM |
------------------
|  0 |  9% |  7% |
|  1 |  1% |  7% |
|  2 |  1% |  7% |
|  3 |  0% |  0% |
| ID | GPU | MEM |
------------------
|  0 | 12% |  7% |
|  1 |  2% |  7% |
|  2 |  2% |  7% |
|  3 |  0% |  0% |
| ID | GPU | MEM |
------------------
|  0 | 10% |  7% |
|  1 |  1% |  7% |
|  2 |  1% |  7% |
|  3 |  0% |  0% |
| ID | GPU | MEM |
------------------
|  0 | 10% |  7% |
|  1 |  1% |  7% |
|  2 |  1% |  7% |
|  3 |  0% |  0% |
Finished training it 2709/2709 of epoch 0 and time taken 0.07560847854614258, 23.21 ms/it, loss 0.457706, accuracy 77.974 %
Finished epoch 0
| ID | GPU | MEM |
------------------
|  0 | 12% |  7% |
|  1 |  2% |  7% |
|  2 |  2% |  7% |
|  3 |  0% |  0% |
| ID | GPU | MEM |
------------------
|  0 |  6% |  7% |
|  1 |  1% |  7% |
|  2 |  1% |  7% |
|  3 |  0% |  0% |
| ID | GPU | MEM |
------------------
|  0 | 16% |  7% |
|  1 |  1% |  7% |
|  2 |  2% |  7% |
|  3 |  0% |  0% |
| ID | GPU | MEM |
------------------
|  0 |  9% |  7% |
|  1 |  1% |  7% |
|  2 |  1% |  7% |
|  3 |  0% |  0% |
| ID | GPU | MEM |
------------------
|  0 |  8% |  7% |
|  1 |  1% |  7% |
|  2 |  1% |  7% |
|  3 |  0% |  0% |
| ID | GPU | MEM |
------------------
|  0 | 10% |  7% |
|  1 |  2% |  7% |
|  2 |  2% |  7% |
|  3 |  0% |  0% |
| ID | GPU | MEM |
------------------
|  0 |  9% |  7% |
|  1 |  1% |  7% |
|  2 |  1% |  7% |
|  3 |  0% |  0% |
| ID | GPU | MEM |
------------------
|  0 | 12% |  7% |
|  1 |  1% |  7% |
|  2 |  1% |  7% |
|  3 |  0% |  0% |
| ID | GPU | MEM |
------------------
|  0 | 12% |  7% |
|  1 |  2% |  7% |
|  2 |  2% |  7% |
|  3 |  0% |  0% |
| ID | GPU | MEM |
------------------
|  0 |  8% |  7% |
|  1 |  1% |  7% |
|  2 |  1% |  7% |
|  3 |  0% |  0% |
| ID | GPU | MEM |
------------------
|  0 | 13% |  7% |
|  1 |  1% |  7% |
|  2 |  1% |  7% |
|  3 |  0% |  0% |
| ID | GPU | MEM |
------------------
|  0 | 16% |  7% |
|  1 |  2% |  7% |
|  2 |  2% |  7% |
|  3 |  0% |  0% |
Finished training it 1024/2709 of epoch 1 and time taken 0.10485033178329468, 27.58 ms/it, loss 0.394224, accuracy 82.169 %
| ID | GPU | MEM |
------------------
|  0 |  7% |  7% |
|  1 |  1% |  7% |
|  2 |  1% |  7% |
|  3 |  0% |  0% |
| ID | GPU | MEM |
------------------
|  0 |  9% |  7% |
|  1 |  1% |  7% |
|  2 |  1% |  7% |
|  3 |  0% |  0% |
| ID | GPU | MEM |
------------------
|  0 | 16% |  7% |
|  1 |  1% |  7% |
|  2 |  2% |  7% |
|  3 |  0% |  0% |
| ID | GPU | MEM |
------------------
|  0 |  8% |  7% |
|  1 |  1% |  7% |
|  2 |  1% |  7% |
|  3 |  0% |  0% |
| ID | GPU | MEM |
------------------
|  0 | 11% |  7% |
|  1 |  1% |  7% |
|  2 |  1% |  7% |
|  3 |  0% |  0% |
| ID | GPU | MEM |
------------------
|  0 | 10% |  7% |
|  1 |  2% |  7% |
|  2 |  2% |  7% |
|  3 |  0% |  0% |
| ID | GPU | MEM |
------------------
|  0 |  9% |  7% |
|  1 |  1% |  7% |
|  2 |  1% |  7% |
|  3 |  0% |  0% |
| ID | GPU | MEM |
------------------
|  0 | 14% |  7% |
|  1 |  1% |  7% |
|  2 |  1% |  7% |
|  3 |  0% |  0% |
| ID | GPU | MEM |
------------------
|  0 | 12% |  7% |
|  1 |  2% |  7% |
|  2 |  2% |  7% |
|  3 |  0% |  0% |
| ID | GPU | MEM |
------------------
|  0 | 12% |  7% |
|  1 |  1% |  7% |
|  2 |  1% |  7% |
|  3 |  0% |  0% |
| ID | GPU | MEM |
------------------
|  0 | 13% |  7% |
|  1 |  2% |  7% |
|  2 |  2% |  7% |
|  3 |  0% |  0% |
| ID | GPU | MEM |
------------------
|  0 |  7% |  7% |
|  1 |  1% |  7% |
|  2 |  1% |  7% |
|  3 |  0% |  0% |
Finished training it 2048/2709 of epoch 1 and time taken 0.13077811551094054, 24.54 ms/it, loss 0.353057, accuracy 84.427 %
| ID | GPU | MEM |
------------------
|  0 |  8% |  7% |
|  1 |  1% |  7% |
|  2 |  1% |  7% |
|  3 |  0% |  0% |
| ID | GPU | MEM |
------------------
|  0 | 12% |  7% |
|  1 |  2% |  7% |
|  2 |  2% |  7% |
|  3 |  0% |  0% |
| ID | GPU | MEM |
------------------
|  0 | 10% |  7% |
|  1 |  1% |  7% |
|  2 |  1% |  7% |
|  3 |  0% |  0% |
| ID | GPU | MEM |
------------------
|  0 |  9% |  7% |
|  1 |  1% |  7% |
|  2 |  1% |  7% |
|  3 |  0% |  0% |
| ID | GPU | MEM |
------------------
|  0 | 10% |  7% |
|  1 |  2% |  7% |
|  2 |  2% |  7% |
|  3 |  0% |  0% |
| ID | GPU | MEM |
------------------
|  0 |  8% |  7% |
|  1 |  1% |  7% |
|  2 |  1% |  7% |
|  3 |  0% |  0% |
| ID | GPU | MEM |
------------------
|  0 | 15% |  7% |
|  1 |  2% |  7% |
|  2 |  1% |  7% |
|  3 |  0% |  0% |
Finished training it 2709/2709 of epoch 1 and time taken 0.14695473289489747, 23.80 ms/it, loss 0.382559, accuracy 82.271 %
Finished epoch 1
| ID | GPU | MEM |
------------------
|  0 | 12% |  7% |
|  1 |  2% |  7% |
|  2 |  2% |  7% |
|  3 |  0% |  0% |
| ID | GPU | MEM |
------------------
|  0 |  6% |  7% |
|  1 |  1% |  7% |
|  2 |  1% |  7% |
|  3 |  0% |  0% |
| ID | GPU | MEM |
------------------
|  0 | 13% |  7% |
|  1 |  2% |  7% |
|  2 |  2% |  7% |
|  3 |  0% |  0% |
| ID | GPU | MEM |
------------------
|  0 |  5% |  7% |
|  1 |  1% |  7% |
|  2 |  1% |  7% |
|  3 |  0% |  0% |
| ID | GPU | MEM |
------------------
|  0 | 15% |  7% |
|  1 |  2% |  7% |
|  2 |  1% |  7% |
|  3 |  0% |  0% |
| ID | GPU | MEM |
------------------
|  0 |  9% |  7% |
|  1 |  1% |  7% |
|  2 |  1% |  7% |
|  3 |  0% |  0% |
| ID | GPU | MEM |
------------------
|  0 |  9% |  7% |
|  1 |  1% |  7% |
|  2 |  1% |  7% |
|  3 |  0% |  0% |
| ID | GPU | MEM |
------------------
|  0 | 11% |  7% |
|  1 |  1% |  7% |
|  2 |  1% |  7% |
|  3 |  0% |  0% |
| ID | GPU | MEM |
------------------
|  0 | 11% |  7% |
|  1 |  2% |  7% |
|  2 |  2% |  7% |
|  3 |  0% |  0% |
| ID | GPU | MEM |
------------------
|  0 |  6% |  7% |
|  1 |  1% |  7% |
|  2 |  1% |  7% |
|  3 |  0% |  0% |
| ID | GPU | MEM |
------------------
|  0 | 34% |  7% |
|  1 |  1% |  7% |
|  2 |  1% |  7% |
|  3 |  0% |  0% |
Finished training it 1024/2709 of epoch 2 and time taken 0.17413796496391296, 25.61 ms/it, loss 0.375509, accuracy 82.681 %
| ID | GPU | MEM |
------------------
|  0 |  5% |  7% |
|  1 |  1% |  7% |
|  2 |  1% |  7% |
|  3 |  0% |  0% |
| ID | GPU | MEM |
------------------
|  0 | 49% |  7% |
|  1 |  2% |  7% |
|  2 |  2% |  7% |
|  3 |  0% |  0% |
| ID | GPU | MEM |
------------------
|  0 | 16% |  7% |
|  1 |  0% |  7% |
|  2 |  0% |  7% |
|  3 |  0% |  0% |
| ID | GPU | MEM |
------------------
|  0 | 10% |  7% |
|  1 |  1% |  7% |
|  2 |  1% |  7% |
|  3 |  0% |  0% |
| ID | GPU | MEM |
------------------
|  0 | 38% |  7% |
|  1 |  1% |  7% |
|  2 |  1% |  7% |
|  3 |  0% |  0% |
| ID | GPU | MEM |
------------------
|  0 | 15% |  7% |
|  1 |  1% |  7% |
|  2 |  1% |  7% |
|  3 |  0% |  0% |
| ID | GPU | MEM |
------------------
|  0 | 18% |  7% |
|  1 |  1% |  7% |
|  2 |  1% |  7% |
|  3 |  0% |  0% |
| ID | GPU | MEM |
------------------
|  0 | 45% |  7% |
|  1 |  1% |  7% |
|  2 |  1% |  7% |
|  3 |  0% |  0% |
| ID | GPU | MEM |
------------------
|  0 |  7% |  7% |
|  1 |  1% |  7% |
|  2 |  1% |  7% |
|  3 |  0% |  0% |
| ID | GPU | MEM |
------------------
|  0 | 16% |  7% |
|  1 |  2% |  7% |
|  2 |  1% |  7% |
|  3 |  0% |  0% |
| ID | GPU | MEM |
------------------
|  0 | 11% |  7% |
|  1 |  1% |  7% |
|  2 |  1% |  7% |
|  3 |  0% |  0% |
Finished training it 2048/2709 of epoch 2 and time taken 0.19895319843292236, 23.55 ms/it, loss 0.337306, accuracy 84.879 %
| ID | GPU | MEM |
------------------
|  0 | 10% |  7% |
|  1 |  1% |  7% |
|  2 |  1% |  7% |
|  3 |  0% |  0% |
| ID | GPU | MEM |
------------------
|  0 | 50% |  7% |
|  1 |  1% |  7% |
|  2 |  1% |  7% |
|  3 |  0% |  0% |
| ID | GPU | MEM |
------------------
|  0 | 12% |  7% |
|  1 |  1% |  7% |
|  2 |  1% |  7% |
|  3 |  0% |  0% |
| ID | GPU | MEM |
------------------
|  0 | 12% |  7% |
|  1 |  2% |  7% |
|  2 |  1% |  7% |
|  3 |  0% |  0% |
| ID | GPU | MEM |
------------------
|  0 | 35% |  7% |
|  1 |  0% |  7% |
|  2 |  0% |  7% |
|  3 |  0% |  0% |
| ID | GPU | MEM |
------------------
|  0 |  7% |  7% |
|  1 |  1% |  7% |
|  2 |  1% |  7% |
|  3 |  0% |  0% |
| ID | GPU | MEM |
------------------
|  0 | 12% |  7% |
|  1 |  2% |  7% |
|  2 |  2% |  7% |
|  3 |  0% |  0% |
| ID | GPU | MEM |
------------------
|  0 | 35% |  7% |
|  1 |  1% |  7% |
|  2 |  0% |  7% |
|  3 |  0% |  0% |
Finished training it 2709/2709 of epoch 2 and time taken 0.21512482857704163, 23.79 ms/it, loss 0.337842, accuracy 85.094 %
Finished epoch 2
| ID | GPU | MEM |
------------------
|  0 | 10% |  7% |
|  1 |  0% |  7% |
|  2 |  0% |  7% |
|  3 |  0% |  0% |
| ID | GPU | MEM |
------------------
|  0 |  9% |  7% |
|  1 |  1% |  7% |
|  2 |  1% |  7% |
|  3 |  0% |  0% |
| ID | GPU | MEM |
------------------
|  0 |  8% |  7% |
|  1 |  1% |  7% |
|  2 |  1% |  7% |
|  3 |  0% |  0% |
| ID | GPU | MEM |
------------------
|  0 | 10% |  7% |
|  1 |  2% |  7% |
|  2 |  2% |  7% |
|  3 |  0% |  0% |
| ID | GPU | MEM |
------------------
|  0 |  5% |  7% |
|  1 |  1% |  7% |
|  2 |  1% |  7% |
|  3 |  0% |  0% |
| ID | GPU | MEM |
------------------
|  0 | 13% |  7% |
|  1 |  2% |  7% |
|  2 |  2% |  7% |
|  3 |  0% |  0% |
| ID | GPU | MEM |
------------------
|  0 |  8% |  7% |
|  1 |  1% |  7% |
|  2 |  1% |  7% |
|  3 |  0% |  0% |
| ID | GPU | MEM |
------------------
|  0 | 10% |  7% |
|  1 |  1% |  7% |
|  2 |  1% |  7% |
|  3 |  0% |  0% |
| ID | GPU | MEM |
------------------
|  0 | 10% |  7% |
|  1 |  2% |  7% |
|  2 |  2% |  7% |
|  3 |  0% |  0% |
| ID | GPU | MEM |
------------------
|  0 |  7% |  7% |
|  1 |  1% |  7% |
|  2 |  1% |  7% |
|  3 |  0% |  0% |
| ID | GPU | MEM |
------------------
|  0 | 15% |  7% |
|  1 |  2% |  7% |
|  2 |  1% |  7% |
|  3 |  0% |  0% |
| ID | GPU | MEM |
------------------
|  0 |  5% |  7% |
|  1 |  1% |  7% |
|  2 |  1% |  7% |
|  3 |  0% |  0% |
Finished training it 1024/2709 of epoch 3 and time taken 0.24316987824440003, 26.52 ms/it, loss 0.332031, accuracy 85.211 %
| ID | GPU | MEM |
------------------
|  0 | 11% |  7% |
|  1 |  2% |  7% |
|  2 |  1% |  7% |
|  3 |  0% |  0% |
| ID | GPU | MEM |
------------------
|  0 | 11% |  7% |
|  1 |  2% |  7% |
|  2 |  2% |  7% |
|  3 |  0% |  0% |
| ID | GPU | MEM |
------------------
|  0 |  8% |  7% |
|  1 |  1% |  7% |
|  2 |  1% |  7% |
|  3 |  0% |  0% |
| ID | GPU | MEM |
------------------
|  0 | 14% |  7% |
|  1 |  2% |  7% |
|  2 |  2% |  7% |
|  3 |  0% |  0% |
| ID | GPU | MEM |
------------------
|  0 |  7% |  7% |
|  1 |  1% |  7% |
|  2 |  1% |  7% |
|  3 |  0% |  0% |
| ID | GPU | MEM |
------------------
|  0 |  9% |  7% |
|  1 |  1% |  7% |
|  2 |  1% |  7% |
|  3 |  0% |  0% |
| ID | GPU | MEM |
------------------
|  0 |  9% |  7% |
|  1 |  2% |  7% |
|  2 |  2% |  7% |
|  3 |  0% |  0% |
| ID | GPU | MEM |
------------------
|  0 |  8% |  7% |
|  1 |  1% |  7% |
|  2 |  1% |  7% |
|  3 |  0% |  0% |
| ID | GPU | MEM |
------------------
|  0 | 10% |  7% |
|  1 |  1% |  7% |
|  2 |  1% |  7% |
|  3 |  0% |  0% |
| ID | GPU | MEM |
------------------
|  0 | 24% |  7% |
|  1 |  1% |  7% |
|  2 |  1% |  7% |
|  3 |  0% |  0% |
Finished training it 2048/2709 of epoch 3 and time taken 0.26724479150772096, 22.84 ms/it, loss 0.303502, accuracy 86.542 %
| ID | GPU | MEM |
------------------
|  0 | 10% |  7% |
|  1 |  1% |  7% |
|  2 |  1% |  7% |
|  3 |  0% |  0% |
| ID | GPU | MEM |
------------------
|  0 | 51% |  7% |
|  1 |  2% |  7% |
|  2 |  2% |  7% |
|  3 |  0% |  0% |
| ID | GPU | MEM |
------------------
|  0 | 28% |  7% |
|  1 |  1% |  7% |
|  2 |  1% |  7% |
|  3 |  0% |  0% |
| ID | GPU | MEM |
------------------
|  0 |  8% |  7% |
|  1 |  1% |  7% |
|  2 |  1% |  7% |
|  3 |  0% |  0% |
| ID | GPU | MEM |
------------------
|  0 | 48% |  7% |
|  1 |  1% |  7% |
|  2 |  2% |  7% |
|  3 |  0% |  0% |
| ID | GPU | MEM |
------------------
|  0 |  8% |  7% |
|  1 |  1% |  7% |
|  2 |  1% |  7% |
|  3 |  0% |  0% |
| ID | GPU | MEM |
------------------
|  0 | 14% |  7% |
|  1 |  2% |  7% |
|  2 |  1% |  7% |
|  3 |  0% |  0% |
Finished training it 2709/2709 of epoch 3 and time taken 0.28278304409980776, 22.84 ms/it, loss 0.307537, accuracy 86.436 %
Finished epoch 3
| ID | GPU | MEM |
------------------
|  0 | 11% |  7% |
|  1 |  2% |  7% |
|  2 |  0% |  7% |
|  3 |  0% |  0% |
| ID | GPU | MEM |
------------------
|  0 | 10% |  7% |
|  1 |  1% |  7% |
|  2 |  1% |  7% |
|  3 |  0% |  0% |
| ID | GPU | MEM |
------------------
|  0 | 11% |  7% |
|  1 |  1% |  7% |
|  2 |  1% |  7% |
|  3 |  0% |  0% |
| ID | GPU | MEM |
------------------
|  0 | 10% |  7% |
|  1 |  2% |  7% |
|  2 |  2% |  7% |
|  3 |  0% |  0% |
| ID | GPU | MEM |
------------------
|  0 |  7% |  7% |
|  1 |  1% |  7% |
|  2 |  1% |  7% |
|  3 |  0% |  0% |
| ID | GPU | MEM |
------------------
|  0 | 10% |  7% |
|  1 |  1% |  7% |
|  2 |  1% |  7% |
|  3 |  0% |  0% |
| ID | GPU | MEM |
------------------
|  0 | 10% |  7% |
|  1 |  2% |  7% |
|  2 |  2% |  7% |
|  3 |  0% |  0% |
| ID | GPU | MEM |
------------------
|  0 |  5% |  7% |
|  1 |  1% |  7% |
|  2 |  1% |  7% |
|  3 |  0% |  0% |
| ID | GPU | MEM |
------------------
|  0 | 10% |  7% |
|  1 |  2% |  7% |
|  2 |  1% |  7% |
|  3 |  0% |  0% |
| ID | GPU | MEM |
------------------
|  0 |  7% |  7% |
|  1 |  2% |  7% |
|  2 |  2% |  7% |
|  3 |  0% |  0% |
| ID | GPU | MEM |
------------------
|  0 |  8% |  7% |
|  1 |  1% |  7% |
|  2 |  1% |  7% |
|  3 |  0% |  0% |
Finished training it 1024/2709 of epoch 4 and time taken 0.31024647927284243, 26.06 ms/it, loss 0.300853, accuracy 86.649 %
| ID | GPU | MEM |
------------------
|  0 | 13% |  7% |
|  1 |  2% |  7% |
|  2 |  1% |  7% |
|  3 |  0% |  0% |
| ID | GPU | MEM |
------------------
|  0 |  8% |  7% |
|  1 |  1% |  7% |
|  2 |  2% |  7% |
|  3 |  0% |  0% |
| ID | GPU | MEM |
------------------
|  0 |  7% |  7% |
|  1 |  1% |  7% |
|  2 |  1% |  7% |
|  3 |  0% |  0% |
| ID | GPU | MEM |
------------------
|  0 | 13% |  7% |
|  1 |  2% |  7% |
|  2 |  2% |  7% |
|  3 |  0% |  0% |
| ID | GPU | MEM |
------------------
|  0 |  5% |  7% |
|  1 |  1% |  7% |
|  2 |  1% |  7% |
|  3 |  0% |  0% |
| ID | GPU | MEM |
------------------
|  0 | 10% |  7% |
|  1 |  1% |  7% |
|  2 |  1% |  7% |
|  3 |  0% |  0% |
| ID | GPU | MEM |
------------------
|  0 | 10% |  7% |
|  1 |  2% |  7% |
|  2 |  2% |  7% |
|  3 |  0% |  0% |
| ID | GPU | MEM |
------------------
|  0 |  5% |  7% |
|  1 |  1% |  7% |
|  2 |  1% |  7% |
|  3 |  0% |  0% |
| ID | GPU | MEM |
------------------
|  0 | 13% |  7% |
|  1 |  2% |  7% |
|  2 |  1% |  7% |
|  3 |  0% |  0% |
| ID | GPU | MEM |
------------------
|  0 |  6% |  7% |
|  1 |  1% |  7% |
|  2 |  1% |  7% |
|  3 |  0% |  0% |
| ID | GPU | MEM |
------------------
|  0 |  7% |  7% |
|  1 |  1% |  7% |
|  2 |  1% |  7% |
|  3 |  0% |  0% |
Finished training it 2048/2709 of epoch 4 and time taken 0.3352336864471436, 23.70 ms/it, loss 0.287646, accuracy 87.360 %
| ID | GPU | MEM |
------------------
|  0 |  8% |  7% |
|  1 |  2% |  7% |
|  2 |  2% |  7% |
|  3 |  0% |  0% |
| ID | GPU | MEM |
------------------
|  0 |  9% |  7% |
|  1 |  1% |  7% |
|  2 |  1% |  7% |
|  3 |  0% |  0% |
| ID | GPU | MEM |
------------------
|  0 | 12% |  7% |
|  1 |  2% |  7% |
|  2 |  1% |  7% |
|  3 |  0% |  0% |
| ID | GPU | MEM |
------------------
|  0 |  9% |  7% |
|  1 |  2% |  7% |
|  2 |  2% |  7% |
|  3 |  0% |  0% |
| ID | GPU | MEM |
------------------
|  0 |  8% |  7% |
|  1 |  1% |  7% |
|  2 |  1% |  7% |
|  3 |  0% |  0% |
| ID | GPU | MEM |
------------------
|  0 | 10% |  7% |
|  1 |  2% |  7% |
|  2 |  2% |  7% |
|  3 |  0% |  0% |
| ID | GPU | MEM |
------------------
|  0 |  8% |  7% |
|  1 |  1% |  7% |
|  2 |  1% |  7% |
|  3 |  0% |  0% |
| ID | GPU | MEM |
------------------
|  0 |  8% |  7% |
|  1 |  1% |  7% |
|  2 |  1% |  7% |
|  3 |  0% |  0% |
Finished training it 2709/2709 of epoch 4 and time taken 0.3510993304252624, 23.31 ms/it, loss 0.278471, accuracy 87.793 %
Finished epoch 4
| ID | GPU | MEM |
------------------
|  0 | 16% |  7% |
|  1 |  2% |  7% |
|  2 |  2% |  7% |
|  3 |  0% |  0% |
| ID | GPU | MEM |
------------------
|  0 | 12% |  7% |
|  1 |  1% |  7% |
|  2 |  1% |  7% |
|  3 |  0% |  0% |
| ID | GPU | MEM |
------------------
|  0 | 12% |  7% |
|  1 |  2% |  7% |
|  2 |  2% |  7% |
|  3 |  0% |  0% |
| ID | GPU | MEM |
------------------
|  0 |  7% |  7% |
|  1 |  1% |  7% |
|  2 |  1% |  7% |
|  3 |  0% |  0% |
| ID | GPU | MEM |
------------------
|  0 | 11% |  7% |
|  1 |  1% |  7% |
|  2 |  1% |  7% |
|  3 |  0% |  0% |
| ID | GPU | MEM |
------------------
|  0 | 10% |  7% |
|  1 |  2% |  7% |
|  2 |  2% |  7% |
|  3 |  0% |  0% |
| ID | GPU | MEM |
------------------
|  0 |  9% |  7% |
|  1 |  1% |  7% |
|  2 |  1% |  7% |
|  3 |  0% |  0% |
| ID | GPU | MEM |
------------------
|  0 | 18% |  7% |
|  1 |  2% |  7% |
|  2 |  1% |  7% |
|  3 |  0% |  0% |
| ID | GPU | MEM |
------------------
|  0 |  9% |  7% |
|  1 |  2% |  7% |
|  2 |  2% |  7% |
|  3 |  0% |  0% |
| ID | GPU | MEM |
------------------
|  0 | 10% |  7% |
|  1 |  1% |  7% |
|  2 |  1% |  7% |
|  3 |  0% |  0% |
| ID | GPU | MEM |
------------------
|  0 | 14% |  7% |
|  1 |  2% |  7% |
|  2 |  1% |  7% |
|  3 |  0% |  0% |
Finished training it 1024/2709 of epoch 5 and time taken 0.3786579079627991, 26.08 ms/it, loss 0.262357, accuracy 88.470 %
| ID | GPU | MEM |
------------------
|  0 |  8% |  7% |
|  1 |  1% |  7% |
|  2 |  1% |  7% |
|  3 |  0% |  0% |
| ID | GPU | MEM |
------------------
|  0 | 11% |  7% |
|  1 |  1% |  7% |
|  2 |  1% |  7% |
|  3 |  0% |  0% |
| ID | GPU | MEM |
------------------
|  0 |  7% |  7% |
|  1 |  2% |  7% |
|  2 |  2% |  7% |
|  3 |  0% |  0% |
| ID | GPU | MEM |
------------------
|  0 | 11% |  7% |
|  1 |  1% |  7% |
|  2 |  1% |  7% |
|  3 |  0% |  0% |
| ID | GPU | MEM |
------------------
|  0 | 20% |  7% |
|  1 |  2% |  7% |
|  2 |  1% |  7% |
|  3 |  0% |  0% |
| ID | GPU | MEM |
------------------
|  0 |  7% |  7% |
|  1 |  2% |  7% |
|  2 |  2% |  7% |
|  3 |  0% |  0% |
| ID | GPU | MEM |
------------------
|  0 | 11% |  7% |
|  1 |  1% |  7% |
|  2 |  1% |  7% |
|  3 |  0% |  0% |
| ID | GPU | MEM |
------------------
|  0 | 10% |  7% |
|  1 |  2% |  7% |
|  2 |  1% |  7% |
|  3 |  0% |  0% |
| ID | GPU | MEM |
------------------
|  0 |  8% |  7% |
|  1 |  1% |  7% |
|  2 |  2% |  7% |
|  3 |  0% |  0% |
| ID | GPU | MEM |
------------------
|  0 | 10% |  7% |
|  1 |  1% |  7% |
|  2 |  1% |  7% |
|  3 |  0% |  0% |
| ID | GPU | MEM |
------------------
|  0 | 11% |  7% |
|  1 |  1% |  7% |
|  2 |  2% |  7% |
|  3 |  0% |  0% |
Finished training it 2048/2709 of epoch 5 and time taken 0.4032784426212311, 23.25 ms/it, loss 0.240751, accuracy 89.395 %
| ID | GPU | MEM |
------------------
|  0 | 10% |  7% |
|  1 |  1% |  7% |
|  2 |  1% |  7% |
|  3 |  0% |  0% |
| ID | GPU | MEM |
------------------
|  0 | 27% |  7% |
|  1 |  1% |  7% |
|  2 |  2% |  7% |
|  3 |  0% |  0% |
| ID | GPU | MEM |
------------------
|  0 |  9% |  7% |
|  1 |  1% |  7% |
|  2 |  1% |  7% |
|  3 |  0% |  0% |
| ID | GPU | MEM |
------------------
|  0 | 48% |  7% |
|  1 |  2% |  7% |
|  2 |  2% |  7% |
|  3 |  0% |  0% |
| ID | GPU | MEM |
------------------
|  0 | 19% |  7% |
|  1 |  1% |  7% |
|  2 |  1% |  7% |
|  3 |  0% |  0% |
| ID | GPU | MEM |
------------------
|  0 | 13% |  7% |
|  1 |  1% |  7% |
|  2 |  1% |  7% |
|  3 |  0% |  0% |
| ID | GPU | MEM |
------------------
|  0 | 55% |  7% |
|  1 |  2% |  7% |
|  2 |  1% |  7% |
|  3 |  0% |  0% |
Finished training it 2709/2709 of epoch 5 and time taken 0.4189624490737915, 23.11 ms/it, loss 0.234778, accuracy 89.656 %
Finished epoch 5
| ID | GPU | MEM |
------------------
|  0 |  8% |  7% |
|  1 |  2% |  7% |
|  2 |  0% |  7% |
|  3 |  0% |  0% |
| ID | GPU | MEM |
------------------
|  0 |  7% |  7% |
|  1 |  1% |  7% |
|  2 |  1% |  7% |
|  3 |  0% |  0% |
| ID | GPU | MEM |
------------------
|  0 | 10% |  7% |
|  1 |  1% |  7% |
|  2 |  1% |  7% |
|  3 |  0% |  0% |
| ID | GPU | MEM |
------------------
|  0 |  7% |  7% |
|  1 |  2% |  7% |
|  2 |  2% |  7% |
|  3 |  0% |  0% |
| ID | GPU | MEM |
------------------
|  0 | 10% |  7% |
|  1 |  1% |  7% |
|  2 |  1% |  7% |
|  3 |  0% |  0% |
| ID | GPU | MEM |
------------------
|  0 | 17% |  7% |
|  1 |  2% |  7% |
|  2 |  1% |  7% |
|  3 |  0% |  0% |
| ID | GPU | MEM |
------------------
|  0 | 10% |  7% |
|  1 |  2% |  7% |
|  2 |  2% |  7% |
|  3 |  0% |  0% |
| ID | GPU | MEM |
------------------
|  0 | 11% |  7% |
|  1 |  1% |  7% |
|  2 |  1% |  7% |
|  3 |  0% |  0% |
| ID | GPU | MEM |
------------------
|  0 | 21% |  7% |
|  1 |  2% |  7% |
|  2 |  1% |  7% |
|  3 |  0% |  0% |
| ID | GPU | MEM |
------------------
|  0 |  8% |  7% |
|  1 |  2% |  7% |
|  2 |  2% |  7% |
|  3 |  0% |  0% |
| ID | GPU | MEM |
------------------
|  0 | 14% |  7% |
|  1 |  1% |  7% |
|  2 |  1% |  7% |
|  3 |  0% |  0% |
| ID | GPU | MEM |
------------------
|  0 | 10% |  7% |
|  1 |  2% |  7% |
|  2 |  1% |  7% |
|  3 |  0% |  0% |
Finished training it 1024/2709 of epoch 6 and time taken 0.4479760639667511, 27.47 ms/it, loss 0.240225, accuracy 89.444 %
| ID | GPU | MEM |
------------------
|  0 |  8% |  7% |
|  1 |  1% |  7% |
|  2 |  1% |  7% |
|  3 |  0% |  0% |
| ID | GPU | MEM |
------------------
|  0 | 17% |  7% |
|  1 |  1% |  7% |
|  2 |  1% |  7% |
|  3 |  0% |  0% |
| ID | GPU | MEM |
------------------
|  0 |  8% |  7% |
|  1 |  2% |  7% |
|  2 |  2% |  7% |
|  3 |  0% |  0% |
| ID | GPU | MEM |
------------------
|  0 | 10% |  7% |
|  1 |  1% |  7% |
|  2 |  1% |  7% |
|  3 |  0% |  0% |
| ID | GPU | MEM |
------------------
|  0 | 13% |  7% |
|  1 |  2% |  7% |
|  2 |  1% |  7% |
|  3 |  0% |  0% |
| ID | GPU | MEM |
------------------
|  0 |  7% |  7% |
|  1 |  2% |  7% |
|  2 |  2% |  7% |
|  3 |  0% |  0% |
| ID | GPU | MEM |
------------------
|  0 | 10% |  7% |
|  1 |  1% |  7% |
|  2 |  1% |  7% |
|  3 |  0% |  0% |
| ID | GPU | MEM |
------------------
|  0 | 10% |  7% |
|  1 |  2% |  7% |
|  2 |  2% |  7% |
|  3 |  0% |  0% |
| ID | GPU | MEM |
------------------
|  0 |  8% |  7% |
|  1 |  1% |  7% |
|  2 |  1% |  7% |
|  3 |  0% |  0% |
| ID | GPU | MEM |
------------------
|  0 | 15% |  7% |
|  1 |  2% |  7% |
|  2 |  1% |  7% |
|  3 |  0% |  0% |
| ID | GPU | MEM |
------------------
|  0 | 10% |  7% |
|  1 |  2% |  7% |
|  2 |  2% |  7% |
|  3 |  0% |  0% |
Finished training it 2048/2709 of epoch 6 and time taken 0.4727478673458099, 23.43 ms/it, loss 0.246063, accuracy 89.218 %
| ID | GPU | MEM |
------------------
|  0 |  7% |  7% |
|  1 |  1% |  7% |
|  2 |  1% |  7% |
|  3 |  0% |  0% |
| ID | GPU | MEM |
------------------
|  0 | 12% |  7% |
|  1 |  2% |  7% |
|  2 |  1% |  7% |
|  3 |  0% |  0% |
| ID | GPU | MEM |
------------------
|  0 |  7% |  7% |
|  1 |  1% |  7% |
|  2 |  2% |  7% |
|  3 |  0% |  0% |
| ID | GPU | MEM |
------------------
|  0 | 40% |  7% |
|  1 |  1% |  7% |
|  2 |  2% |  7% |
|  3 |  0% |  0% |
| ID | GPU | MEM |
------------------
|  0 | 10% |  7% |
|  1 |  1% |  7% |
|  2 |  0% |  7% |
|  3 |  0% |  0% |
| ID | GPU | MEM |
------------------
|  0 | 10% |  7% |
|  1 |  1% |  7% |
|  2 |  1% |  7% |
|  3 |  0% |  0% |
| ID | GPU | MEM |
------------------
|  0 | 33% |  7% |
|  1 |  0% |  7% |
|  2 |  1% |  7% |
|  3 |  0% |  0% |
Finished training it 2709/2709 of epoch 6 and time taken 0.4886399145126343, 23.35 ms/it, loss 0.269382, accuracy 88.190 %
Finished epoch 6
| ID | GPU | MEM |
------------------
|  0 | 42% |  7% |
|  1 |  0% |  7% |
|  2 |  1% |  7% |
|  3 |  0% |  0% |
| ID | GPU | MEM |
------------------
|  0 | 13% |  7% |
|  1 |  2% |  7% |
|  2 |  1% |  7% |
|  3 |  0% |  0% |
| ID | GPU | MEM |
------------------
|  0 |  7% |  7% |
|  1 |  1% |  7% |
|  2 |  1% |  7% |
|  3 |  0% |  0% |
| ID | GPU | MEM |
------------------
|  0 | 10% |  7% |
|  1 |  1% |  7% |
|  2 |  1% |  7% |
|  3 |  0% |  0% |
| ID | GPU | MEM |
------------------
|  0 | 10% |  7% |
|  1 |  2% |  7% |
|  2 |  2% |  7% |
|  3 |  0% |  0% |
| ID | GPU | MEM |
------------------
|  0 |  9% |  7% |
|  1 |  1% |  7% |
|  2 |  2% |  7% |
|  3 |  0% |  0% |
| ID | GPU | MEM |
------------------
|  0 |  7% |  7% |
|  1 |  1% |  7% |
|  2 |  1% |  7% |
|  3 |  0% |  0% |
| ID | GPU | MEM |
------------------
|  0 | 10% |  7% |
|  1 |  2% |  7% |
|  2 |  2% |  7% |
|  3 |  0% |  0% |
| ID | GPU | MEM |
------------------
|  0 |  7% |  7% |
|  1 |  1% |  7% |
|  2 |  1% |  7% |
|  3 |  0% |  0% |
| ID | GPU | MEM |
------------------
|  0 | 15% |  7% |
|  1 |  1% |  7% |
|  2 |  1% |  7% |
|  3 |  0% |  0% |
| ID | GPU | MEM |
------------------
|  0 | 11% |  7% |
|  1 |  2% |  7% |
|  2 |  2% |  7% |
|  3 |  0% |  0% |
| ID | GPU | MEM |
------------------
|  0 | 10% |  7% |
|  1 |  1% |  7% |
|  2 |  1% |  7% |
|  3 |  0% |  0% |
Finished training it 1024/2709 of epoch 7 and time taken 0.5170682065486908, 26.79 ms/it, loss 0.250353, accuracy 88.846 %
| ID | GPU | MEM |
------------------
|  0 | 13% |  7% |
|  1 |  2% |  7% |
|  2 |  1% |  7% |
|  3 |  0% |  0% |
| ID | GPU | MEM |
------------------
|  0 |  5% |  7% |
|  1 |  1% |  7% |
|  2 |  1% |  7% |
|  3 |  0% |  0% |
| ID | GPU | MEM |
------------------
|  0 | 16% |  7% |
|  1 |  1% |  7% |
|  2 |  1% |  7% |
|  3 |  0% |  0% |
| ID | GPU | MEM |
------------------
|  0 |  7% |  7% |
|  1 |  2% |  7% |
|  2 |  2% |  7% |
|  3 |  0% |  0% |
| ID | GPU | MEM |
------------------
|  0 |  9% |  7% |
|  1 |  1% |  7% |
|  2 |  1% |  7% |
|  3 |  0% |  0% |
| ID | GPU | MEM |
------------------
|  0 | 20% |  7% |
|  1 |  1% |  7% |
|  2 |  1% |  7% |
|  3 |  0% |  0% |
| ID | GPU | MEM |
------------------
|  0 |  8% |  7% |
|  1 |  2% |  7% |
|  2 |  2% |  7% |
|  3 |  0% |  0% |
| ID | GPU | MEM |
------------------
|  0 | 15% |  7% |
|  1 |  1% |  7% |
|  2 |  1% |  7% |
|  3 |  0% |  0% |
| ID | GPU | MEM |
------------------
|  0 | 10% |  7% |
|  1 |  2% |  7% |
|  2 |  1% |  7% |
|  3 |  0% |  0% |
| ID | GPU | MEM |
------------------
|  0 | 10% |  7% |
|  1 |  1% |  7% |
|  2 |  2% |  7% |
|  3 |  0% |  0% |
| ID | GPU | MEM |
------------------
|  0 | 15% |  7% |
|  1 |  1% |  7% |
|  2 |  1% |  7% |
|  3 |  0% |  0% |
Finished training it 2048/2709 of epoch 7 and time taken 0.5428918979167938, 24.54 ms/it, loss 0.216180, accuracy 90.457 %
| ID | GPU | MEM |
------------------
|  0 | 17% |  7% |
|  1 |  3% |  7% |
|  2 |  1% |  7% |
|  3 |  0% |  0% |
| ID | GPU | MEM |
------------------
|  0 |  7% |  7% |
|  1 |  0% |  7% |
|  2 |  1% |  7% |
|  3 |  0% |  0% |
| ID | GPU | MEM |
------------------
|  0 | 15% |  7% |
|  1 |  2% |  7% |
|  2 |  1% |  7% |
|  3 |  0% |  0% |
| ID | GPU | MEM |
------------------
|  0 | 12% |  7% |
|  1 |  1% |  7% |
|  2 |  1% |  7% |
|  3 |  0% |  0% |
| ID | GPU | MEM |
------------------
|  0 | 13% |  7% |
|  1 |  2% |  7% |
|  2 |  1% |  7% |
|  3 |  0% |  0% |
| ID | GPU | MEM |
------------------
|  0 |  8% |  7% |
|  1 |  1% |  7% |
|  2 |  2% |  7% |
|  3 |  0% |  0% |
| ID | GPU | MEM |
------------------
|  0 |  9% |  7% |
|  1 |  2% |  7% |
|  2 |  1% |  7% |
|  3 |  0% |  0% |
Finished training it 2709/2709 of epoch 7 and time taken 0.5587996129989624, 23.29 ms/it, loss 0.230358, accuracy 90.313 %
Finished epoch 7
| ID | GPU | MEM |
------------------
|  0 | 10% |  7% |
|  1 |  0% |  7% |
|  2 |  0% |  7% |
|  3 |  0% |  0% |
| ID | GPU | MEM |
------------------
|  0 |  8% |  7% |
|  1 |  1% |  7% |
|  2 |  2% |  7% |
|  3 |  0% |  0% |
| ID | GPU | MEM |
------------------
|  0 |  8% |  7% |
|  1 |  1% |  7% |
|  2 |  1% |  7% |
|  3 |  0% |  0% |
| ID | GPU | MEM |
------------------
|  0 | 12% |  7% |
|  1 |  2% |  7% |
|  2 |  1% |  7% |
|  3 |  0% |  0% |
| ID | GPU | MEM |
------------------
|  0 |  5% |  7% |
|  1 |  1% |  7% |
|  2 |  2% |  7% |
|  3 |  0% |  0% |
| ID | GPU | MEM |
------------------
|  0 |  8% |  7% |
|  1 |  1% |  7% |
|  2 |  1% |  7% |
|  3 |  0% |  0% |
| ID | GPU | MEM |
------------------
|  0 | 10% |  7% |
|  1 |  2% |  7% |
|  2 |  1% |  7% |
|  3 |  0% |  0% |
| ID | GPU | MEM |
------------------
|  0 |  7% |  7% |
|  1 |  1% |  7% |
|  2 |  1% |  7% |
|  3 |  0% |  0% |
| ID | GPU | MEM |
------------------
|  0 | 12% |  7% |
|  1 |  2% |  7% |
|  2 |  1% |  7% |
|  3 |  0% |  0% |
| ID | GPU | MEM |
------------------
|  0 |  7% |  7% |
|  1 |  1% |  7% |
|  2 |  2% |  7% |
|  3 |  0% |  0% |
| ID | GPU | MEM |
------------------
|  0 |  9% |  7% |
|  1 |  1% |  7% |
|  2 |  1% |  7% |
|  3 |  0% |  0% |
| ID | GPU | MEM |
------------------
|  0 |  8% |  7% |
|  1 |  2% |  7% |
|  2 |  2% |  7% |
|  3 |  0% |  0% |
Finished training it 1024/2709 of epoch 8 and time taken 0.5881632540225983, 27.80 ms/it, loss 0.241679, accuracy 89.273 %
| ID | GPU | MEM |
------------------
|  0 |  5% |  7% |
|  1 |  1% |  7% |
|  2 |  1% |  7% |
|  3 |  0% |  0% |
| ID | GPU | MEM |
------------------
|  0 | 12% |  7% |
|  1 |  1% |  7% |
|  2 |  1% |  7% |
|  3 |  0% |  0% |
| ID | GPU | MEM |
------------------
|  0 |  7% |  7% |
|  1 |  1% |  7% |
|  2 |  2% |  7% |
|  3 |  0% |  0% |
| ID | GPU | MEM |
------------------
|  0 | 10% |  7% |
|  1 |  1% |  7% |
|  2 |  1% |  7% |
|  3 |  0% |  0% |
| ID | GPU | MEM |
------------------
|  0 | 10% |  7% |
|  1 |  2% |  7% |
|  2 |  2% |  7% |
|  3 |  0% |  0% |
| ID | GPU | MEM |
------------------
|  0 |  5% |  7% |
|  1 |  1% |  7% |
|  2 |  1% |  7% |
|  3 |  0% |  0% |
| ID | GPU | MEM |
------------------
|  0 | 12% |  7% |
|  1 |  1% |  7% |
|  2 |  1% |  7% |
|  3 |  0% |  0% |
| ID | GPU | MEM |
------------------
|  0 |  7% |  7% |
|  1 |  1% |  7% |
|  2 |  2% |  7% |
|  3 |  0% |  0% |
| ID | GPU | MEM |
------------------
|  0 | 10% |  7% |
|  1 |  1% |  7% |
|  2 |  1% |  7% |
|  3 |  0% |  0% |
| ID | GPU | MEM |
------------------
|  0 | 10% |  7% |
|  1 |  2% |  7% |
|  2 |  1% |  7% |
|  3 |  0% |  0% |
| ID | GPU | MEM |
------------------
|  0 |  8% |  7% |
|  1 |  1% |  7% |
|  2 |  2% |  7% |
|  3 |  0% |  0% |
| ID | GPU | MEM |
------------------
|  0 |  8% |  7% |
|  1 |  1% |  7% |
|  2 |  1% |  7% |
|  3 |  0% |  0% |
Finished training it 2048/2709 of epoch 8 and time taken 0.6139101674556732, 24.30 ms/it, loss 0.236016, accuracy 89.825 %
| ID | GPU | MEM |
------------------
|  0 | 10% |  7% |
|  1 |  2% |  7% |
|  2 |  1% |  7% |
|  3 |  0% |  0% |
| ID | GPU | MEM |
------------------
|  0 | 10% |  7% |
|  1 |  1% |  7% |
|  2 |  1% |  7% |
|  3 |  0% |  0% |
| ID | GPU | MEM |
------------------
|  0 | 12% |  7% |
|  1 |  1% |  7% |
|  2 |  1% |  7% |
|  3 |  0% |  0% |
| ID | GPU | MEM |
------------------
|  0 |  8% |  7% |
|  1 |  2% |  7% |
|  2 |  2% |  7% |
|  3 |  0% |  0% |
| ID | GPU | MEM |
------------------
|  0 |  8% |  7% |
|  1 |  1% |  7% |
|  2 |  1% |  7% |
|  3 |  0% |  0% |
| ID | GPU | MEM |
------------------
|  0 | 11% |  7% |
|  1 |  2% |  7% |
|  2 |  1% |  7% |
|  3 |  0% |  0% |
| ID | GPU | MEM |
------------------
|  0 |  8% |  7% |
|  1 |  1% |  7% |
|  2 |  1% |  7% |
|  3 |  0% |  0% |
Finished training it 2709/2709 of epoch 8 and time taken 0.6297113032341003, 23.24 ms/it, loss 0.238081, accuracy 89.694 %
Finished epoch 8
| ID | GPU | MEM |
------------------
|  0 | 62% |  7% |
|  1 |  0% |  7% |
|  2 |  0% |  7% |
|  3 |  0% |  0% |
| ID | GPU | MEM |
------------------
|  0 | 11% |  7% |
|  1 |  2% |  7% |
|  2 |  2% |  7% |
|  3 |  0% |  0% |
| ID | GPU | MEM |
------------------
|  0 |  9% |  7% |
|  1 |  1% |  7% |
|  2 |  1% |  7% |
|  3 |  0% |  0% |
| ID | GPU | MEM |
------------------
|  0 | 17% |  7% |
|  1 |  2% |  7% |
|  2 |  1% |  7% |
|  3 |  0% |  0% |
| ID | GPU | MEM |
------------------
|  0 |  8% |  7% |
|  1 |  2% |  7% |
|  2 |  2% |  7% |
|  3 |  0% |  0% |
| ID | GPU | MEM |
------------------
|  0 |  9% |  7% |
|  1 |  1% |  7% |
|  2 |  1% |  7% |
|  3 |  0% |  0% |
| ID | GPU | MEM |
------------------
|  0 | 13% |  7% |
|  1 |  2% |  7% |
|  2 |  1% |  7% |
|  3 |  0% |  0% |
| ID | GPU | MEM |
------------------
|  0 |  8% |  7% |
|  1 |  1% |  7% |
|  2 |  2% |  7% |
|  3 |  0% |  0% |
| ID | GPU | MEM |
------------------
|  0 | 18% |  7% |
|  1 |  1% |  7% |
|  2 |  1% |  7% |
|  3 |  0% |  0% |
| ID | GPU | MEM |
------------------
|  0 |  8% |  7% |
|  1 |  2% |  7% |
|  2 |  2% |  7% |
|  3 |  0% |  0% |
| ID | GPU | MEM |
------------------
|  0 | 14% |  7% |
|  1 |  1% |  7% |
|  2 |  1% |  7% |
|  3 |  0% |  0% |
| ID | GPU | MEM |
------------------
|  0 |  8% |  7% |
|  1 |  2% |  7% |
|  2 |  2% |  7% |
|  3 |  0% |  0% |
Finished training it 1024/2709 of epoch 9 and time taken 0.6582455670833588, 26.92 ms/it, loss 0.214415, accuracy 90.637 %
| ID | GPU | MEM |
------------------
|  0 | 11% |  7% |
|  1 |  1% |  7% |
|  2 |  1% |  7% |
|  3 |  0% |  0% |
| ID | GPU | MEM |
------------------
|  0 | 25% |  7% |
|  1 |  0% |  7% |
|  2 |  0% |  7% |
|  3 |  0% |  0% |
| ID | GPU | MEM |
------------------
|  0 |  9% |  7% |
|  1 |  1% |  7% |
|  2 |  1% |  7% |
|  3 |  0% |  0% |
| ID | GPU | MEM |
------------------
|  0 | 47% |  7% |
|  1 |  1% |  7% |
|  2 |  1% |  7% |
|  3 |  0% |  0% |
| ID | GPU | MEM |
------------------
|  0 |  7% |  7% |
|  1 |  1% |  7% |
|  2 |  0% |  7% |
|  3 |  0% |  0% |
| ID | GPU | MEM |
------------------
|  0 | 51% |  7% |
|  1 |  1% |  7% |
|  2 |  1% |  7% |
|  3 |  0% |  0% |
| ID | GPU | MEM |
------------------
|  0 | 18% |  7% |
|  1 |  0% |  7% |
|  2 |  1% |  7% |
|  3 |  0% |  0% |
| ID | GPU | MEM |
------------------
|  0 | 10% |  7% |
|  1 |  1% |  7% |
|  2 |  1% |  7% |
|  3 |  0% |  0% |
| ID | GPU | MEM |
------------------
|  0 | 36% |  7% |
|  1 |  1% |  7% |
|  2 |  1% |  7% |
|  3 |  0% |  0% |
| ID | GPU | MEM |
------------------
|  0 | 10% |  7% |
|  1 |  1% |  7% |
|  2 |  0% |  7% |
|  3 |  0% |  0% |
| ID | GPU | MEM |
------------------
|  0 | 22% |  7% |
|  1 |  1% |  7% |
|  2 |  2% |  7% |
|  3 |  0% |  0% |
Finished training it 2048/2709 of epoch 9 and time taken 0.6827505621910095, 23.26 ms/it, loss 0.214374, accuracy 90.665 %
| ID | GPU | MEM |
------------------
|  0 | 10% |  7% |
|  1 |  1% |  7% |
|  2 |  1% |  7% |
|  3 |  0% |  0% |
| ID | GPU | MEM |
------------------
|  0 | 38% |  7% |
|  1 |  2% |  7% |
|  2 |  1% |  7% |
|  3 |  0% |  0% |
| ID | GPU | MEM |
------------------
|  0 | 21% |  7% |
|  1 |  1% |  7% |
|  2 |  1% |  7% |
|  3 |  0% |  0% |
| ID | GPU | MEM |
------------------
|  0 | 12% |  7% |
|  1 |  1% |  7% |
|  2 |  1% |  7% |
|  3 |  0% |  0% |
| ID | GPU | MEM |
------------------
|  0 | 43% |  7% |
|  1 |  1% |  7% |
|  2 |  2% |  7% |
|  3 |  0% |  0% |
| ID | GPU | MEM |
------------------
|  0 |  8% |  7% |
|  1 |  1% |  7% |
|  2 |  0% |  7% |
|  3 |  0% |  0% |
| ID | GPU | MEM |
------------------
|  0 | 52% |  7% |
|  1 |  2% |  7% |
|  2 |  1% |  7% |
|  3 |  0% |  0% |
Finished training it 2709/2709 of epoch 9 and time taken 0.6984615032672882, 23.10 ms/it, loss 0.211539, accuracy 90.800 %
Finished epoch 9
Finished the program
