python3: no process found

c4130-110133:25484:25484 [0] misc/ibvwrap.cc:63 NCCL WARN Failed to open libibverbs.so[.1]
NCCL version 2.4.8+cuda10.1
Using 3 GPU(s)...
Sparse features= 9, Dense features= 24
Sparse features= 9, Dense features= 24
time/loss/accuracy (if enabled):
| ID | GPU | MEM |
------------------
|  0 |  1% |  7% |
|  1 |  0% |  0% |
|  2 |  0% |  0% |
|  3 |  0% |  0% |
| ID | GPU | MEM |
------------------
|  0 |  0% |  7% |
|  1 |  0% |  4% |
|  2 |  0% |  0% |
|  3 |  0% |  0% |
| ID | GPU | MEM |
------------------
|  0 |  0% |  7% |
|  1 |  0% |  7% |
|  2 |  0% |  0% |
|  3 |  0% |  0% |
| ID | GPU | MEM |
------------------
|  0 |  0% |  7% |
|  1 |  0% |  7% |
|  2 |  0% |  4% |
|  3 |  0% |  0% |
| ID | GPU | MEM |
------------------
|  0 |  0% |  7% |
|  1 |  0% |  7% |
|  2 |  2% |  7% |
|  3 |  0% |  0% |
| ID | GPU | MEM |
------------------
|  0 | 14% |  7% |
|  1 |  3% |  7% |
|  2 |  2% |  7% |
|  3 |  0% |  0% |
| ID | GPU | MEM |
------------------
|  0 | 12% |  7% |
|  1 |  3% |  7% |
|  2 |  2% |  7% |
|  3 |  0% |  0% |
| ID | GPU | MEM |
------------------
|  0 | 10% |  7% |
|  1 |  2% |  7% |
|  2 |  2% |  7% |
|  3 |  0% |  0% |
| ID | GPU | MEM |
------------------
|  0 |  8% |  7% |
|  1 |  2% |  7% |
|  2 |  2% |  7% |
|  3 |  0% |  0% |
| ID | GPU | MEM |
------------------
|  0 | 12% |  7% |
|  1 |  2% |  7% |
|  2 |  2% |  7% |
|  3 |  0% |  0% |
| ID | GPU | MEM |
------------------
|  0 | 11% |  7% |
|  1 |  2% |  7% |
|  2 |  2% |  7% |
|  3 |  0% |  0% |
| ID | GPU | MEM |
------------------
|  0 | 10% |  7% |
|  1 |  2% |  7% |
|  2 |  2% |  7% |
|  3 |  0% |  0% |
| ID | GPU | MEM |
------------------
|  0 | 10% |  7% |
|  1 |  2% |  7% |
|  2 |  1% |  7% |
|  3 |  0% |  0% |
| ID | GPU | MEM |
------------------
|  0 | 13% |  7% |
|  1 |  2% |  7% |
|  2 |  1% |  7% |
|  3 |  0% |  0% |
| ID | GPU | MEM |
------------------
|  0 | 12% |  7% |
|  1 |  1% |  7% |
|  2 |  1% |  7% |
|  3 |  0% |  0% |
| ID | GPU | MEM |
------------------
|  0 | 14% |  7% |
|  1 |  2% |  7% |
|  2 |  2% |  7% |
|  3 |  0% |  0% |
| ID | GPU | MEM |
------------------
|  0 | 17% |  7% |
|  1 |  1% |  7% |
|  2 |  1% |  7% |
|  3 |  0% |  0% |
Finished training it 1024/2709 of epoch 0 and time taken 0.03526997542381287, 33.74 ms/it, loss 0.618252, accuracy 65.378 %
| ID | GPU | MEM |
------------------
|  0 | 19% |  7% |
|  1 |  2% |  7% |
|  2 |  1% |  7% |
|  3 |  0% |  0% |
| ID | GPU | MEM |
------------------
|  0 | 22% |  7% |
|  1 |  2% |  7% |
|  2 |  1% |  7% |
|  3 |  0% |  0% |
| ID | GPU | MEM |
------------------
|  0 | 21% |  7% |
|  1 |  2% |  7% |
|  2 |  2% |  7% |
|  3 |  0% |  0% |
| ID | GPU | MEM |
------------------
|  0 | 23% |  7% |
|  1 |  3% |  7% |
|  2 |  2% |  7% |
|  3 |  0% |  0% |
| ID | GPU | MEM |
------------------
|  0 | 11% |  7% |
|  1 |  3% |  7% |
|  2 |  2% |  7% |
|  3 |  0% |  0% |
| ID | GPU | MEM |
------------------
|  0 | 12% |  7% |
|  1 |  3% |  7% |
|  2 |  2% |  7% |
|  3 |  0% |  0% |
| ID | GPU | MEM |
------------------
|  0 |  8% |  7% |
|  1 |  2% |  7% |
|  2 |  2% |  7% |
|  3 |  0% |  0% |
| ID | GPU | MEM |
------------------
|  0 | 13% |  7% |
|  1 |  2% |  7% |
|  2 |  2% |  7% |
|  3 |  0% |  0% |
| ID | GPU | MEM |
------------------
|  0 | 13% |  7% |
|  1 |  2% |  7% |
|  2 |  3% |  7% |
|  3 |  0% |  0% |
| ID | GPU | MEM |
------------------
|  0 | 11% |  7% |
|  1 |  2% |  7% |
|  2 |  3% |  7% |
|  3 |  0% |  0% |
| ID | GPU | MEM |
------------------
|  0 | 10% |  7% |
|  1 |  2% |  7% |
|  2 |  2% |  7% |
|  3 |  0% |  0% |
Finished training it 2048/2709 of epoch 0 and time taken 0.060736432790756224, 24.11 ms/it, loss 0.545532, accuracy 71.988 %
| ID | GPU | MEM |
------------------
|  0 | 10% |  7% |
|  1 |  2% |  7% |
|  2 |  1% |  7% |
|  3 |  0% |  0% |
| ID | GPU | MEM |
------------------
|  0 | 14% |  7% |
|  1 |  2% |  7% |
|  2 |  1% |  7% |
|  3 |  0% |  0% |
| ID | GPU | MEM |
------------------
|  0 | 16% |  7% |
|  1 |  2% |  7% |
|  2 |  2% |  7% |
|  3 |  0% |  0% |
| ID | GPU | MEM |
------------------
|  0 | 17% |  7% |
|  1 |  1% |  7% |
|  2 |  1% |  7% |
|  3 |  0% |  0% |
| ID | GPU | MEM |
------------------
|  0 | 12% |  7% |
|  1 |  2% |  7% |
|  2 |  1% |  7% |
|  3 |  0% |  0% |
| ID | GPU | MEM |
------------------
|  0 | 15% |  7% |
|  1 |  2% |  7% |
|  2 |  2% |  7% |
|  3 |  0% |  0% |
| ID | GPU | MEM |
------------------
|  0 | 20% |  7% |
|  1 |  2% |  7% |
|  2 |  1% |  7% |
|  3 |  0% |  0% |
| ID | GPU | MEM |
------------------
|  0 | 23% |  7% |
|  1 |  2% |  7% |
|  2 |  2% |  7% |
|  3 |  0% |  0% |
Finished training it 2709/2709 of epoch 0 and time taken 0.07731013703346253, 24.16 ms/it, loss 0.469706, accuracy 77.463 %
Starting Test loop
| ID | GPU | MEM |
------------------
|  0 |  2% |  7% |
|  1 |  2% |  7% |
|  2 |  2% |  7% |
|  3 |  0% |  0% |
Test loop ended
Testing at - 2709/2709 of epoch 0, loss 0.519469, accuracy 70.581 %, best 70.581 %
Finished epoch 0
| ID | GPU | MEM |
------------------
|  0 |  8% |  7% |
|  1 |  2% |  7% |
|  2 |  2% |  7% |
|  3 |  0% |  0% |
| ID | GPU | MEM |
------------------
|  0 | 11% |  7% |
|  1 |  2% |  7% |
|  2 |  2% |  7% |
|  3 |  0% |  0% |
| ID | GPU | MEM |
------------------
|  0 | 10% |  7% |
|  1 |  2% |  7% |
|  2 |  1% |  7% |
|  3 |  0% |  0% |
| ID | GPU | MEM |
------------------
|  0 | 33% |  7% |
|  1 |  1% |  7% |
|  2 |  2% |  7% |
|  3 |  0% |  0% |
| ID | GPU | MEM |
------------------
|  0 | 56% |  7% |
|  1 |  0% |  7% |
|  2 |  1% |  7% |
|  3 |  0% |  0% |
| ID | GPU | MEM |
------------------
|  0 | 20% |  7% |
|  1 |  1% |  7% |
|  2 |  0% |  7% |
|  3 |  0% |  0% |
| ID | GPU | MEM |
------------------
|  0 | 55% |  7% |
|  1 |  0% |  7% |
|  2 |  1% |  7% |
|  3 |  0% |  0% |
| ID | GPU | MEM |
------------------
|  0 | 80% |  7% |
|  1 |  0% |  7% |
|  2 |  0% |  7% |
|  3 |  0% |  0% |
| ID | GPU | MEM |
------------------
|  0 | 28% |  7% |
|  1 |  1% |  7% |
|  2 |  2% |  7% |
|  3 |  0% |  0% |
| ID | GPU | MEM |
------------------
|  0 | 59% |  7% |
|  1 |  0% |  7% |
|  2 |  0% |  7% |
|  3 |  0% |  0% |
| ID | GPU | MEM |
------------------
|  0 | 14% |  7% |
|  1 |  2% |  7% |
|  2 |  0% |  7% |
|  3 |  0% |  0% |
| ID | GPU | MEM |
------------------
|  0 | 49% |  7% |
|  1 |  0% |  7% |
|  2 |  1% |  7% |
|  3 |  0% |  0% |
Finished training it 1024/2709 of epoch 1 and time taken 0.10613968682289124, 23.92 ms/it, loss 0.418081, accuracy 80.341 %
| ID | GPU | MEM |
------------------
|  0 | 57% |  7% |
|  1 |  0% |  7% |
|  2 |  0% |  7% |
|  3 |  0% |  0% |
| ID | GPU | MEM |
------------------
|  0 | 40% |  7% |
|  1 |  1% |  7% |
|  2 |  1% |  7% |
|  3 |  0% |  0% |
| ID | GPU | MEM |
------------------
|  0 | 69% |  7% |
|  1 |  0% |  7% |
|  2 |  0% |  7% |
|  3 |  0% |  0% |
| ID | GPU | MEM |
------------------
|  0 | 27% |  7% |
|  1 |  1% |  7% |
|  2 |  2% |  7% |
|  3 |  0% |  0% |
| ID | GPU | MEM |
------------------
|  0 | 60% |  7% |
|  1 |  0% |  7% |
|  2 |  0% |  7% |
|  3 |  0% |  0% |
| ID | GPU | MEM |
------------------
|  0 | 11% |  7% |
|  1 |  2% |  7% |
|  2 |  0% |  7% |
|  3 |  0% |  0% |
| ID | GPU | MEM |
------------------
|  0 | 35% |  7% |
|  1 |  1% |  7% |
|  2 |  1% |  7% |
|  3 |  0% |  0% |
| ID | GPU | MEM |
------------------
|  0 | 64% |  7% |
|  1 |  0% |  7% |
|  2 |  0% |  7% |
|  3 |  0% |  0% |
| ID | GPU | MEM |
------------------
|  0 | 11% |  7% |
|  1 |  1% |  7% |
|  2 |  0% |  7% |
|  3 |  0% |  0% |
| ID | GPU | MEM |
------------------
|  0 | 25% |  7% |
|  1 |  1% |  7% |
|  2 |  2% |  7% |
|  3 |  0% |  0% |
| ID | GPU | MEM |
------------------
|  0 | 65% |  7% |
|  1 |  0% |  7% |
|  2 |  0% |  7% |
|  3 |  0% |  0% |
Finished training it 2048/2709 of epoch 1 and time taken 0.13159282279014586, 23.36 ms/it, loss 0.391958, accuracy 81.955 %
| ID | GPU | MEM |
------------------
|  0 | 15% |  7% |
|  1 |  2% |  7% |
|  2 |  1% |  7% |
|  3 |  0% |  0% |
| ID | GPU | MEM |
------------------
|  0 | 48% |  7% |
|  1 |  0% |  7% |
|  2 |  1% |  7% |
|  3 |  0% |  0% |
| ID | GPU | MEM |
------------------
|  0 | 62% |  7% |
|  1 |  1% |  7% |
|  2 |  0% |  7% |
|  3 |  0% |  0% |
| ID | GPU | MEM |
------------------
|  0 | 23% |  7% |
|  1 |  1% |  7% |
|  2 |  2% |  7% |
|  3 |  0% |  0% |
| ID | GPU | MEM |
------------------
|  0 | 67% |  7% |
|  1 |  0% |  7% |
|  2 |  0% |  7% |
|  3 |  0% |  0% |
| ID | GPU | MEM |
------------------
|  0 |  9% |  7% |
|  1 |  2% |  7% |
|  2 |  0% |  7% |
|  3 |  0% |  0% |
| ID | GPU | MEM |
------------------
|  0 | 43% |  7% |
|  1 |  1% |  7% |
|  2 |  1% |  7% |
|  3 |  0% |  0% |
Finished training it 2709/2709 of epoch 1 and time taken 0.14778924989700318, 22.92 ms/it, loss 0.377564, accuracy 82.933 %
Starting Test loop
| ID | GPU | MEM |
------------------
|  0 | 70% |  7% |
|  1 |  0% |  7% |
|  2 |  0% |  7% |
|  3 |  0% |  0% |
| ID | GPU | MEM |
------------------
|  0 |  3% |  7% |
|  1 |  2% |  7% |
|  2 |  2% |  7% |
|  3 |  0% |  0% |
Test loop ended
Testing at - 2709/2709 of epoch 1, loss 0.295968, accuracy 88.359 %, best 88.359 %
Finished epoch 1
| ID | GPU | MEM |
------------------
|  0 | 34% |  7% |
|  1 |  3% |  7% |
|  2 |  2% |  7% |
|  3 |  0% |  0% |
| ID | GPU | MEM |
------------------
|  0 | 11% |  7% |
|  1 |  2% |  7% |
|  2 |  2% |  7% |
|  3 |  0% |  0% |
| ID | GPU | MEM |
------------------
|  0 | 10% |  7% |
|  1 |  2% |  7% |
|  2 |  2% |  7% |
|  3 |  0% |  0% |
| ID | GPU | MEM |
------------------
|  0 | 10% |  7% |
|  1 |  2% |  7% |
|  2 |  2% |  7% |
|  3 |  0% |  0% |
| ID | GPU | MEM |
------------------
|  0 | 10% |  7% |
|  1 |  2% |  7% |
|  2 |  3% |  7% |
|  3 |  0% |  0% |
| ID | GPU | MEM |
------------------
|  0 | 10% |  7% |
|  1 |  2% |  7% |
|  2 |  1% |  7% |
|  3 |  0% |  0% |
| ID | GPU | MEM |
------------------
|  0 |  9% |  7% |
|  1 |  1% |  7% |
|  2 |  1% |  7% |
|  3 |  0% |  0% |
| ID | GPU | MEM |
------------------
|  0 | 11% |  7% |
|  1 |  1% |  7% |
|  2 |  2% |  7% |
|  3 |  0% |  0% |
| ID | GPU | MEM |
------------------
|  0 | 10% |  7% |
|  1 |  2% |  7% |
|  2 |  1% |  7% |
|  3 |  0% |  0% |
| ID | GPU | MEM |
------------------
|  0 | 11% |  7% |
|  1 |  2% |  7% |
|  2 |  1% |  7% |
|  3 |  0% |  0% |
| ID | GPU | MEM |
------------------
|  0 | 12% |  7% |
|  1 |  1% |  7% |
|  2 |  1% |  7% |
|  3 |  0% |  0% |
| ID | GPU | MEM |
------------------
|  0 | 14% |  7% |
|  1 |  2% |  7% |
|  2 |  1% |  7% |
|  3 |  0% |  0% |
Finished training it 1024/2709 of epoch 2 and time taken 0.17666683435440064, 24.53 ms/it, loss 0.347202, accuracy 84.375 %
| ID | GPU | MEM |
------------------
|  0 | 13% |  7% |
|  1 |  2% |  7% |
|  2 |  2% |  7% |
|  3 |  0% |  0% |
| ID | GPU | MEM |
------------------
|  0 | 14% |  7% |
|  1 |  2% |  7% |
|  2 |  1% |  7% |
|  3 |  0% |  0% |
| ID | GPU | MEM |
------------------
|  0 | 19% |  7% |
|  1 |  2% |  7% |
|  2 |  2% |  7% |
|  3 |  0% |  0% |
| ID | GPU | MEM |
------------------
|  0 | 19% |  7% |
|  1 |  2% |  7% |
|  2 |  2% |  7% |
|  3 |  0% |  0% |
| ID | GPU | MEM |
------------------
|  0 | 15% |  7% |
|  1 |  2% |  7% |
|  2 |  2% |  7% |
|  3 |  0% |  0% |
| ID | GPU | MEM |
------------------
|  0 | 10% |  7% |
|  1 |  2% |  7% |
|  2 |  2% |  7% |
|  3 |  0% |  0% |
| ID | GPU | MEM |
------------------
|  0 |  9% |  7% |
|  1 |  2% |  7% |
|  2 |  2% |  7% |
|  3 |  0% |  0% |
| ID | GPU | MEM |
------------------
|  0 | 10% |  7% |
|  1 |  2% |  7% |
|  2 |  2% |  7% |
|  3 |  0% |  0% |
| ID | GPU | MEM |
------------------
|  0 |  8% |  7% |
|  1 |  2% |  7% |
|  2 |  1% |  7% |
|  3 |  0% |  0% |
| ID | GPU | MEM |
------------------
|  0 | 29% |  7% |
|  1 |  1% |  7% |
|  2 |  1% |  7% |
|  3 |  0% |  0% |
| ID | GPU | MEM |
------------------
|  0 | 62% |  7% |
|  1 |  0% |  7% |
|  2 |  0% |  7% |
|  3 |  0% |  0% |
| ID | GPU | MEM |
------------------
|  0 | 12% |  7% |
|  1 |  1% |  7% |
|  2 |  1% |  7% |
|  3 |  0% |  0% |
Finished training it 2048/2709 of epoch 2 and time taken 0.2027169017791748, 24.44 ms/it, loss 0.340362, accuracy 84.479 %
| ID | GPU | MEM |
------------------
|  0 | 63% |  7% |
|  1 |  0% |  7% |
|  2 |  0% |  7% |
|  3 |  0% |  0% |
| ID | GPU | MEM |
------------------
|  0 | 12% |  7% |
|  1 |  2% |  7% |
|  2 |  0% |  7% |
|  3 |  0% |  0% |
| ID | GPU | MEM |
------------------
|  0 | 35% |  7% |
|  1 |  1% |  7% |
|  2 |  1% |  7% |
|  3 |  0% |  0% |
| ID | GPU | MEM |
------------------
|  0 | 63% |  7% |
|  1 |  0% |  7% |
|  2 |  0% |  7% |
|  3 |  0% |  0% |
| ID | GPU | MEM |
------------------
|  0 | 61% |  7% |
|  1 |  1% |  7% |
|  2 |  1% |  7% |
|  3 |  0% |  0% |
| ID | GPU | MEM |
------------------
|  0 | 48% |  7% |
|  1 |  0% |  7% |
|  2 |  1% |  7% |
|  3 |  0% |  0% |
| ID | GPU | MEM |
------------------
|  0 | 68% |  7% |
|  1 |  0% |  7% |
|  2 |  0% |  7% |
|  3 |  0% |  0% |
Finished training it 2709/2709 of epoch 2 and time taken 0.21895871901512146, 23.09 ms/it, loss 0.331671, accuracy 85.311 %
Starting Test loop
| ID | GPU | MEM |
------------------
|  0 |  2% |  7% |
|  1 |  1% |  7% |
|  2 |  2% |  7% |
|  3 |  0% |  0% |
Test loop ended
Testing at - 2709/2709 of epoch 2, loss 0.269884, accuracy 88.587 %, best 88.587 %
Finished epoch 2
| ID | GPU | MEM |
------------------
|  0 | 10% |  7% |
|  1 |  2% |  7% |
|  2 |  3% |  7% |
|  3 |  0% |  0% |
| ID | GPU | MEM |
------------------
|  0 |  9% |  7% |
|  1 |  2% |  7% |
|  2 |  1% |  7% |
|  3 |  0% |  0% |
| ID | GPU | MEM |
------------------
|  0 | 12% |  7% |
|  1 |  2% |  7% |
|  2 |  1% |  7% |
|  3 |  0% |  0% |
| ID | GPU | MEM |
------------------
|  0 | 10% |  7% |
|  1 |  2% |  7% |
|  2 |  2% |  7% |
|  3 |  0% |  0% |
| ID | GPU | MEM |
------------------
|  0 | 10% |  7% |
|  1 |  2% |  7% |
|  2 |  1% |  7% |
|  3 |  0% |  0% |
| ID | GPU | MEM |
------------------
|  0 |  8% |  7% |
|  1 |  2% |  7% |
|  2 |  1% |  7% |
|  3 |  0% |  0% |
| ID | GPU | MEM |
------------------
|  0 | 61% |  7% |
|  1 |  0% |  7% |
|  2 |  0% |  7% |
|  3 |  0% |  0% |
| ID | GPU | MEM |
------------------
|  0 | 10% |  7% |
|  1 |  2% |  7% |
|  2 |  1% |  7% |
|  3 |  0% |  0% |
| ID | GPU | MEM |
------------------
|  0 | 38% |  7% |
|  1 |  0% |  7% |
|  2 |  1% |  7% |
|  3 |  0% |  0% |
| ID | GPU | MEM |
------------------
|  0 | 66% |  7% |
|  1 |  0% |  7% |
|  2 |  0% |  7% |
|  3 |  0% |  0% |
| ID | GPU | MEM |
------------------
|  0 |  8% |  7% |
|  1 |  2% |  7% |
|  2 |  1% |  7% |
|  3 |  0% |  0% |
| ID | GPU | MEM |
------------------
|  0 | 48% |  7% |
|  1 |  0% |  7% |
|  2 |  0% |  7% |
|  3 |  0% |  0% |
Finished training it 1024/2709 of epoch 3 and time taken 0.24771108269691466, 24.05 ms/it, loss 0.310682, accuracy 86.310 %
| ID | GPU | MEM |
------------------
|  0 | 58% |  7% |
|  1 |  1% |  7% |
|  2 |  0% |  7% |
|  3 |  0% |  0% |
| ID | GPU | MEM |
------------------
|  0 | 35% |  7% |
|  1 |  1% |  7% |
|  2 |  1% |  7% |
|  3 |  0% |  0% |
| ID | GPU | MEM |
------------------
|  0 | 58% |  7% |
|  1 |  0% |  7% |
|  2 |  0% |  7% |
|  3 |  0% |  0% |
| ID | GPU | MEM |
------------------
|  0 | 13% |  7% |
|  1 |  1% |  7% |
|  2 |  2% |  7% |
|  3 |  0% |  0% |
| ID | GPU | MEM |
------------------
|  0 | 31% |  7% |
|  1 |  1% |  7% |
|  2 |  1% |  7% |
|  3 |  0% |  0% |
| ID | GPU | MEM |
------------------
|  0 | 66% |  7% |
|  1 |  0% |  7% |
|  2 |  0% |  7% |
|  3 |  0% |  0% |
| ID | GPU | MEM |
------------------
|  0 | 23% |  7% |
|  1 |  1% |  7% |
|  2 |  1% |  7% |
|  3 |  0% |  0% |
| ID | GPU | MEM |
------------------
|  0 | 58% |  7% |
|  1 |  0% |  7% |
|  2 |  0% |  7% |
|  3 |  0% |  0% |
| ID | GPU | MEM |
------------------
|  0 | 68% |  7% |
|  1 |  1% |  7% |
|  2 |  0% |  7% |
|  3 |  0% |  0% |
| ID | GPU | MEM |
------------------
|  0 | 27% |  7% |
|  1 |  1% |  7% |
|  2 |  1% |  7% |
|  3 |  0% |  0% |
| ID | GPU | MEM |
------------------
|  0 | 62% |  7% |
|  1 |  0% |  7% |
|  2 |  0% |  7% |
|  3 |  0% |  0% |
| ID | GPU | MEM |
------------------
|  0 | 14% |  7% |
|  1 |  1% |  7% |
|  2 |  1% |  7% |
|  3 |  0% |  0% |
Finished training it 2048/2709 of epoch 3 and time taken 0.27377791118621825, 23.88 ms/it, loss 0.306864, accuracy 86.288 %
| ID | GPU | MEM |
------------------
|  0 | 42% |  7% |
|  1 |  0% |  7% |
|  2 |  0% |  7% |
|  3 |  0% |  0% |
| ID | GPU | MEM |
------------------
|  0 | 61% |  7% |
|  1 |  1% |  7% |
|  2 |  0% |  7% |
|  3 |  0% |  0% |
| ID | GPU | MEM |
------------------
|  0 | 33% |  7% |
|  1 |  1% |  7% |
|  2 |  1% |  7% |
|  3 |  0% |  0% |
| ID | GPU | MEM |
------------------
|  0 | 74% |  7% |
|  1 |  0% |  7% |
|  2 |  0% |  7% |
|  3 |  0% |  0% |
| ID | GPU | MEM |
------------------
|  0 | 17% |  7% |
|  1 |  1% |  7% |
|  2 |  1% |  7% |
|  3 |  0% |  0% |
| ID | GPU | MEM |
------------------
|  0 | 42% |  7% |
|  1 |  0% |  7% |
|  2 |  0% |  7% |
|  3 |  0% |  0% |
| ID | GPU | MEM |
------------------
|  0 | 61% |  7% |
|  1 |  1% |  7% |
|  2 |  1% |  7% |
|  3 |  0% |  0% |
Finished training it 2709/2709 of epoch 3 and time taken 0.290355251789093, 23.60 ms/it, loss 0.305462, accuracy 86.583 %
Starting Test loop
| ID | GPU | MEM |
------------------
|  0 |  2% |  7% |
|  1 |  2% |  7% |
|  2 |  2% |  7% |
|  3 |  0% |  0% |
Test loop ended
Testing at - 2709/2709 of epoch 3, loss 0.233334, accuracy 90.062 %, best 90.062 %
Finished epoch 3
| ID | GPU | MEM |
------------------
|  0 | 10% |  7% |
|  1 |  2% |  7% |
|  2 |  2% |  7% |
|  3 |  0% |  0% |
| ID | GPU | MEM |
------------------
|  0 | 10% |  7% |
|  1 |  1% |  7% |
|  2 |  1% |  7% |
|  3 |  0% |  0% |
| ID | GPU | MEM |
------------------
|  0 | 11% |  7% |
|  1 |  2% |  7% |
|  2 |  2% |  7% |
|  3 |  0% |  0% |
| ID | GPU | MEM |
------------------
|  0 | 31% |  7% |
|  1 |  1% |  7% |
|  2 |  1% |  7% |
|  3 |  0% |  0% |
| ID | GPU | MEM |
------------------
|  0 | 78% |  7% |
|  1 |  0% |  7% |
|  2 |  0% |  7% |
|  3 |  0% |  0% |
| ID | GPU | MEM |
------------------
|  0 | 41% |  7% |
|  1 |  0% |  7% |
|  2 |  1% |  7% |
|  3 |  0% |  0% |
| ID | GPU | MEM |
------------------
|  0 | 62% |  7% |
|  1 |  0% |  7% |
|  2 |  0% |  7% |
|  3 |  0% |  0% |
| ID | GPU | MEM |
------------------
|  0 | 60% |  7% |
|  1 |  1% |  7% |
|  2 |  1% |  7% |
|  3 |  0% |  0% |
| ID | GPU | MEM |
------------------
|  0 | 55% |  7% |
|  1 |  0% |  7% |
|  2 |  0% |  7% |
|  3 |  0% |  0% |
| ID | GPU | MEM |
------------------
|  0 |  9% |  7% |
|  1 |  2% |  7% |
|  2 |  1% |  7% |
|  3 |  0% |  0% |
| ID | GPU | MEM |
------------------
|  0 | 28% |  7% |
|  1 |  1% |  7% |
|  2 |  1% |  7% |
|  3 |  0% |  0% |
| ID | GPU | MEM |
------------------
|  0 | 71% |  7% |
|  1 |  0% |  7% |
|  2 |  0% |  7% |
|  3 |  0% |  0% |
Finished training it 1024/2709 of epoch 4 and time taken 0.3191413559913635, 23.89 ms/it, loss 0.278833, accuracy 87.610 %
| ID | GPU | MEM |
------------------
|  0 | 23% |  7% |
|  1 |  1% |  7% |
|  2 |  1% |  7% |
|  3 |  0% |  0% |
| ID | GPU | MEM |
------------------
|  0 | 64% |  7% |
|  1 |  0% |  7% |
|  2 |  0% |  7% |
|  3 |  0% |  0% |
| ID | GPU | MEM |
------------------
|  0 | 14% |  7% |
|  1 |  2% |  7% |
|  2 |  1% |  7% |
|  3 |  0% |  0% |
| ID | GPU | MEM |
------------------
|  0 | 32% |  7% |
|  1 |  1% |  7% |
|  2 |  1% |  7% |
|  3 |  0% |  0% |
| ID | GPU | MEM |
------------------
|  0 | 71% |  7% |
|  1 |  1% |  7% |
|  2 |  0% |  7% |
|  3 |  0% |  0% |
| ID | GPU | MEM |
------------------
|  0 | 21% |  7% |
|  1 |  1% |  7% |
|  2 |  1% |  7% |
|  3 |  0% |  0% |
| ID | GPU | MEM |
------------------
|  0 | 70% |  7% |
|  1 |  0% |  7% |
|  2 |  0% |  7% |
|  3 |  0% |  0% |
| ID | GPU | MEM |
------------------
|  0 | 26% |  7% |
|  1 |  1% |  7% |
|  2 |  1% |  7% |
|  3 |  0% |  0% |
| ID | GPU | MEM |
------------------
|  0 | 69% |  7% |
|  1 |  0% |  7% |
|  2 |  0% |  7% |
|  3 |  0% |  0% |
| ID | GPU | MEM |
------------------
|  0 | 60% |  7% |
|  1 |  1% |  7% |
|  2 |  1% |  7% |
|  3 |  0% |  0% |
| ID | GPU | MEM |
------------------
|  0 | 31% |  7% |
|  1 |  1% |  7% |
|  2 |  1% |  7% |
|  3 |  0% |  0% |
Finished training it 2048/2709 of epoch 4 and time taken 0.3451917974948883, 23.90 ms/it, loss 0.277702, accuracy 87.607 %
| ID | GPU | MEM |
------------------
|  0 | 59% |  7% |
|  1 |  0% |  7% |
|  2 |  0% |  7% |
|  3 |  0% |  0% |
| ID | GPU | MEM |
------------------
|  0 |  7% |  7% |
|  1 |  1% |  7% |
|  2 |  2% |  7% |
|  3 |  0% |  0% |
| ID | GPU | MEM |
------------------
|  0 | 29% |  7% |
|  1 |  1% |  7% |
|  2 |  1% |  7% |
|  3 |  0% |  0% |
| ID | GPU | MEM |
------------------
|  0 | 71% |  7% |
|  1 |  0% |  7% |
|  2 |  0% |  7% |
|  3 |  0% |  0% |
| ID | GPU | MEM |
------------------
|  0 | 28% |  7% |
|  1 |  1% |  7% |
|  2 |  1% |  7% |
|  3 |  0% |  0% |
| ID | GPU | MEM |
------------------
|  0 | 44% |  7% |
|  1 |  1% |  7% |
|  2 |  1% |  7% |
|  3 |  0% |  0% |
| ID | GPU | MEM |
------------------
|  0 | 19% |  7% |
|  1 |  1% |  7% |
|  2 |  1% |  7% |
|  3 |  0% |  0% |
| ID | GPU | MEM |
------------------
|  0 | 47% |  7% |
|  1 |  0% |  7% |
|  2 |  0% |  7% |
|  3 |  0% |  0% |
Finished training it 2709/2709 of epoch 4 and time taken 0.3618333456516266, 23.71 ms/it, loss 0.270988, accuracy 88.100 %
Starting Test loop
| ID | GPU | MEM |
------------------
|  0 |  2% |  7% |
|  1 |  2% |  7% |
|  2 |  1% |  7% |
|  3 |  0% |  0% |
Test loop ended
Testing at - 2709/2709 of epoch 4, loss 0.244139, accuracy 88.733 %, best 90.062 %
Finished epoch 4
| ID | GPU | MEM |
------------------
|  0 | 13% |  7% |
|  1 |  2% |  7% |
|  2 |  2% |  7% |
|  3 |  0% |  0% |
| ID | GPU | MEM |
------------------
|  0 | 20% |  7% |
|  1 |  2% |  7% |
|  2 |  2% |  7% |
|  3 |  0% |  0% |
| ID | GPU | MEM |
------------------
|  0 | 27% |  7% |
|  1 |  2% |  7% |
|  2 |  2% |  7% |
|  3 |  0% |  0% |
| ID | GPU | MEM |
------------------
|  0 | 61% |  7% |
|  1 |  1% |  7% |
|  2 |  0% |  7% |
|  3 |  0% |  0% |
| ID | GPU | MEM |
------------------
|  0 | 29% |  7% |
|  1 |  1% |  7% |
|  2 |  1% |  7% |
|  3 |  0% |  0% |
| ID | GPU | MEM |
------------------
|  0 | 44% |  7% |
|  1 |  0% |  7% |
|  2 |  0% |  7% |
|  3 |  0% |  0% |
| ID | GPU | MEM |
------------------
|  0 | 71% |  7% |
|  1 |  2% |  7% |
|  2 |  1% |  7% |
|  3 |  0% |  0% |
| ID | GPU | MEM |
------------------
|  0 | 34% |  7% |
|  1 |  0% |  7% |
|  2 |  0% |  7% |
|  3 |  0% |  0% |
| ID | GPU | MEM |
------------------
|  0 | 67% |  7% |
|  1 |  0% |  7% |
|  2 |  0% |  7% |
|  3 |  0% |  0% |
| ID | GPU | MEM |
------------------
|  0 | 12% |  7% |
|  1 |  1% |  7% |
|  2 |  1% |  7% |
|  3 |  0% |  0% |
| ID | GPU | MEM |
------------------
|  0 | 41% |  7% |
|  1 |  0% |  7% |
|  2 |  0% |  7% |
|  3 |  0% |  0% |
| ID | GPU | MEM |
------------------
|  0 | 72% |  7% |
|  1 |  1% |  7% |
|  2 |  1% |  7% |
|  3 |  0% |  0% |
Finished training it 1024/2709 of epoch 5 and time taken 0.39019810581207276, 23.47 ms/it, loss 0.271806, accuracy 88.171 %
| ID | GPU | MEM |
------------------
|  0 | 44% |  7% |
|  1 |  0% |  7% |
|  2 |  0% |  7% |
|  3 |  0% |  0% |
| ID | GPU | MEM |
------------------
|  0 | 72% |  7% |
|  1 |  1% |  7% |
|  2 |  0% |  7% |
|  3 |  0% |  0% |
| ID | GPU | MEM |
------------------
|  0 | 28% |  7% |
|  1 |  1% |  7% |
|  2 |  1% |  7% |
|  3 |  0% |  0% |
| ID | GPU | MEM |
------------------
|  0 | 55% |  7% |
|  1 |  0% |  7% |
|  2 |  0% |  7% |
|  3 |  0% |  0% |
| ID | GPU | MEM |
------------------
|  0 |  8% |  7% |
|  1 |  1% |  7% |
|  2 |  1% |  7% |
|  3 |  0% |  0% |
| ID | GPU | MEM |
------------------
|  0 | 48% |  7% |
|  1 |  0% |  7% |
|  2 |  0% |  7% |
|  3 |  0% |  0% |
| ID | GPU | MEM |
------------------
|  0 | 63% |  7% |
|  1 |  1% |  7% |
|  2 |  1% |  7% |
|  3 |  0% |  0% |
| ID | GPU | MEM |
------------------
|  0 | 14% |  7% |
|  1 |  1% |  7% |
|  2 |  1% |  7% |
|  3 |  0% |  0% |
| ID | GPU | MEM |
------------------
|  0 | 65% |  7% |
|  1 |  0% |  7% |
|  2 |  0% |  7% |
|  3 |  0% |  0% |
| ID | GPU | MEM |
------------------
|  0 |  9% |  7% |
|  1 |  1% |  7% |
|  2 |  1% |  7% |
|  3 |  0% |  0% |
| ID | GPU | MEM |
------------------
|  0 | 43% |  7% |
|  1 |  0% |  7% |
|  2 |  0% |  7% |
|  3 |  0% |  0% |
Finished training it 2048/2709 of epoch 5 and time taken 0.415726128578186, 23.45 ms/it, loss 0.265688, accuracy 88.336 %
| ID | GPU | MEM |
------------------
|  0 | 74% |  7% |
|  1 |  2% |  7% |
|  2 |  2% |  7% |
|  3 |  0% |  0% |
| ID | GPU | MEM |
------------------
|  0 | 36% |  7% |
|  1 |  0% |  7% |
|  2 |  0% |  7% |
|  3 |  0% |  0% |
| ID | GPU | MEM |
------------------
|  0 | 83% |  7% |
|  1 |  2% |  7% |
|  2 |  2% |  7% |
|  3 |  0% |  0% |
| ID | GPU | MEM |
------------------
|  0 | 28% |  7% |
|  1 |  1% |  7% |
|  2 |  1% |  7% |
|  3 |  0% |  0% |
| ID | GPU | MEM |
------------------
|  0 | 54% |  7% |
|  1 |  0% |  7% |
|  2 |  0% |  7% |
|  3 |  0% |  0% |
| ID | GPU | MEM |
------------------
|  0 | 12% |  7% |
|  1 |  1% |  7% |
|  2 |  1% |  7% |
|  3 |  0% |  0% |
| ID | GPU | MEM |
------------------
|  0 | 49% |  7% |
|  1 |  0% |  7% |
|  2 |  0% |  7% |
|  3 |  0% |  0% |
| ID | GPU | MEM |
------------------
|  0 | 59% |  7% |
|  1 |  1% |  7% |
|  2 |  1% |  7% |
|  3 |  0% |  0% |
Finished training it 2709/2709 of epoch 5 and time taken 0.432719375371933, 24.09 ms/it, loss 0.272975, accuracy 88.015 %
Starting Test loop
| ID | GPU | MEM |
------------------
|  0 |  3% |  7% |
|  1 |  1% |  7% |
|  2 |  1% |  7% |
|  3 |  0% |  0% |
Test loop ended
Testing at - 2709/2709 of epoch 5, loss 0.278116, accuracy 86.844 %, best 90.062 %
Finished epoch 5
| ID | GPU | MEM |
------------------
|  0 | 10% |  7% |
|  1 |  2% |  7% |
|  2 |  1% |  7% |
|  3 |  0% |  0% |
| ID | GPU | MEM |
------------------
|  0 | 10% |  7% |
|  1 |  2% |  7% |
|  2 |  1% |  7% |
|  3 |  0% |  0% |
| ID | GPU | MEM |
------------------
|  0 |  9% |  7% |
|  1 |  1% |  7% |
|  2 |  1% |  7% |
|  3 |  0% |  0% |
| ID | GPU | MEM |
------------------
|  0 | 11% |  7% |
|  1 |  2% |  7% |
|  2 |  2% |  7% |
|  3 |  0% |  0% |
| ID | GPU | MEM |
------------------
|  0 | 12% |  7% |
|  1 |  2% |  7% |
|  2 |  1% |  7% |
|  3 |  0% |  0% |
| ID | GPU | MEM |
------------------
|  0 |  9% |  7% |
|  1 |  1% |  7% |
|  2 |  1% |  7% |
|  3 |  0% |  0% |
| ID | GPU | MEM |
------------------
|  0 | 13% |  7% |
|  1 |  2% |  7% |
|  2 |  2% |  7% |
|  3 |  0% |  0% |
| ID | GPU | MEM |
------------------
|  0 | 12% |  7% |
|  1 |  2% |  7% |
|  2 |  2% |  7% |
|  3 |  0% |  0% |
| ID | GPU | MEM |
------------------
|  0 | 19% |  7% |
|  1 |  2% |  7% |
|  2 |  2% |  7% |
|  3 |  0% |  0% |
| ID | GPU | MEM |
------------------
|  0 | 21% |  7% |
|  1 |  2% |  7% |
|  2 |  2% |  7% |
|  3 |  0% |  0% |
| ID | GPU | MEM |
------------------
|  0 | 21% |  7% |
|  1 |  2% |  7% |
|  2 |  1% |  7% |
|  3 |  0% |  0% |
| ID | GPU | MEM |
------------------
|  0 |  9% |  7% |
|  1 |  1% |  7% |
|  2 |  1% |  7% |
|  3 |  0% |  0% |
Finished training it 1024/2709 of epoch 6 and time taken 0.4614457793235779, 24.39 ms/it, loss 0.252016, accuracy 89.023 %
| ID | GPU | MEM |
------------------
|  0 |  8% |  7% |
|  1 |  1% |  7% |
|  2 |  1% |  7% |
|  3 |  0% |  0% |
| ID | GPU | MEM |
------------------
|  0 | 10% |  7% |
|  1 |  2% |  7% |
|  2 |  1% |  7% |
|  3 |  0% |  0% |
| ID | GPU | MEM |
------------------
|  0 | 36% |  7% |
|  1 |  0% |  7% |
|  2 |  0% |  7% |
|  3 |  0% |  0% |
| ID | GPU | MEM |
------------------
|  0 | 64% |  7% |
|  1 |  1% |  7% |
|  2 |  1% |  7% |
|  3 |  0% |  0% |
| ID | GPU | MEM |
------------------
|  0 | 24% |  7% |
|  1 |  1% |  7% |
|  2 |  1% |  7% |
|  3 |  0% |  0% |
| ID | GPU | MEM |
------------------
|  0 | 61% |  7% |
|  1 |  0% |  7% |
|  2 |  0% |  7% |
|  3 |  0% |  0% |
| ID | GPU | MEM |
------------------
|  0 | 16% |  7% |
|  1 |  2% |  7% |
|  2 |  1% |  7% |
|  3 |  0% |  0% |
| ID | GPU | MEM |
------------------
|  0 | 22% |  7% |
|  1 |  1% |  7% |
|  2 |  1% |  7% |
|  3 |  0% |  0% |
| ID | GPU | MEM |
------------------
|  0 | 67% |  7% |
|  1 |  1% |  7% |
|  2 |  2% |  7% |
|  3 |  0% |  0% |
| ID | GPU | MEM |
------------------
|  0 | 15% |  7% |
|  1 |  1% |  7% |
|  2 |  1% |  7% |
|  3 |  0% |  0% |
| ID | GPU | MEM |
------------------
|  0 | 58% |  7% |
|  1 |  0% |  7% |
|  2 |  0% |  7% |
|  3 |  0% |  0% |
Finished training it 2048/2709 of epoch 6 and time taken 0.4868330001831055, 23.46 ms/it, loss 0.248257, accuracy 89.252 %
| ID | GPU | MEM |
------------------
|  0 | 64% |  7% |
|  1 |  1% |  7% |
|  2 |  1% |  7% |
|  3 |  0% |  0% |
| ID | GPU | MEM |
------------------
|  0 | 34% |  7% |
|  1 |  0% |  7% |
|  2 |  0% |  7% |
|  3 |  0% |  0% |
| ID | GPU | MEM |
------------------
|  0 | 70% |  7% |
|  1 |  0% |  7% |
|  2 |  0% |  7% |
|  3 |  0% |  0% |
| ID | GPU | MEM |
------------------
|  0 | 13% |  7% |
|  1 |  1% |  7% |
|  2 |  1% |  7% |
|  3 |  0% |  0% |
| ID | GPU | MEM |
------------------
|  0 | 32% |  7% |
|  1 |  0% |  7% |
|  2 |  0% |  7% |
|  3 |  0% |  0% |
| ID | GPU | MEM |
------------------
|  0 | 60% |  7% |
|  1 |  1% |  7% |
|  2 |  1% |  7% |
|  3 |  0% |  0% |
| ID | GPU | MEM |
------------------
|  0 | 26% |  7% |
|  1 |  1% |  7% |
|  2 |  1% |  7% |
|  3 |  0% |  0% |
| ID | GPU | MEM |
------------------
|  0 | 60% |  7% |
|  1 |  0% |  7% |
|  2 |  0% |  7% |
|  3 |  0% |  0% |
Finished training it 2709/2709 of epoch 6 and time taken 0.5035194306373596, 23.65 ms/it, loss 0.238465, accuracy 89.750 %
Starting Test loop
| ID | GPU | MEM |
------------------
|  0 |  2% |  7% |
|  1 |  2% |  7% |
|  2 |  2% |  7% |
|  3 |  0% |  0% |
Test loop ended
Testing at - 2709/2709 of epoch 6, loss 0.272692, accuracy 86.636 %, best 90.062 %
Finished epoch 6
| ID | GPU | MEM |
------------------
|  0 | 18% |  7% |
|  1 |  2% |  7% |
|  2 |  2% |  7% |
|  3 |  0% |  0% |
| ID | GPU | MEM |
------------------
|  0 | 21% |  7% |
|  1 |  1% |  7% |
|  2 |  1% |  7% |
|  3 |  0% |  0% |
| ID | GPU | MEM |
------------------
|  0 |  9% |  7% |
|  1 |  1% |  7% |
|  2 |  1% |  7% |
|  3 |  0% |  0% |
| ID | GPU | MEM |
------------------
|  0 |  9% |  7% |
|  1 |  1% |  7% |
|  2 |  1% |  7% |
|  3 |  0% |  0% |
| ID | GPU | MEM |
------------------
|  0 | 10% |  7% |
|  1 |  2% |  7% |
|  2 |  2% |  7% |
|  3 |  0% |  0% |
| ID | GPU | MEM |
------------------
|  0 |  8% |  7% |
|  1 |  2% |  7% |
|  2 |  1% |  7% |
|  3 |  0% |  0% |
| ID | GPU | MEM |
------------------
|  0 |  8% |  7% |
|  1 |  2% |  7% |
|  2 |  1% |  7% |
|  3 |  0% |  0% |
| ID | GPU | MEM |
------------------
|  0 |  9% |  7% |
|  1 |  1% |  7% |
|  2 |  1% |  7% |
|  3 |  0% |  0% |
| ID | GPU | MEM |
------------------
|  0 | 10% |  7% |
|  1 |  2% |  7% |
|  2 |  2% |  7% |
|  3 |  0% |  0% |
| ID | GPU | MEM |
------------------
|  0 | 10% |  7% |
|  1 |  2% |  7% |
|  2 |  1% |  7% |
|  3 |  0% |  0% |
| ID | GPU | MEM |
------------------
|  0 | 10% |  7% |
|  1 |  2% |  7% |
|  2 |  2% |  7% |
|  3 |  0% |  0% |
| ID | GPU | MEM |
------------------
|  0 | 12% |  7% |
|  1 |  2% |  7% |
|  2 |  2% |  7% |
|  3 |  0% |  0% |
Finished training it 1024/2709 of epoch 7 and time taken 0.533042453289032, 25.07 ms/it, loss 0.237341, accuracy 89.700 %
| ID | GPU | MEM |
------------------
|  0 | 12% |  7% |
|  1 |  2% |  7% |
|  2 |  2% |  7% |
|  3 |  0% |  0% |
| ID | GPU | MEM |
------------------
|  0 | 16% |  7% |
|  1 |  2% |  7% |
|  2 |  2% |  7% |
|  3 |  0% |  0% |
| ID | GPU | MEM |
------------------
|  0 | 43% |  7% |
|  1 |  2% |  7% |
|  2 |  2% |  7% |
|  3 |  0% |  0% |
| ID | GPU | MEM |
------------------
|  0 | 63% |  7% |
|  1 |  1% |  7% |
|  2 |  1% |  7% |
|  3 |  0% |  0% |
| ID | GPU | MEM |
------------------
|  0 | 44% |  7% |
|  1 |  0% |  7% |
|  2 |  0% |  7% |
|  3 |  0% |  0% |
| ID | GPU | MEM |
------------------
|  0 | 73% |  7% |
|  1 |  2% |  7% |
|  2 |  1% |  7% |
|  3 |  0% |  0% |
| ID | GPU | MEM |
------------------
|  0 | 19% |  7% |
|  1 |  1% |  7% |
|  2 |  1% |  7% |
|  3 |  0% |  0% |
| ID | GPU | MEM |
------------------
|  0 | 57% |  7% |
|  1 |  0% |  7% |
|  2 |  0% |  7% |
|  3 |  0% |  0% |
| ID | GPU | MEM |
------------------
|  0 | 65% |  7% |
|  1 |  2% |  7% |
|  2 |  1% |  7% |
|  3 |  0% |  0% |
| ID | GPU | MEM |
------------------
|  0 | 20% |  7% |
|  1 |  1% |  7% |
|  2 |  1% |  7% |
|  3 |  0% |  0% |
| ID | GPU | MEM |
------------------
|  0 | 59% |  7% |
|  1 |  0% |  7% |
|  2 |  0% |  7% |
|  3 |  0% |  0% |
| ID | GPU | MEM |
------------------
|  0 |  9% |  7% |
|  1 |  1% |  7% |
|  2 |  1% |  7% |
|  3 |  0% |  0% |
Finished training it 2048/2709 of epoch 7 and time taken 0.5586965835094452, 23.79 ms/it, loss 0.237774, accuracy 89.746 %
| ID | GPU | MEM |
------------------
|  0 | 41% |  7% |
|  1 |  0% |  7% |
|  2 |  0% |  7% |
|  3 |  0% |  0% |
| ID | GPU | MEM |
------------------
|  0 | 11% |  7% |
|  1 |  1% |  7% |
|  2 |  1% |  7% |
|  3 |  0% |  0% |
| ID | GPU | MEM |
------------------
|  0 | 28% |  7% |
|  1 |  1% |  7% |
|  2 |  0% |  7% |
|  3 |  0% |  0% |
| ID | GPU | MEM |
------------------
|  0 | 66% |  7% |
|  1 |  1% |  7% |
|  2 |  1% |  7% |
|  3 |  0% |  0% |
| ID | GPU | MEM |
------------------
|  0 | 23% |  7% |
|  1 |  1% |  7% |
|  2 |  1% |  7% |
|  3 |  0% |  0% |
| ID | GPU | MEM |
------------------
|  0 | 46% |  7% |
|  1 |  0% |  7% |
|  2 |  0% |  7% |
|  3 |  0% |  0% |
| ID | GPU | MEM |
------------------
|  0 | 65% |  7% |
|  1 |  1% |  7% |
|  2 |  1% |  7% |
|  3 |  0% |  0% |
Finished training it 2709/2709 of epoch 7 and time taken 0.575405000448227, 23.87 ms/it, loss 0.230358, accuracy 89.921 %
Starting Test loop
| ID | GPU | MEM |
------------------
|  0 |  2% |  7% |
|  1 |  2% |  7% |
|  2 |  2% |  7% |
|  3 |  0% |  0% |
| ID | GPU | MEM |
------------------
|  0 |  3% |  7% |
|  1 |  3% |  7% |
|  2 |  1% |  7% |
|  3 |  0% |  0% |
Test loop ended
Testing at - 2709/2709 of epoch 7, loss 0.259161, accuracy 87.436 %, best 90.062 %
Finished epoch 7
| ID | GPU | MEM |
------------------
|  0 | 19% |  7% |
|  1 |  2% |  7% |
|  2 |  1% |  7% |
|  3 |  0% |  0% |
| ID | GPU | MEM |
------------------
|  0 | 24% |  7% |
|  1 |  1% |  7% |
|  2 |  1% |  7% |
|  3 |  0% |  0% |
| ID | GPU | MEM |
------------------
|  0 |  8% |  7% |
|  1 |  2% |  7% |
|  2 |  1% |  7% |
|  3 |  0% |  0% |
| ID | GPU | MEM |
------------------
|  0 |  9% |  7% |
|  1 |  1% |  7% |
|  2 |  1% |  7% |
|  3 |  0% |  0% |
| ID | GPU | MEM |
------------------
|  0 | 12% |  7% |
|  1 |  2% |  7% |
|  2 |  2% |  7% |
|  3 |  0% |  0% |
| ID | GPU | MEM |
------------------
|  0 |  9% |  7% |
|  1 |  1% |  7% |
|  2 |  1% |  7% |
|  3 |  0% |  0% |
| ID | GPU | MEM |
------------------
|  0 | 10% |  7% |
|  1 |  2% |  7% |
|  2 |  2% |  7% |
|  3 |  0% |  0% |
| ID | GPU | MEM |
------------------
|  0 | 13% |  7% |
|  1 |  2% |  7% |
|  2 |  2% |  7% |
|  3 |  0% |  0% |
| ID | GPU | MEM |
------------------
|  0 | 12% |  7% |
|  1 |  2% |  7% |
|  2 |  2% |  7% |
|  3 |  0% |  0% |
| ID | GPU | MEM |
------------------
|  0 | 18% |  7% |
|  1 |  3% |  7% |
|  2 |  2% |  7% |
|  3 |  0% |  0% |
| ID | GPU | MEM |
------------------
|  0 | 17% |  7% |
|  1 |  2% |  7% |
|  2 |  2% |  7% |
|  3 |  0% |  0% |
Finished training it 1024/2709 of epoch 8 and time taken 0.604526052236557, 24.58 ms/it, loss 0.225235, accuracy 90.207 %
| ID | GPU | MEM |
------------------
|  0 | 21% |  7% |
|  1 |  1% |  7% |
|  2 |  1% |  7% |
|  3 |  0% |  0% |
| ID | GPU | MEM |
------------------
|  0 | 10% |  7% |
|  1 |  1% |  7% |
|  2 |  1% |  7% |
|  3 |  0% |  0% |
| ID | GPU | MEM |
------------------
|  0 | 11% |  7% |
|  1 |  2% |  7% |
|  2 |  2% |  7% |
|  3 |  0% |  0% |
| ID | GPU | MEM |
------------------
|  0 | 11% |  7% |
|  1 |  2% |  7% |
|  2 |  1% |  7% |
|  3 |  0% |  0% |
| ID | GPU | MEM |
------------------
|  0 | 13% |  7% |
|  1 |  2% |  7% |
|  2 |  1% |  7% |
|  3 |  0% |  0% |
| ID | GPU | MEM |
------------------
|  0 | 13% |  7% |
|  1 |  2% |  7% |
|  2 |  2% |  7% |
|  3 |  0% |  0% |
| ID | GPU | MEM |
------------------
|  0 | 12% |  7% |
|  1 |  2% |  7% |
|  2 |  2% |  7% |
|  3 |  0% |  0% |
| ID | GPU | MEM |
------------------
|  0 | 13% |  7% |
|  1 |  2% |  7% |
|  2 |  2% |  7% |
|  3 |  0% |  0% |
| ID | GPU | MEM |
------------------
|  0 | 10% |  7% |
|  1 |  2% |  7% |
|  2 |  2% |  7% |
|  3 |  0% |  0% |
| ID | GPU | MEM |
------------------
|  0 | 12% |  7% |
|  1 |  2% |  7% |
|  2 |  2% |  7% |
|  3 |  0% |  0% |
| ID | GPU | MEM |
------------------
|  0 | 12% |  7% |
|  1 |  2% |  7% |
|  2 |  2% |  7% |
|  3 |  0% |  0% |
| ID | GPU | MEM |
------------------
|  0 | 12% |  7% |
|  1 |  2% |  7% |
|  2 |  2% |  7% |
|  3 |  0% |  0% |
Finished training it 2048/2709 of epoch 8 and time taken 0.6301853153705597, 24.22 ms/it, loss 0.220808, accuracy 90.732 %
| ID | GPU | MEM |
------------------
|  0 | 12% |  7% |
|  1 |  2% |  7% |
|  2 |  2% |  7% |
|  3 |  0% |  0% |
| ID | GPU | MEM |
------------------
|  0 | 16% |  7% |
|  1 |  3% |  7% |
|  2 |  3% |  7% |
|  3 |  0% |  0% |
| ID | GPU | MEM |
------------------
|  0 | 17% |  7% |
|  1 |  3% |  7% |
|  2 |  2% |  7% |
|  3 |  0% |  0% |
| ID | GPU | MEM |
------------------
|  0 | 17% |  7% |
|  1 |  2% |  7% |
|  2 |  2% |  7% |
|  3 |  0% |  0% |
| ID | GPU | MEM |
------------------
|  0 | 19% |  7% |
|  1 |  2% |  7% |
|  2 |  1% |  7% |
|  3 |  0% |  0% |
| ID | GPU | MEM |
------------------
|  0 | 23% |  7% |
|  1 |  2% |  7% |
|  2 |  1% |  7% |
|  3 |  0% |  0% |
| ID | GPU | MEM |
------------------
|  0 | 24% |  7% |
|  1 |  1% |  7% |
|  2 |  1% |  7% |
|  3 |  0% |  0% |
| ID | GPU | MEM |
------------------
|  0 |  9% |  7% |
|  1 |  1% |  7% |
|  2 |  1% |  7% |
|  3 |  0% |  0% |
Finished training it 2709/2709 of epoch 8 and time taken 0.6470376536846161, 24.68 ms/it, loss 0.225575, accuracy 90.185 %
Starting Test loop
| ID | GPU | MEM |
------------------
|  0 |  2% |  7% |
|  1 |  1% |  7% |
|  2 |  1% |  7% |
|  3 |  0% |  0% |
Test loop ended
Testing at - 2709/2709 of epoch 8, loss 0.255720, accuracy 88.007 %, best 90.062 %
Finished epoch 8
| ID | GPU | MEM |
------------------
|  0 |  9% |  7% |
|  1 |  2% |  7% |
|  2 |  1% |  7% |
|  3 |  0% |  0% |
| ID | GPU | MEM |
------------------
|  0 | 10% |  7% |
|  1 |  2% |  7% |
|  2 |  2% |  7% |
|  3 |  0% |  0% |
| ID | GPU | MEM |
------------------
|  0 | 16% |  7% |
|  1 |  1% |  7% |
|  2 |  1% |  7% |
|  3 |  0% |  0% |
| ID | GPU | MEM |
------------------
|  0 | 74% |  7% |
|  1 |  2% |  7% |
|  2 |  1% |  7% |
|  3 |  0% |  0% |
| ID | GPU | MEM |
------------------
|  0 |  9% |  7% |
|  1 |  1% |  7% |
|  2 |  1% |  7% |
|  3 |  0% |  0% |
| ID | GPU | MEM |
------------------
|  0 | 49% |  7% |
|  1 |  0% |  7% |
|  2 |  0% |  7% |
|  3 |  0% |  0% |
| ID | GPU | MEM |
------------------
|  0 | 62% |  7% |
|  1 |  1% |  7% |
|  2 |  1% |  7% |
|  3 |  0% |  0% |
| ID | GPU | MEM |
------------------
|  0 | 26% |  7% |
|  1 |  0% |  7% |
|  2 |  0% |  7% |
|  3 |  0% |  0% |
| ID | GPU | MEM |
------------------
|  0 | 69% |  7% |
|  1 |  1% |  7% |
|  2 |  2% |  7% |
|  3 |  0% |  0% |
| ID | GPU | MEM |
------------------
|  0 | 21% |  7% |
|  1 |  0% |  7% |
|  2 |  0% |  7% |
|  3 |  0% |  0% |
| ID | GPU | MEM |
------------------
|  0 | 48% |  7% |
|  1 |  0% |  7% |
|  2 |  0% |  7% |
|  3 |  0% |  0% |
| ID | GPU | MEM |
------------------
|  0 | 64% |  7% |
|  1 |  1% |  7% |
|  2 |  1% |  7% |
|  3 |  0% |  0% |
Finished training it 1024/2709 of epoch 9 and time taken 0.6764239377975464, 24.48 ms/it, loss 0.226685, accuracy 90.195 %
| ID | GPU | MEM |
------------------
|  0 | 24% |  7% |
|  1 |  0% |  7% |
|  2 |  0% |  7% |
|  3 |  0% |  0% |
| ID | GPU | MEM |
------------------
|  0 | 65% |  7% |
|  1 |  1% |  7% |
|  2 |  1% |  7% |
|  3 |  0% |  0% |
| ID | GPU | MEM |
------------------
|  0 | 10% |  7% |
|  1 |  1% |  7% |
|  2 |  1% |  7% |
|  3 |  0% |  0% |
| ID | GPU | MEM |
------------------
|  0 | 63% |  7% |
|  1 |  2% |  7% |
|  2 |  2% |  7% |
|  3 |  0% |  0% |
| ID | GPU | MEM |
------------------
|  0 |  7% |  7% |
|  1 |  1% |  7% |
|  2 |  1% |  7% |
|  3 |  0% |  0% |
| ID | GPU | MEM |
------------------
|  0 | 40% |  7% |
|  1 |  0% |  7% |
|  2 |  0% |  7% |
|  3 |  0% |  0% |
| ID | GPU | MEM |
------------------
|  0 | 60% |  7% |
|  1 |  1% |  7% |
|  2 |  1% |  7% |
|  3 |  0% |  0% |
| ID | GPU | MEM |
------------------
|  0 | 18% |  7% |
|  1 |  0% |  7% |
|  2 |  0% |  7% |
|  3 |  0% |  0% |
| ID | GPU | MEM |
------------------
|  0 | 66% |  7% |
|  1 |  2% |  7% |
|  2 |  2% |  7% |
|  3 |  0% |  0% |
| ID | GPU | MEM |
------------------
|  0 | 12% |  7% |
|  1 |  0% |  7% |
|  2 |  0% |  7% |
|  3 |  0% |  0% |
| ID | GPU | MEM |
------------------
|  0 | 28% |  7% |
|  1 |  0% |  7% |
|  2 |  0% |  7% |
|  3 |  0% |  0% |
| ID | GPU | MEM |
------------------
|  0 | 70% |  7% |
|  1 |  2% |  7% |
|  2 |  2% |  7% |
|  3 |  0% |  0% |
Finished training it 2048/2709 of epoch 9 and time taken 0.7026034533977509, 23.98 ms/it, loss 0.227407, accuracy 90.219 %
| ID | GPU | MEM |
------------------
|  0 | 24% |  7% |
|  1 |  0% |  7% |
|  2 |  0% |  7% |
|  3 |  0% |  0% |
| ID | GPU | MEM |
------------------
|  0 | 67% |  7% |
|  1 |  2% |  7% |
|  2 |  1% |  7% |
|  3 |  0% |  0% |
| ID | GPU | MEM |
------------------
|  0 | 23% |  7% |
|  1 |  0% |  7% |
|  2 |  0% |  7% |
|  3 |  0% |  0% |
| ID | GPU | MEM |
------------------
|  0 | 70% |  7% |
|  1 |  1% |  7% |
|  2 |  1% |  7% |
|  3 |  0% |  0% |
| ID | GPU | MEM |
------------------
|  0 | 14% |  7% |
|  1 |  0% |  7% |
|  2 |  0% |  7% |
|  3 |  0% |  0% |
| ID | GPU | MEM |
------------------
|  0 | 53% |  7% |
|  1 |  1% |  7% |
|  2 |  1% |  7% |
|  3 |  0% |  0% |
| ID | GPU | MEM |
------------------
|  0 |  8% |  7% |
|  1 |  1% |  7% |
|  2 |  1% |  7% |
|  3 |  0% |  0% |
Finished training it 2709/2709 of epoch 9 and time taken 0.7189205439090729, 23.19 ms/it, loss 0.233707, accuracy 89.788 %
Starting Test loop
| ID | GPU | MEM |
------------------
|  0 |  1% |  7% |
|  1 |  1% |  7% |
|  2 |  1% |  7% |
|  3 |  0% |  0% |
Test loop ended
Testing at - 2709/2709 of epoch 9, loss 0.241159, accuracy 88.214 %, best 90.062 %
Finished epoch 9
Finished the program
