
c4130-110133:6145:6145 [0] misc/ibvwrap.cc:63 NCCL WARN Failed to open libibverbs.so[.1]
NCCL version 2.4.8+cuda10.1

c4130-110133:6145:6461 [0] include/socket.h:403 NCCL WARN Net : Connection closed by remote peer
Using 3 GPU(s)...
Sparse features= 9, Dense features= 24
Sparse features= 9, Dense features= 24
time/loss/accuracy (if enabled):
| ID | GPU | MEM |
------------------
|  0 |  7% |  7% |
|  1 |  0% |  0% |
|  2 |  0% |  0% |
|  3 |  0% |  0% |
| ID | GPU | MEM |
------------------
|  0 |  0% |  7% |
|  1 |  5% |  5% |
|  2 |  0% |  0% |
|  3 |  0% |  0% |
| ID | GPU | MEM |
------------------
|  0 |  0% |  7% |
|  1 |  6% |  7% |
|  2 |  0% |  0% |
|  3 |  0% |  0% |
| ID | GPU | MEM |
------------------
|  0 |  0% |  7% |
|  1 |  0% |  7% |
|  2 |  5% |  4% |
|  3 |  0% |  0% |
| ID | GPU | MEM |
------------------
|  0 |  0% |  7% |
|  1 |  0% |  7% |
|  2 |  0% |  6% |
|  3 |  0% |  0% |
| ID | GPU | MEM |
------------------
|  0 | 22% |  7% |
|  1 |  2% |  7% |
|  2 |  2% |  7% |
|  3 |  0% |  0% |
| ID | GPU | MEM |
------------------
|  0 | 24% |  7% |
|  1 |  2% |  7% |
|  2 |  2% |  7% |
|  3 |  0% |  0% |
| ID | GPU | MEM |
------------------
|  0 | 10% |  7% |
|  1 |  2% |  7% |
|  2 |  2% |  7% |
|  3 |  0% |  0% |
| ID | GPU | MEM |
------------------
|  0 | 10% |  7% |
|  1 |  3% |  7% |
|  2 |  2% |  7% |
|  3 |  0% |  0% |
| ID | GPU | MEM |
------------------
|  0 | 10% |  7% |
|  1 |  2% |  7% |
|  2 |  2% |  7% |
|  3 |  0% |  0% |
| ID | GPU | MEM |
------------------
|  0 |  9% |  7% |
|  1 |  1% |  7% |
|  2 |  2% |  7% |
|  3 |  0% |  0% |
| ID | GPU | MEM |
------------------
|  0 | 11% |  7% |
|  1 |  2% |  7% |
|  2 |  1% |  7% |
|  3 |  0% |  0% |
| ID | GPU | MEM |
------------------
|  0 | 10% |  7% |
|  1 |  2% |  7% |
|  2 |  1% |  7% |
|  3 |  0% |  0% |
| ID | GPU | MEM |
------------------
|  0 | 12% |  7% |
|  1 |  2% |  7% |
|  2 |  1% |  7% |
|  3 |  0% |  0% |
| ID | GPU | MEM |
------------------
|  0 | 12% |  7% |
|  1 |  2% |  7% |
|  2 |  1% |  7% |
|  3 |  0% |  0% |
| ID | GPU | MEM |
------------------
|  0 | 15% |  7% |
|  1 |  2% |  7% |
|  2 |  1% |  7% |
|  3 |  0% |  0% |
Finished training it 1024/1355 of epoch 0 and time taken 0.03411546349525452, 32.06 ms/it, loss 0.608192, accuracy 66.074 %
| ID | GPU | MEM |
------------------
|  0 | 15% |  7% |
|  1 |  2% |  7% |
|  2 |  2% |  7% |
|  3 |  0% |  0% |
| ID | GPU | MEM |
------------------
|  0 | 16% |  7% |
|  1 |  2% |  7% |
|  2 |  2% |  7% |
|  3 |  0% |  0% |
| ID | GPU | MEM |
------------------
|  0 | 16% |  7% |
|  1 |  2% |  7% |
|  2 |  2% |  7% |
|  3 |  0% |  0% |
| ID | GPU | MEM |
------------------
|  0 | 16% |  7% |
|  1 |  2% |  7% |
|  2 |  2% |  7% |
|  3 |  0% |  0% |
Finished training it 1355/1355 of epoch 0 and time taken 0.0416667263507843, 21.41 ms/it, loss 0.508323, accuracy 73.688 %
Starting Test loop
Test loop ended
Testing at - 1355/1355 of epoch 0, loss 0.663880, accuracy 57.991 %, best 57.991 %
Finished epoch 0
| ID | GPU | MEM |
------------------
|  0 | 29% |  7% |
|  1 |  2% |  7% |
|  2 |  2% |  7% |
|  3 |  0% |  0% |
| ID | GPU | MEM |
------------------
|  0 |  9% |  7% |
|  1 |  2% |  7% |
|  2 |  1% |  7% |
|  3 |  0% |  0% |
| ID | GPU | MEM |
------------------
|  0 | 51% |  7% |
|  1 |  0% |  7% |
|  2 |  1% |  7% |
|  3 |  0% |  0% |
| ID | GPU | MEM |
------------------
|  0 | 27% |  7% |
|  1 |  1% |  7% |
|  2 |  2% |  7% |
|  3 |  0% |  0% |
| ID | GPU | MEM |
------------------
|  0 | 88% |  7% |
|  1 |  0% |  7% |
|  2 |  0% |  7% |
|  3 |  0% |  0% |
| ID | GPU | MEM |
------------------
|  0 | 32% |  7% |
|  1 |  1% |  7% |
|  2 |  1% |  7% |
|  3 |  0% |  0% |
| ID | GPU | MEM |
------------------
|  0 | 78% |  7% |
|  1 |  0% |  7% |
|  2 |  0% |  7% |
|  3 |  0% |  0% |
| ID | GPU | MEM |
------------------
|  0 | 44% |  7% |
|  1 |  0% |  7% |
|  2 |  1% |  7% |
|  3 |  0% |  0% |
| ID | GPU | MEM |
------------------
|  0 | 21% |  7% |
|  1 |  1% |  7% |
|  2 |  2% |  7% |
|  3 |  0% |  0% |
| ID | GPU | MEM |
------------------
|  0 | 63% |  7% |
|  1 |  0% |  7% |
|  2 |  0% |  7% |
|  3 |  0% |  0% |
| ID | GPU | MEM |
------------------
|  0 | 53% |  7% |
|  1 |  0% |  7% |
|  2 |  0% |  7% |
|  3 |  0% |  0% |
| ID | GPU | MEM |
------------------
|  0 |  0% |  7% |
|  1 |  0% |  7% |
|  2 |  0% |  7% |
|  3 |  0% |  0% |
| ID | GPU | MEM |
------------------
|  0 |  0% |  7% |
|  1 |  0% |  7% |
|  2 |  0% |  7% |
|  3 |  0% |  0% |
| ID | GPU | MEM |
------------------
|  0 |  0% |  7% |
|  1 |  0% |  7% |
|  2 |  0% |  7% |
|  3 |  0% |  0% |
| ID | GPU | MEM |
------------------
|  0 |  0% |  7% |
|  1 |  0% |  7% |
|  2 |  0% |  7% |
|  3 |  0% |  0% |
| ID | GPU | MEM |
------------------
|  0 |  0% |  7% |
|  1 |  0% |  7% |
|  2 |  0% |  7% |
|  3 |  0% |  0% |
| ID | GPU | MEM |
------------------
|  0 |  0% |  7% |
|  1 |  0% |  7% |
|  2 |  0% |  7% |
|  3 |  0% |  0% |
| ID | GPU | MEM |
------------------
|  0 |  0% |  7% |
|  1 |  0% |  7% |
|  2 |  0% |  7% |
|  3 |  0% |  0% |
| ID | GPU | MEM |
------------------
|  0 |  0% |  7% |
|  1 |  0% |  7% |
|  2 |  0% |  7% |
|  3 |  0% |  0% |
| ID | GPU | MEM |
------------------
|  0 |  0% |  7% |
|  1 |  0% |  7% |
|  2 |  0% |  7% |
|  3 |  0% |  0% |
| ID | GPU | MEM |
------------------
|  0 |  0% |  7% |
|  1 |  0% |  7% |
|  2 |  0% |  7% |
|  3 |  0% |  0% |
| ID | GPU | MEM |
------------------
|  0 |  0% |  7% |
|  1 |  0% |  7% |
|  2 |  0% |  7% |
|  3 |  0% |  0% |
| ID | GPU | MEM |
------------------
|  0 |  0% |  7% |
|  1 |  0% |  7% |
|  2 |  0% |  7% |
|  3 |  0% |  0% |
| ID | GPU | MEM |
------------------
|  0 |  0% |  7% |
|  1 |  0% |  7% |
|  2 |  0% |  7% |
|  3 |  0% |  0% |
| ID | GPU | MEM |
------------------
|  0 |  0% |  7% |
|  1 |  0% |  7% |
|  2 |  0% |  7% |
|  3 |  0% |  0% |
| ID | GPU | MEM |
------------------
|  0 |  0% |  7% |
|  1 |  0% |  7% |
|  2 |  0% |  7% |
|  3 |  0% |  0% |
| ID | GPU | MEM |
------------------
|  0 |  0% |  7% |
|  1 |  0% |  7% |
|  2 |  0% |  7% |
|  3 |  0% |  0% |
| ID | GPU | MEM |
------------------
|  0 |  0% |  7% |
|  1 |  0% |  7% |
|  2 |  0% |  7% |
|  3 |  0% |  0% |
| ID | GPU | MEM |
------------------
|  0 |  0% |  7% |
|  1 |  0% |  7% |
|  2 |  0% |  7% |
|  3 |  0% |  0% |
| ID | GPU | MEM |
------------------
|  0 |  0% |  7% |
|  1 |  0% |  7% |
|  2 |  0% |  7% |
|  3 |  0% |  0% |
| ID | GPU | MEM |
------------------
|  0 |  0% |  7% |
|  1 |  0% |  7% |
|  2 |  0% |  7% |
|  3 |  0% |  0% |
| ID | GPU | MEM |
------------------
|  0 |  0% |  7% |
|  1 |  0% |  7% |
|  2 |  0% |  7% |
|  3 |  0% |  0% |
| ID | GPU | MEM |
------------------
|  0 |  0% |  7% |
|  1 |  0% |  7% |
|  2 |  0% |  7% |
|  3 |  0% |  0% |
| ID | GPU | MEM |
------------------
|  0 |  0% |  7% |
|  1 |  0% |  7% |
|  2 |  0% |  7% |
|  3 |  0% |  0% |
| ID | GPU | MEM |
------------------
|  0 |  0% |  7% |
|  1 |  0% |  7% |
|  2 |  0% |  7% |
|  3 |  0% |  0% |
| ID | GPU | MEM |
------------------
|  0 |  0% |  7% |
|  1 |  0% |  7% |
|  2 |  0% |  7% |
|  3 |  0% |  0% |
| ID | GPU | MEM |
------------------
|  0 |  0% |  7% |
|  1 |  0% |  7% |
|  2 |  0% |  7% |
|  3 |  0% |  0% |
| ID | GPU | MEM |
------------------
|  0 |  0% |  7% |
|  1 |  0% |  7% |
|  2 |  0% |  7% |
|  3 |  0% |  0% |
| ID | GPU | MEM |
------------------
|  0 |  0% |  7% |
|  1 |  0% |  7% |
|  2 |  0% |  7% |
|  3 |  0% |  0% |
| ID | GPU | MEM |
------------------
|  0 |  0% |  7% |
|  1 |  0% |  7% |
|  2 |  0% |  7% |
|  3 |  0% |  0% |
| ID | GPU | MEM |
------------------
|  0 |  0% |  7% |
|  1 |  0% |  7% |
|  2 |  0% |  7% |
|  3 |  0% |  0% |
| ID | GPU | MEM |
------------------
|  0 |  0% |  7% |
|  1 |  0% |  7% |
|  2 |  0% |  7% |
|  3 |  0% |  0% |
| ID | GPU | MEM |
------------------
|  0 |  0% |  7% |
|  1 |  0% |  7% |
|  2 |  0% |  7% |
|  3 |  0% |  0% |
| ID | GPU | MEM |
------------------
|  0 |  0% |  7% |
|  1 |  0% |  7% |
|  2 |  0% |  7% |
|  3 |  0% |  0% |
| ID | GPU | MEM |
------------------
|  0 |  0% |  7% |
|  1 |  0% |  7% |
|  2 |  0% |  7% |
|  3 |  0% |  0% |
| ID | GPU | MEM |
------------------
|  0 |  0% |  7% |
|  1 |  0% |  7% |
|  2 |  0% |  7% |
|  3 |  0% |  0% |
| ID | GPU | MEM |
------------------
|  0 |  0% |  7% |
|  1 |  0% |  7% |
|  2 |  0% |  7% |
|  3 |  0% |  0% |
| ID | GPU | MEM |
------------------
|  0 |  0% |  7% |
|  1 |  0% |  7% |
|  2 |  0% |  7% |
|  3 |  0% |  0% |
| ID | GPU | MEM |
------------------
|  0 |  0% |  7% |
|  1 |  0% |  7% |
|  2 |  0% |  7% |
|  3 |  0% |  0% |
| ID | GPU | MEM |
------------------
|  0 |  0% |  7% |
|  1 |  0% |  7% |
|  2 |  0% |  7% |
|  3 |  0% |  0% |
| ID | GPU | MEM |
------------------
|  0 |  0% |  7% |
|  1 |  0% |  7% |
|  2 |  0% |  7% |
|  3 |  0% |  0% |
| ID | GPU | MEM |
------------------
|  0 |  0% |  7% |
|  1 |  0% |  7% |
|  2 |  0% |  7% |
|  3 |  0% |  0% |
| ID | GPU | MEM |
------------------
|  0 |  0% |  7% |
|  1 |  0% |  7% |
|  2 |  0% |  7% |
|  3 |  0% |  0% |
| ID | GPU | MEM |
------------------
|  0 |  0% |  7% |
|  1 |  0% |  7% |
|  2 |  0% |  7% |
|  3 |  0% |  0% |
| ID | GPU | MEM |
------------------
|  0 |  0% |  7% |
|  1 |  0% |  7% |
|  2 |  0% |  7% |
|  3 |  0% |  0% |
| ID | GPU | MEM |
------------------
|  0 |  0% |  7% |
|  1 |  0% |  7% |
|  2 |  0% |  7% |
|  3 |  0% |  0% |
| ID | GPU | MEM |
------------------
|  0 |  0% |  7% |
|  1 |  0% |  7% |
|  2 |  0% |  7% |
|  3 |  0% |  0% |
| ID | GPU | MEM |
------------------
|  0 |  0% |  7% |
|  1 |  0% |  7% |
|  2 |  0% |  7% |
|  3 |  0% |  0% |
| ID | GPU | MEM |
------------------
|  0 |  0% |  7% |
|  1 |  0% |  7% |
|  2 |  0% |  7% |
|  3 |  0% |  0% |
| ID | GPU | MEM |
------------------
|  0 |  0% |  7% |
|  1 |  0% |  7% |
|  2 |  0% |  7% |
|  3 |  0% |  0% |
| ID | GPU | MEM |
------------------
|  0 |  0% |  7% |
|  1 |  0% |  7% |
|  2 |  0% |  7% |
|  3 |  0% |  0% |
| ID | GPU | MEM |
------------------
|  0 |  0% |  7% |
|  1 |  0% |  7% |
|  2 |  0% |  7% |
|  3 |  0% |  0% |
| ID | GPU | MEM |
------------------
|  0 |  0% |  7% |
|  1 |  0% |  7% |
|  2 |  0% |  7% |
|  3 |  0% |  0% |
| ID | GPU | MEM |
------------------
|  0 |  0% |  7% |
|  1 |  0% |  7% |
|  2 |  0% |  7% |
|  3 |  0% |  0% |
| ID | GPU | MEM |
------------------
|  0 |  0% |  7% |
|  1 |  0% |  7% |
|  2 |  0% |  7% |
|  3 |  0% |  0% |
| ID | GPU | MEM |
------------------
|  0 |  0% |  7% |
|  1 |  0% |  7% |
|  2 |  0% |  7% |
|  3 |  0% |  0% |
| ID | GPU | MEM |
------------------
|  0 |  0% |  7% |
|  1 |  0% |  7% |
|  2 |  0% |  7% |
|  3 |  0% |  0% |
| ID | GPU | MEM |
------------------
|  0 |  0% |  7% |
|  1 |  0% |  7% |
|  2 |  0% |  7% |
|  3 |  0% |  0% |
| ID | GPU | MEM |
------------------
|  0 |  0% |  7% |
|  1 |  0% |  7% |
|  2 |  0% |  7% |
|  3 |  0% |  0% |
| ID | GPU | MEM |
------------------
|  0 |  0% |  7% |
|  1 |  0% |  7% |
|  2 |  0% |  7% |
|  3 |  0% |  0% |
| ID | GPU | MEM |
------------------
|  0 |  0% |  7% |
|  1 |  0% |  7% |
|  2 |  0% |  7% |
|  3 |  0% |  0% |
| ID | GPU | MEM |
------------------
|  0 |  0% |  7% |
|  1 |  0% |  7% |
|  2 |  0% |  7% |
|  3 |  0% |  0% |
| ID | GPU | MEM |
------------------
|  0 |  0% |  7% |
|  1 |  0% |  7% |
|  2 |  0% |  7% |
|  3 |  0% |  0% |
| ID | GPU | MEM |
------------------
|  0 |  0% |  7% |
|  1 |  0% |  7% |
|  2 |  0% |  7% |
|  3 |  0% |  0% |
| ID | GPU | MEM |
------------------
|  0 |  0% |  7% |
|  1 |  0% |  7% |
|  2 |  0% |  7% |
|  3 |  0% |  0% |
| ID | GPU | MEM |
------------------
|  0 |  0% |  7% |
|  1 |  0% |  7% |
|  2 |  0% |  7% |
|  3 |  0% |  0% |
| ID | GPU | MEM |
------------------
|  0 |  0% |  7% |
|  1 |  0% |  7% |
|  2 |  0% |  7% |
|  3 |  0% |  0% |
| ID | GPU | MEM |
------------------
|  0 |  0% |  7% |
|  1 |  0% |  7% |
|  2 |  0% |  7% |
|  3 |  0% |  0% |
| ID | GPU | MEM |
------------------
|  0 |  0% |  7% |
|  1 |  0% |  7% |
|  2 |  0% |  7% |
|  3 |  0% |  0% |
| ID | GPU | MEM |
------------------
|  0 |  0% |  7% |
|  1 |  0% |  7% |
|  2 |  0% |  7% |
|  3 |  0% |  0% |
| ID | GPU | MEM |
------------------
|  0 |  0% |  7% |
|  1 |  0% |  7% |
|  2 |  0% |  7% |
|  3 |  0% |  0% |
| ID | GPU | MEM |
------------------
|  0 |  0% |  7% |
|  1 |  0% |  7% |
|  2 |  0% |  7% |
|  3 |  0% |  0% |
| ID | GPU | MEM |
------------------
|  0 |  0% |  7% |
|  1 |  0% |  7% |
|  2 |  0% |  7% |
|  3 |  0% |  0% |
| ID | GPU | MEM |
------------------
|  0 |  0% |  7% |
|  1 |  0% |  7% |
|  2 |  0% |  7% |
|  3 |  0% |  0% |
| ID | GPU | MEM |
------------------
|  0 |  0% |  7% |
|  1 |  0% |  7% |
|  2 |  0% |  7% |
|  3 |  0% |  0% |
| ID | GPU | MEM |
------------------
|  0 |  0% |  7% |
|  1 |  0% |  7% |
|  2 |  0% |  7% |
|  3 |  0% |  0% |
| ID | GPU | MEM |
------------------
|  0 |  0% |  7% |
|  1 |  0% |  7% |
|  2 |  0% |  7% |
|  3 |  0% |  0% |
| ID | GPU | MEM |
------------------
|  0 |  0% |  7% |
|  1 |  0% |  7% |
|  2 |  0% |  7% |
|  3 |  0% |  0% |
| ID | GPU | MEM |
------------------
|  0 |  0% |  7% |
|  1 |  0% |  7% |
|  2 |  0% |  7% |
|  3 |  0% |  0% |
| ID | GPU | MEM |
------------------
|  0 |  0% |  7% |
|  1 |  0% |  7% |
|  2 |  0% |  7% |
|  3 |  0% |  0% |
| ID | GPU | MEM |
------------------
|  0 |  0% |  7% |
|  1 |  0% |  7% |
|  2 |  0% |  7% |
|  3 |  0% |  0% |
| ID | GPU | MEM |
------------------
|  0 |  0% |  7% |
|  1 |  0% |  7% |
|  2 |  0% |  7% |
|  3 |  0% |  0% |
| ID | GPU | MEM |
------------------
|  0 |  0% |  7% |
|  1 |  0% |  7% |
|  2 |  0% |  7% |
|  3 |  0% |  0% |
| ID | GPU | MEM |
------------------
|  0 |  0% |  7% |
|  1 |  0% |  7% |
|  2 |  0% |  7% |
|  3 |  0% |  0% |
| ID | GPU | MEM |
------------------
|  0 |  0% |  7% |
|  1 |  0% |  7% |
|  2 |  0% |  7% |
|  3 |  0% |  0% |
| ID | GPU | MEM |
------------------
|  0 |  0% |  7% |
|  1 |  0% |  7% |
|  2 |  0% |  7% |
|  3 |  0% |  0% |
| ID | GPU | MEM |
------------------
|  0 |  0% |  7% |
|  1 |  0% |  7% |
|  2 |  0% |  7% |
|  3 |  0% |  0% |
| ID | GPU | MEM |
------------------
|  0 |  0% |  7% |
|  1 |  0% |  7% |
|  2 |  0% |  7% |
|  3 |  0% |  0% |
| ID | GPU | MEM |
------------------
|  0 |  0% |  7% |
|  1 |  0% |  7% |
|  2 |  0% |  7% |
|  3 |  0% |  0% |
| ID | GPU | MEM |
------------------
|  0 |  0% |  7% |
|  1 |  0% |  7% |
|  2 |  0% |  7% |
|  3 |  0% |  0% |
| ID | GPU | MEM |
------------------
|  0 |  0% |  7% |
|  1 |  0% |  7% |
|  2 |  0% |  7% |
|  3 |  0% |  0% |
| ID | GPU | MEM |
------------------
|  0 |  0% |  7% |
|  1 |  0% |  7% |
|  2 |  0% |  7% |
|  3 |  0% |  0% |
| ID | GPU | MEM |
------------------
|  0 |  0% |  7% |
|  1 |  0% |  7% |
|  2 |  0% |  7% |
|  3 |  0% |  0% |
| ID | GPU | MEM |
------------------
|  0 |  0% |  7% |
|  1 |  0% |  7% |
|  2 |  0% |  7% |
|  3 |  0% |  0% |
| ID | GPU | MEM |
------------------
|  0 |  0% |  7% |
|  1 |  0% |  7% |
|  2 |  0% |  7% |
|  3 |  0% |  0% |
| ID | GPU | MEM |
------------------
|  0 |  0% |  7% |
|  1 |  0% |  7% |
|  2 |  0% |  7% |
|  3 |  0% |  0% |
| ID | GPU | MEM |
------------------
|  0 |  0% |  7% |
|  1 |  0% |  7% |
|  2 |  0% |  7% |
|  3 |  0% |  0% |
| ID | GPU | MEM |
------------------
|  0 |  0% |  7% |
|  1 |  0% |  7% |
|  2 |  0% |  7% |
|  3 |  0% |  0% |
| ID | GPU | MEM |
------------------
|  0 |  0% |  7% |
|  1 |  0% |  7% |
|  2 |  0% |  7% |
|  3 |  0% |  0% |
| ID | GPU | MEM |
------------------
|  0 |  0% |  7% |
|  1 |  0% |  7% |
|  2 |  0% |  7% |
|  3 |  0% |  0% |
| ID | GPU | MEM |
------------------
|  0 |  0% |  7% |
|  1 |  0% |  7% |
|  2 |  0% |  7% |
|  3 |  0% |  0% |
| ID | GPU | MEM |
------------------
|  0 |  0% |  7% |
|  1 |  0% |  7% |
|  2 |  0% |  7% |
|  3 |  0% |  0% |
| ID | GPU | MEM |
------------------
|  0 |  0% |  7% |
|  1 |  0% |  7% |
|  2 |  0% |  7% |
|  3 |  0% |  0% |
| ID | GPU | MEM |
------------------
|  0 |  0% |  7% |
|  1 |  0% |  7% |
|  2 |  0% |  7% |
|  3 |  0% |  0% |
| ID | GPU | MEM |
------------------
|  0 |  0% |  7% |
|  1 |  0% |  7% |
|  2 |  0% |  7% |
|  3 |  0% |  0% |
| ID | GPU | MEM |
------------------
|  0 |  0% |  7% |
|  1 |  0% |  7% |
|  2 |  0% |  7% |
|  3 |  0% |  0% |
| ID | GPU | MEM |
------------------
|  0 |  0% |  7% |
|  1 |  0% |  7% |
|  2 |  0% |  7% |
|  3 |  0% |  0% |
| ID | GPU | MEM |
------------------
|  0 |  0% |  7% |
|  1 |  0% |  7% |
|  2 |  0% |  7% |
|  3 |  0% |  0% |
| ID | GPU | MEM |
------------------
|  0 |  0% |  7% |
|  1 |  0% |  7% |
|  2 |  0% |  7% |
|  3 |  0% |  0% |
| ID | GPU | MEM |
------------------
|  0 |  0% |  7% |bash: line 1:  6145 Killed                  python3 -W ignore dlrm_s_pytorch.py --use-gpu --data-partition --arch-sparse-feature-size=16 --arch-mlp-bot=23-512-256-64-16 --arch-mlp-top=512-256-1 --data-generation=yelp --loss-function=bce --round-targets=True --learning-rate=0.1 --test-freq 1000000 --print-freq=1024 --print-time --world-size=2 --master_ip 10.10.1.1 --rank 0 --ngpus 3 --async-mode False --mini-batch-size 64 --arch-interaction-op cat --nepochs 10
