
c4130-110133:26474:26474 [0] misc/ibvwrap.cc:63 NCCL WARN Failed to open libibverbs.so[.1]
NCCL version 2.4.8+cuda10.1
Using 3 GPU(s)...
Sparse features= 9, Dense features= 24
Sparse features= 9, Dense features= 24
time/loss/accuracy (if enabled):
| ID | GPU | MEM |
------------------
|  0 |  5% |  7% |
|  1 |  0% |  0% |
|  2 |  0% |  0% |
|  3 |  0% |  0% |
| ID | GPU | MEM |
------------------
|  0 |  0% |  7% |
|  1 |  4% |  5% |
|  2 |  0% |  0% |
|  3 |  0% |  0% |
| ID | GPU | MEM |
------------------
|  0 |  0% |  7% |
|  1 |  6% |  7% |
|  2 |  0% |  0% |
|  3 |  0% |  0% |
| ID | GPU | MEM |
------------------
|  0 |  0% |  7% |
|  1 |  0% |  7% |
|  2 |  9% |  4% |
|  3 |  0% |  0% |
| ID | GPU | MEM |
------------------
|  0 |  0% |  7% |
|  1 |  0% |  7% |
|  2 |  4% |  6% |
|  3 |  0% |  0% |
| ID | GPU | MEM |
------------------
|  0 | 16% |  7% |
|  1 |  1% |  7% |
|  2 |  1% |  7% |
|  3 |  0% |  0% |
| ID | GPU | MEM |
------------------
|  0 | 10% |  7% |
|  1 |  1% |  7% |
|  2 |  2% |  7% |
|  3 |  0% |  0% |
| ID | GPU | MEM |
------------------
|  0 |  9% |  7% |
|  1 |  1% |  7% |
|  2 |  2% |  7% |
|  3 |  0% |  0% |
| ID | GPU | MEM |
------------------
|  0 |  9% |  7% |
|  1 |  1% |  7% |
|  2 |  2% |  7% |
|  3 |  0% |  0% |
| ID | GPU | MEM |
------------------
|  0 |  9% |  7% |
|  1 |  2% |  7% |
|  2 |  2% |  7% |
|  3 |  0% |  0% |
| ID | GPU | MEM |
------------------
|  0 | 10% |  7% |
|  1 |  2% |  7% |
|  2 |  2% |  7% |
|  3 |  0% |  0% |
| ID | GPU | MEM |
------------------
|  0 | 11% |  7% |
|  1 |  2% |  7% |
|  2 |  1% |  7% |
|  3 |  0% |  0% |
| ID | GPU | MEM |
------------------
|  0 |  9% |  7% |
|  1 |  2% |  7% |
|  2 |  1% |  7% |
|  3 |  0% |  0% |
| ID | GPU | MEM |
------------------
|  0 | 10% |  7% |
|  1 |  2% |  7% |
|  2 |  1% |  7% |
|  3 |  0% |  0% |
| ID | GPU | MEM |
------------------
|  0 |  9% |  7% |
|  1 |  2% |  7% |
|  2 |  1% |  7% |
|  3 |  0% |  0% |
| ID | GPU | MEM |
------------------
|  0 | 12% |  7% |
|  1 |  2% |  7% |
|  2 |  1% |  7% |
|  3 |  0% |  0% |
Finished training it 1024/2709 of epoch 0 and time taken 0.03358298826217651, 32.00 ms/it, loss 0.595600, accuracy 67.441 %
| ID | GPU | MEM |
------------------
|  0 | 22% |  7% |
|  1 |  2% |  7% |
|  2 |  2% |  7% |
|  3 |  0% |  0% |
| ID | GPU | MEM |
------------------
|  0 | 24% |  7% |
|  1 |  2% |  7% |
|  2 |  2% |  7% |
|  3 |  0% |  0% |
| ID | GPU | MEM |
------------------
|  0 | 30% |  7% |
|  1 |  2% |  7% |
|  2 |  2% |  7% |
|  3 |  0% |  0% |
| ID | GPU | MEM |
------------------
|  0 | 30% |  7% |
|  1 |  2% |  7% |
|  2 |  2% |  7% |
|  3 |  0% |  0% |
| ID | GPU | MEM |
------------------
|  0 | 13% |  7% |
|  1 |  2% |  7% |
|  2 |  2% |  7% |
|  3 |  0% |  0% |
| ID | GPU | MEM |
------------------
|  0 | 38% |  7% |
|  1 |  0% |  7% |
|  2 |  2% |  7% |
|  3 |  0% |  0% |
| ID | GPU | MEM |
------------------
|  0 | 19% |  7% |
|  1 |  0% |  7% |
|  2 |  0% |  7% |
|  3 |  0% |  0% |
| ID | GPU | MEM |
------------------
|  0 | 72% |  7% |
|  1 |  1% |  7% |
|  2 |  0% |  7% |
|  3 |  0% |  0% |
| ID | GPU | MEM |
------------------
|  0 | 52% |  7% |
|  1 |  0% |  7% |
|  2 |  1% |  7% |
|  3 |  0% |  0% |
| ID | GPU | MEM |
------------------
|  0 | 11% |  7% |
|  1 |  0% |  7% |
|  2 |  0% |  7% |
|  3 |  0% |  0% |
Finished training it 2048/2709 of epoch 0 and time taken 0.055347752571105954, 20.28 ms/it, loss 0.464768, accuracy 77.921 %
| ID | GPU | MEM |
------------------
|  0 | 74% |  7% |
|  1 |  1% |  7% |
|  2 |  0% |  7% |
|  3 |  0% |  0% |
| ID | GPU | MEM |
------------------
|  0 | 21% |  7% |
|  1 |  0% |  7% |
|  2 |  0% |  7% |
|  3 |  0% |  0% |
| ID | GPU | MEM |
------------------
|  0 | 10% |  7% |
|  1 |  1% |  7% |
|  2 |  0% |  7% |
|  3 |  0% |  0% |
| ID | GPU | MEM |
------------------
|  0 | 72% |  7% |
|  1 |  1% |  7% |
|  2 |  0% |  7% |
|  3 |  0% |  0% |
| ID | GPU | MEM |
------------------
|  0 | 60% |  7% |
|  1 |  0% |  7% |
|  2 |  1% |  7% |
|  3 |  0% |  0% |
| ID | GPU | MEM |
------------------
|  0 | 17% |  7% |
|  1 |  0% |  7% |
|  2 |  0% |  7% |
|  3 |  0% |  0% |
Finished training it 2709/2709 of epoch 0 and time taken 0.07039211010932922, 21.43 ms/it, loss 0.442198, accuracy 78.626 %
Starting Test loop
| ID | GPU | MEM |
------------------
|  0 |  2% |  7% |
|  1 |  2% |  7% |
|  2 |  2% |  7% |
|  3 |  0% |  0% |
| ID | GPU | MEM |
------------------
|  0 |  2% |  7% |
|  1 |  2% |  7% |
|  2 |  3% |  7% |
|  3 |  0% |  0% |
Test loop ended
Testing at - 2709/2709 of epoch 0, loss 0.353729, accuracy 86.448 %, best 86.448 %
Finished epoch 0
| ID | GPU | MEM |
------------------
|  0 | 10% |  7% |
|  1 |  2% |  7% |
|  2 |  1% |  7% |
|  3 |  0% |  0% |
| ID | GPU | MEM |
------------------
|  0 | 11% |  7% |
|  1 |  2% |  7% |
|  2 |  1% |  7% |
|  3 |  0% |  0% |
| ID | GPU | MEM |
------------------
|  0 | 10% |  7% |
|  1 |  3% |  7% |
|  2 |  1% |  7% |
|  3 |  0% |  0% |
| ID | GPU | MEM |
------------------
|  0 | 12% |  7% |
|  1 |  1% |  7% |
|  2 |  1% |  7% |
|  3 |  0% |  0% |
| ID | GPU | MEM |
------------------
|  0 | 15% |  7% |
|  1 |  2% |  7% |
|  2 |  1% |  7% |
|  3 |  0% |  0% |
| ID | GPU | MEM |
------------------
|  0 | 14% |  7% |
|  1 |  1% |  7% |
|  2 |  1% |  7% |
|  3 |  0% |  0% |
| ID | GPU | MEM |
------------------
|  0 | 15% |  7% |
|  1 |  1% |  7% |
|  2 |  2% |  7% |
|  3 |  0% |  0% |
| ID | GPU | MEM |
------------------
|  0 |  8% |  7% |
|  1 |  1% |  7% |
|  2 |  2% |  7% |
|  3 |  0% |  0% |
| ID | GPU | MEM |
------------------
|  0 |  9% |  7% |
|  1 |  1% |  7% |
|  2 |  2% |  7% |
|  3 |  0% |  0% |
| ID | GPU | MEM |
------------------
|  0 | 10% |  7% |
|  1 |  2% |  7% |
|  2 |  2% |  7% |
|  3 |  0% |  0% |
Finished training it 1024/2709 of epoch 1 and time taken 0.0969014801979065, 22.24 ms/it, loss 0.402907, accuracy 80.939 %
| ID | GPU | MEM |
------------------
|  0 |  8% |  7% |
|  1 |  2% |  7% |
|  2 |  2% |  7% |
|  3 |  0% |  0% |
| ID | GPU | MEM |
------------------
|  0 |  9% |  7% |
|  1 |  2% |  7% |
|  2 |  1% |  7% |
|  3 |  0% |  0% |
| ID | GPU | MEM |
------------------
|  0 |  9% |  7% |
|  1 |  2% |  7% |
|  2 |  1% |  7% |
|  3 |  0% |  0% |
| ID | GPU | MEM |
------------------
|  0 |  9% |  7% |
|  1 |  2% |  7% |
|  2 |  1% |  7% |
|  3 |  0% |  0% |
| ID | GPU | MEM |
------------------
|  0 | 11% |  7% |
|  1 |  1% |  7% |
|  2 |  1% |  7% |
|  3 |  0% |  0% |
| ID | GPU | MEM |
------------------
|  0 | 14% |  7% |
|  1 |  1% |  7% |
|  2 |  1% |  7% |
|  3 |  0% |  0% |
| ID | GPU | MEM |
------------------
|  0 | 14% |  7% |
|  1 |  1% |  7% |
|  2 |  1% |  7% |
|  3 |  0% |  0% |
| ID | GPU | MEM |
------------------
|  0 | 32% |  7% |
|  1 |  1% |  7% |
|  2 |  1% |  7% |
|  3 |  0% |  0% |
| ID | GPU | MEM |
------------------
|  0 |  9% |  7% |
|  1 |  0% |  7% |
|  2 |  0% |  7% |
|  3 |  0% |  0% |
| ID | GPU | MEM |
------------------
|  0 | 77% |  7% |
|  1 |  1% |  7% |
|  2 |  0% |  7% |
|  3 |  0% |  0% |
| ID | GPU | MEM |
------------------
|  0 | 51% |  7% |
|  1 |  2% |  7% |
|  2 |  1% |  7% |
|  3 |  0% |  0% |
Finished training it 2048/2709 of epoch 1 and time taken 0.12053807377815247, 22.10 ms/it, loss 0.378181, accuracy 82.471 %
| ID | GPU | MEM |
------------------
|  0 | 11% |  7% |
|  1 |  0% |  7% |
|  2 |  0% |  7% |
|  3 |  0% |  0% |
| ID | GPU | MEM |
------------------
|  0 | 77% |  7% |
|  1 |  1% |  7% |
|  2 |  0% |  7% |
|  3 |  0% |  0% |
| ID | GPU | MEM |
------------------
|  0 | 43% |  7% |
|  1 |  1% |  7% |
|  2 |  1% |  7% |
|  3 |  0% |  0% |
| ID | GPU | MEM |
------------------
|  0 | 10% |  7% |
|  1 |  0% |  7% |
|  2 |  0% |  7% |
|  3 |  0% |  0% |
| ID | GPU | MEM |
------------------
|  0 | 44% |  7% |
|  1 |  1% |  7% |
|  2 |  1% |  7% |
|  3 |  0% |  0% |
| ID | GPU | MEM |
------------------
|  0 | 12% |  7% |
|  1 |  0% |  7% |
|  2 |  0% |  7% |
|  3 |  0% |  0% |
Finished training it 2709/2709 of epoch 1 and time taken 0.13429696798324586, 19.51 ms/it, loss 0.351819, accuracy 84.072 %
Starting Test loop
| ID | GPU | MEM |
------------------
|  0 |  2% |  7% |
|  1 |  1% |  7% |
|  2 |  2% |  7% |
|  3 |  0% |  0% |
| ID | GPU | MEM |
------------------
|  0 |  2% |  7% |
|  1 |  2% |  7% |
|  2 |  1% |  7% |
|  3 |  0% |  0% |
Test loop ended
Testing at - 2709/2709 of epoch 1, loss 0.330043, accuracy 84.569 %, best 86.448 %
Finished epoch 1
| ID | GPU | MEM |
------------------
|  0 | 17% |  7% |
|  1 |  2% |  7% |
|  2 |  1% |  7% |
|  3 |  0% |  0% |
| ID | GPU | MEM |
------------------
|  0 | 10% |  7% |
|  1 |  2% |  7% |
|  2 |  1% |  7% |
|  3 |  0% |  0% |
| ID | GPU | MEM |
------------------
|  0 | 12% |  7% |
|  1 |  1% |  7% |
|  2 |  1% |  7% |
|  3 |  0% |  0% |
| ID | GPU | MEM |
------------------
|  0 | 14% |  7% |
|  1 |  1% |  7% |
|  2 |  1% |  7% |
|  3 |  0% |  0% |
| ID | GPU | MEM |
------------------
|  0 | 15% |  7% |
|  1 |  1% |  7% |
|  2 |  1% |  7% |
|  3 |  0% |  0% |
| ID | GPU | MEM |
------------------
|  0 | 20% |  7% |
|  1 |  2% |  7% |
|  2 |  2% |  7% |
|  3 |  0% |  0% |
| ID | GPU | MEM |
------------------
|  0 | 22% |  7% |
|  1 |  2% |  7% |
|  2 |  2% |  7% |
|  3 |  0% |  0% |
| ID | GPU | MEM |
------------------
|  0 | 12% |  7% |
|  1 |  2% |  7% |
|  2 |  2% |  7% |
|  3 |  0% |  0% |
| ID | GPU | MEM |
------------------
|  0 |  9% |  7% |
|  1 |  2% |  7% |
|  2 |  2% |  7% |
|  3 |  0% |  0% |
| ID | GPU | MEM |
------------------
|  0 |  9% |  7% |
|  1 |  2% |  7% |
|  2 |  2% |  7% |
|  3 |  0% |  0% |
Finished training it 1024/2709 of epoch 2 and time taken 0.1609031023979187, 22.16 ms/it, loss 0.325679, accuracy 85.385 %
| ID | GPU | MEM |
------------------
|  0 |  8% |  7% |
|  1 |  2% |  7% |
|  2 |  2% |  7% |
|  3 |  0% |  0% |
| ID | GPU | MEM |
------------------
|  0 | 10% |  7% |
|  1 |  2% |  7% |
|  2 |  1% |  7% |
|  3 |  0% |  0% |
| ID | GPU | MEM |
------------------
|  0 | 10% |  7% |
|  1 |  2% |  7% |
|  2 |  1% |  7% |
|  3 |  0% |  0% |
| ID | GPU | MEM |
------------------
|  0 | 12% |  7% |
|  1 |  2% |  7% |
|  2 |  1% |  7% |
|  3 |  0% |  0% |
| ID | GPU | MEM |
------------------
|  0 | 12% |  7% |
|  1 |  1% |  7% |
|  2 |  1% |  7% |
|  3 |  0% |  0% |
| ID | GPU | MEM |
------------------
|  0 | 14% |  7% |
|  1 |  1% |  7% |
|  2 |  2% |  7% |
|  3 |  0% |  0% |
| ID | GPU | MEM |
------------------
|  0 | 19% |  7% |
|  1 |  2% |  7% |
|  2 |  2% |  7% |
|  3 |  0% |  0% |
| ID | GPU | MEM |
------------------
|  0 | 22% |  7% |
|  1 |  1% |  7% |
|  2 |  2% |  7% |
|  3 |  0% |  0% |
| ID | GPU | MEM |
------------------
|  0 | 46% |  7% |
|  1 |  2% |  7% |
|  2 |  2% |  7% |
|  3 |  0% |  0% |
| ID | GPU | MEM |
------------------
|  0 | 41% |  7% |
|  1 |  2% |  7% |
|  2 |  1% |  7% |
|  3 |  0% |  0% |
| ID | GPU | MEM |
------------------
|  0 | 70% |  7% |
|  1 |  0% |  7% |
|  2 |  0% |  7% |
|  3 |  0% |  0% |
Finished training it 2048/2709 of epoch 2 and time taken 0.1837627854347229, 21.50 ms/it, loss 0.319990, accuracy 85.794 %
| ID | GPU | MEM |
------------------
|  0 | 44% |  7% |
|  1 |  2% |  7% |
|  2 |  1% |  7% |
|  3 |  0% |  0% |
| ID | GPU | MEM |
------------------
|  0 | 31% |  7% |
|  1 |  0% |  7% |
|  2 |  1% |  7% |
|  3 |  0% |  0% |
| ID | GPU | MEM |
------------------
|  0 | 79% |  7% |
|  1 |  0% |  7% |
|  2 |  0% |  7% |
|  3 |  0% |  0% |
| ID | GPU | MEM |
------------------
|  0 | 41% |  7% |
|  1 |  1% |  7% |
|  2 |  1% |  7% |
|  3 |  0% |  0% |
| ID | GPU | MEM |
------------------
|  0 | 10% |  7% |
|  1 |  0% |  7% |
|  2 |  1% |  7% |
|  3 |  0% |  0% |
| ID | GPU | MEM |
------------------
|  0 | 63% |  7% |
|  1 |  1% |  7% |
|  2 |  0% |  7% |
|  3 |  0% |  0% |
Finished training it 2709/2709 of epoch 2 and time taken 0.19846081829071044, 20.95 ms/it, loss 0.313274, accuracy 86.257 %
Starting Test loop
| ID | GPU | MEM |
------------------
|  0 |  2% |  7% |
|  1 |  1% |  7% |
|  2 |  2% |  7% |
|  3 |  0% |  0% |
Test loop ended
Testing at - 2709/2709 of epoch 2, loss 0.277830, accuracy 87.228 %, best 87.228 %
Finished epoch 2
| ID | GPU | MEM |
------------------
|  0 | 33% |  7% |
|  1 |  0% |  7% |
|  2 |  1% |  7% |
|  3 |  0% |  0% |
| ID | GPU | MEM |
------------------
|  0 |  9% |  7% |
|  1 |  0% |  7% |
|  2 |  0% |  7% |
|  3 |  0% |  0% |
| ID | GPU | MEM |
------------------
|  0 | 71% |  7% |
|  1 |  1% |  7% |
|  2 |  0% |  7% |
|  3 |  0% |  0% |
| ID | GPU | MEM |
------------------
|  0 | 33% |  7% |
|  1 |  0% |  7% |
|  2 |  1% |  7% |
|  3 |  0% |  0% |
| ID | GPU | MEM |
------------------
|  0 |  9% |  7% |
|  1 |  0% |  7% |
|  2 |  1% |  7% |
|  3 |  0% |  0% |
| ID | GPU | MEM |
------------------
|  0 | 56% |  7% |
|  1 |  1% |  7% |
|  2 |  0% |  7% |
|  3 |  0% |  0% |
| ID | GPU | MEM |
------------------
|  0 | 12% |  7% |
|  1 |  0% |  7% |
|  2 |  1% |  7% |
|  3 |  0% |  0% |
| ID | GPU | MEM |
------------------
|  0 | 70% |  7% |
|  1 |  1% |  7% |
|  2 |  0% |  7% |
|  3 |  0% |  0% |
| ID | GPU | MEM |
------------------
|  0 | 35% |  7% |
|  1 |  2% |  7% |
|  2 |  1% |  7% |
|  3 |  0% |  0% |
| ID | GPU | MEM |
------------------
|  0 | 26% |  7% |
|  1 |  2% |  7% |
|  2 |  1% |  7% |
|  3 |  0% |  0% |
| ID | GPU | MEM |
------------------
|  0 | 65% |  7% |
|  1 |  1% |  7% |
|  2 |  0% |  7% |
|  3 |  0% |  0% |
Finished training it 1024/2709 of epoch 3 and time taken 0.22495008516311646, 21.68 ms/it, loss 0.310885, accuracy 86.182 %
| ID | GPU | MEM |
------------------
|  0 | 14% |  7% |
|  1 |  1% |  7% |
|  2 |  2% |  7% |
|  3 |  0% |  0% |
| ID | GPU | MEM |
------------------
|  0 | 16% |  7% |
|  1 |  1% |  7% |
|  2 |  2% |  7% |
|  3 |  0% |  0% |
| ID | GPU | MEM |
------------------
|  0 | 10% |  7% |
|  1 |  3% |  7% |
|  2 |  1% |  7% |
|  3 |  0% |  0% |
| ID | GPU | MEM |
------------------
|  0 |  9% |  7% |
|  1 |  2% |  7% |
|  2 |  1% |  7% |
|  3 |  0% |  0% |
| ID | GPU | MEM |
------------------
|  0 | 14% |  7% |
|  1 |  1% |  7% |
|  2 |  2% |  7% |
|  3 |  0% |  0% |
| ID | GPU | MEM |
------------------
|  0 | 11% |  7% |
|  1 |  1% |  7% |
|  2 |  1% |  7% |
|  3 |  0% |  0% |
| ID | GPU | MEM |
------------------
|  0 | 10% |  7% |
|  1 |  2% |  7% |
|  2 |  1% |  7% |
|  3 |  0% |  0% |
| ID | GPU | MEM |
------------------
|  0 | 17% |  7% |
|  1 |  1% |  7% |
|  2 |  2% |  7% |
|  3 |  0% |  0% |
| ID | GPU | MEM |
------------------
|  0 |  9% |  7% |
|  1 |  2% |  7% |
|  2 |  1% |  7% |
|  3 |  0% |  0% |
| ID | GPU | MEM |
------------------
|  0 | 13% |  7% |
|  1 |  3% |  7% |
|  2 |  1% |  7% |
|  3 |  0% |  0% |
Finished training it 2048/2709 of epoch 3 and time taken 0.24851256275177003, 22.27 ms/it, loss 0.289001, accuracy 87.219 %
| ID | GPU | MEM |
------------------
|  0 | 11% |  7% |
|  1 |  1% |  7% |
|  2 |  1% |  7% |
|  3 |  0% |  0% |
| ID | GPU | MEM |
------------------
|  0 |  9% |  7% |
|  1 |  1% |  7% |
|  2 |  1% |  7% |
|  3 |  0% |  0% |
| ID | GPU | MEM |
------------------
|  0 | 14% |  7% |
|  1 |  2% |  7% |
|  2 |  2% |  7% |
|  3 |  0% |  0% |
| ID | GPU | MEM |
------------------
|  0 | 12% |  7% |
|  1 |  1% |  7% |
|  2 |  1% |  7% |
|  3 |  0% |  0% |
| ID | GPU | MEM |
------------------
|  0 | 15% |  7% |
|  1 |  1% |  7% |
|  2 |  2% |  7% |
|  3 |  0% |  0% |
| ID | GPU | MEM |
------------------
|  0 | 17% |  7% |
|  1 |  2% |  7% |
|  2 |  2% |  7% |
|  3 |  0% |  0% |
| ID | GPU | MEM |
------------------
|  0 | 20% |  7% |
|  1 |  2% |  7% |
|  2 |  2% |  7% |
|  3 |  0% |  0% |
Finished training it 2709/2709 of epoch 3 and time taken 0.26341126894950867, 21.91 ms/it, loss 0.273899, accuracy 88.063 %
Starting Test loop
| ID | GPU | MEM |
------------------
|  0 |  2% |  7% |
|  1 |  2% |  7% |
|  2 |  2% |  7% |
|  3 |  0% |  0% |
Test loop ended
Testing at - 2709/2709 of epoch 3, loss 0.246101, accuracy 89.637 %, best 89.637 %
Finished epoch 3
| ID | GPU | MEM |
------------------
|  0 | 12% |  7% |
|  1 |  1% |  7% |
|  2 |  1% |  7% |
|  3 |  0% |  0% |
| ID | GPU | MEM |
------------------
|  0 | 74% |  7% |
|  1 |  0% |  7% |
|  2 |  0% |  7% |
|  3 |  0% |  0% |
| ID | GPU | MEM |
------------------
|  0 | 36% |  7% |
|  1 |  1% |  7% |
|  2 |  1% |  7% |
|  3 |  0% |  0% |
| ID | GPU | MEM |
------------------
|  0 | 83% |  7% |
|  1 |  0% |  7% |
|  2 |  0% |  7% |
|  3 |  0% |  0% |
| ID | GPU | MEM |
------------------
|  0 | 65% |  7% |
|  1 |  1% |  7% |
|  2 |  0% |  7% |
|  3 |  0% |  0% |
| ID | GPU | MEM |
------------------
|  0 | 29% |  7% |
|  1 |  2% |  7% |
|  2 |  1% |  7% |
|  3 |  0% |  0% |
| ID | GPU | MEM |
------------------
|  0 | 77% |  7% |
|  1 |  0% |  7% |
|  2 |  0% |  7% |
|  3 |  0% |  0% |
| ID | GPU | MEM |
------------------
|  0 | 65% |  7% |
|  1 |  0% |  7% |
|  2 |  0% |  7% |
|  3 |  0% |  0% |
| ID | GPU | MEM |
------------------
|  0 | 40% |  7% |
|  1 |  1% |  7% |
|  2 |  0% |  7% |
|  3 |  0% |  0% |
| ID | GPU | MEM |
------------------
|  0 |  9% |  7% |
|  1 |  0% |  7% |
|  2 |  2% |  7% |
|  3 |  0% |  0% |
Finished training it 1024/2709 of epoch 4 and time taken 0.28904163813591005, 21.01 ms/it, loss 0.273632, accuracy 87.842 %
| ID | GPU | MEM |
------------------
|  0 | 51% |  7% |
|  1 |  1% |  7% |
|  2 |  0% |  7% |
|  3 |  0% |  0% |
| ID | GPU | MEM |
------------------
|  0 | 14% |  7% |
|  1 |  0% |  7% |
|  2 |  1% |  7% |
|  3 |  0% |  0% |
| ID | GPU | MEM |
------------------
|  0 | 67% |  7% |
|  1 |  1% |  7% |
|  2 |  0% |  7% |
|  3 |  0% |  0% |
| ID | GPU | MEM |
------------------
|  0 | 38% |  7% |
|  1 |  1% |  7% |
|  2 |  0% |  7% |
|  3 |  0% |  0% |
| ID | GPU | MEM |
------------------
|  0 | 11% |  7% |
|  1 |  0% |  7% |
|  2 |  1% |  7% |
|  3 |  0% |  0% |
| ID | GPU | MEM |
------------------
|  0 |  9% |  7% |
|  1 |  0% |  7% |
|  2 |  2% |  7% |
|  3 |  0% |  0% |
| ID | GPU | MEM |
------------------
|  0 | 54% |  7% |
|  1 |  1% |  7% |
|  2 |  0% |  7% |
|  3 |  0% |  0% |
| ID | GPU | MEM |
------------------
|  0 | 21% |  7% |
|  1 |  0% |  7% |
|  2 |  1% |  7% |
|  3 |  0% |  0% |
| ID | GPU | MEM |
------------------
|  0 | 11% |  7% |
|  1 |  0% |  7% |
|  2 |  1% |  7% |
|  3 |  0% |  0% |
| ID | GPU | MEM |
------------------
|  0 | 13% |  7% |
|  1 |  0% |  7% |
|  2 |  1% |  7% |
|  3 |  0% |  0% |
Finished training it 2048/2709 of epoch 4 and time taken 0.311746431350708, 20.83 ms/it, loss 0.270010, accuracy 88.013 %
| ID | GPU | MEM |
------------------
|  0 | 60% |  7% |
|  1 |  1% |  7% |
|  2 |  0% |  7% |
|  3 |  0% |  0% |
| ID | GPU | MEM |
------------------
|  0 | 38% |  7% |
|  1 |  1% |  7% |
|  2 |  0% |  7% |
|  3 |  0% |  0% |
| ID | GPU | MEM |
------------------
|  0 | 19% |  7% |
|  1 |  0% |  7% |
|  2 |  1% |  7% |
|  3 |  0% |  0% |
| ID | GPU | MEM |
------------------
|  0 | 70% |  7% |
|  1 |  0% |  7% |
|  2 |  0% |  7% |
|  3 |  0% |  0% |
| ID | GPU | MEM |
------------------
|  0 | 20% |  7% |
|  1 |  1% |  7% |
|  2 |  1% |  7% |
|  3 |  0% |  0% |
| ID | GPU | MEM |
------------------
|  0 | 81% |  7% |
|  1 |  0% |  7% |
|  2 |  0% |  7% |
|  3 |  0% |  0% |
| ID | GPU | MEM |
------------------
|  0 | 29% |  7% |
|  1 |  1% |  7% |
|  2 |  1% |  7% |
|  3 |  0% |  0% |
Finished training it 2709/2709 of epoch 4 and time taken 0.32667057728767396, 21.19 ms/it, loss 0.261597, accuracy 88.474 %
Starting Test loop
| ID | GPU | MEM |
------------------
|  0 |  2% |  7% |
|  1 |  1% |  7% |
|  2 |  1% |  7% |
|  3 |  0% |  0% |
Test loop ended
Testing at - 2709/2709 of epoch 4, loss 0.256077, accuracy 87.498 %, best 89.637 %
Finished epoch 4
| ID | GPU | MEM |
------------------
|  0 | 10% |  7% |
|  1 |  1% |  7% |
|  2 |  1% |  7% |
|  3 |  0% |  0% |
| ID | GPU | MEM |
------------------
|  0 | 10% |  7% |
|  1 |  1% |  7% |
|  2 |  1% |  7% |
|  3 |  0% |  0% |
| ID | GPU | MEM |
------------------
|  0 | 10% |  7% |
|  1 |  1% |  7% |
|  2 |  1% |  7% |
|  3 |  0% |  0% |
| ID | GPU | MEM |
------------------
|  0 | 11% |  7% |
|  1 |  1% |  7% |
|  2 |  2% |  7% |
|  3 |  0% |  0% |
| ID | GPU | MEM |
------------------
|  0 | 18% |  7% |
|  1 |  1% |  7% |
|  2 |  2% |  7% |
|  3 |  0% |  0% |
| ID | GPU | MEM |
------------------
|  0 | 66% |  7% |
|  1 |  1% |  7% |
|  2 |  0% |  7% |
|  3 |  0% |  0% |
| ID | GPU | MEM |
------------------
|  0 | 12% |  7% |
|  1 |  0% |  7% |
|  2 |  1% |  7% |
|  3 |  0% |  0% |
| ID | GPU | MEM |
------------------
|  0 | 10% |  7% |
|  1 |  0% |  7% |
|  2 |  1% |  7% |
|  3 |  0% |  0% |
| ID | GPU | MEM |
------------------
|  0 | 42% |  7% |
|  1 |  1% |  7% |
|  2 |  0% |  7% |
|  3 |  0% |  0% |
| ID | GPU | MEM |
------------------
|  0 | 18% |  7% |
|  1 |  0% |  7% |
|  2 |  1% |  7% |
|  3 |  0% |  0% |
| ID | GPU | MEM |
------------------
|  0 | 61% |  7% |
|  1 |  0% |  7% |
|  2 |  0% |  7% |
|  3 |  0% |  0% |
Finished training it 1024/2709 of epoch 5 and time taken 0.35354664850234985, 22.47 ms/it, loss 0.254454, accuracy 88.785 %
| ID | GPU | MEM |
------------------
|  0 | 47% |  7% |
|  1 |  1% |  7% |
|  2 |  0% |  7% |
|  3 |  0% |  0% |
| ID | GPU | MEM |
------------------
|  0 | 10% |  7% |
|  1 |  0% |  7% |
|  2 |  1% |  7% |
|  3 |  0% |  0% |
| ID | GPU | MEM |
------------------
|  0 | 85% |  7% |
|  1 |  0% |  7% |
|  2 |  0% |  7% |
|  3 |  0% |  0% |
| ID | GPU | MEM |
------------------
|  0 | 54% |  7% |
|  1 |  1% |  7% |
|  2 |  0% |  7% |
|  3 |  0% |  0% |
| ID | GPU | MEM |
------------------
|  0 | 17% |  7% |
|  1 |  0% |  7% |
|  2 |  1% |  7% |
|  3 |  0% |  0% |
| ID | GPU | MEM |
------------------
|  0 | 63% |  7% |
|  1 |  0% |  7% |
|  2 |  0% |  7% |
|  3 |  0% |  0% |
| ID | GPU | MEM |
------------------
|  0 | 54% |  7% |
|  1 |  1% |  7% |
|  2 |  0% |  7% |
|  3 |  0% |  0% |
| ID | GPU | MEM |
------------------
|  0 | 13% |  7% |
|  1 |  0% |  7% |
|  2 |  1% |  7% |
|  3 |  0% |  0% |
| ID | GPU | MEM |
------------------
|  0 | 69% |  7% |
|  1 |  0% |  7% |
|  2 |  0% |  7% |
|  3 |  0% |  0% |
| ID | GPU | MEM |
------------------
|  0 | 10% |  7% |
|  1 |  1% |  7% |
|  2 |  1% |  7% |
|  3 |  0% |  0% |
Finished training it 2048/2709 of epoch 5 and time taken 0.3771612496376038, 21.70 ms/it, loss 0.256124, accuracy 88.644 %
| ID | GPU | MEM |
------------------
|  0 | 82% |  7% |
|  1 |  0% |  7% |
|  2 |  0% |  7% |
|  3 |  0% |  0% |
| ID | GPU | MEM |
------------------
|  0 | 23% |  7% |
|  1 |  2% |  7% |
|  2 |  1% |  7% |
|  3 |  0% |  0% |
| ID | GPU | MEM |
------------------
|  0 | 15% |  7% |
|  1 |  0% |  7% |
|  2 |  1% |  7% |
|  3 |  0% |  0% |
| ID | GPU | MEM |
------------------
|  0 | 51% |  7% |
|  1 |  1% |  7% |
|  2 |  0% |  7% |
|  3 |  0% |  0% |
| ID | GPU | MEM |
------------------
|  0 | 43% |  7% |
|  1 |  1% |  7% |
|  2 |  0% |  7% |
|  3 |  0% |  0% |
| ID | GPU | MEM |
------------------
|  0 |  9% |  7% |
|  1 |  0% |  7% |
|  2 |  1% |  7% |
|  3 |  0% |  0% |
| ID | GPU | MEM |
------------------
|  0 | 39% |  7% |
|  1 |  1% |  7% |
|  2 |  0% |  7% |
|  3 |  0% |  0% |
Finished training it 2709/2709 of epoch 5 and time taken 0.3921124134063721, 21.25 ms/it, loss 0.248899, accuracy 89.301 %
Starting Test loop
| ID | GPU | MEM |
------------------
|  0 |  2% |  7% |
|  1 |  1% |  7% |
|  2 |  1% |  7% |
|  3 |  0% |  0% |
Test loop ended
Testing at - 2709/2709 of epoch 5, loss 0.236326, accuracy 88.889 %, best 89.637 %
Finished epoch 5
| ID | GPU | MEM |
------------------
|  0 | 11% |  7% |
|  1 |  1% |  7% |
|  2 |  2% |  7% |
|  3 |  0% |  0% |
| ID | GPU | MEM |
------------------
|  0 | 14% |  7% |
|  1 |  2% |  7% |
|  2 |  2% |  7% |
|  3 |  0% |  0% |
| ID | GPU | MEM |
------------------
|  0 | 16% |  7% |
|  1 |  2% |  7% |
|  2 |  1% |  7% |
|  3 |  0% |  0% |
| ID | GPU | MEM |
------------------
|  0 | 10% |  7% |
|  1 |  2% |  7% |
|  2 |  1% |  7% |
|  3 |  0% |  0% |
| ID | GPU | MEM |
------------------
|  0 |  9% |  7% |
|  1 |  2% |  7% |
|  2 |  1% |  7% |
|  3 |  0% |  0% |
| ID | GPU | MEM |
------------------
|  0 | 10% |  7% |
|  1 |  2% |  7% |
|  2 |  1% |  7% |
|  3 |  0% |  0% |
| ID | GPU | MEM |
------------------
|  0 | 39% |  7% |
|  1 |  1% |  7% |
|  2 |  0% |  7% |
|  3 |  0% |  0% |
| ID | GPU | MEM |
------------------
|  0 | 25% |  7% |
|  1 |  1% |  7% |
|  2 |  1% |  7% |
|  3 |  0% |  0% |
| ID | GPU | MEM |
------------------
|  0 | 67% |  7% |
|  1 |  0% |  7% |
|  2 |  1% |  7% |
|  3 |  0% |  0% |
| ID | GPU | MEM |
------------------
|  0 | 68% |  7% |
|  1 |  0% |  7% |
|  2 |  0% |  7% |
|  3 |  0% |  0% |
| ID | GPU | MEM |
------------------
|  0 | 18% |  7% |
|  1 |  1% |  7% |
|  2 |  1% |  7% |
|  3 |  0% |  0% |
Finished training it 1024/2709 of epoch 6 and time taken 0.41893816232681275, 22.34 ms/it, loss 0.239985, accuracy 89.413 %
| ID | GPU | MEM |
------------------
|  0 | 42% |  7% |
|  1 |  0% |  7% |
|  2 |  1% |  7% |
|  3 |  0% |  0% |
| ID | GPU | MEM |
------------------
|  0 | 18% |  7% |
|  1 |  1% |  7% |
|  2 |  1% |  7% |
|  3 |  0% |  0% |
| ID | GPU | MEM |
------------------
|  0 | 11% |  7% |
|  1 |  1% |  7% |
|  2 |  1% |  7% |
|  3 |  0% |  0% |
| ID | GPU | MEM |
------------------
|  0 | 10% |  7% |
|  1 |  3% |  7% |
|  2 |  1% |  7% |
|  3 |  0% |  0% |
| ID | GPU | MEM |
------------------
|  0 | 10% |  7% |
|  1 |  1% |  7% |
|  2 |  1% |  7% |
|  3 |  0% |  0% |
| ID | GPU | MEM |
------------------
|  0 | 10% |  7% |
|  1 |  2% |  7% |
|  2 |  1% |  7% |
|  3 |  0% |  0% |
| ID | GPU | MEM |
------------------
|  0 | 10% |  7% |
|  1 |  1% |  7% |
|  2 |  1% |  7% |
|  3 |  0% |  0% |
| ID | GPU | MEM |
------------------
|  0 | 11% |  7% |
|  1 |  1% |  7% |
|  2 |  1% |  7% |
|  3 |  0% |  0% |
| ID | GPU | MEM |
------------------
|  0 |  9% |  7% |
|  1 |  1% |  7% |
|  2 |  2% |  7% |
|  3 |  0% |  0% |
| ID | GPU | MEM |
------------------
|  0 | 10% |  7% |
|  1 |  2% |  7% |
|  2 |  2% |  7% |
|  3 |  0% |  0% |
Finished training it 2048/2709 of epoch 6 and time taken 0.44190173721313475, 21.72 ms/it, loss 0.232395, accuracy 89.703 %
| ID | GPU | MEM |
------------------
|  0 | 12% |  7% |
|  1 |  2% |  7% |
|  2 |  2% |  7% |
|  3 |  0% |  0% |
| ID | GPU | MEM |
------------------
|  0 | 15% |  7% |
|  1 |  2% |  7% |
|  2 |  2% |  7% |
|  3 |  0% |  0% |
| ID | GPU | MEM |
------------------
|  0 | 16% |  7% |
|  1 |  2% |  7% |
|  2 |  2% |  7% |
|  3 |  0% |  0% |
| ID | GPU | MEM |
------------------
|  0 | 17% |  7% |
|  1 |  2% |  7% |
|  2 |  1% |  7% |
|  3 |  0% |  0% |
| ID | GPU | MEM |
------------------
|  0 |  9% |  7% |
|  1 |  2% |  7% |
|  2 |  1% |  7% |
|  3 |  0% |  0% |
| ID | GPU | MEM |
------------------
|  0 |  9% |  7% |
|  1 |  2% |  7% |
|  2 |  1% |  7% |
|  3 |  0% |  0% |
| ID | GPU | MEM |
------------------
|  0 |  9% |  7% |
|  1 |  1% |  7% |
|  2 |  1% |  7% |
|  3 |  0% |  0% |
Finished training it 2709/2709 of epoch 6 and time taken 0.4572467966079712, 22.43 ms/it, loss 0.238536, accuracy 89.821 %
Starting Test loop
| ID | GPU | MEM |
------------------
|  0 |  1% |  7% |
|  1 |  1% |  7% |
|  2 |  1% |  7% |
|  3 |  0% |  0% |
| ID | GPU | MEM |
------------------
|  0 |  2% |  7% |
|  1 |  1% |  7% |
|  2 |  1% |  7% |
|  3 |  0% |  0% |
Test loop ended
Testing at - 2709/2709 of epoch 6, loss 0.204368, accuracy 90.301 %, best 90.301 %
Finished epoch 6
| ID | GPU | MEM |
------------------
|  0 | 11% |  7% |
|  1 |  1% |  7% |
|  2 |  2% |  7% |
|  3 |  0% |  0% |
| ID | GPU | MEM |
------------------
|  0 | 14% |  7% |
|  1 |  1% |  7% |
|  2 |  2% |  7% |
|  3 |  0% |  0% |
| ID | GPU | MEM |
------------------
|  0 | 14% |  7% |
|  1 |  2% |  7% |
|  2 |  2% |  7% |
|  3 |  0% |  0% |
| ID | GPU | MEM |
------------------
|  0 | 14% |  7% |
|  1 |  2% |  7% |
|  2 |  3% |  7% |
|  3 |  0% |  0% |
| ID | GPU | MEM |
------------------
|  0 | 16% |  7% |
|  1 |  2% |  7% |
|  2 |  1% |  7% |
|  3 |  0% |  0% |
| ID | GPU | MEM |
------------------
|  0 |  9% |  7% |
|  1 |  2% |  7% |
|  2 |  1% |  7% |
|  3 |  0% |  0% |
| ID | GPU | MEM |
------------------
|  0 | 10% |  7% |
|  1 |  3% |  7% |
|  2 |  1% |  7% |
|  3 |  0% |  0% |
| ID | GPU | MEM |
------------------
|  0 |  9% |  7% |
|  1 |  1% |  7% |
|  2 |  1% |  7% |
|  3 |  0% |  0% |
| ID | GPU | MEM |
------------------
|  0 | 10% |  7% |
|  1 |  1% |  7% |
|  2 |  1% |  7% |
|  3 |  0% |  0% |
| ID | GPU | MEM |
------------------
|  0 | 11% |  7% |
|  1 |  1% |  7% |
|  2 |  1% |  7% |
|  3 |  0% |  0% |
| ID | GPU | MEM |
------------------
|  0 | 10% |  7% |
|  1 |  2% |  7% |
|  2 |  2% |  7% |
|  3 |  0% |  0% |
Finished training it 1024/2709 of epoch 7 and time taken 0.4842585966587067, 22.56 ms/it, loss 0.229206, accuracy 90.067 %
| ID | GPU | MEM |
------------------
|  0 | 12% |  7% |
|  1 |  1% |  7% |
|  2 |  2% |  7% |
|  3 |  0% |  0% |
| ID | GPU | MEM |
------------------
|  0 | 17% |  7% |
|  1 |  1% |  7% |
|  2 |  1% |  7% |
|  3 |  0% |  0% |
| ID | GPU | MEM |
------------------
|  0 | 68% |  7% |
|  1 |  0% |  7% |
|  2 |  1% |  7% |
|  3 |  0% |  0% |
| ID | GPU | MEM |
------------------
|  0 | 39% |  7% |
|  1 |  1% |  7% |
|  2 |  0% |  7% |
|  3 |  0% |  0% |
| ID | GPU | MEM |
------------------
|  0 | 65% |  7% |
|  1 |  0% |  7% |
|  2 |  1% |  7% |
|  3 |  0% |  0% |
| ID | GPU | MEM |
------------------
|  0 | 50% |  7% |
|  1 |  0% |  7% |
|  2 |  0% |  7% |
|  3 |  0% |  0% |
| ID | GPU | MEM |
------------------
|  0 | 23% |  7% |
|  1 |  1% |  7% |
|  2 |  0% |  7% |
|  3 |  0% |  0% |
| ID | GPU | MEM |
------------------
|  0 | 84% |  7% |
|  1 |  0% |  7% |
|  2 |  1% |  7% |
|  3 |  0% |  0% |
| ID | GPU | MEM |
------------------
|  0 | 43% |  7% |
|  1 |  0% |  7% |
|  2 |  0% |  7% |
|  3 |  0% |  0% |
| ID | GPU | MEM |
------------------
|  0 | 19% |  7% |
|  1 |  1% |  7% |
|  2 |  0% |  7% |
|  3 |  0% |  0% |
Finished training it 2048/2709 of epoch 7 and time taken 0.5075657615661621, 21.52 ms/it, loss 0.229187, accuracy 90.152 %
| ID | GPU | MEM |
------------------
|  0 | 71% |  7% |
|  1 |  0% |  7% |
|  2 |  0% |  7% |
|  3 |  0% |  0% |
| ID | GPU | MEM |
------------------
|  0 | 36% |  7% |
|  1 |  1% |  7% |
|  2 |  0% |  7% |
|  3 |  0% |  0% |
| ID | GPU | MEM |
------------------
|  0 | 20% |  7% |
|  1 |  1% |  7% |
|  2 |  0% |  7% |
|  3 |  0% |  0% |
| ID | GPU | MEM |
------------------
|  0 | 54% |  7% |
|  1 |  0% |  7% |
|  2 |  0% |  7% |
|  3 |  0% |  0% |
| ID | GPU | MEM |
------------------
|  0 | 32% |  7% |
|  1 |  1% |  7% |
|  2 |  0% |  7% |
|  3 |  0% |  0% |
| ID | GPU | MEM |
------------------
|  0 | 64% |  7% |
|  1 |  0% |  7% |
|  2 |  1% |  7% |
|  3 |  0% |  0% |
| ID | GPU | MEM |
------------------
|  0 | 38% |  7% |
|  1 |  1% |  7% |
|  2 |  0% |  7% |
|  3 |  0% |  0% |
Finished training it 2709/2709 of epoch 7 and time taken 0.5225703301429748, 21.26 ms/it, loss 0.228609, accuracy 90.081 %
Starting Test loop
| ID | GPU | MEM |
------------------
|  0 |  2% |  7% |
|  1 |  1% |  7% |
|  2 |  2% |  7% |
|  3 |  0% |  0% |
Test loop ended
Testing at - 2709/2709 of epoch 7, loss 0.211492, accuracy 89.866 %, best 90.301 %
Finished epoch 7
| ID | GPU | MEM |
------------------
|  0 |  9% |  7% |
|  1 |  1% |  7% |
|  2 |  2% |  7% |
|  3 |  0% |  0% |
| ID | GPU | MEM |
------------------
|  0 | 10% |  7% |
|  1 |  2% |  7% |
|  2 |  2% |  7% |
|  3 |  0% |  0% |
| ID | GPU | MEM |
------------------
|  0 | 12% |  7% |
|  1 |  2% |  7% |
|  2 |  1% |  7% |
|  3 |  0% |  0% |
| ID | GPU | MEM |
------------------
|  0 | 15% |  7% |
|  1 |  2% |  7% |
|  2 |  1% |  7% |
|  3 |  0% |  0% |
| ID | GPU | MEM |
------------------
|  0 | 10% |  7% |
|  1 |  2% |  7% |
|  2 |  1% |  7% |
|  3 |  0% |  0% |
| ID | GPU | MEM |
------------------
|  0 | 10% |  7% |
|  1 |  1% |  7% |
|  2 |  1% |  7% |
|  3 |  0% |  0% |
| ID | GPU | MEM |
------------------
|  0 |  9% |  7% |
|  1 |  1% |  7% |
|  2 |  1% |  7% |
|  3 |  0% |  0% |
| ID | GPU | MEM |
------------------
|  0 | 11% |  7% |
|  1 |  2% |  7% |
|  2 |  1% |  7% |
|  3 |  0% |  0% |
| ID | GPU | MEM |
------------------
|  0 | 12% |  7% |
|  1 |  1% |  7% |
|  2 |  1% |  7% |
|  3 |  0% |  0% |
| ID | GPU | MEM |
------------------
|  0 | 69% |  7% |
|  1 |  0% |  7% |
|  2 |  1% |  7% |
|  3 |  0% |  0% |
| ID | GPU | MEM |
------------------
|  0 | 39% |  7% |
|  1 |  0% |  7% |
|  2 |  0% |  7% |
|  3 |  0% |  0% |
Finished training it 1024/2709 of epoch 8 and time taken 0.5497750415802002, 22.90 ms/it, loss 0.215697, accuracy 90.582 %
| ID | GPU | MEM |
------------------
|  0 | 10% |  7% |
|  1 |  2% |  7% |
|  2 |  1% |  7% |
|  3 |  0% |  0% |
| ID | GPU | MEM |
------------------
|  0 | 62% |  7% |
|  1 |  0% |  7% |
|  2 |  2% |  7% |
|  3 |  0% |  0% |
| ID | GPU | MEM |
------------------
|  0 | 40% |  7% |
|  1 |  2% |  7% |
|  2 |  0% |  7% |
|  3 |  0% |  0% |
| ID | GPU | MEM |
------------------
|  0 | 16% |  7% |
|  1 |  2% |  7% |
|  2 |  1% |  7% |
|  3 |  0% |  0% |
| ID | GPU | MEM |
------------------
|  0 | 10% |  7% |
|  1 |  1% |  7% |
|  2 |  1% |  7% |
|  3 |  0% |  0% |
| ID | GPU | MEM |
------------------
|  0 | 14% |  7% |
|  1 |  2% |  7% |
|  2 |  1% |  7% |
|  3 |  0% |  0% |
| ID | GPU | MEM |
------------------
|  0 | 17% |  7% |
|  1 |  2% |  7% |
|  2 |  1% |  7% |
|  3 |  0% |  0% |
| ID | GPU | MEM |
------------------
|  0 | 27% |  7% |
|  1 |  3% |  7% |
|  2 |  1% |  7% |
|  3 |  0% |  0% |
| ID | GPU | MEM |
------------------
|  0 |  9% |  7% |
|  1 |  1% |  7% |
|  2 |  1% |  7% |
|  3 |  0% |  0% |
| ID | GPU | MEM |
------------------
|  0 | 11% |  7% |
|  1 |  2% |  7% |
|  2 |  2% |  7% |
|  3 |  0% |  0% |
Finished training it 2048/2709 of epoch 8 and time taken 0.5724256815910339, 21.35 ms/it, loss 0.213566, accuracy 90.674 %
| ID | GPU | MEM |
------------------
|  0 |  8% |  7% |
|  1 |  1% |  7% |
|  2 |  1% |  7% |
|  3 |  0% |  0% |
| ID | GPU | MEM |
------------------
|  0 | 12% |  7% |
|  1 |  2% |  7% |
|  2 |  2% |  7% |
|  3 |  0% |  0% |
| ID | GPU | MEM |
------------------
|  0 | 10% |  7% |
|  1 |  2% |  7% |
|  2 |  2% |  7% |
|  3 |  0% |  0% |
| ID | GPU | MEM |
------------------
|  0 | 13% |  7% |
|  1 |  2% |  7% |
|  2 |  2% |  7% |
|  3 |  0% |  0% |
| ID | GPU | MEM |
------------------
|  0 | 10% |  7% |
|  1 |  1% |  7% |
|  2 |  2% |  7% |
|  3 |  0% |  0% |
| ID | GPU | MEM |
------------------
|  0 | 12% |  7% |
|  1 |  2% |  7% |
|  2 |  2% |  7% |
|  3 |  0% |  0% |
| ID | GPU | MEM |
------------------
|  0 | 12% |  7% |
|  1 |  2% |  7% |
|  2 |  2% |  7% |
|  3 |  0% |  0% |
Finished training it 2709/2709 of epoch 8 and time taken 0.5870752520561219, 21.54 ms/it, loss 0.215136, accuracy 90.738 %
Starting Test loop
| ID | GPU | MEM |
------------------
|  0 |  2% |  7% |
|  1 |  2% |  7% |
|  2 |  1% |  7% |
|  3 |  0% |  0% |
Test loop ended
Testing at - 2709/2709 of epoch 8, loss 0.222981, accuracy 89.512 %, best 90.301 %
Finished epoch 8
| ID | GPU | MEM |
------------------
|  0 | 17% |  7% |
|  1 |  2% |  7% |
|  2 |  1% |  7% |
|  3 |  0% |  0% |
| ID | GPU | MEM |
------------------
|  0 | 20% |  7% |
|  1 |  2% |  7% |
|  2 |  1% |  7% |
|  3 |  0% |  0% |
| ID | GPU | MEM |
------------------
|  0 | 21% |  7% |
|  1 |  3% |  7% |
|  2 |  1% |  7% |
|  3 |  0% |  0% |
| ID | GPU | MEM |
------------------
|  0 | 54% |  7% |
|  1 |  2% |  7% |
|  2 |  1% |  7% |
|  3 |  0% |  0% |
| ID | GPU | MEM |
------------------
|  0 | 28% |  7% |
|  1 |  0% |  7% |
|  2 |  0% |  7% |
|  3 |  0% |  0% |
| ID | GPU | MEM |
------------------
|  0 | 10% |  7% |
|  1 |  1% |  7% |
|  2 |  0% |  7% |
|  3 |  0% |  0% |
| ID | GPU | MEM |
------------------
|  0 | 25% |  7% |
|  1 |  1% |  7% |
|  2 |  1% |  7% |
|  3 |  0% |  0% |
| ID | GPU | MEM |
------------------
|  0 | 26% |  7% |
|  1 |  1% |  7% |
|  2 |  2% |  7% |
|  3 |  0% |  0% |
| ID | GPU | MEM |
------------------
|  0 | 11% |  7% |
|  1 |  2% |  7% |
|  2 |  1% |  7% |
|  3 |  0% |  0% |
| ID | GPU | MEM |
------------------
|  0 |  9% |  7% |
|  1 |  2% |  7% |
|  2 |  2% |  7% |
|  3 |  0% |  0% |
Finished training it 1024/2709 of epoch 9 and time taken 0.6125916056632995, 21.40 ms/it, loss 0.211196, accuracy 90.762 %
| ID | GPU | MEM |
------------------
|  0 | 20% |  7% |
|  1 |  1% |  7% |
|  2 |  1% |  7% |
|  3 |  0% |  0% |
| ID | GPU | MEM |
------------------
|  0 | 12% |  7% |
|  1 |  2% |  7% |
|  2 |  2% |  7% |
|  3 |  0% |  0% |
| ID | GPU | MEM |
------------------
|  0 |  9% |  7% |
|  1 |  1% |  7% |
|  2 |  2% |  7% |
|  3 |  0% |  0% |
| ID | GPU | MEM |
------------------
|  0 | 18% |  7% |
|  1 |  1% |  7% |
|  2 |  1% |  7% |
|  3 |  0% |  0% |
| ID | GPU | MEM |
------------------
|  0 | 10% |  7% |
|  1 |  2% |  7% |
|  2 |  2% |  7% |
|  3 |  0% |  0% |
| ID | GPU | MEM |
------------------
|  0 | 13% |  7% |
|  1 |  2% |  7% |
|  2 |  2% |  7% |
|  3 |  0% |  0% |
| ID | GPU | MEM |
------------------
|  0 | 13% |  7% |
|  1 |  2% |  7% |
|  2 |  1% |  7% |
|  3 |  0% |  0% |
| ID | GPU | MEM |
------------------
|  0 | 13% |  7% |
|  1 |  2% |  7% |
|  2 |  2% |  7% |
|  3 |  0% |  0% |
| ID | GPU | MEM |
------------------
|  0 |  9% |  7% |
|  1 |  1% |  7% |
|  2 |  2% |  7% |
|  3 |  0% |  0% |
| ID | GPU | MEM |
------------------
|  0 | 18% |  7% |
|  1 |  1% |  7% |
|  2 |  1% |  7% |
|  3 |  0% |  0% |
| ID | GPU | MEM |
------------------
|  0 | 12% |  7% |
|  1 |  2% |  7% |
|  2 |  1% |  7% |
|  3 |  0% |  0% |
Finished training it 2048/2709 of epoch 9 and time taken 0.6359830181598664, 22.20 ms/it, loss 0.217293, accuracy 90.796 %
| ID | GPU | MEM |
------------------
|  0 | 11% |  7% |
|  1 |  2% |  7% |
|  2 |  1% |  7% |
|  3 |  0% |  0% |
| ID | GPU | MEM |
------------------
|  0 | 12% |  7% |
|  1 |  2% |  7% |
|  2 |  1% |  7% |
|  3 |  0% |  0% |
| ID | GPU | MEM |
------------------
|  0 | 12% |  7% |
|  1 |  2% |  7% |
|  2 |  1% |  7% |
|  3 |  0% |  0% |
| ID | GPU | MEM |
------------------
|  0 | 14% |  7% |
|  1 |  3% |  7% |
|  2 |  1% |  7% |
|  3 |  0% |  0% |
| ID | GPU | MEM |
------------------
|  0 | 14% |  7% |
|  1 |  1% |  7% |
|  2 |  1% |  7% |
|  3 |  0% |  0% |
| ID | GPU | MEM |
------------------
|  0 | 18% |  7% |
|  1 |  1% |  7% |
|  2 |  1% |  7% |
|  3 |  0% |  0% |
| ID | GPU | MEM |
------------------
|  0 |  8% |  7% |
|  1 |  1% |  7% |
|  2 |  1% |  7% |
|  3 |  0% |  0% |
Finished training it 2709/2709 of epoch 9 and time taken 0.6513024663925171, 22.52 ms/it, loss 0.212378, accuracy 90.824 %
Starting Test loop
| ID | GPU | MEM |
------------------
|  0 |  2% |  7% |
|  1 |  1% |  7% |
|  2 |  2% |  7% |
|  3 |  0% |  0% |
Test loop ended
Testing at - 2709/2709 of epoch 9, loss 0.188753, accuracy 91.319 %, best 91.319 %
Finished epoch 9
Finished the program
