python3: no process found

c4130-110133:8876:8876 [0] misc/ibvwrap.cc:63 NCCL WARN Failed to open libibverbs.so[.1]
NCCL version 2.4.8+cuda10.1
Using 2 GPU(s)...
Sparse features= 9, Dense features= 24
Sparse features= 9, Dense features= 24
time/loss/accuracy (if enabled):
| ID | GPU | MEM |
------------------
|  0 |  7% |  7% |
|  1 |  0% |  0% |
|  2 |  0% |  0% |
|  3 |  0% |  0% |
| ID | GPU | MEM |
------------------
|  0 |  0% |  7% |
|  1 |  6% |  5% |
|  2 |  0% |  0% |
|  3 |  0% |  0% |
| ID | GPU | MEM |
------------------
|  0 |  0% |  7% |
|  1 |  4% |  7% |
|  2 |  0% |  0% |
|  3 |  0% |  0% |
| ID | GPU | MEM |
------------------
|  0 |  3% |  7% |
|  1 |  2% |  7% |
|  2 |  0% |  0% |
|  3 |  0% |  0% |
| ID | GPU | MEM |
------------------
|  0 |  3% |  7% |
|  1 |  2% |  7% |
|  2 |  0% |  0% |
|  3 |  0% |  0% |
| ID | GPU | MEM |
------------------
|  0 |  3% |  7% |
|  1 |  2% |  7% |
|  2 |  0% |  0% |
|  3 |  0% |  0% |
Finished training it 339/339 of epoch 0 and time taken 0.012464826345443726, 30.97 ms/it, loss 0.645882, accuracy 62.482 %
Starting Test loop
Test loop ended
Testing at - 339/339 of epoch 0, loss 0.522475, accuracy 73.707 %, best 73.707 %
Finished epoch 0
| ID | GPU | MEM |
------------------
|  0 |  3% |  7% |
|  1 |  3% |  7% |
|  2 |  0% |  0% |
|  3 |  0% |  0% |
| ID | GPU | MEM |
------------------
|  0 |  6% |  7% |
|  1 |  4% |  7% |
|  2 |  0% |  0% |
|  3 |  0% |  0% |
| ID | GPU | MEM |
------------------
|  0 |  6% |  7% |
|  1 |  3% |  7% |
|  2 |  0% |  0% |
|  3 |  0% |  0% |
Finished training it 339/339 of epoch 1 and time taken 0.019170313119888305, 13.72 ms/it, loss 0.599148, accuracy 67.015 %
Starting Test loop
| ID | GPU | MEM |
------------------
|  0 |  3% |  7% |
|  1 |  2% |  7% |
|  2 |  0% |  0% |
|  3 |  0% |  0% |
Test loop ended
Testing at - 339/339 of epoch 1, loss 0.457985, accuracy 79.804 %, best 79.804 %
Finished epoch 1
| ID | GPU | MEM |
------------------
|  0 |  4% |  7% |
|  1 |  3% |  7% |
|  2 |  0% |  0% |
|  3 |  0% |  0% |
| ID | GPU | MEM |
------------------
|  0 |  4% |  7% |
|  1 |  2% |  7% |
|  2 |  0% |  0% |
|  3 |  0% |  0% |
Finished training it 339/339 of epoch 2 and time taken 0.025741052627563477, 13.40 ms/it, loss 0.556883, accuracy 70.391 %
Starting Test loop
| ID | GPU | MEM |
------------------
|  0 |  3% |  7% |
|  1 |  2% |  7% |
|  2 |  0% |  0% |
|  3 |  0% |  0% |
Test loop ended
Testing at - 339/339 of epoch 2, loss 0.617863, accuracy 66.651 %, best 79.804 %
Finished epoch 2
| ID | GPU | MEM |
------------------
|  0 |  3% |  7% |
|  1 |  4% |  7% |
|  2 |  0% |  0% |
|  3 |  0% |  0% |
| ID | GPU | MEM |
------------------
|  0 |  6% |  7% |
|  1 |  4% |  7% |
|  2 |  0% |  0% |
|  3 |  0% |  0% |
Finished training it 339/339 of epoch 3 and time taken 0.03235683655738831, 13.60 ms/it, loss 0.521957, accuracy 72.548 %
Starting Test loop
| ID | GPU | MEM |
------------------
|  0 |  6% |  7% |
|  1 |  4% |  7% |
|  2 |  0% |  0% |
|  3 |  0% |  0% |
Test loop ended
Testing at - 339/339 of epoch 3, loss 0.534087, accuracy 69.005 %, best 79.804 %
Finished epoch 3
| ID | GPU | MEM |
------------------
|  0 |  5% |  7% |
|  1 |  3% |  7% |
|  2 |  0% |  0% |
|  3 |  0% |  0% |
| ID | GPU | MEM |
------------------
|  0 |  4% |  7% |
|  1 |  3% |  7% |
|  2 |  0% |  0% |
|  3 |  0% |  0% |
Finished training it 339/339 of epoch 4 and time taken 0.038631523609161375, 12.84 ms/it, loss 0.496122, accuracy 74.493 %
Starting Test loop
| ID | GPU | MEM |
------------------
|  0 |  3% |  7% |
|  1 |  2% |  7% |
|  2 |  0% |  0% |
|  3 |  0% |  0% |
Test loop ended
Testing at - 339/339 of epoch 4, loss 0.484717, accuracy 73.599 %, best 79.804 %
Finished epoch 4
| ID | GPU | MEM |
------------------
|  0 |  4% |  7% |
|  1 |  2% |  7% |
|  2 |  0% |  0% |
|  3 |  0% |  0% |
| ID | GPU | MEM |
------------------
|  0 |  3% |  7% |
|  1 |  2% |  7% |
|  2 |  0% |  0% |
|  3 |  0% |  0% |
| ID | GPU | MEM |
------------------
|  0 |  3% |  7% |
|  1 |  4% |  7% |
|  2 |  0% |  0% |
|  3 |  0% |  0% |
Finished training it 339/339 of epoch 5 and time taken 0.04559193682670593, 14.48 ms/it, loss 0.473945, accuracy 75.962 %
Starting Test loop
Test loop ended
Testing at - 339/339 of epoch 5, loss 0.428279, accuracy 83.501 %, best 83.501 %
Finished epoch 5
| ID | GPU | MEM |
------------------
|  0 |  5% |  7% |
|  1 |  3% |  7% |
|  2 |  0% |  0% |
|  3 |  0% |  0% |
| ID | GPU | MEM |
------------------
|  0 |  6% |  7% |
|  1 |  3% |  7% |
|  2 |  0% |  0% |
|  3 |  0% |  0% |
| ID | GPU | MEM |
------------------
|  0 |  4% |  7% |
|  1 |  3% |  7% |
|  2 |  0% |  0% |
|  3 |  0% |  0% |
Finished training it 339/339 of epoch 6 and time taken 0.052485873460769654, 14.43 ms/it, loss 0.453867, accuracy 77.702 %
Starting Test loop
Test loop ended
Testing at - 339/339 of epoch 6, loss 0.417929, accuracy 80.832 %, best 83.501 %
Finished epoch 6
| ID | GPU | MEM |
------------------
|  0 |  4% |  7% |
|  1 |  3% |  7% |
|  2 |  0% |  0% |
|  3 |  0% |  0% |
| ID | GPU | MEM |
------------------
|  0 |  4% |  7% |
|  1 |  3% |  7% |
|  2 |  0% |  0% |
|  3 |  0% |  0% |
| ID | GPU | MEM |
------------------
|  0 |  4% |  7% |
|  1 |  3% |  7% |
|  2 |  0% |  0% |
|  3 |  0% |  0% |
Finished training it 339/339 of epoch 7 and time taken 0.05908314108848572, 13.68 ms/it, loss 0.426624, accuracy 79.008 %
Starting Test loop
Test loop ended
Testing at - 339/339 of epoch 7, loss 0.407915, accuracy 84.750 %, best 84.750 %
Finished epoch 7
| ID | GPU | MEM |
------------------
|  0 |  4% |  7% |
|  1 |  4% |  7% |
|  2 |  0% |  0% |
|  3 |  0% |  0% |
| ID | GPU | MEM |
------------------
|  0 |  6% |  7% |
|  1 |  4% |  7% |
|  2 |  0% |  0% |
|  3 |  0% |  0% |
| ID | GPU | MEM |
------------------
|  0 |  6% |  7% |
|  1 |  3% |  7% |
|  2 |  0% |  0% |
|  3 |  0% |  0% |
Finished training it 339/339 of epoch 8 and time taken 0.06561718392372132, 13.55 ms/it, loss 0.408844, accuracy 80.406 %
Starting Test loop
Test loop ended
Testing at - 339/339 of epoch 8, loss 0.301675, accuracy 88.472 %, best 88.472 %
Finished epoch 8
| ID | GPU | MEM |
------------------
|  0 |  4% |  7% |
|  1 |  2% |  7% |
|  2 |  0% |  0% |
|  3 |  0% |  0% |
| ID | GPU | MEM |
------------------
|  0 |  4% |  7% |
|  1 |  2% |  7% |
|  2 |  0% |  0% |
|  3 |  0% |  0% |
| ID | GPU | MEM |
------------------
|  0 |  3% |  7% |
|  1 |  2% |  7% |
|  2 |  0% |  0% |
|  3 |  0% |  0% |
| ID | GPU | MEM |
------------------
|  0 |  3% |  7% |
|  1 |  2% |  7% |
|  2 |  0% |  0% |
|  3 |  0% |  0% |
Finished training it 339/339 of epoch 9 and time taken 0.07360040092468262, 17.44 ms/it, loss 0.395250, accuracy 81.077 %
Starting Test loop
Test loop ended
Testing at - 339/339 of epoch 9, loss 0.475959, accuracy 72.215 %, best 88.472 %
Finished epoch 9
Finished the program
