python3: no process found

c4130-110133:29893:29893 [0] misc/ibvwrap.cc:63 NCCL WARN Failed to open libibverbs.so[.1]
NCCL version 2.4.8+cuda10.1
Using 2 GPU(s)...
Sparse features= 9, Dense features= 24
Sparse features= 9, Dense features= 24
time/loss/accuracy (if enabled):
| ID | GPU | MEM |
------------------
|  0 |  6% |  7% |
|  1 |  0% |  0% |
|  2 |  0% |  0% |
|  3 |  0% |  0% |
| ID | GPU | MEM |
------------------
|  0 |  0% |  7% |
|  1 |  0% |  4% |
|  2 |  0% |  0% |
|  3 |  0% |  0% |
| ID | GPU | MEM |
------------------
|  0 |  0% |  7% |
|  1 | 13% |  7% |
|  2 |  0% |  0% |
|  3 |  0% |  0% |
| ID | GPU | MEM |
------------------
|  0 |  8% |  7% |
|  1 |  3% |  7% |
|  2 |  0% |  0% |
|  3 |  0% |  0% |
| ID | GPU | MEM |
------------------
|  0 | 14% |  7% |
|  1 |  2% |  7% |
|  2 |  0% |  0% |
|  3 |  0% |  0% |
Finished training it 170/170 of epoch 0 and time taken 0.009620984554290772, 50.86 ms/it, loss 0.665437, accuracy 59.828 %
Starting Test loop
Test loop ended
Testing at - 170/170 of epoch 0, loss 0.671754, accuracy 60.517 %, best 60.517 %
Finished epoch 0
| ID | GPU | MEM |
------------------
|  0 | 14% |  7% |
|  1 |  2% |  7% |
|  2 |  0% |  0% |
|  3 |  0% |  0% |
| ID | GPU | MEM |
------------------
|  0 | 12% |  7% |
|  1 |  2% |  7% |
|  2 |  0% |  0% |
|  3 |  0% |  0% |
Finished training it 170/170 of epoch 1 and time taken 0.014177869081497192, 20.13 ms/it, loss 0.631360, accuracy 64.765 %
Starting Test loop
Test loop ended
Testing at - 170/170 of epoch 1, loss 0.742329, accuracy 52.339 %, best 60.517 %
Finished epoch 1
| ID | GPU | MEM |
------------------
|  0 | 10% |  7% |
|  1 |  2% |  7% |
|  2 |  0% |  0% |
|  3 |  0% |  0% |
| ID | GPU | MEM |
------------------
|  0 | 10% |  7% |
|  1 |  2% |  7% |
|  2 |  0% |  0% |
|  3 |  0% |  0% |
Finished training it 170/170 of epoch 2 and time taken 0.018805166244506837, 20.51 ms/it, loss 0.587998, accuracy 67.876 %
Starting Test loop
Test loop ended
Testing at - 170/170 of epoch 2, loss 0.575043, accuracy 69.929 %, best 69.929 %
Finished epoch 2
| ID | GPU | MEM |
------------------
|  0 |  8% |  7% |
|  1 |  3% |  7% |
|  2 |  0% |  0% |
|  3 |  0% |  0% |
| ID | GPU | MEM |
------------------
|  0 |  8% |  7% |
|  1 |  3% |  7% |
|  2 |  0% |  0% |
|  3 |  0% |  0% |
Finished training it 170/170 of epoch 3 and time taken 0.02339176607131958, 20.31 ms/it, loss 0.585876, accuracy 68.259 %
Starting Test loop
Test loop ended
Testing at - 170/170 of epoch 3, loss 0.496902, accuracy 77.265 %, best 77.265 %
Finished epoch 3
| ID | GPU | MEM |
------------------
|  0 |  7% |  7% |
|  1 |  2% |  7% |
|  2 |  0% |  0% |
|  3 |  0% |  0% |
| ID | GPU | MEM |
------------------
|  0 | 14% |  7% |
|  1 |  2% |  7% |
|  2 |  0% |  0% |
|  3 |  0% |  0% |
Finished training it 170/170 of epoch 4 and time taken 0.02807342314720154, 20.57 ms/it, loss 0.570431, accuracy 69.592 %
Starting Test loop
| ID | GPU | MEM |
------------------
|  0 | 13% |  7% |
|  1 |  2% |  7% |
|  2 |  0% |  0% |
|  3 |  0% |  0% |
Test loop ended
Testing at - 170/170 of epoch 4, loss 0.480661, accuracy 79.424 %, best 79.424 %
Finished epoch 4
| ID | GPU | MEM |
------------------
|  0 | 12% |  7% |
|  1 |  2% |  7% |
|  2 |  0% |  0% |
|  3 |  0% |  0% |
| ID | GPU | MEM |
------------------
|  0 | 10% |  7% |
|  1 |  2% |  7% |
|  2 |  0% |  0% |
|  3 |  0% |  0% |
Finished training it 170/170 of epoch 5 and time taken 0.03266105937957764, 20.32 ms/it, loss 0.534829, accuracy 72.328 %
Starting Test loop
Test loop ended
Testing at - 170/170 of epoch 5, loss 0.906345, accuracy 48.479 %, best 79.424 %
Finished epoch 5
| ID | GPU | MEM |
------------------
|  0 |  9% |  7% |
|  1 |  2% |  7% |
|  2 |  0% |  0% |
|  3 |  0% |  0% |
| ID | GPU | MEM |
------------------
|  0 | 10% |  7% |
|  1 |  3% |  7% |
|  2 |  0% |  0% |
|  3 |  0% |  0% |
Finished training it 170/170 of epoch 6 and time taken 0.03724227261543274, 20.30 ms/it, loss 0.519335, accuracy 73.172 %
Starting Test loop
Test loop ended
Testing at - 170/170 of epoch 6, loss 0.737269, accuracy 56.536 %, best 79.424 %
Finished epoch 6
| ID | GPU | MEM |
------------------
|  0 |  8% |  7% |
|  1 |  3% |  7% |
|  2 |  0% |  0% |
|  3 |  0% |  0% |
| ID | GPU | MEM |
------------------
|  0 |  8% |  7% |
|  1 |  2% |  7% |
|  2 |  0% |  0% |
|  3 |  0% |  0% |
Finished training it 170/170 of epoch 7 and time taken 0.041849447011947635, 20.45 ms/it, loss 0.500141, accuracy 74.491 %
Starting Test loop
Test loop ended
Testing at - 170/170 of epoch 7, loss 0.515553, accuracy 74.023 %, best 79.424 %
Finished epoch 7
| ID | GPU | MEM |
------------------
|  0 | 14% |  7% |
|  1 |  2% |  7% |
|  2 |  0% |  0% |
|  3 |  0% |  0% |
| ID | GPU | MEM |
------------------
|  0 | 13% |  7% |
|  1 |  2% |  7% |
|  2 |  0% |  0% |
|  3 |  0% |  0% |
Finished training it 170/170 of epoch 8 and time taken 0.04650563073158264, 20.07 ms/it, loss 0.467383, accuracy 77.002 %
Starting Test loop
Test loop ended
Testing at - 170/170 of epoch 8, loss 0.489149, accuracy 74.158 %, best 79.424 %
Finished epoch 8
| ID | GPU | MEM |
------------------
|  0 | 12% |  7% |
|  1 |  2% |  7% |
|  2 |  0% |  0% |
|  3 |  0% |  0% |
| ID | GPU | MEM |
------------------
|  0 | 10% |  7% |
|  1 |  2% |  7% |
|  2 |  0% |  0% |
|  3 |  0% |  0% |
Finished training it 170/170 of epoch 9 and time taken 0.05110035920143127, 20.48 ms/it, loss 0.469269, accuracy 76.651 %
Starting Test loop
Test loop ended
Testing at - 170/170 of epoch 9, loss 0.402164, accuracy 81.568 %, best 81.568 %
Finished epoch 9
| ID | GPU | MEM |
------------------
|  0 |  8% |  7% |
|  1 |  3% |  7% |
|  2 |  0% |  0% |
|  3 |  0% |  0% |
| ID | GPU | MEM |
------------------
|  0 |  8% |  7% |
|  1 |  3% |  7% |
|  2 |  0% |  0% |
|  3 |  0% |  0% |
Finished training it 170/170 of epoch 10 and time taken 0.055713119745254516, 20.43 ms/it, loss 0.452837, accuracy 77.864 %
Starting Test loop
Test loop ended
Testing at - 170/170 of epoch 10, loss 0.958204, accuracy 52.652 %, best 81.568 %
Finished epoch 10
| ID | GPU | MEM |
------------------
|  0 |  4% |  7% |
|  1 |  2% |  7% |
|  2 |  0% |  0% |
|  3 |  0% |  0% |
| ID | GPU | MEM |
------------------
|  0 | 53% |  7% |
|  1 |  1% |  7% |
|  2 |  0% |  0% |
|  3 |  0% |  0% |
Finished training it 170/170 of epoch 11 and time taken 0.06021028065681457, 19.21 ms/it, loss 0.434968, accuracy 78.651 %
Starting Test loop
| ID | GPU | MEM |
------------------
|  0 |  3% |  7% |
|  1 |  3% |  7% |
|  2 |  0% |  0% |
|  3 |  0% |  0% |
Test loop ended
Testing at - 170/170 of epoch 11, loss 0.606195, accuracy 63.461 %, best 81.568 %
Finished epoch 11
| ID | GPU | MEM |
------------------
|  0 | 11% |  7% |
|  1 |  3% |  7% |
|  2 |  0% |  0% |
|  3 |  0% |  0% |
| ID | GPU | MEM |
------------------
|  0 |  9% |  7% |
|  1 |  1% |  7% |
|  2 |  0% |  0% |
|  3 |  0% |  0% |
Finished training it 170/170 of epoch 12 and time taken 0.06486067795753479, 20.39 ms/it, loss 0.417247, accuracy 79.909 %
Starting Test loop
Test loop ended
Testing at - 170/170 of epoch 12, loss 0.344466, accuracy 85.843 %, best 85.843 %
Finished epoch 12
| ID | GPU | MEM |
------------------
|  0 | 10% |  7% |
|  1 |  2% |  7% |
|  2 |  0% |  0% |
|  3 |  0% |  0% |
| ID | GPU | MEM |
------------------
|  0 |  9% |  7% |
|  1 |  2% |  7% |
|  2 |  0% |  0% |
|  3 |  0% |  0% |
Finished training it 170/170 of epoch 13 and time taken 0.06946142959594727, 20.46 ms/it, loss 0.425269, accuracy 79.474 %
Starting Test loop
Test loop ended
Testing at - 170/170 of epoch 13, loss 0.395511, accuracy 80.858 %, best 85.843 %
Finished epoch 13
| ID | GPU | MEM |
------------------
|  0 |  8% |  7% |
|  1 |  3% |  7% |
|  2 |  0% |  0% |
|  3 |  0% |  0% |
| ID | GPU | MEM |
------------------
|  0 |  8% |  7% |
|  1 |  3% |  7% |
|  2 |  0% |  0% |
|  3 |  0% |  0% |
Finished training it 170/170 of epoch 14 and time taken 0.07406975078582764, 20.52 ms/it, loss 0.411321, accuracy 80.541 %
Starting Test loop
Test loop ended
Testing at - 170/170 of epoch 14, loss 0.303762, accuracy 87.482 %, best 87.482 %
Finished epoch 14
Finished the program
