python3: no process found

c4130-110133:21993:21993 [0] misc/ibvwrap.cc:63 NCCL WARN Failed to open libibverbs.so[.1]
NCCL version 2.4.8+cuda10.1
Using 2 GPU(s)...
Sparse features= 9, Dense features= 24
Sparse features= 9, Dense features= 24
time/loss/accuracy (if enabled):
| ID | GPU | MEM |
------------------
|  0 |  4% |  7% |
|  1 |  0% |  0% |
|  2 |  0% |  0% |
|  3 |  0% |  0% |
| ID | GPU | MEM |
------------------
|  0 |  0% |  7% |
|  1 |  7% |  4% |
|  2 |  0% |  0% |
|  3 |  0% |  0% |
| ID | GPU | MEM |
------------------
|  0 |  0% |  7% |
|  1 |  4% |  7% |
|  2 |  0% |  0% |
|  3 |  0% |  0% |
| ID | GPU | MEM |
------------------
|  0 | 12% |  7% |
|  1 |  2% |  7% |
|  2 |  0% |  0% |
|  3 |  0% |  0% |
| ID | GPU | MEM |
------------------
|  0 | 11% |  7% |
|  1 |  1% |  7% |
|  2 |  0% |  0% |
|  3 |  0% |  0% |
Finished training it 170/170 of epoch 0 and time taken 0.009592761516571045, 50.30 ms/it, loss 0.657763, accuracy 61.097 %
Starting Test loop
Test loop ended
Testing at - 170/170 of epoch 0, loss 0.706650, accuracy 54.594 %, best 54.594 %
Finished epoch 0
| ID | GPU | MEM |
------------------
|  0 | 12% |  7% |
|  1 |  2% |  7% |
|  2 |  0% |  0% |
|  3 |  0% |  0% |
| ID | GPU | MEM |
------------------
|  0 |  8% |  7% |
|  1 |  2% |  7% |
|  2 |  0% |  0% |
|  3 |  0% |  0% |
Finished training it 170/170 of epoch 1 and time taken 0.014247437477111817, 20.03 ms/it, loss 0.620845, accuracy 65.624 %
Starting Test loop
Test loop ended
Testing at - 170/170 of epoch 1, loss 0.691931, accuracy 53.489 %, best 54.594 %
Finished epoch 1
| ID | GPU | MEM |
------------------
|  0 | 10% |  7% |
|  1 |  2% |  7% |
|  2 |  0% |  0% |
|  3 |  0% |  0% |
| ID | GPU | MEM |
------------------
|  0 |  9% |  7% |
|  1 |  2% |  7% |
|  2 |  0% |  0% |
|  3 |  0% |  0% |
Finished training it 170/170 of epoch 2 and time taken 0.018703767776489258, 19.20 ms/it, loss 0.567575, accuracy 70.359 %
Starting Test loop
Test loop ended
Testing at - 170/170 of epoch 2, loss 0.536047, accuracy 72.244 %, best 72.244 %
Finished epoch 2
| ID | GPU | MEM |
------------------
|  0 |  8% |  7% |
|  1 |  2% |  7% |
|  2 |  0% |  0% |
|  3 |  0% |  0% |
| ID | GPU | MEM |
------------------
|  0 | 16% |  7% |
|  1 |  2% |  7% |
|  2 |  0% |  0% |
|  3 |  0% |  0% |
Finished training it 170/170 of epoch 3 and time taken 0.02315298891067505, 18.96 ms/it, loss 0.547699, accuracy 71.993 %
Starting Test loop
Test loop ended
Testing at - 170/170 of epoch 3, loss 0.557310, accuracy 73.120 %, best 73.120 %
Finished epoch 3
| ID | GPU | MEM |
------------------
|  0 | 14% |  7% |
|  1 |  2% |  7% |
|  2 |  0% |  0% |
|  3 |  0% |  0% |
| ID | GPU | MEM |
------------------
|  0 | 13% |  7% |
|  1 |  2% |  7% |
|  2 |  0% |  0% |
|  3 |  0% |  0% |
Finished training it 170/170 of epoch 4 and time taken 0.02758568525314331, 19.17 ms/it, loss 0.516141, accuracy 73.984 %
Starting Test loop
Test loop ended
Testing at - 170/170 of epoch 4, loss 0.628948, accuracy 59.731 %, best 73.120 %
Finished epoch 4
| ID | GPU | MEM |
------------------
|  0 | 12% |  7% |
|  1 |  2% |  7% |
|  2 |  0% |  0% |
|  3 |  0% |  0% |
| ID | GPU | MEM |
------------------
|  0 | 10% |  7% |
|  1 |  2% |  7% |
|  2 |  0% |  0% |
|  3 |  0% |  0% |
Finished training it 170/170 of epoch 5 and time taken 0.03195031189918518, 18.52 ms/it, loss 0.512235, accuracy 74.239 %
Starting Test loop
Test loop ended
Testing at - 170/170 of epoch 5, loss 0.430290, accuracy 81.234 %, best 81.234 %
Finished epoch 5
| ID | GPU | MEM |
------------------
|  0 |  9% |  7% |
|  1 |  2% |  7% |
|  2 |  0% |  0% |
|  3 |  0% |  0% |
| ID | GPU | MEM |
------------------
|  0 | 10% |  7% |
|  1 |  3% |  7% |
|  2 |  0% |  0% |
|  3 |  0% |  0% |
Finished training it 170/170 of epoch 6 and time taken 0.036398951530456546, 19.30 ms/it, loss 0.505083, accuracy 74.181 %
Starting Test loop
Test loop ended
Testing at - 170/170 of epoch 6, loss 0.541234, accuracy 72.796 %, best 81.234 %
Finished epoch 6
| ID | GPU | MEM |
------------------
|  0 |  8% |  7% |
|  1 |  2% |  7% |
|  2 |  0% |  0% |
|  3 |  0% |  0% |
| ID | GPU | MEM |
------------------
|  0 | 15% |  7% |
|  1 |  2% |  7% |
|  2 |  0% |  0% |
|  3 |  0% |  0% |
Finished training it 170/170 of epoch 7 and time taken 0.04091255879402161, 18.96 ms/it, loss 0.495552, accuracy 75.152 %
Starting Test loop
| ID | GPU | MEM |
------------------
|  0 | 12% |  7% |
|  1 |  2% |  7% |
|  2 |  0% |  0% |
|  3 |  0% |  0% |
Test loop ended
Testing at - 170/170 of epoch 7, loss 0.470966, accuracy 78.771 %, best 81.234 %
Finished epoch 7
| ID | GPU | MEM |
------------------
|  0 |  9% |  7% |
|  1 |  1% |  7% |
|  2 |  0% |  0% |
|  3 |  0% |  0% |
| ID | GPU | MEM |
------------------
|  0 | 27% |  7% |
|  1 |  2% |  7% |
|  2 |  0% |  0% |
|  3 |  0% |  0% |
Finished training it 170/170 of epoch 8 and time taken 0.045483879566192625, 19.41 ms/it, loss 0.491993, accuracy 75.242 %
Starting Test loop
Test loop ended
Testing at - 170/170 of epoch 8, loss 0.441964, accuracy 80.170 %, best 81.234 %
Finished epoch 8
| ID | GPU | MEM |
------------------
|  0 | 54% |  7% |
|  1 |  0% |  7% |
|  2 |  0% |  0% |
|  3 |  0% |  0% |
| ID | GPU | MEM |
------------------
|  0 | 24% |  7% |
|  1 |  1% |  7% |
|  2 |  0% |  0% |
|  3 |  0% |  0% |
Finished training it 170/170 of epoch 9 and time taken 0.04983853363990784, 18.54 ms/it, loss 0.475153, accuracy 76.263 %
Starting Test loop
Test loop ended
Testing at - 170/170 of epoch 9, loss 0.460350, accuracy 76.562 %, best 81.234 %
Finished epoch 9
| ID | GPU | MEM |
------------------
|  0 | 13% |  7% |
|  1 |  1% |  7% |
|  2 |  0% |  0% |
|  3 |  0% |  0% |
| ID | GPU | MEM |
------------------
|  0 | 10% |  7% |
|  1 |  1% |  7% |
|  2 |  0% |  0% |
|  3 |  0% |  0% |
Finished training it 170/170 of epoch 10 and time taken 0.054177883625030517, 18.75 ms/it, loss 0.461199, accuracy 77.192 %
Starting Test loop
Test loop ended
Testing at - 170/170 of epoch 10, loss 0.362674, accuracy 84.343 %, best 84.343 %
Finished epoch 10
| ID | GPU | MEM |
------------------
|  0 | 12% |  7% |
|  1 |  2% |  7% |
|  2 |  0% |  0% |
|  3 |  0% |  0% |
Finished training it 170/170 of epoch 11 and time taken 0.058518626928329466, 18.82 ms/it, loss 0.448815, accuracy 78.442 %
Starting Test loop
| ID | GPU | MEM |
------------------
|  0 | 14% |  7% |
|  1 |  2% |  7% |
|  2 |  0% |  0% |
|  3 |  0% |  0% |
Test loop ended
Testing at - 170/170 of epoch 11, loss 0.414136, accuracy 81.841 %, best 84.343 %
Finished epoch 11
| ID | GPU | MEM |
------------------
|  0 | 11% |  7% |
|  1 |  2% |  7% |
|  2 |  0% |  0% |
|  3 |  0% |  0% |
Finished training it 170/170 of epoch 12 and time taken 0.06275555968284607, 18.20 ms/it, loss 0.431579, accuracy 78.991 %
Starting Test loop
| ID | GPU | MEM |
------------------
|  0 |  8% |  7% |
|  1 |  2% |  7% |
|  2 |  0% |  0% |
|  3 |  0% |  0% |
Test loop ended
Testing at - 170/170 of epoch 12, loss 0.320067, accuracy 87.395 %, best 87.395 %
Finished epoch 12
| ID | GPU | MEM |
------------------
|  0 | 11% |  7% |
|  1 |  3% |  7% |
|  2 |  0% |  0% |
|  3 |  0% |  0% |
Finished training it 170/170 of epoch 13 and time taken 0.06712337255477906, 18.92 ms/it, loss 0.419699, accuracy 79.846 %
Starting Test loop
| ID | GPU | MEM |
------------------
|  0 | 20% |  7% |
|  1 |  2% |  7% |
|  2 |  0% |  0% |
|  3 |  0% |  0% |
Test loop ended
Testing at - 170/170 of epoch 13, loss 0.797815, accuracy 59.444 %, best 87.395 %
Finished epoch 13
| ID | GPU | MEM |
------------------
|  0 | 17% |  7% |
|  1 |  2% |  7% |
|  2 |  0% |  0% |
|  3 |  0% |  0% |
| ID | GPU | MEM |
------------------
|  0 | 18% |  7% |
|  1 |  2% |  7% |
|  2 |  0% |  0% |
|  3 |  0% |  0% |
Finished training it 170/170 of epoch 14 and time taken 0.0715166654586792, 19.19 ms/it, loss 0.399085, accuracy 80.909 %
Starting Test loop
Test loop ended
Testing at - 170/170 of epoch 14, loss 0.316835, accuracy 87.937 %, best 87.937 %
Finished epoch 14
Finished the program
