python3: no process found

c4130-110233:17959:17959 [0] misc/ibvwrap.cc:63 NCCL WARN Failed to open libibverbs.so[.1]
NCCL version 2.4.8+cuda10.1
Using 2 GPU(s)...
Sparse features= 9, Dense features= 24
Sparse features= 9, Dense features= 24
time/loss/accuracy (if enabled):
| ID | GPU | MEM |
------------------
|  0 |  8% |  7% |
|  1 |  0% |  0% |
|  2 |  0% |  0% |
|  3 |  0% |  0% |
| ID | GPU | MEM |
------------------
|  0 |  0% |  7% |
|  1 |  0% |  5% |
|  2 |  0% |  0% |
|  3 |  0% |  0% |
| ID | GPU | MEM |
------------------
|  0 |  0% |  7% |
|  1 | 10% |  6% |
|  2 |  0% |  0% |
|  3 |  0% |  0% |
| ID | GPU | MEM |
------------------
|  0 | 12% |  7% |
|  1 |  2% |  7% |
|  2 |  0% |  0% |
|  3 |  0% |  0% |
| ID | GPU | MEM |
------------------
|  0 | 13% |  7% |
|  1 |  2% |  7% |
|  2 |  0% |  0% |
|  3 |  0% |  0% |
| ID | GPU | MEM |
------------------
|  0 | 12% |  7% |
|  1 |  2% |  7% |
|  2 |  0% |  0% |
|  3 |  0% |  0% |
| ID | GPU | MEM |
------------------
|  0 |  7% |  7% |
|  1 |  1% |  7% |
|  2 |  0% |  0% |
|  3 |  0% |  0% |
| ID | GPU | MEM |
------------------
|  0 | 10% |  7% |
|  1 |  1% |  7% |
|  2 |  0% |  0% |
|  3 |  0% |  0% |
| ID | GPU | MEM |
------------------
|  0 |  9% |  7% |
|  1 |  1% |  7% |
|  2 |  0% |  0% |
|  3 |  0% |  0% |
| ID | GPU | MEM |
------------------
|  0 | 13% |  7% |
|  1 |  1% |  7% |
|  2 |  0% |  0% |
|  3 |  0% |  0% |
| ID | GPU | MEM |
------------------
|  0 | 16% |  7% |
|  1 |  1% |  7% |
|  2 |  0% |  0% |
|  3 |  0% |  0% |
| ID | GPU | MEM |
------------------
|  0 | 21% |  7% |
|  1 |  2% |  7% |
|  2 |  0% |  0% |
|  3 |  0% |  0% |
Finished training it 1024/2709 of epoch 0 and time taken 0.024354174852371215, 23.07 ms/it, loss 0.600707, accuracy 67.136 %
| ID | GPU | MEM |
------------------
|  0 | 12% |  7% |
|  1 |  1% |  7% |
|  2 |  0% |  0% |
|  3 |  0% |  0% |
| ID | GPU | MEM |
------------------
|  0 | 10% |  7% |
|  1 |  1% |  7% |
|  2 |  0% |  0% |
|  3 |  0% |  0% |
| ID | GPU | MEM |
------------------
|  0 | 10% |  7% |
|  1 |  1% |  7% |
|  2 |  0% |  0% |
|  3 |  0% |  0% |
| ID | GPU | MEM |
------------------
|  0 |  9% |  7% |
|  1 |  1% |  7% |
|  2 |  0% |  0% |
|  3 |  0% |  0% |
| ID | GPU | MEM |
------------------
|  0 | 11% |  7% |
|  1 |  2% |  7% |
|  2 |  0% |  0% |
|  3 |  0% |  0% |
| ID | GPU | MEM |
------------------
|  0 | 15% |  7% |
|  1 |  2% |  7% |
|  2 |  0% |  0% |
|  3 |  0% |  0% |
| ID | GPU | MEM |
------------------
|  0 |  9% |  7% |
|  1 |  2% |  7% |
|  2 |  0% |  0% |
|  3 |  0% |  0% |
| ID | GPU | MEM |
------------------
|  0 | 10% |  7% |
|  1 |  1% |  7% |
|  2 |  0% |  0% |
|  3 |  0% |  0% |
Finished training it 2048/2709 of epoch 0 and time taken 0.04384285855293274, 18.30 ms/it, loss 0.493765, accuracy 76.456 %
| ID | GPU | MEM |
------------------
|  0 | 10% |  7% |
|  1 |  1% |  7% |
|  2 |  0% |  0% |
|  3 |  0% |  0% |
| ID | GPU | MEM |
------------------
|  0 |  9% |  7% |
|  1 |  1% |  7% |
|  2 |  0% |  0% |
|  3 |  0% |  0% |
| ID | GPU | MEM |
------------------
|  0 | 10% |  7% |
|  1 |  1% |  7% |
|  2 |  0% |  0% |
|  3 |  0% |  0% |
| ID | GPU | MEM |
------------------
|  0 | 14% |  7% |
|  1 |  2% |  7% |
|  2 |  0% |  0% |
|  3 |  0% |  0% |
| ID | GPU | MEM |
------------------
|  0 | 17% |  7% |
|  1 |  2% |  7% |
|  2 |  0% |  0% |
|  3 |  0% |  0% |
| ID | GPU | MEM |
------------------
|  0 | 10% |  7% |
|  1 |  2% |  7% |
|  2 |  0% |  0% |
|  3 |  0% |  0% |
Finished training it 2709/2709 of epoch 0 and time taken 0.056209262132644655, 18.06 ms/it, loss 0.491518, accuracy 76.239 %
Finished epoch 0
| ID | GPU | MEM |
------------------
|  0 | 50% |  7% |
|  1 |  0% |  7% |
|  2 |  0% |  0% |
|  3 |  0% |  0% |
| ID | GPU | MEM |
------------------
|  0 | 14% |  7% |
|  1 |  2% |  7% |
|  2 |  0% |  0% |
|  3 |  0% |  0% |
| ID | GPU | MEM |
------------------
|  0 | 14% |  7% |
|  1 |  2% |  7% |
|  2 |  0% |  0% |
|  3 |  0% |  0% |
| ID | GPU | MEM |
------------------
|  0 | 13% |  7% |
|  1 |  2% |  7% |
|  2 |  0% |  0% |
|  3 |  0% |  0% |
| ID | GPU | MEM |
------------------
|  0 |  9% |  7% |
|  1 |  1% |  7% |
|  2 |  0% |  0% |
|  3 |  0% |  0% |
| ID | GPU | MEM |
------------------
|  0 |  8% |  7% |
|  1 |  1% |  7% |
|  2 |  0% |  0% |
|  3 |  0% |  0% |
| ID | GPU | MEM |
------------------
|  0 |  8% |  7% |
|  1 |  1% |  7% |
|  2 |  0% |  0% |
|  3 |  0% |  0% |
| ID | GPU | MEM |
------------------
|  0 |  9% |  7% |
|  1 |  1% |  7% |
|  2 |  0% |  0% |
|  3 |  0% |  0% |
| ID | GPU | MEM |
------------------
|  0 | 10% |  7% |
|  1 |  1% |  7% |
|  2 |  0% |  0% |
|  3 |  0% |  0% |
| ID | GPU | MEM |
------------------
|  0 | 12% |  7% |
|  1 |  2% |  7% |
|  2 |  0% |  0% |
|  3 |  0% |  0% |
Finished training it 1024/2709 of epoch 1 and time taken 0.07856301712989808, 20.96 ms/it, loss 0.476250, accuracy 77.338 %
| ID | GPU | MEM |
------------------
|  0 | 15% |  7% |
|  1 |  2% |  7% |
|  2 |  0% |  0% |
|  3 |  0% |  0% |
| ID | GPU | MEM |
------------------
|  0 |  9% |  7% |
|  1 |  1% |  7% |
|  2 |  0% |  0% |
|  3 |  0% |  0% |
| ID | GPU | MEM |
------------------
|  0 |  8% |  7% |
|  1 |  1% |  7% |
|  2 |  0% |  0% |
|  3 |  0% |  0% |
| ID | GPU | MEM |
------------------
|  0 |  9% |  7% |
|  1 |  1% |  7% |
|  2 |  0% |  0% |
|  3 |  0% |  0% |
| ID | GPU | MEM |
------------------
|  0 |  8% |  7% |
|  1 |  1% |  7% |
|  2 |  0% |  0% |
|  3 |  0% |  0% |
| ID | GPU | MEM |
------------------
|  0 |  9% |  7% |
|  1 |  1% |  7% |
|  2 |  0% |  0% |
|  3 |  0% |  0% |
| ID | GPU | MEM |
------------------
|  0 | 11% |  7% |
|  1 |  1% |  7% |
|  2 |  0% |  0% |
|  3 |  0% |  0% |
| ID | GPU | MEM |
------------------
|  0 | 11% |  7% |
|  1 |  2% |  7% |
|  2 |  0% |  0% |
|  3 |  0% |  0% |
| ID | GPU | MEM |
------------------
|  0 | 12% |  7% |
|  1 |  2% |  7% |
|  2 |  0% |  0% |
|  3 |  0% |  0% |
Finished training it 2048/2709 of epoch 1 and time taken 0.09862197589874268, 18.88 ms/it, loss 0.486034, accuracy 77.164 %
| ID | GPU | MEM |
------------------
|  0 | 13% |  7% |
|  1 |  2% |  7% |
|  2 |  0% |  0% |
|  3 |  0% |  0% |
| ID | GPU | MEM |
------------------
|  0 | 11% |  7% |
|  1 |  2% |  7% |
|  2 |  0% |  0% |
|  3 |  0% |  0% |
| ID | GPU | MEM |
------------------
|  0 |  9% |  7% |
|  1 |  1% |  7% |
|  2 |  0% |  0% |
|  3 |  0% |  0% |
| ID | GPU | MEM |
------------------
|  0 | 10% |  7% |
|  1 |  1% |  7% |
|  2 |  0% |  0% |
|  3 |  0% |  0% |
| ID | GPU | MEM |
------------------
|  0 |  8% |  7% |
|  1 |  1% |  7% |
|  2 |  0% |  0% |
|  3 |  0% |  0% |
| ID | GPU | MEM |
------------------
|  0 |  9% |  7% |
|  1 |  1% |  7% |
|  2 |  0% |  0% |
|  3 |  0% |  0% |
Finished training it 2709/2709 of epoch 1 and time taken 0.11140652823448181, 18.55 ms/it, loss 0.453989, accuracy 79.302 %
Finished epoch 1
| ID | GPU | MEM |
------------------
|  0 |  9% |  7% |
|  1 |  1% |  7% |
|  2 |  0% |  0% |
|  3 |  0% |  0% |
| ID | GPU | MEM |
------------------
|  0 |  8% |  7% |
|  1 |  1% |  7% |
|  2 |  0% |  0% |
|  3 |  0% |  0% |
| ID | GPU | MEM |
------------------
|  0 | 10% |  7% |
|  1 |  1% |  7% |
|  2 |  0% |  0% |
|  3 |  0% |  0% |
| ID | GPU | MEM |
------------------
|  0 | 11% |  7% |
|  1 |  1% |  7% |
|  2 |  0% |  0% |
|  3 |  0% |  0% |
| ID | GPU | MEM |
------------------
|  0 | 34% |  7% |
|  1 |  1% |  7% |
|  2 |  0% |  0% |
|  3 |  0% |  0% |
| ID | GPU | MEM |
------------------
|  0 | 42% |  7% |
|  1 |  1% |  7% |
|  2 |  0% |  0% |
|  3 |  0% |  0% |
| ID | GPU | MEM |
------------------
|  0 | 42% |  7% |
|  1 |  1% |  7% |
|  2 |  0% |  0% |
|  3 |  0% |  0% |
| ID | GPU | MEM |
------------------
|  0 | 11% |  7% |
|  1 |  2% |  7% |
|  2 |  0% |  0% |
|  3 |  0% |  0% |
| ID | GPU | MEM |
------------------
|  0 |  8% |  7% |
|  1 |  1% |  7% |
|  2 |  0% |  0% |
|  3 |  0% |  0% |
| ID | GPU | MEM |
------------------
|  0 |  9% |  7% |
|  1 |  1% |  7% |
|  2 |  0% |  0% |
|  3 |  0% |  0% |
Finished training it 1024/2709 of epoch 2 and time taken 0.1339283049106598, 21.21 ms/it, loss 0.416847, accuracy 80.527 %
| ID | GPU | MEM |
------------------
|  0 |  8% |  7% |
|  1 |  1% |  7% |
|  2 |  0% |  0% |
|  3 |  0% |  0% |
| ID | GPU | MEM |
------------------
|  0 | 11% |  7% |
|  1 |  2% |  7% |
|  2 |  0% |  0% |
|  3 |  0% |  0% |
| ID | GPU | MEM |
------------------
|  0 | 14% |  7% |
|  1 |  2% |  7% |
|  2 |  0% |  0% |
|  3 |  0% |  0% |
| ID | GPU | MEM |
------------------
|  0 |  8% |  7% |
|  1 |  1% |  7% |
|  2 |  0% |  0% |
|  3 |  0% |  0% |
| ID | GPU | MEM |
------------------
|  0 |  8% |  7% |
|  1 |  1% |  7% |
|  2 |  0% |  0% |
|  3 |  0% |  0% |
| ID | GPU | MEM |
------------------
|  0 |  6% |  7% |
|  1 |  1% |  7% |
|  2 |  0% |  0% |
|  3 |  0% |  0% |
| ID | GPU | MEM |
------------------
|  0 |  9% |  7% |
|  1 |  1% |  7% |
|  2 |  0% |  0% |
|  3 |  0% |  0% |
| ID | GPU | MEM |
------------------
|  0 | 11% |  7% |
|  1 |  2% |  7% |
|  2 |  0% |  0% |
|  3 |  0% |  0% |
| ID | GPU | MEM |
------------------
|  0 | 15% |  7% |
|  1 |  2% |  7% |
|  2 |  0% |  0% |
|  3 |  0% |  0% |
Finished training it 2048/2709 of epoch 2 and time taken 0.15434365940093994, 19.16 ms/it, loss 0.384725, accuracy 82.620 %
| ID | GPU | MEM |
------------------
|  0 | 15% |  7% |
|  1 |  1% |  7% |
|  2 |  0% |  0% |
|  3 |  0% |  0% |
| ID | GPU | MEM |
------------------
|  0 | 10% |  7% |
|  1 |  1% |  7% |
|  2 |  0% |  0% |
|  3 |  0% |  0% |
| ID | GPU | MEM |
------------------
|  0 |  6% |  7% |
|  1 |  1% |  7% |
|  2 |  0% |  0% |
|  3 |  0% |  0% |
| ID | GPU | MEM |
------------------
|  0 |  9% |  7% |
|  1 |  1% |  7% |
|  2 |  0% |  0% |
|  3 |  0% |  0% |
| ID | GPU | MEM |
------------------
|  0 |  9% |  7% |
|  1 |  1% |  7% |
|  2 |  0% |  0% |
|  3 |  0% |  0% |
| ID | GPU | MEM |
------------------
|  0 |  9% |  7% |
|  1 |  1% |  7% |
|  2 |  0% |  0% |
|  3 |  0% |  0% |
Finished training it 2709/2709 of epoch 2 and time taken 0.16751146388053895, 19.22 ms/it, loss 0.365772, accuracy 83.765 %
Finished epoch 2
| ID | GPU | MEM |
------------------
|  0 | 56% |  7% |
|  1 |  0% |  7% |
|  2 |  0% |  0% |
|  3 |  0% |  0% |
| ID | GPU | MEM |
------------------
|  0 | 41% |  7% |
|  1 |  1% |  7% |
|  2 |  0% |  0% |
|  3 |  0% |  0% |
| ID | GPU | MEM |
------------------
|  0 | 11% |  7% |
|  1 |  2% |  7% |
|  2 |  0% |  0% |
|  3 |  0% |  0% |
| ID | GPU | MEM |
------------------
|  0 |  9% |  7% |
|  1 |  1% |  7% |
|  2 |  0% |  0% |
|  3 |  0% |  0% |
| ID | GPU | MEM |
------------------
|  0 |  8% |  7% |
|  1 |  1% |  7% |
|  2 |  0% |  0% |
|  3 |  0% |  0% |
| ID | GPU | MEM |
------------------
|  0 | 11% |  7% |
|  1 |  1% |  7% |
|  2 |  0% |  0% |
|  3 |  0% |  0% |
| ID | GPU | MEM |
------------------
|  0 | 29% |  7% |
|  1 |  1% |  7% |
|  2 |  0% |  0% |
|  3 |  0% |  0% |
| ID | GPU | MEM |
------------------
|  0 | 42% |  7% |
|  1 |  0% |  7% |
|  2 |  0% |  0% |
|  3 |  0% |  0% |
| ID | GPU | MEM |
------------------
|  0 | 42% |  7% |
|  1 |  1% |  7% |
|  2 |  0% |  0% |
|  3 |  0% |  0% |
| ID | GPU | MEM |
------------------
|  0 | 46% |  7% |
|  1 |  1% |  7% |
|  2 |  0% |  0% |
|  3 |  0% |  0% |
Finished training it 1024/2709 of epoch 3 and time taken 0.1903855137825012, 21.48 ms/it, loss 0.341995, accuracy 84.692 %
| ID | GPU | MEM |
------------------
|  0 | 48% |  7% |
|  1 |  1% |  7% |
|  2 |  0% |  0% |
|  3 |  0% |  0% |
| ID | GPU | MEM |
------------------
|  0 | 11% |  7% |
|  1 |  1% |  7% |
|  2 |  0% |  0% |
|  3 |  0% |  0% |
| ID | GPU | MEM |
------------------
|  0 |  7% |  7% |
|  1 |  1% |  7% |
|  2 |  0% |  0% |
|  3 |  0% |  0% |
| ID | GPU | MEM |
------------------
|  0 | 13% |  7% |
|  1 |  1% |  7% |
|  2 |  0% |  0% |
|  3 |  0% |  0% |
| ID | GPU | MEM |
------------------
|  0 | 27% |  7% |
|  1 |  1% |  7% |
|  2 |  0% |  0% |
|  3 |  0% |  0% |
| ID | GPU | MEM |
------------------
|  0 | 29% |  7% |
|  1 |  0% |  7% |
|  2 |  0% |  0% |
|  3 |  0% |  0% |
| ID | GPU | MEM |
------------------
|  0 | 39% |  7% |
|  1 |  1% |  7% |
|  2 |  0% |  0% |
|  3 |  0% |  0% |
| ID | GPU | MEM |
------------------
|  0 | 46% |  7% |
|  1 |  1% |  7% |
|  2 |  0% |  0% |
|  3 |  0% |  0% |
| ID | GPU | MEM |
------------------
|  0 |  9% |  7% |
|  1 |  1% |  7% |
|  2 |  0% |  0% |
|  3 |  0% |  0% |
Finished training it 2048/2709 of epoch 3 and time taken 0.21071687984466553, 19.08 ms/it, loss 0.315832, accuracy 86.185 %
| ID | GPU | MEM |
------------------
|  0 |  9% |  7% |
|  1 |  1% |  7% |
|  2 |  0% |  0% |
|  3 |  0% |  0% |
| ID | GPU | MEM |
------------------
|  0 | 31% |  7% |
|  1 |  1% |  7% |
|  2 |  0% |  0% |
|  3 |  0% |  0% |
| ID | GPU | MEM |
------------------
|  0 | 22% |  7% |
|  1 |  1% |  7% |
|  2 |  0% |  0% |
|  3 |  0% |  0% |
| ID | GPU | MEM |
------------------
|  0 | 41% |  7% |
|  1 |  1% |  7% |
|  2 |  0% |  0% |
|  3 |  0% |  0% |
| ID | GPU | MEM |
------------------
|  0 | 44% |  7% |
|  1 |  1% |  7% |
|  2 |  0% |  0% |
|  3 |  0% |  0% |
| ID | GPU | MEM |
------------------
|  0 |  8% |  7% |
|  1 |  1% |  7% |
|  2 |  0% |  0% |
|  3 |  0% |  0% |
Finished training it 2709/2709 of epoch 3 and time taken 0.22385799813270568, 19.05 ms/it, loss 0.311697, accuracy 86.294 %
Finished epoch 3
| ID | GPU | MEM |
------------------
|  0 | 47% |  7% |
|  1 |  0% |  7% |
|  2 |  0% |  0% |
|  3 |  0% |  0% |
| ID | GPU | MEM |
------------------
|  0 | 13% |  7% |
|  1 |  2% |  7% |
|  2 |  0% |  0% |
|  3 |  0% |  0% |
| ID | GPU | MEM |
------------------
|  0 | 12% |  7% |
|  1 |  2% |  7% |
|  2 |  0% |  0% |
|  3 |  0% |  0% |
| ID | GPU | MEM |
------------------
|  0 | 12% |  7% |
|  1 |  1% |  7% |
|  2 |  0% |  0% |
|  3 |  0% |  0% |
| ID | GPU | MEM |
------------------
|  0 | 10% |  7% |
|  1 |  1% |  7% |
|  2 |  0% |  0% |
|  3 |  0% |  0% |
| ID | GPU | MEM |
------------------
|  0 |  8% |  7% |
|  1 |  1% |  7% |
|  2 |  0% |  0% |
|  3 |  0% |  0% |
| ID | GPU | MEM |
------------------
|  0 | 10% |  7% |
|  1 |  1% |  7% |
|  2 |  0% |  0% |
|  3 |  0% |  0% |
| ID | GPU | MEM |
------------------
|  0 | 10% |  7% |
|  1 |  2% |  7% |
|  2 |  0% |  0% |
|  3 |  0% |  0% |
| ID | GPU | MEM |
------------------
|  0 | 10% |  7% |
|  1 |  1% |  7% |
|  2 |  0% |  0% |
|  3 |  0% |  0% |
| ID | GPU | MEM |
------------------
|  0 |  8% |  7% |
|  1 |  1% |  7% |
|  2 |  0% |  0% |
|  3 |  0% |  0% |
Finished training it 1024/2709 of epoch 4 and time taken 0.24677624130249023, 21.59 ms/it, loss 0.320790, accuracy 85.760 %
| ID | GPU | MEM |
------------------
|  0 | 12% |  7% |
|  1 |  1% |  7% |
|  2 |  0% |  0% |
|  3 |  0% |  0% |
| ID | GPU | MEM |
------------------
|  0 | 10% |  7% |
|  1 |  1% |  7% |
|  2 |  0% |  0% |
|  3 |  0% |  0% |
| ID | GPU | MEM |
------------------
|  0 |  9% |  7% |
|  1 |  1% |  7% |
|  2 |  0% |  0% |
|  3 |  0% |  0% |
| ID | GPU | MEM |
------------------
|  0 | 12% |  7% |
|  1 |  2% |  7% |
|  2 |  0% |  0% |
|  3 |  0% |  0% |
| ID | GPU | MEM |
------------------
|  0 | 15% |  7% |
|  1 |  2% |  7% |
|  2 |  0% |  0% |
|  3 |  0% |  0% |
| ID | GPU | MEM |
------------------
|  0 | 34% |  7% |
|  1 |  1% |  7% |
|  2 |  0% |  0% |
|  3 |  0% |  0% |
| ID | GPU | MEM |
------------------
|  0 | 32% |  7% |
|  1 |  1% |  7% |
|  2 |  0% |  0% |
|  3 |  0% |  0% |
| ID | GPU | MEM |
------------------
|  0 | 35% |  7% |
|  1 |  1% |  7% |
|  2 |  0% |  0% |
|  3 |  0% |  0% |
| ID | GPU | MEM |
------------------
|  0 | 26% |  7% |
|  1 |  1% |  7% |
|  2 |  0% |  0% |
|  3 |  0% |  0% |
Finished training it 2048/2709 of epoch 4 and time taken 0.26698627877235415, 19.03 ms/it, loss 0.300896, accuracy 86.746 %
| ID | GPU | MEM |
------------------
|  0 | 23% |  7% |
|  1 |  1% |  7% |
|  2 |  0% |  0% |
|  3 |  0% |  0% |
| ID | GPU | MEM |
------------------
|  0 | 11% |  7% |
|  1 |  1% |  7% |
|  2 |  0% |  0% |
|  3 |  0% |  0% |
| ID | GPU | MEM |
------------------
|  0 | 12% |  7% |
|  1 |  2% |  7% |
|  2 |  0% |  0% |
|  3 |  0% |  0% |
| ID | GPU | MEM |
------------------
|  0 | 15% |  7% |
|  1 |  2% |  7% |
|  2 |  0% |  0% |
|  3 |  0% |  0% |
| ID | GPU | MEM |
------------------
|  0 | 38% |  7% |
|  1 |  0% |  7% |
|  2 |  0% |  0% |
|  3 |  0% |  0% |
| ID | GPU | MEM |
------------------
|  0 | 15% |  7% |
|  1 |  1% |  7% |
|  2 |  0% |  0% |
|  3 |  0% |  0% |
Finished training it 2709/2709 of epoch 4 and time taken 0.2795158803462982, 18.17 ms/it, loss 0.289474, accuracy 87.226 %
Finished epoch 4
| ID | GPU | MEM |
------------------
|  0 | 24% |  7% |
|  1 |  1% |  7% |
|  2 |  0% |  0% |
|  3 |  0% |  0% |
| ID | GPU | MEM |
------------------
|  0 | 10% |  7% |
|  1 |  1% |  7% |
|  2 |  0% |  0% |
|  3 |  0% |  0% |
| ID | GPU | MEM |
------------------
|  0 | 13% |  7% |
|  1 |  1% |  7% |
|  2 |  0% |  0% |
|  3 |  0% |  0% |
| ID | GPU | MEM |
------------------
|  0 | 12% |  7% |
|  1 |  2% |  7% |
|  2 |  0% |  0% |
|  3 |  0% |  0% |
| ID | GPU | MEM |
------------------
|  0 | 16% |  7% |
|  1 |  2% |  7% |
|  2 |  0% |  0% |
|  3 |  0% |  0% |
| ID | GPU | MEM |
------------------
|  0 | 12% |  7% |
|  1 |  1% |  7% |
|  2 |  0% |  0% |
|  3 |  0% |  0% |
| ID | GPU | MEM |
------------------
|  0 | 10% |  7% |
|  1 |  1% |  7% |
|  2 |  0% |  0% |
|  3 |  0% |  0% |
| ID | GPU | MEM |
------------------
|  0 | 10% |  7% |
|  1 |  1% |  7% |
|  2 |  0% |  0% |
|  3 |  0% |  0% |
| ID | GPU | MEM |
------------------
|  0 |  8% |  7% |
|  1 |  1% |  7% |
|  2 |  0% |  0% |
|  3 |  0% |  0% |
Finished training it 1024/2709 of epoch 5 and time taken 0.301176429271698, 20.35 ms/it, loss 0.300820, accuracy 86.795 %
| ID | GPU | MEM |
------------------
|  0 | 11% |  7% |
|  1 |  2% |  7% |
|  2 |  0% |  0% |
|  3 |  0% |  0% |
| ID | GPU | MEM |
------------------
|  0 | 12% |  7% |
|  1 |  2% |  7% |
|  2 |  0% |  0% |
|  3 |  0% |  0% |
| ID | GPU | MEM |
------------------
|  0 | 10% |  7% |
|  1 |  1% |  7% |
|  2 |  0% |  0% |
|  3 |  0% |  0% |
| ID | GPU | MEM |
------------------
|  0 | 11% |  7% |
|  1 |  1% |  7% |
|  2 |  0% |  0% |
|  3 |  0% |  0% |
| ID | GPU | MEM |
------------------
|  0 |  9% |  7% |
|  1 |  1% |  7% |
|  2 |  0% |  0% |
|  3 |  0% |  0% |
| ID | GPU | MEM |
------------------
|  0 | 10% |  7% |
|  1 |  1% |  7% |
|  2 |  0% |  0% |
|  3 |  0% |  0% |
| ID | GPU | MEM |
------------------
|  0 |  9% |  7% |
|  1 |  1% |  7% |
|  2 |  0% |  0% |
|  3 |  0% |  0% |
| ID | GPU | MEM |
------------------
|  0 | 11% |  7% |
|  1 |  1% |  7% |
|  2 |  0% |  0% |
|  3 |  0% |  0% |
| ID | GPU | MEM |
------------------
|  0 | 12% |  7% |
|  1 |  2% |  7% |
|  2 |  0% |  0% |
|  3 |  0% |  0% |
Finished training it 2048/2709 of epoch 5 and time taken 0.32032561683654787, 18.05 ms/it, loss 0.304550, accuracy 86.661 %
| ID | GPU | MEM |
------------------
|  0 | 15% |  7% |
|  1 |  2% |  7% |
|  2 |  0% |  0% |
|  3 |  0% |  0% |
| ID | GPU | MEM |
------------------
|  0 | 16% |  7% |
|  1 |  2% |  7% |
|  2 |  0% |  0% |
|  3 |  0% |  0% |
| ID | GPU | MEM |
------------------
|  0 | 20% |  7% |
|  1 |  1% |  7% |
|  2 |  0% |  0% |
|  3 |  0% |  0% |
| ID | GPU | MEM |
------------------
|  0 |  9% |  7% |
|  1 |  1% |  7% |
|  2 |  0% |  0% |
|  3 |  0% |  0% |
| ID | GPU | MEM |
------------------
|  0 | 11% |  7% |
|  1 |  1% |  7% |
|  2 |  0% |  0% |
|  3 |  0% |  0% |
| ID | GPU | MEM |
------------------
|  0 | 10% |  7% |
|  1 |  1% |  7% |
|  2 |  0% |  0% |
|  3 |  0% |  0% |
Finished training it 2709/2709 of epoch 5 and time taken 0.33261265325546263, 17.95 ms/it, loss 0.310450, accuracy 86.271 %
Finished epoch 5
| ID | GPU | MEM |
------------------
|  0 | 47% |  7% |
|  1 |  0% |  7% |
|  2 |  0% |  0% |
|  3 |  0% |  0% |
| ID | GPU | MEM |
------------------
|  0 | 40% |  7% |
|  1 |  1% |  7% |
|  2 |  0% |  0% |
|  3 |  0% |  0% |
| ID | GPU | MEM |
------------------
|  0 | 47% |  7% |
|  1 |  1% |  7% |
|  2 |  0% |  0% |
|  3 |  0% |  0% |
| ID | GPU | MEM |
------------------
|  0 | 47% |  7% |
|  1 |  2% |  7% |
|  2 |  0% |  0% |
|  3 |  0% |  0% |
| ID | GPU | MEM |
------------------
|  0 |  8% |  7% |
|  1 |  1% |  7% |
|  2 |  0% |  0% |
|  3 |  0% |  0% |
| ID | GPU | MEM |
------------------
|  0 | 12% |  7% |
|  1 |  1% |  7% |
|  2 |  0% |  0% |
|  3 |  0% |  0% |
| ID | GPU | MEM |
------------------
|  0 | 21% |  7% |
|  1 |  1% |  7% |
|  2 |  0% |  0% |
|  3 |  0% |  0% |
| ID | GPU | MEM |
------------------
|  0 | 39% |  7% |
|  1 |  1% |  7% |
|  2 |  0% |  0% |
|  3 |  0% |  0% |
| ID | GPU | MEM |
------------------
|  0 | 50% |  7% |
|  1 |  1% |  7% |
|  2 |  0% |  0% |
|  3 |  0% |  0% |
| ID | GPU | MEM |
------------------
|  0 | 13% |  7% |
|  1 |  1% |  7% |
|  2 |  0% |  0% |
|  3 |  0% |  0% |
Finished training it 1024/2709 of epoch 6 and time taken 0.35516232705116274, 21.32 ms/it, loss 0.308968, accuracy 86.661 %
| ID | GPU | MEM |
------------------
|  0 |  8% |  7% |
|  1 |  1% |  7% |
|  2 |  0% |  0% |
|  3 |  0% |  0% |
| ID | GPU | MEM |
------------------
|  0 | 16% |  7% |
|  1 |  1% |  7% |
|  2 |  0% |  0% |
|  3 |  0% |  0% |
| ID | GPU | MEM |
------------------
|  0 | 29% |  7% |
|  1 |  1% |  7% |
|  2 |  0% |  0% |
|  3 |  0% |  0% |
| ID | GPU | MEM |
------------------
|  0 | 27% |  7% |
|  1 |  1% |  7% |
|  2 |  0% |  0% |
|  3 |  0% |  0% |
| ID | GPU | MEM |
------------------
|  0 | 45% |  7% |
|  1 |  1% |  7% |
|  2 |  0% |  0% |
|  3 |  0% |  0% |
| ID | GPU | MEM |
------------------
|  0 | 52% |  7% |
|  1 |  1% |  7% |
|  2 |  0% |  0% |
|  3 |  0% |  0% |
| ID | GPU | MEM |
------------------
|  0 | 50% |  7% |
|  1 |  2% |  7% |
|  2 |  0% |  0% |
|  3 |  0% |  0% |
| ID | GPU | MEM |
------------------
|  0 |  9% |  7% |
|  1 |  1% |  7% |
|  2 |  0% |  0% |
|  3 |  0% |  0% |
| ID | GPU | MEM |
------------------
|  0 | 13% |  7% |
|  1 |  1% |  7% |
|  2 |  0% |  0% |
|  3 |  0% |  0% |
Finished training it 2048/2709 of epoch 6 and time taken 0.3754761836528778, 19.11 ms/it, loss 0.259568, accuracy 88.635 %
| ID | GPU | MEM |
------------------
|  0 | 14% |  7% |
|  1 |  1% |  7% |
|  2 |  0% |  0% |
|  3 |  0% |  0% |
| ID | GPU | MEM |
------------------
|  0 | 36% |  7% |
|  1 |  0% |  7% |
|  2 |  0% |  0% |
|  3 |  0% |  0% |
| ID | GPU | MEM |
------------------
|  0 | 45% |  7% |
|  1 |  1% |  7% |
|  2 |  0% |  0% |
|  3 |  0% |  0% |
| ID | GPU | MEM |
------------------
|  0 | 48% |  7% |
|  1 |  1% |  7% |
|  2 |  0% |  0% |
|  3 |  0% |  0% |
| ID | GPU | MEM |
------------------
|  0 |  7% |  7% |
|  1 |  1% |  7% |
|  2 |  0% |  0% |
|  3 |  0% |  0% |
| ID | GPU | MEM |
------------------
|  0 | 11% |  7% |
|  1 |  1% |  7% |
|  2 |  0% |  0% |
|  3 |  0% |  0% |
Finished training it 2709/2709 of epoch 6 and time taken 0.3882495748996735, 18.46 ms/it, loss 0.264402, accuracy 88.365 %
Finished epoch 6
| ID | GPU | MEM |
------------------
|  0 | 41% |  7% |
|  1 |  0% |  7% |
|  2 |  0% |  0% |
|  3 |  0% |  0% |
| ID | GPU | MEM |
------------------
|  0 | 12% |  7% |
|  1 |  2% |  7% |
|  2 |  0% |  0% |
|  3 |  0% |  0% |
| ID | GPU | MEM |
------------------
|  0 | 15% |  7% |
|  1 |  2% |  7% |
|  2 |  0% |  0% |
|  3 |  0% |  0% |
| ID | GPU | MEM |
------------------
|  0 | 13% |  7% |
|  1 |  2% |  7% |
|  2 |  0% |  0% |
|  3 |  0% |  0% |
| ID | GPU | MEM |
------------------
|  0 |  8% |  7% |
|  1 |  1% |  7% |
|  2 |  0% |  0% |
|  3 |  0% |  0% |
| ID | GPU | MEM |
------------------
|  0 |  7% |  7% |
|  1 |  1% |  7% |
|  2 |  0% |  0% |
|  3 |  0% |  0% |
| ID | GPU | MEM |
------------------
|  0 |  9% |  7% |
|  1 |  1% |  7% |
|  2 |  0% |  0% |
|  3 |  0% |  0% |
| ID | GPU | MEM |
------------------
|  0 | 13% |  7% |
|  1 |  2% |  7% |
|  2 |  0% |  0% |
|  3 |  0% |  0% |
| ID | GPU | MEM |
------------------
|  0 | 13% |  7% |
|  1 |  1% |  7% |
|  2 |  0% |  0% |
|  3 |  0% |  0% |
| ID | GPU | MEM |
------------------
|  0 |  9% |  7% |
|  1 |  1% |  7% |
|  2 |  0% |  0% |
|  3 |  0% |  0% |
Finished training it 1024/2709 of epoch 7 and time taken 0.4108228418827057, 21.17 ms/it, loss 0.266646, accuracy 88.309 %
| ID | GPU | MEM |
------------------
|  0 |  8% |  7% |
|  1 |  1% |  7% |
|  2 |  0% |  0% |
|  3 |  0% |  0% |
| ID | GPU | MEM |
------------------
|  0 |  8% |  7% |
|  1 |  1% |  7% |
|  2 |  0% |  0% |
|  3 |  0% |  0% |
| ID | GPU | MEM |
------------------
|  0 |  9% |  7% |
|  1 |  1% |  7% |
|  2 |  0% |  0% |
|  3 |  0% |  0% |
| ID | GPU | MEM |
------------------
|  0 |  8% |  7% |
|  1 |  1% |  7% |
|  2 |  0% |  0% |
|  3 |  0% |  0% |
| ID | GPU | MEM |
------------------
|  0 |  9% |  7% |
|  1 |  2% |  7% |
|  2 |  0% |  0% |
|  3 |  0% |  0% |
| ID | GPU | MEM |
------------------
|  0 | 12% |  7% |
|  1 |  1% |  7% |
|  2 |  0% |  0% |
|  3 |  0% |  0% |
| ID | GPU | MEM |
------------------
|  0 | 15% |  7% |
|  1 |  1% |  7% |
|  2 |  0% |  0% |
|  3 |  0% |  0% |
| ID | GPU | MEM |
------------------
|  0 |  8% |  7% |
|  1 |  1% |  7% |
|  2 |  0% |  0% |
|  3 |  0% |  0% |
| ID | GPU | MEM |
------------------
|  0 |  8% |  7% |
|  1 |  1% |  7% |
|  2 |  0% |  0% |
|  3 |  0% |  0% |
Finished training it 2048/2709 of epoch 7 and time taken 0.431270515203476, 19.25 ms/it, loss 0.246565, accuracy 89.215 %
| ID | GPU | MEM |
------------------
|  0 |  9% |  7% |
|  1 |  1% |  7% |
|  2 |  0% |  0% |
|  3 |  0% |  0% |
| ID | GPU | MEM |
------------------
|  0 |  9% |  7% |
|  1 |  2% |  7% |
|  2 |  0% |  0% |
|  3 |  0% |  0% |
| ID | GPU | MEM |
------------------
|  0 |  9% |  7% |
|  1 |  2% |  7% |
|  2 |  0% |  0% |
|  3 |  0% |  0% |
| ID | GPU | MEM |
------------------
|  0 | 12% |  7% |
|  1 |  2% |  7% |
|  2 |  0% |  0% |
|  3 |  0% |  0% |
| ID | GPU | MEM |
------------------
|  0 | 14% |  7% |
|  1 |  1% |  7% |
|  2 |  0% |  0% |
|  3 |  0% |  0% |
| ID | GPU | MEM |
------------------
|  0 |  7% |  7% |
|  1 |  1% |  7% |
|  2 |  0% |  0% |
|  3 |  0% |  0% |
Finished training it 2709/2709 of epoch 7 and time taken 0.44437922978401184, 19.00 ms/it, loss 0.248690, accuracy 89.405 %
Finished epoch 7
| ID | GPU | MEM |
------------------
|  0 | 24% |  7% |
|  1 |  0% |  7% |
|  2 |  0% |  0% |
|  3 |  0% |  0% |
| ID | GPU | MEM |
------------------
|  0 |  8% |  7% |
|  1 |  1% |  7% |
|  2 |  0% |  0% |
|  3 |  0% |  0% |
| ID | GPU | MEM |
------------------
|  0 | 10% |  7% |
|  1 |  2% |  7% |
|  2 |  0% |  0% |
|  3 |  0% |  0% |
| ID | GPU | MEM |
------------------
|  0 | 10% |  7% |
|  1 |  2% |  7% |
|  2 |  0% |  0% |
|  3 |  0% |  0% |
| ID | GPU | MEM |
------------------
|  0 | 11% |  7% |
|  1 |  1% |  7% |
|  2 |  0% |  0% |
|  3 |  0% |  0% |
| ID | GPU | MEM |
------------------
|  0 | 14% |  7% |
|  1 |  1% |  7% |
|  2 |  0% |  0% |
|  3 |  0% |  0% |
| ID | GPU | MEM |
------------------
|  0 |  8% |  7% |
|  1 |  1% |  7% |
|  2 |  0% |  0% |
|  3 |  0% |  0% |
| ID | GPU | MEM |
------------------
|  0 |  9% |  7% |
|  1 |  1% |  7% |
|  2 |  0% |  0% |
|  3 |  0% |  0% |
| ID | GPU | MEM |
------------------
|  0 |  8% |  7% |
|  1 |  1% |  7% |
|  2 |  0% |  0% |
|  3 |  0% |  0% |
| ID | GPU | MEM |
------------------
|  0 |  8% |  7% |
|  1 |  1% |  7% |
|  2 |  0% |  0% |
|  3 |  0% |  0% |
Finished training it 1024/2709 of epoch 8 and time taken 0.4668498980998993, 21.17 ms/it, loss 0.248594, accuracy 89.145 %
| ID | GPU | MEM |
------------------
|  0 |  9% |  7% |
|  1 |  2% |  7% |
|  2 |  0% |  0% |
|  3 |  0% |  0% |
| ID | GPU | MEM |
------------------
|  0 | 11% |  7% |
|  1 |  2% |  7% |
|  2 |  0% |  0% |
|  3 |  0% |  0% |
| ID | GPU | MEM |
------------------
|  0 | 15% |  7% |
|  1 |  2% |  7% |
|  2 |  0% |  0% |
|  3 |  0% |  0% |
| ID | GPU | MEM |
------------------
|  0 | 20% |  7% |
|  1 |  1% |  7% |
|  2 |  0% |  0% |
|  3 |  0% |  0% |
| ID | GPU | MEM |
------------------
|  0 | 10% |  7% |
|  1 |  1% |  7% |
|  2 |  0% |  0% |
|  3 |  0% |  0% |
| ID | GPU | MEM |
------------------
|  0 |  9% |  7% |
|  1 |  1% |  7% |
|  2 |  0% |  0% |
|  3 |  0% |  0% |
| ID | GPU | MEM |
------------------
|  0 | 11% |  7% |
|  1 |  2% |  7% |
|  2 |  0% |  0% |
|  3 |  0% |  0% |
| ID | GPU | MEM |
------------------
|  0 |  9% |  7% |
|  1 |  1% |  7% |
|  2 |  0% |  0% |
|  3 |  0% |  0% |
Finished training it 2048/2709 of epoch 8 and time taken 0.4863734514713287, 18.35 ms/it, loss 0.239342, accuracy 89.584 %
| ID | GPU | MEM |
------------------
|  0 | 11% |  7% |
|  1 |  1% |  7% |
|  2 |  0% |  0% |
|  3 |  0% |  0% |
| ID | GPU | MEM |
------------------
|  0 |  9% |  7% |
|  1 |  2% |  7% |
|  2 |  0% |  0% |
|  3 |  0% |  0% |
| ID | GPU | MEM |
------------------
|  0 | 14% |  7% |
|  1 |  2% |  7% |
|  2 |  0% |  0% |
|  3 |  0% |  0% |
| ID | GPU | MEM |
------------------
|  0 | 15% |  7% |
|  1 |  2% |  7% |
|  2 |  0% |  0% |
|  3 |  0% |  0% |
| ID | GPU | MEM |
------------------
|  0 | 18% |  7% |
|  1 |  1% |  7% |
|  2 |  0% |  0% |
|  3 |  0% |  0% |
| ID | GPU | MEM |
------------------
|  0 | 24% |  7% |
|  1 |  1% |  7% |
|  2 |  0% |  0% |
|  3 |  0% |  0% |
Finished training it 2709/2709 of epoch 8 and time taken 0.49931001210212705, 18.83 ms/it, loss 0.223965, accuracy 90.663 %
Finished epoch 8
| ID | GPU | MEM |
------------------
|  0 | 81% |  7% |
|  1 |  1% |  7% |
|  2 |  0% |  0% |
|  3 |  0% |  0% |
| ID | GPU | MEM |
------------------
|  0 | 17% |  7% |
|  1 |  0% |  7% |
|  2 |  0% |  0% |
|  3 |  0% |  0% |
| ID | GPU | MEM |
------------------
|  0 | 24% |  7% |
|  1 |  0% |  7% |
|  2 |  0% |  0% |
|  3 |  0% |  0% |
| ID | GPU | MEM |
------------------
|  0 | 40% |  7% |
|  1 |  1% |  7% |
|  2 |  0% |  0% |
|  3 |  0% |  0% |
| ID | GPU | MEM |
------------------
|  0 | 43% |  7% |
|  1 |  1% |  7% |
|  2 |  0% |  0% |
|  3 |  0% |  0% |
| ID | GPU | MEM |
------------------
|  0 |  9% |  7% |
|  1 |  1% |  7% |
|  2 |  0% |  0% |
|  3 |  0% |  0% |
| ID | GPU | MEM |
------------------
|  0 | 10% |  7% |
|  1 |  1% |  7% |
|  2 |  0% |  0% |
|  3 |  0% |  0% |
| ID | GPU | MEM |
------------------
|  0 | 11% |  7% |
|  1 |  1% |  7% |
|  2 |  0% |  0% |
|  3 |  0% |  0% |
| ID | GPU | MEM |
------------------
|  0 | 20% |  7% |
|  1 |  1% |  7% |
|  2 |  0% |  0% |
|  3 |  0% |  0% |
Finished training it 1024/2709 of epoch 9 and time taken 0.5209520018100738, 20.24 ms/it, loss 0.236098, accuracy 89.624 %
| ID | GPU | MEM |
------------------
|  0 | 31% |  7% |
|  1 |  1% |  7% |
|  2 |  0% |  0% |
|  3 |  0% |  0% |
| ID | GPU | MEM |
------------------
|  0 | 41% |  7% |
|  1 |  1% |  7% |
|  2 |  0% |  0% |
|  3 |  0% |  0% |
| ID | GPU | MEM |
------------------
|  0 | 51% |  7% |
|  1 |  1% |  7% |
|  2 |  0% |  0% |
|  3 |  0% |  0% |
| ID | GPU | MEM |
------------------
|  0 | 11% |  7% |
|  1 |  1% |  7% |
|  2 |  0% |  0% |
|  3 |  0% |  0% |
| ID | GPU | MEM |
------------------
|  0 | 16% |  7% |
|  1 |  0% |  7% |
|  2 |  0% |  0% |
|  3 |  0% |  0% |
| ID | GPU | MEM |
------------------
|  0 | 22% |  7% |
|  1 |  1% |  7% |
|  2 |  0% |  0% |
|  3 |  0% |  0% |
| ID | GPU | MEM |
------------------
|  0 | 42% |  7% |
|  1 |  1% |  7% |
|  2 |  0% |  0% |
|  3 |  0% |  0% |
| ID | GPU | MEM |
------------------
|  0 | 43% |  7% |
|  1 |  1% |  7% |
|  2 |  0% |  0% |
|  3 |  0% |  0% |
| ID | GPU | MEM |
------------------
|  0 | 41% |  7% |
|  1 |  1% |  7% |
|  2 |  0% |  0% |
|  3 |  0% |  0% |
Finished training it 2048/2709 of epoch 9 and time taken 0.5403797655105591, 18.32 ms/it, loss 0.225113, accuracy 90.054 %
| ID | GPU | MEM |
------------------
|  0 |  9% |  7% |
|  1 |  1% |  7% |
|  2 |  0% |  0% |
|  3 |  0% |  0% |
| ID | GPU | MEM |
------------------
|  0 | 10% |  7% |
|  1 |  1% |  7% |
|  2 |  0% |  0% |
|  3 |  0% |  0% |
| ID | GPU | MEM |
------------------
|  0 | 16% |  7% |
|  1 |  1% |  7% |
|  2 |  0% |  0% |
|  3 |  0% |  0% |
| ID | GPU | MEM |
------------------
|  0 | 24% |  7% |
|  1 |  1% |  7% |
|  2 |  0% |  0% |
|  3 |  0% |  0% |
| ID | GPU | MEM |
------------------
|  0 | 44% |  7% |
|  1 |  1% |  7% |
|  2 |  0% |  0% |
|  3 |  0% |  0% |
| ID | GPU | MEM |
------------------
|  0 | 47% |  7% |
|  1 |  1% |  7% |
|  2 |  0% |  0% |
|  3 |  0% |  0% |
Finished training it 2709/2709 of epoch 9 and time taken 0.5529414865970611, 18.23 ms/it, loss 0.231033, accuracy 90.200 %
Finished epoch 9
| ID | GPU | MEM |
------------------
|  0 | 43% |  7% |
|  1 |  0% |  7% |
|  2 |  0% |  0% |
|  3 |  0% |  0% |
| ID | GPU | MEM |
------------------
|  0 | 11% |  7% |
|  1 |  2% |  7% |
|  2 |  0% |  0% |
|  3 |  0% |  0% |
| ID | GPU | MEM |
------------------
|  0 | 15% |  7% |
|  1 |  1% |  7% |
|  2 |  0% |  0% |
|  3 |  0% |  0% |
| ID | GPU | MEM |
------------------
|  0 | 16% |  7% |
|  1 |  1% |  7% |
|  2 |  0% |  0% |
|  3 |  0% |  0% |
| ID | GPU | MEM |
------------------
|  0 | 10% |  7% |
|  1 |  1% |  7% |
|  2 |  0% |  0% |
|  3 |  0% |  0% |
| ID | GPU | MEM |
------------------
|  0 |  9% |  7% |
|  1 |  1% |  7% |
|  2 |  0% |  0% |
|  3 |  0% |  0% |
| ID | GPU | MEM |
------------------
|  0 | 10% |  7% |
|  1 |  1% |  7% |
|  2 |  0% |  0% |
|  3 |  0% |  0% |
| ID | GPU | MEM |
------------------
|  0 |  8% |  7% |
|  1 |  1% |  7% |
|  2 |  0% |  0% |
|  3 |  0% |  0% |
| ID | GPU | MEM |
------------------
|  0 |  9% |  7% |
|  1 |  2% |  7% |
|  2 |  0% |  0% |
|  3 |  0% |  0% |
Finished training it 1024/2709 of epoch 10 and time taken 0.5747123708724976, 20.45 ms/it, loss 0.231845, accuracy 89.841 %
| ID | GPU | MEM |
------------------
|  0 | 11% |  7% |
|  1 |  2% |  7% |
|  2 |  0% |  0% |
|  3 |  0% |  0% |
| ID | GPU | MEM |
------------------
|  0 | 13% |  7% |
|  1 |  1% |  7% |
|  2 |  0% |  0% |
|  3 |  0% |  0% |
| ID | GPU | MEM |
------------------
|  0 | 14% |  7% |
|  1 |  1% |  7% |
|  2 |  0% |  0% |
|  3 |  0% |  0% |
| ID | GPU | MEM |
------------------
|  0 | 11% |  7% |
|  1 |  1% |  7% |
|  2 |  0% |  0% |
|  3 |  0% |  0% |
| ID | GPU | MEM |
------------------
|  0 |  8% |  7% |
|  1 |  1% |  7% |
|  2 |  0% |  0% |
|  3 |  0% |  0% |
| ID | GPU | MEM |
------------------
|  0 | 10% |  7% |
|  1 |  1% |  7% |
|  2 |  0% |  0% |
|  3 |  0% |  0% |
| ID | GPU | MEM |
------------------
|  0 |  9% |  7% |
|  1 |  2% |  7% |
|  2 |  0% |  0% |
|  3 |  0% |  0% |
| ID | GPU | MEM |
------------------
|  0 |  9% |  7% |
|  1 |  2% |  7% |
|  2 |  0% |  0% |
|  3 |  0% |  0% |
| ID | GPU | MEM |
------------------
|  0 | 15% |  7% |
|  1 |  1% |  7% |
|  2 |  0% |  0% |
|  3 |  0% |  0% |
Finished training it 2048/2709 of epoch 10 and time taken 0.5949285271167755, 19.07 ms/it, loss 0.221662, accuracy 90.192 %
| ID | GPU | MEM |
------------------
|  0 |  8% |  7% |
|  1 |  1% |  7% |
|  2 |  0% |  0% |
|  3 |  0% |  0% |
| ID | GPU | MEM |
------------------
|  0 | 10% |  7% |
|  1 |  1% |  7% |
|  2 |  0% |  0% |
|  3 |  0% |  0% |
| ID | GPU | MEM |
------------------
|  0 |  9% |  7% |
|  1 |  1% |  7% |
|  2 |  0% |  0% |
|  3 |  0% |  0% |
| ID | GPU | MEM |
------------------
|  0 |  9% |  7% |
|  1 |  1% |  7% |
|  2 |  0% |  0% |
|  3 |  0% |  0% |
| ID | GPU | MEM |
------------------
|  0 |  8% |  7% |
|  1 |  2% |  7% |
|  2 |  0% |  0% |
|  3 |  0% |  0% |
| ID | GPU | MEM |
------------------
|  0 | 11% |  7% |
|  1 |  1% |  7% |
|  2 |  0% |  0% |
|  3 |  0% |  0% |
Finished training it 2709/2709 of epoch 10 and time taken 0.6079731328487397, 19.02 ms/it, loss 0.222805, accuracy 90.152 %
Finished epoch 10
| ID | GPU | MEM |
------------------
|  0 | 42% |  7% |
|  1 |  0% |  7% |
|  2 |  0% |  0% |
|  3 |  0% |  0% |
| ID | GPU | MEM |
------------------
|  0 | 40% |  7% |
|  1 |  2% |  7% |
|  2 |  0% |  0% |
|  3 |  0% |  0% |
| ID | GPU | MEM |
------------------
|  0 | 50% |  7% |
|  1 |  1% |  7% |
|  2 |  0% |  0% |
|  3 |  0% |  0% |
| ID | GPU | MEM |
------------------
|  0 | 10% |  7% |
|  1 |  1% |  7% |
|  2 |  0% |  0% |
|  3 |  0% |  0% |
| ID | GPU | MEM |
------------------
|  0 | 13% |  7% |
|  1 |  1% |  7% |
|  2 |  0% |  0% |
|  3 |  0% |  0% |
| ID | GPU | MEM |
------------------
|  0 | 27% |  7% |
|  1 |  0% |  7% |
|  2 |  0% |  0% |
|  3 |  0% |  0% |
| ID | GPU | MEM |
------------------
|  0 | 34% |  7% |
|  1 |  1% |  7% |
|  2 |  0% |  0% |
|  3 |  0% |  0% |
| ID | GPU | MEM |
------------------
|  0 | 42% |  7% |
|  1 |  1% |  7% |
|  2 |  0% |  0% |
|  3 |  0% |  0% |
| ID | GPU | MEM |
------------------
|  0 | 48% |  7% |
|  1 |  1% |  7% |
|  2 |  0% |  0% |
|  3 |  0% |  0% |
| ID | GPU | MEM |
------------------
|  0 | 47% |  7% |
|  1 |  1% |  7% |
|  2 |  0% |  0% |
|  3 |  0% |  0% |
Finished training it 1024/2709 of epoch 11 and time taken 0.6305098576545716, 21.26 ms/it, loss 0.215491, accuracy 90.607 %
| ID | GPU | MEM |
------------------
|  0 | 14% |  7% |
|  1 |  1% |  7% |
|  2 |  0% |  0% |
|  3 |  0% |  0% |
| ID | GPU | MEM |
------------------
|  0 | 14% |  7% |
|  1 |  1% |  7% |
|  2 |  0% |  0% |
|  3 |  0% |  0% |
| ID | GPU | MEM |
------------------
|  0 | 17% |  7% |
|  1 |  0% |  7% |
|  2 |  0% |  0% |
|  3 |  0% |  0% |
| ID | GPU | MEM |
------------------
|  0 | 29% |  7% |
|  1 |  1% |  7% |
|  2 |  0% |  0% |
|  3 |  0% |  0% |
| ID | GPU | MEM |
------------------
|  0 | 40% |  7% |
|  1 |  1% |  7% |
|  2 |  0% |  0% |
|  3 |  0% |  0% |
| ID | GPU | MEM |
------------------
|  0 | 42% |  7% |
|  1 |  1% |  7% |
|  2 |  0% |  0% |
|  3 |  0% |  0% |
| ID | GPU | MEM |
------------------
|  0 | 46% |  7% |
|  1 |  1% |  7% |
|  2 |  0% |  0% |
|  3 |  0% |  0% |
| ID | GPU | MEM |
------------------
|  0 | 49% |  7% |
|  1 |  1% |  7% |
|  2 |  0% |  0% |
|  3 |  0% |  0% |
| ID | GPU | MEM |
------------------
|  0 | 11% |  7% |
|  1 |  1% |  7% |
|  2 |  0% |  0% |
|  3 |  0% |  0% |
Finished training it 2048/2709 of epoch 11 and time taken 0.6500533211231232, 18.34 ms/it, loss 0.200991, accuracy 91.119 %
| ID | GPU | MEM |
------------------
|  0 |  7% |  7% |
|  1 |  1% |  7% |
|  2 |  0% |  0% |
|  3 |  0% |  0% |
| ID | GPU | MEM |
------------------
|  0 | 15% |  7% |
|  1 |  0% |  7% |
|  2 |  0% |  0% |
|  3 |  0% |  0% |
| ID | GPU | MEM |
------------------
|  0 | 26% |  7% |
|  1 |  1% |  7% |
|  2 |  0% |  0% |
|  3 |  0% |  0% |
| ID | GPU | MEM |
------------------
|  0 | 34% |  7% |
|  1 |  1% |  7% |
|  2 |  0% |  0% |
|  3 |  0% |  0% |
| ID | GPU | MEM |
------------------
|  0 | 48% |  7% |
|  1 |  1% |  7% |
|  2 |  0% |  0% |
|  3 |  0% |  0% |
Finished training it 2709/2709 of epoch 11 and time taken 0.6620519263744354, 17.56 ms/it, loss 0.214757, accuracy 90.663 %
Finished epoch 11
| ID | GPU | MEM |
------------------
|  0 | 31% |  7% |
|  1 |  0% |  7% |
|  2 |  0% |  0% |
|  3 |  0% |  0% |
| ID | GPU | MEM |
------------------
|  0 |  8% |  7% |
|  1 |  1% |  7% |
|  2 |  0% |  0% |
|  3 |  0% |  0% |
| ID | GPU | MEM |
------------------
|  0 | 20% |  7% |
|  1 |  1% |  7% |
|  2 |  0% |  0% |
|  3 |  0% |  0% |
| ID | GPU | MEM |
------------------
|  0 |  9% |  7% |
|  1 |  1% |  7% |
|  2 |  0% |  0% |
|  3 |  0% |  0% |
| ID | GPU | MEM |
------------------
|  0 | 13% |  7% |
|  1 |  1% |  7% |
|  2 |  0% |  0% |
|  3 |  0% |  0% |
| ID | GPU | MEM |
------------------
|  0 |  9% |  7% |
|  1 |  1% |  7% |
|  2 |  0% |  0% |
|  3 |  0% |  0% |
| ID | GPU | MEM |
------------------
|  0 | 12% |  7% |
|  1 |  2% |  7% |
|  2 |  0% |  0% |
|  3 |  0% |  0% |
| ID | GPU | MEM |
------------------
|  0 | 11% |  7% |
|  1 |  2% |  7% |
|  2 |  0% |  0% |
|  3 |  0% |  0% |
| ID | GPU | MEM |
------------------
|  0 | 17% |  7% |
|  1 |  1% |  7% |
|  2 |  0% |  0% |
|  3 |  0% |  0% |
Finished training it 1024/2709 of epoch 12 and time taken 0.6842190923690796, 20.86 ms/it, loss 0.218456, accuracy 90.546 %
| ID | GPU | MEM |
------------------
|  0 | 18% |  7% |
|  1 |  1% |  7% |
|  2 |  0% |  0% |
|  3 |  0% |  0% |
| ID | GPU | MEM |
------------------
|  0 | 19% |  7% |
|  1 |  1% |  7% |
|  2 |  0% |  0% |
|  3 |  0% |  0% |
| ID | GPU | MEM |
------------------
|  0 | 12% |  7% |
|  1 |  2% |  7% |
|  2 |  0% |  0% |
|  3 |  0% |  0% |
| ID | GPU | MEM |
------------------
|  0 | 11% |  7% |
|  1 |  2% |  7% |
|  2 |  0% |  0% |
|  3 |  0% |  0% |
| ID | GPU | MEM |
------------------
|  0 | 12% |  7% |
|  1 |  2% |  7% |
|  2 |  0% |  0% |
|  3 |  0% |  0% |
| ID | GPU | MEM |
------------------
|  0 | 15% |  7% |
|  1 |  1% |  7% |
|  2 |  0% |  0% |
|  3 |  0% |  0% |
| ID | GPU | MEM |
------------------
|  0 | 16% |  7% |
|  1 |  1% |  7% |
|  2 |  0% |  0% |
|  3 |  0% |  0% |
| ID | GPU | MEM |
------------------
|  0 | 40% |  7% |
|  1 |  1% |  7% |
|  2 |  0% |  0% |
|  3 |  0% |  0% |
| ID | GPU | MEM |
------------------
|  0 | 30% |  7% |
|  1 |  1% |  7% |
|  2 |  0% |  0% |
|  3 |  0% |  0% |
Finished training it 2048/2709 of epoch 12 and time taken 0.7034799098968506, 18.08 ms/it, loss 0.214270, accuracy 90.588 %
| ID | GPU | MEM |
------------------
|  0 | 19% |  7% |
|  1 |  2% |  7% |
|  2 |  0% |  0% |
|  3 |  0% |  0% |
| ID | GPU | MEM |
------------------
|  0 | 14% |  7% |
|  1 |  2% |  7% |
|  2 |  0% |  0% |
|  3 |  0% |  0% |
| ID | GPU | MEM |
------------------
|  0 | 15% |  7% |
|  1 |  2% |  7% |
|  2 |  0% |  0% |
|  3 |  0% |  0% |
| ID | GPU | MEM |
------------------
|  0 | 15% |  7% |
|  1 |  1% |  7% |
|  2 |  0% |  0% |
|  3 |  0% |  0% |
| ID | GPU | MEM |
------------------
|  0 | 15% |  7% |
|  1 |  1% |  7% |
|  2 |  0% |  0% |
|  3 |  0% |  0% |
| ID | GPU | MEM |
------------------
|  0 | 39% |  7% |
|  1 |  1% |  7% |
|  2 |  0% |  0% |
|  3 |  0% |  0% |
Finished training it 2709/2709 of epoch 12 and time taken 0.7159675800800324, 18.25 ms/it, loss 0.212070, accuracy 91.065 %
Finished epoch 12
| ID | GPU | MEM |
------------------
|  0 | 73% |  7% |
|  1 |  1% |  7% |
|  2 |  0% |  0% |
|  3 |  0% |  0% |
| ID | GPU | MEM |
------------------
|  0 | 19% |  7% |
|  1 |  1% |  7% |
|  2 |  0% |  0% |
|  3 |  0% |  0% |
| ID | GPU | MEM |
------------------
|  0 | 12% |  7% |
|  1 |  1% |  7% |
|  2 |  0% |  0% |
|  3 |  0% |  0% |
| ID | GPU | MEM |
------------------
|  0 |  8% |  7% |
|  1 |  1% |  7% |
|  2 |  0% |  0% |
|  3 |  0% |  0% |
| ID | GPU | MEM |
------------------
|  0 | 10% |  7% |
|  1 |  1% |  7% |
|  2 |  0% |  0% |
|  3 |  0% |  0% |
| ID | GPU | MEM |
------------------
|  0 |  9% |  7% |
|  1 |  2% |  7% |
|  2 |  0% |  0% |
|  3 |  0% |  0% |
| ID | GPU | MEM |
------------------
|  0 | 14% |  7% |
|  1 |  2% |  7% |
|  2 |  0% |  0% |
|  3 |  0% |  0% |
| ID | GPU | MEM |
------------------
|  0 | 20% |  7% |
|  1 |  2% |  7% |
|  2 |  0% |  0% |
|  3 |  0% |  0% |
| ID | GPU | MEM |
------------------
|  0 | 22% |  7% |
|  1 |  1% |  7% |
|  2 |  0% |  0% |
|  3 |  0% |  0% |
Finished training it 1024/2709 of epoch 13 and time taken 0.7378627979755401, 20.61 ms/it, loss 0.205189, accuracy 91.003 %
| ID | GPU | MEM |
------------------
|  0 | 19% |  7% |
|  1 |  2% |  7% |
|  2 |  0% |  0% |
|  3 |  0% |  0% |
| ID | GPU | MEM |
------------------
|  0 |  8% |  7% |
|  1 |  1% |  7% |
|  2 |  0% |  0% |
|  3 |  0% |  0% |
| ID | GPU | MEM |
------------------
|  0 | 11% |  7% |
|  1 |  1% |  7% |
|  2 |  0% |  0% |
|  3 |  0% |  0% |
| ID | GPU | MEM |
------------------
|  0 | 13% |  7% |
|  1 |  2% |  7% |
|  2 |  0% |  0% |
|  3 |  0% |  0% |
| ID | GPU | MEM |
------------------
|  0 | 10% |  7% |
|  1 |  2% |  7% |
|  2 |  0% |  0% |
|  3 |  0% |  0% |
| ID | GPU | MEM |
------------------
|  0 | 14% |  7% |
|  1 |  1% |  7% |
|  2 |  0% |  0% |
|  3 |  0% |  0% |
| ID | GPU | MEM |
------------------
|  0 | 14% |  7% |
|  1 |  2% |  7% |
|  2 |  0% |  0% |
|  3 |  0% |  0% |
| ID | GPU | MEM |
------------------
|  0 | 15% |  7% |
|  1 |  1% |  7% |
|  2 |  0% |  0% |
|  3 |  0% |  0% |
| ID | GPU | MEM |
------------------
|  0 | 12% |  7% |
|  1 |  1% |  7% |
|  2 |  0% |  0% |
|  3 |  0% |  0% |
Finished training it 2048/2709 of epoch 13 and time taken 0.75680903673172, 17.86 ms/it, loss 0.204355, accuracy 90.894 %
| ID | GPU | MEM |
------------------
|  0 |  8% |  7% |
|  1 |  1% |  7% |
|  2 |  0% |  0% |
|  3 |  0% |  0% |
| ID | GPU | MEM |
------------------
|  0 |  9% |  7% |
|  1 |  2% |  7% |
|  2 |  0% |  0% |
|  3 |  0% |  0% |
| ID | GPU | MEM |
------------------
|  0 | 10% |  7% |
|  1 |  1% |  7% |
|  2 |  0% |  0% |
|  3 |  0% |  0% |
| ID | GPU | MEM |
------------------
|  0 | 10% |  7% |
|  1 |  1% |  7% |
|  2 |  0% |  0% |
|  3 |  0% |  0% |
| ID | GPU | MEM |
------------------
|  0 | 14% |  7% |
|  1 |  1% |  7% |
|  2 |  0% |  0% |
|  3 |  0% |  0% |
| ID | GPU | MEM |
------------------
|  0 | 18% |  7% |
|  1 |  1% |  7% |
|  2 |  0% |  0% |
|  3 |  0% |  0% |
Finished training it 2709/2709 of epoch 13 and time taken 0.7692453608512878, 18.17 ms/it, loss 0.202797, accuracy 91.230 %
Finished epoch 13
| ID | GPU | MEM |
------------------
|  0 | 21% |  7% |
|  1 |  0% |  7% |
|  2 |  0% |  0% |
|  3 |  0% |  0% |
| ID | GPU | MEM |
------------------
|  0 |  9% |  7% |
|  1 |  2% |  7% |
|  2 |  0% |  0% |
|  3 |  0% |  0% |
| ID | GPU | MEM |
------------------
|  0 | 10% |  7% |
|  1 |  2% |  7% |
|  2 |  0% |  0% |
|  3 |  0% |  0% |
| ID | GPU | MEM |
------------------
|  0 | 12% |  7% |
|  1 |  1% |  7% |
|  2 |  0% |  0% |
|  3 |  0% |  0% |
| ID | GPU | MEM |
------------------
|  0 | 13% |  7% |
|  1 |  1% |  7% |
|  2 |  0% |  0% |
|  3 |  0% |  0% |
| ID | GPU | MEM |
------------------
|  0 | 15% |  7% |
|  1 |  1% |  7% |
|  2 |  0% |  0% |
|  3 |  0% |  0% |
| ID | GPU | MEM |
------------------
|  0 | 18% |  7% |
|  1 |  2% |  7% |
|  2 |  0% |  0% |
|  3 |  0% |  0% |
| ID | GPU | MEM |
------------------
|  0 |  9% |  7% |
|  1 |  1% |  7% |
|  2 |  0% |  0% |
|  3 |  0% |  0% |
| ID | GPU | MEM |
------------------
|  0 | 11% |  7% |
|  1 |  1% |  7% |
|  2 |  0% |  0% |
|  3 |  0% |  0% |
Finished training it 1024/2709 of epoch 14 and time taken 0.7909669771194457, 20.51 ms/it, loss 0.207634, accuracy 90.765 %
| ID | GPU | MEM |
------------------
|  0 |  9% |  7% |
|  1 |  2% |  7% |
|  2 |  0% |  0% |
|  3 |  0% |  0% |
| ID | GPU | MEM |
------------------
|  0 | 11% |  7% |
|  1 |  2% |  7% |
|  2 |  0% |  0% |
|  3 |  0% |  0% |
| ID | GPU | MEM |
------------------
|  0 |  8% |  7% |
|  1 |  2% |  7% |
|  2 |  0% |  0% |
|  3 |  0% |  0% |
| ID | GPU | MEM |
------------------
|  0 | 13% |  7% |
|  1 |  1% |  7% |
|  2 |  0% |  0% |
|  3 |  0% |  0% |
| ID | GPU | MEM |
------------------
|  0 | 17% |  7% |
|  1 |  1% |  7% |
|  2 |  0% |  0% |
|  3 |  0% |  0% |
| ID | GPU | MEM |
------------------
|  0 |  9% |  7% |
|  1 |  1% |  7% |
|  2 |  0% |  0% |
|  3 |  0% |  0% |
| ID | GPU | MEM |
------------------
|  0 |  9% |  7% |
|  1 |  2% |  7% |
|  2 |  0% |  0% |
|  3 |  0% |  0% |
| ID | GPU | MEM |
------------------
|  0 |  8% |  7% |
|  1 |  2% |  7% |
|  2 |  0% |  0% |
|  3 |  0% |  0% |
| ID | GPU | MEM |
------------------
|  0 | 12% |  7% |
|  1 |  2% |  7% |
|  2 |  0% |  0% |
|  3 |  0% |  0% |
Finished training it 2048/2709 of epoch 14 and time taken 0.8101782004833221, 18.12 ms/it, loss 0.196005, accuracy 91.321 %
| ID | GPU | MEM |
------------------
|  0 | 10% |  7% |
|  1 |  2% |  7% |
|  2 |  0% |  0% |
|  3 |  0% |  0% |
| ID | GPU | MEM |
------------------
|  0 | 10% |  7% |
|  1 |  1% |  7% |
|  2 |  0% |  0% |
|  3 |  0% |  0% |
| ID | GPU | MEM |
------------------
|  0 | 14% |  7% |
|  1 |  1% |  7% |
|  2 |  0% |  0% |
|  3 |  0% |  0% |
| ID | GPU | MEM |
------------------
|  0 | 21% |  7% |
|  1 |  1% |  7% |
|  2 |  0% |  0% |
|  3 |  0% |  0% |
| ID | GPU | MEM |
------------------
|  0 | 13% |  7% |
|  1 |  1% |  7% |
|  2 |  0% |  0% |
|  3 |  0% |  0% |
| ID | GPU | MEM |
------------------
|  0 | 11% |  7% |
|  1 |  1% |  7% |
|  2 |  0% |  0% |
|  3 |  0% |  0% |
Finished training it 2709/2709 of epoch 14 and time taken 0.8229381387233734, 18.54 ms/it, loss 0.188442, accuracy 91.868 %
Finished epoch 14
Finished the program
